--------------- Clean Started: 11/27/2018 02:22:21 Project: Icebreaker, Configuration: ARM GCC 5.4-2016-q2-update Debug ---------------
Deleting file ".\CortexM0\ARM_GCC_541\Debug\main.o"
Deleting file ".\CortexM0\ARM_GCC_541\Debug\Codec.o"
Deleting file ".\CortexM0\ARM_GCC_541\Debug\Application.o"
Deleting file ".\CortexM0\ARM_GCC_541\Debug\AudioControl.o"
Deleting file ".\CortexM0\ARM_GCC_541\Debug\AudioIn.o"
Deleting file ".\CortexM0\ARM_GCC_541\Debug\AudioOut.o"
Deleting file ".\CortexM0\ARM_GCC_541\Debug\Interrupts.o"
Deleting file ".\CortexM0\ARM_GCC_541\Debug\USBInterface.o"
Deleting file ".\CortexM0\ARM_GCC_541\Debug\cyfitter_cfg.o"
Deleting file ".\CortexM0\ARM_GCC_541\Debug\cymetadata.o"
Deleting file ".\CortexM0\ARM_GCC_541\Debug\USBOutDMA.o"
Deleting file ".\CortexM0\ARM_GCC_541\Debug\USBFS.o"
Deleting file ".\CortexM0\ARM_GCC_541\Debug\USBFS_audio.o"
Deleting file ".\CortexM0\ARM_GCC_541\Debug\USBFS_boot.o"
Deleting file ".\CortexM0\ARM_GCC_541\Debug\USBFS_cdc.o"
Deleting file ".\CortexM0\ARM_GCC_541\Debug\USBFS_cls.o"
Deleting file ".\CortexM0\ARM_GCC_541\Debug\USBFS_descr.o"
Deleting file ".\CortexM0\ARM_GCC_541\Debug\USBFS_drv.o"
Deleting file ".\CortexM0\ARM_GCC_541\Debug\USBFS_episr.o"
Deleting file ".\CortexM0\ARM_GCC_541\Debug\USBFS_hid.o"
Deleting file ".\CortexM0\ARM_GCC_541\Debug\USBFS_pm.o"
Deleting file ".\CortexM0\ARM_GCC_541\Debug\USBFS_std.o"
Deleting file ".\CortexM0\ARM_GCC_541\Debug\USBFS_vnd.o"
Deleting file ".\CortexM0\ARM_GCC_541\Debug\USBFS_midi.o"
Deleting file ".\CortexM0\ARM_GCC_541\Debug\USBFS_msc.o"
Deleting file ".\CortexM0\ARM_GCC_541\Debug\I2S.o"
Deleting file ".\CortexM0\ARM_GCC_541\Debug\I2S_PM.o"
Deleting file ".\CortexM0\ARM_GCC_541\Debug\Codec_MCLK.o"
Deleting file ".\CortexM0\ARM_GCC_541\Debug\Codec_MCLK_PM.o"
Deleting file ".\CortexM0\ARM_GCC_541\Debug\Async_Feedback_Counter.o"
Deleting file ".\CortexM0\ARM_GCC_541\Debug\Async_Feedback_Counter_PM.o"
Deleting file ".\CortexM0\ARM_GCC_541\Debug\Codec_DACDAT.o"
Deleting file ".\CortexM0\ARM_GCC_541\Debug\Codec_DACDAT_PM.o"
Deleting file ".\CortexM0\ARM_GCC_541\Debug\Codec_BCLK.o"
Deleting file ".\CortexM0\ARM_GCC_541\Debug\Codec_BCLK_PM.o"
Deleting file ".\CortexM0\ARM_GCC_541\Debug\Codec_LRC.o"
Deleting file ".\CortexM0\ARM_GCC_541\Debug\Codec_LRC_PM.o"
Deleting file ".\CortexM0\ARM_GCC_541\Debug\ByteCounter_Tx.o"
Deleting file ".\CortexM0\ARM_GCC_541\Debug\ByteCounter_Tx_PM.o"
Deleting file ".\CortexM0\ARM_GCC_541\Debug\TxDMA.o"
Deleting file ".\CortexM0\ARM_GCC_541\Debug\isr_TxDMADone.o"
Deleting file ".\CortexM0\ARM_GCC_541\Debug\ByteCounter_Rx.o"
Deleting file ".\CortexM0\ARM_GCC_541\Debug\ByteCounter_Rx_PM.o"
Deleting file ".\CortexM0\ARM_GCC_541\Debug\isr_RxDMADone.o"
Deleting file ".\CortexM0\ARM_GCC_541\Debug\Clk_Counter.o"
Deleting file ".\CortexM0\ARM_GCC_541\Debug\RxDMA.o"
Deleting file ".\CortexM0\ARM_GCC_541\Debug\USBInDMA.o"
Deleting file ".\CortexM0\ARM_GCC_541\Debug\UART.o"
Deleting file ".\CortexM0\ARM_GCC_541\Debug\UART_SPI_UART.o"
Deleting file ".\CortexM0\ARM_GCC_541\Debug\UART_SPI_UART_INT.o"
Deleting file ".\CortexM0\ARM_GCC_541\Debug\UART_PM.o"
Deleting file ".\CortexM0\ARM_GCC_541\Debug\UART_UART.o"
Deleting file ".\CortexM0\ARM_GCC_541\Debug\UART_BOOT.o"
Deleting file ".\CortexM0\ARM_GCC_541\Debug\UART_UART_BOOT.o"
Deleting file ".\CortexM0\ARM_GCC_541\Debug\CodecI2CM.o"
Deleting file ".\CortexM0\ARM_GCC_541\Debug\CodecI2CM_I2C_INT.o"
Deleting file ".\CortexM0\ARM_GCC_541\Debug\CodecI2CM_I2C.o"
Deleting file ".\CortexM0\ARM_GCC_541\Debug\CodecI2CM_I2C_BOOT.o"
Deleting file ".\CortexM0\ARM_GCC_541\Debug\CodecI2CM_I2C_MASTER.o"
Deleting file ".\CortexM0\ARM_GCC_541\Debug\CodecI2CM_PM.o"
Deleting file ".\CortexM0\ARM_GCC_541\Debug\CodecI2CM_BOOT.o"
Deleting file ".\CortexM0\ARM_GCC_541\Debug\AudioClkSel.o"
Deleting file ".\CortexM0\ARM_GCC_541\Debug\AudioClkSel_PM.o"
Deleting file ".\CortexM0\ARM_GCC_541\Debug\USBFS_ep6_dma.o"
Deleting file ".\CortexM0\ARM_GCC_541\Debug\USBFS_ep4_dma.o"
Deleting file ".\CortexM0\ARM_GCC_541\Debug\USBFS_ep3_dma.o"
Deleting file ".\CortexM0\ARM_GCC_541\Debug\USBFS_ep2_dma.o"
Deleting file ".\CortexM0\ARM_GCC_541\Debug\USBFS_ep1_dma.o"
Deleting file ".\CortexM0\ARM_GCC_541\Debug\USBFS_Dp.o"
Deleting file ".\CortexM0\ARM_GCC_541\Debug\USBFS_Dp_PM.o"
Deleting file ".\CortexM0\ARM_GCC_541\Debug\USBFS_Dm.o"
Deleting file ".\CortexM0\ARM_GCC_541\Debug\USBFS_Dm_PM.o"
Deleting file ".\CortexM0\ARM_GCC_541\Debug\UART_SCBCLK.o"
Deleting file ".\CortexM0\ARM_GCC_541\Debug\UART_tx.o"
Deleting file ".\CortexM0\ARM_GCC_541\Debug\UART_tx_PM.o"
Deleting file ".\CortexM0\ARM_GCC_541\Debug\CodecI2CM_SCBCLK.o"
Deleting file ".\CortexM0\ARM_GCC_541\Debug\CodecI2CM_sda.o"
Deleting file ".\CortexM0\ARM_GCC_541\Debug\CodecI2CM_sda_PM.o"
Deleting file ".\CortexM0\ARM_GCC_541\Debug\CodecI2CM_scl.o"
Deleting file ".\CortexM0\ARM_GCC_541\Debug\CodecI2CM_scl_PM.o"
Deleting file ".\CortexM0\ARM_GCC_541\Debug\CodecI2CM_SCB_IRQ.o"
Deleting file ".\CortexM0\ARM_GCC_541\Debug\Cm0Start.o"
Deleting file ".\CortexM0\ARM_GCC_541\Debug\CyFlash.o"
Deleting file ".\CortexM0\ARM_GCC_541\Debug\CyLib.o"
Deleting file ".\CortexM0\ARM_GCC_541\Debug\cyPm.o"
Deleting file ".\CortexM0\ARM_GCC_541\Debug\cyutils.o"
Deleting file ".\CortexM0\ARM_GCC_541\Debug\CyBootAsmGnu.o"
Deleting file ".\CortexM0\ARM_GCC_541\Debug\CyDMA.o"
Deleting file ".\CortexM0\ARM_GCC_541\Debug\CyLFClk.o"
Deleting file ".\CortexM0\ARM_GCC_541\Debug\cy_em_eeprom.o"
Deleting file ".\CortexM0\ARM_GCC_541\Debug\UART_rx.o"
Deleting file ".\CortexM0\ARM_GCC_541\Debug\UART_rx_PM.o"
Deleting file ".\CortexM0\ARM_GCC_541\Debug\Icebreaker.hex"
Deleting file ".\CortexM0\ARM_GCC_541\Debug\Icebreaker.elf"
Deleting file ".\CortexM0\ARM_GCC_541\Debug\Icebreaker.map"
Deleting file ".\Icebreaker.cycdx"
Deleting file ".\Icebreaker.svd"
Deleting file ".\Icebreaker.rpt"
Deleting file ".\Icebreaker_timing.html"
Deleting file ".\CortexM0\ARM_GCC_541\Debug\.deps\SOURCE_C__ARM_GCC_GENERIC.P"
Deleting file ".\CortexM0\ARM_GCC_541\Debug\.deps\SOURCE_ASM__ARM_GCC_GENERIC.P"
--------------- Clean Succeeded: 11/27/2018 02:22:21 ---------------
