ARM GAS  C:\Users\TERENC~1\AppData\Local\Temp\ccJLpd8B.s 			page 1


   1              		.syntax unified
   2              		.cpu cortex-m0
   3              		.fpu softvfp
   4              		.eabi_attribute 20, 1
   5              		.eabi_attribute 21, 1
   6              		.eabi_attribute 23, 3
   7              		.eabi_attribute 24, 1
   8              		.eabi_attribute 25, 1
   9              		.eabi_attribute 26, 1
  10              		.eabi_attribute 30, 1
  11              		.eabi_attribute 34, 0
  12              		.eabi_attribute 18, 4
  13              		.thumb
  14              		.syntax unified
  15              		.file	"Application.c"
  16              		.text
  17              	.Ltext0:
  18              		.cfi_sections	.debug_frame
  19              		.global	__aeabi_idiv
  20              		.section	.text.Update_VolumeAudioOut,"ax",%progbits
  21              		.align	2
  22              		.global	Update_VolumeAudioOut
  23              		.code	16
  24              		.thumb_func
  25              		.type	Update_VolumeAudioOut, %function
  26              	Update_VolumeAudioOut:
  27              	.LFB325:
  28              		.file 1 "Application.c"
   1:Application.c **** /*******************************************************************************
   2:Application.c **** * File Name: Application.c
   3:Application.c **** *
   4:Application.c **** * Version 1.0
   5:Application.c **** *
   6:Application.c **** *  Description: This file contains all the application layer code which performs
   7:Application.c **** *               the user interface handling
   8:Application.c **** *
   9:Application.c **** *******************************************************************************
  10:Application.c **** * Copyright (2018), Cypress Semiconductor Corporation. All rights reserved.
  11:Application.c **** *******************************************************************************
  12:Application.c **** * This software, including source code, documentation and related materials
  13:Application.c **** * (“Software”), is owned by Cypress Semiconductor Corporation or one of its
  14:Application.c **** * subsidiaries (“Cypress”) and is protected by and subject to worldwide patent
  15:Application.c **** * protection (United States and foreign), United States copyright laws and
  16:Application.c **** * international treaty provisions. Therefore, you may use this Software only
  17:Application.c **** * as provided in the license agreement accompanying the software package from
  18:Application.c **** * which you obtained this Software (“EULA”).
  19:Application.c **** *
  20:Application.c **** * If no EULA applies, Cypress hereby grants you a personal, nonexclusive,
  21:Application.c **** * non-transferable license to copy, modify, and compile the Software source
  22:Application.c **** * code solely for use in connection with Cypress’s integrated circuit products.
  23:Application.c **** * Any reproduction, modification, translation, compilation, or representation
  24:Application.c **** * of this Software except as specified above is prohibited without the express
  25:Application.c **** * written permission of Cypress.
  26:Application.c **** *
  27:Application.c **** * Disclaimer: THIS SOFTWARE IS PROVIDED AS-IS, WITH NO WARRANTY OF ANY KIND, 
  28:Application.c **** * EXPRESS OR IMPLIED, INCLUDING, BUT NOT LIMITED TO, NONINFRINGEMENT, IMPLIED 
  29:Application.c **** * WARRANTIES OF MERCHANTABILITY AND FITNESS FOR A PARTICULAR PURPOSE. Cypress 
ARM GAS  C:\Users\TERENC~1\AppData\Local\Temp\ccJLpd8B.s 			page 2


  30:Application.c **** * reserves the right to make changes to the Software without notice. Cypress 
  31:Application.c **** * does not assume any liability arising out of the application or use of the 
  32:Application.c **** * Software or any product or circuit described in the Software. Cypress does 
  33:Application.c **** * not authorize its products for use in any products where a malfunction or 
  34:Application.c **** * failure of the Cypress product may reasonably be expected to result in 
  35:Application.c **** * significant property damage, injury or death (“High Risk Product”). By 
  36:Application.c **** * including Cypress’s product in a High Risk Product, the manufacturer of such 
  37:Application.c **** * system or application assumes all risk of such use and in doing so agrees to 
  38:Application.c **** * indemnify Cypress against all liability.
  39:Application.c **** *******************************************************************************/
  40:Application.c **** #include <Application.h>
  41:Application.c **** #include <AudioControl.h>
  42:Application.c **** #include <Config.h>
  43:Application.c **** #include <project.h>
  44:Application.c **** #include <Interrupts.h>
  45:Application.c **** #include <stdio.h>
  46:Application.c **** #include <USBInterface.h>
  47:Application.c **** #include <Codec.h>
  48:Application.c **** 
  49:Application.c **** extern CYPDATA uint8 audioSource;
  50:Application.c **** extern CYDATA uint8 auxConfigured;
  51:Application.c **** 
  52:Application.c **** extern uint32 accSliderDelta;
  53:Application.c **** 
  54:Application.c **** uint8 playlistControlReport;
  55:Application.c **** uint8 prevReport = 0;
  56:Application.c **** uint8 audioControlStatus;
  57:Application.c **** uint8 reportClearFlag;
  58:Application.c **** 
  59:Application.c **** extern volatile uint8 USBFS_currentVolume[];
  60:Application.c **** extern volatile uint8 USBFS_currentMute;
  61:Application.c **** extern CYPDATA uint8 newRate;
  62:Application.c **** 
  63:Application.c **** /*******************************************************************************
  64:Application.c **** * Function Name: InitApp
  65:Application.c **** ********************************************************************************
  66:Application.c **** * Summary:
  67:Application.c **** *        This function configures the application layer hardware modules and
  68:Application.c **** *        clocks to be in sync with the audio clock updates done in 
  69:Application.c **** *        InitializeAudioPath API
  70:Application.c **** *
  71:Application.c **** * Parameters:
  72:Application.c **** *  void
  73:Application.c **** *
  74:Application.c **** * Return:
  75:Application.c **** *  void
  76:Application.c **** *
  77:Application.c **** *******************************************************************************/
  78:Application.c **** void InitApp(void)
  79:Application.c **** {
  80:Application.c ****     /* Configure CPU/DMA to be in round robin mode while accessing memory */
  81:Application.c **** 	CY_SET_REG32((void *) 0x40100038, CY_GET_REG32((void *) 0x40100038) | 0x22222222);     
  82:Application.c **** 	
  83:Application.c **** 	CyGlobalIntEnable;
  84:Application.c **** 	
  85:Application.c ****     #ifdef TXDEBUG
  86:Application.c **** 		UART_Start();
ARM GAS  C:\Users\TERENC~1\AppData\Local\Temp\ccJLpd8B.s 			page 3


  87:Application.c **** 		if(CySysGetResetReason(CY_SYS_RESET_SW) != CY_SYS_RESET_SW)
  88:Application.c **** 		{
  89:Application.c **** 			PRINT("\r\nApp Started...\r\n");
  90:Application.c **** 		}
  91:Application.c **** 		else
  92:Application.c **** 		{
  93:Application.c **** 			PRINT("\r\nApp Restarted after SW reset...\r\n");
  94:Application.c **** 		}
  95:Application.c **** 	#endif /* #ifdef TXDEBUG */
  96:Application.c **** 
  97:Application.c ****     /* Start I2C Master */
  98:Application.c ****     CodecI2CM_Start();	
  99:Application.c **** 	
 100:Application.c **** 	if(Codec_Init() == 0)
 101:Application.c **** 	{
 102:Application.c **** 		PRINT("Codec comm works!... \r\n");
 103:Application.c **** 	}
 104:Application.c **** 	else
 105:Application.c **** 	{
 106:Application.c **** 		PRINT("Codec comm DOESN'T work!... \r\n");
 107:Application.c **** 	}
 108:Application.c **** 	
 109:Application.c **** 	Update_VolumeAudioOut();
 110:Application.c **** 	
 111:Application.c **** 	I2S_Start();	
 112:Application.c **** 	
 113:Application.c **** 	USBFS_Start(PC_MAC_AUDIO_WITH_VOLUME_DEVICE, USBFS_5V_OPERATION);
 114:Application.c ****     USBDeviceState = USB_INIT_AFTER_ENUMERATION_REQUIRED;
 115:Application.c **** 	
 116:Application.c **** 	/* Enables SOF interrupt source */
 117:Application.c ****     USBFS_INTR_SIE_MASK_REG |= USBFS_INTR_SIE_SOF_INTR;
 118:Application.c **** 
 119:Application.c **** 	while(USBFS_GetConfiguration());
 120:Application.c **** 	
 121:Application.c **** 	CyIntSetPriority(CYDMA_INTR_NUMBER, 0);
 122:Application.c **** 	
 123:Application.c **** 	USBFS_LoadInEP(MAC_PC_HID_CONTROL_ENDPOINT, &playlistControlReport, sizeof(playlistControlReport))
 124:Application.c **** 	USBFS_LoadInEP(MAC_PC_HID_CONTROL_ENDPOINT, USBFS_NULL, sizeof(playlistControlReport) );	
 125:Application.c **** 	
 126:Application.c **** 	Async_Feedback_Counter_Start();
 127:Application.c **** }
 128:Application.c **** 
 129:Application.c **** 
 130:Application.c **** /*******************************************************************************
 131:Application.c **** * Function Name: RunApplication
 132:Application.c **** ********************************************************************************
 133:Application.c **** * Summary:
 134:Application.c **** *      This function runs the application layer firmware of handling CapSense and
 135:Application.c **** *       volume control.
 136:Application.c **** *   
 137:Application.c **** * Parameters:
 138:Application.c **** *  void
 139:Application.c **** *
 140:Application.c **** * Return:
 141:Application.c **** *  void
 142:Application.c **** *
 143:Application.c **** *******************************************************************************/
ARM GAS  C:\Users\TERENC~1\AppData\Local\Temp\ccJLpd8B.s 			page 4


 144:Application.c **** void RunApplication(void)
 145:Application.c **** {  
 146:Application.c **** 	if(USBFS_GetConfiguration() == TRUE)
 147:Application.c **** 	{
 148:Application.c **** 		/* Update the volume data */
 149:Application.c **** 		Update_VolumeAudioOut();		
 150:Application.c **** 	}
 151:Application.c **** }
 152:Application.c **** 
 153:Application.c **** /*******************************************************************************
 154:Application.c **** * Function Name: Update_VolumeAudioOut
 155:Application.c **** ********************************************************************************
 156:Application.c **** * Summary:  Updates the volume from PC to codec
 157:Application.c **** *
 158:Application.c **** * Parameters:
 159:Application.c **** *  void
 160:Application.c **** *
 161:Application.c **** * Return:
 162:Application.c **** *  uint8 - status of I2C operation between PSoC 4200L and codec
 163:Application.c **** *
 164:Application.c **** *******************************************************************************/
 165:Application.c **** uint8 Update_VolumeAudioOut(void)
 166:Application.c **** {
  29              		.loc 1 166 0
  30              		.cfi_startproc
  31              		@ args = 0, pretend = 0, frame = 24
  32              		@ frame_needed = 0, uses_anonymous_args = 0
  33 0000 30B5     		push	{r4, r5, lr}
  34              		.cfi_def_cfa_offset 12
  35              		.cfi_offset 4, -12
  36              		.cfi_offset 5, -8
  37              		.cfi_offset 14, -4
  38 0002 87B0     		sub	sp, sp, #28
  39              		.cfi_def_cfa_offset 40
  40              	.LVL0:
 167:Application.c **** 	uint8 ret = 0;
 168:Application.c **** 	static int32 prevVol = 0;
 169:Application.c **** 	static uint8 prevMute;
 170:Application.c **** 	#ifdef TXDEBUG
 171:Application.c **** 		char str[20];
 172:Application.c **** 	#endif
 173:Application.c **** 	
 174:Application.c **** 	/* Get the MSB of the current volume data */
 175:Application.c **** 	int32 volume = (((int8)USBFS_currentVolume[1])) + PC_VOLUME_MSB_CODEC_OFFSET;
  41              		.loc 1 175 0
  42 0004 324B     		ldr	r3, .L13
  43 0006 5C78     		ldrb	r4, [r3, #1]
  44 0008 64B2     		sxtb	r4, r4
  45              	.LVL1:
 176:Application.c **** 	
 177:Application.c **** 	if(volume > PC_VOLUME_MSB_MAX)
 178:Application.c **** 	{
 179:Application.c **** 		volume = PC_VOLUME_MSB_MAX;
 180:Application.c **** 	}
 181:Application.c **** 	else if(volume < PC_VOLUME_MSB_MIN)
  46              		.loc 1 181 0
  47 000a 312C     		cmp	r4, #49
ARM GAS  C:\Users\TERENC~1\AppData\Local\Temp\ccJLpd8B.s 			page 5


  48 000c 00DC     		bgt	.L2
 182:Application.c **** 	{
 183:Application.c **** 		volume = PC_VOLUME_MSB_MIN;
  49              		.loc 1 183 0
  50 000e 3224     		movs	r4, #50
  51              	.LVL2:
  52              	.L2:
 184:Application.c **** 	}
 185:Application.c **** 	
 186:Application.c **** 	/* Process volume control only when USB bus is idle */
 187:Application.c **** 	if(USBFS_TRANS_STATE_IDLE == USBFS_transferState)
  53              		.loc 1 187 0
  54 0010 304B     		ldr	r3, .L13+4
  55 0012 1B78     		ldrb	r3, [r3]
  56 0014 002B     		cmp	r3, #0
  57 0016 56D1     		bne	.L9
 188:Application.c **** 	{
 189:Application.c **** 		/* If there is a change in volume, update codec */
 190:Application.c **** 		if(volume != prevVol)
  58              		.loc 1 190 0
  59 0018 2F4B     		ldr	r3, .L13+8
  60 001a 1B68     		ldr	r3, [r3]
  61 001c 9C42     		cmp	r4, r3
  62 001e 1DD0     		beq	.L10
 191:Application.c **** 		{
 192:Application.c **** 			/* Store current volume for next comparison */
 193:Application.c **** 			prevVol = volume;
  63              		.loc 1 193 0
  64 0020 2D4B     		ldr	r3, .L13+8
  65 0022 1C60     		str	r4, [r3]
 194:Application.c **** 			
 195:Application.c **** 			/* Filter volume to be in the expected range */
 196:Application.c **** 			if((volume > PC_VOLUME_MSB_MIN) && (volume <= PC_VOLUME_MSB_MAX))
  66              		.loc 1 196 0
  67 0024 2300     		movs	r3, r4
  68 0026 333B     		subs	r3, r3, #51
  69 0028 4C2B     		cmp	r3, #76
  70 002a 09D8     		bhi	.L11
 197:Application.c **** 			{
 198:Application.c **** 				volume = (uint8)(((volume - PC_VOLUME_MSB_MIN) * CODEC_HP_VOLUME_MAX) / (PC_VOLUME_MSB_MAX - PC
  71              		.loc 1 198 0
  72 002c 323C     		subs	r4, r4, #50
  73              	.LVL3:
  74 002e A000     		lsls	r0, r4, #2
  75 0030 0419     		adds	r4, r0, r4
  76 0032 2001     		lsls	r0, r4, #4
  77 0034 4D21     		movs	r1, #77
  78 0036 FFF7FEFF 		bl	__aeabi_idiv
  79              	.LVL4:
  80 003a FF24     		movs	r4, #255
  81 003c 0440     		ands	r4, r0
  82              	.LVL5:
  83 003e 00E0     		b	.L5
  84              	.L11:
 199:Application.c **** 			}
 200:Application.c **** 			else
 201:Application.c **** 			{
ARM GAS  C:\Users\TERENC~1\AppData\Local\Temp\ccJLpd8B.s 			page 6


 202:Application.c **** 				/* Set volume to 0 if the volume from PC is not in expected range */
 203:Application.c **** 				volume = 0;
  85              		.loc 1 203 0
  86 0040 0024     		movs	r4, #0
  87              	.LVL6:
  88              	.L5:
 204:Application.c **** 			}
 205:Application.c **** 							
 206:Application.c **** 			
 207:Application.c **** 			/* Update the codec volume */
 208:Application.c **** 			ret = Codec_AdjustBothHeadphoneVolume((uint8)volume);
  89              		.loc 1 208 0
  90 0042 E0B2     		uxtb	r0, r4
  91 0044 FFF7FEFF 		bl	Codec_AdjustBothHeadphoneVolume
  92              	.LVL7:
  93 0048 0500     		movs	r5, r0
  94              	.LVL8:
 209:Application.c **** 			
 210:Application.c **** 			#ifdef TXDEBUG
 211:Application.c **** 				sprintf(str, "Codec vol set to %d \r\n", (int)volume);
  95              		.loc 1 211 0
  96 004a 2200     		movs	r2, r4
  97 004c 2349     		ldr	r1, .L13+12
  98 004e 01A8     		add	r0, sp, #4
  99              	.LVL9:
 100 0050 FFF7FEFF 		bl	sprintf
 101              	.LVL10:
 212:Application.c **** 				PRINT(str);
 102              		.loc 1 212 0
 103 0054 01A8     		add	r0, sp, #4
 104 0056 FFF7FEFF 		bl	UART_UartPutString
 105              	.LVL11:
 106 005a 00E0     		b	.L4
 107              	.LVL12:
 108              	.L10:
 167:Application.c **** 	static int32 prevVol = 0;
 109              		.loc 1 167 0
 110 005c 0025     		movs	r5, #0
 111              	.LVL13:
 112              	.L4:
 213:Application.c **** 			#endif
 214:Application.c **** 		}
 215:Application.c **** 		
 216:Application.c **** 		/* Process mute data, if changed */
 217:Application.c **** 		if(USBFS_currentMute != prevMute)
 113              		.loc 1 217 0
 114 005e 204B     		ldr	r3, .L13+16
 115 0060 1B78     		ldrb	r3, [r3]
 116 0062 DBB2     		uxtb	r3, r3
 117 0064 1C4A     		ldr	r2, .L13+8
 118 0066 1279     		ldrb	r2, [r2, #4]
 119 0068 9342     		cmp	r3, r2
 120 006a 2DD0     		beq	.L3
 218:Application.c **** 		{
 219:Application.c **** 			/* Store current mute data for next comparison */
 220:Application.c **** 			prevMute = USBFS_currentMute;
 121              		.loc 1 220 0
ARM GAS  C:\Users\TERENC~1\AppData\Local\Temp\ccJLpd8B.s 			page 7


 122 006c 1C4B     		ldr	r3, .L13+16
 123 006e 1B78     		ldrb	r3, [r3]
 124 0070 DBB2     		uxtb	r3, r3
 125 0072 194A     		ldr	r2, .L13+8
 126 0074 1371     		strb	r3, [r2, #4]
 221:Application.c **** 			
 222:Application.c **** 			/* If mute is non-zero, then mute is active and update codec volume to 0 */
 223:Application.c **** 			if(prevMute != 0)
 127              		.loc 1 223 0
 128 0076 002B     		cmp	r3, #0
 129 0078 07D0     		beq	.L6
 224:Application.c **** 			{
 225:Application.c **** 				ret = Codec_AdjustBothHeadphoneVolume(0);
 130              		.loc 1 225 0
 131 007a 0020     		movs	r0, #0
 132 007c FFF7FEFF 		bl	Codec_AdjustBothHeadphoneVolume
 133              	.LVL14:
 134 0080 0500     		movs	r5, r0
 135              	.LVL15:
 226:Application.c **** 				PRINT("Muted\r\n");
 136              		.loc 1 226 0
 137 0082 1848     		ldr	r0, .L13+20
 138              	.LVL16:
 139 0084 FFF7FEFF 		bl	UART_UartPutString
 140              	.LVL17:
 141 0088 1EE0     		b	.L3
 142              	.L6:
 227:Application.c **** 			}
 228:Application.c **** 			else
 229:Application.c **** 			{
 230:Application.c **** 				/* If mute is released, then process and update the current volume to codec */
 231:Application.c **** 				prevVol = volume;
 143              		.loc 1 231 0
 144 008a 134B     		ldr	r3, .L13+8
 145 008c 1C60     		str	r4, [r3]
 232:Application.c **** 								
 233:Application.c **** 				/* Filter volume to be in the expected range */
 234:Application.c **** 				if((volume > PC_VOLUME_MSB_MIN) && (volume <= PC_VOLUME_MSB_MAX))
 146              		.loc 1 234 0
 147 008e 2300     		movs	r3, r4
 148 0090 333B     		subs	r3, r3, #51
 149 0092 4C2B     		cmp	r3, #76
 150 0094 09D8     		bhi	.L12
 235:Application.c **** 				{
 236:Application.c **** 					volume = (uint8)(((volume - PC_VOLUME_MSB_MIN) * CODEC_HP_VOLUME_MAX) / (PC_VOLUME_MSB_MAX - P
 151              		.loc 1 236 0
 152 0096 323C     		subs	r4, r4, #50
 153              	.LVL18:
 154 0098 A000     		lsls	r0, r4, #2
 155 009a 0419     		adds	r4, r0, r4
 156 009c 2001     		lsls	r0, r4, #4
 157 009e 4D21     		movs	r1, #77
 158 00a0 FFF7FEFF 		bl	__aeabi_idiv
 159              	.LVL19:
 160 00a4 FF24     		movs	r4, #255
 161 00a6 0440     		ands	r4, r0
 162              	.LVL20:
ARM GAS  C:\Users\TERENC~1\AppData\Local\Temp\ccJLpd8B.s 			page 8


 163 00a8 00E0     		b	.L7
 164              	.L12:
 237:Application.c **** 				}
 238:Application.c **** 				else
 239:Application.c **** 				{
 240:Application.c **** 					/* Set volume to 0 if the volume from PC is not in expected range */
 241:Application.c **** 					volume = 0;
 165              		.loc 1 241 0
 166 00aa 0024     		movs	r4, #0
 167              	.LVL21:
 168              	.L7:
 242:Application.c **** 				}
 243:Application.c **** 								
 244:Application.c **** 				/* Update the codec volume */
 245:Application.c **** 				ret = Codec_AdjustBothHeadphoneVolume((uint8)volume);
 169              		.loc 1 245 0
 170 00ac E0B2     		uxtb	r0, r4
 171 00ae FFF7FEFF 		bl	Codec_AdjustBothHeadphoneVolume
 172              	.LVL22:
 173 00b2 0500     		movs	r5, r0
 174              	.LVL23:
 246:Application.c **** 				
 247:Application.c **** 				#ifdef TXDEBUG
 248:Application.c **** 					sprintf(str, "Unmute - Codec vol set to %d \r\n", (int)volume);
 175              		.loc 1 248 0
 176 00b4 2200     		movs	r2, r4
 177 00b6 0C49     		ldr	r1, .L13+24
 178 00b8 01A8     		add	r0, sp, #4
 179              	.LVL24:
 180 00ba FFF7FEFF 		bl	sprintf
 181              	.LVL25:
 249:Application.c **** 					PRINT(str);
 182              		.loc 1 249 0
 183 00be 01A8     		add	r0, sp, #4
 184 00c0 FFF7FEFF 		bl	UART_UartPutString
 185              	.LVL26:
 186 00c4 00E0     		b	.L3
 187              	.LVL27:
 188              	.L9:
 167:Application.c **** 	static int32 prevVol = 0;
 189              		.loc 1 167 0
 190 00c6 0025     		movs	r5, #0
 191              	.LVL28:
 192              	.L3:
 250:Application.c **** 				#endif
 251:Application.c **** 			}
 252:Application.c **** 		}
 253:Application.c **** 	}
 254:Application.c **** 	
 255:Application.c **** 	
 256:Application.c **** 	return ret;
 257:Application.c **** }
 193              		.loc 1 257 0
 194 00c8 2800     		movs	r0, r5
 195 00ca 07B0     		add	sp, sp, #28
 196              		@ sp needed
 197              	.LVL29:
ARM GAS  C:\Users\TERENC~1\AppData\Local\Temp\ccJLpd8B.s 			page 9


 198              	.LVL30:
 199 00cc 30BD     		pop	{r4, r5, pc}
 200              	.L14:
 201 00ce C046     		.align	2
 202              	.L13:
 203 00d0 00000000 		.word	USBFS_currentVolume
 204 00d4 00000000 		.word	USBFS_transferState
 205 00d8 00000000 		.word	.LANCHOR0
 206 00dc 00000000 		.word	.LC3
 207 00e0 00000000 		.word	USBFS_currentMute
 208 00e4 18000000 		.word	.LC6
 209 00e8 20000000 		.word	.LC8
 210              		.cfi_endproc
 211              	.LFE325:
 212              		.size	Update_VolumeAudioOut, .-Update_VolumeAudioOut
 213              		.section	.text.InitApp,"ax",%progbits
 214              		.align	2
 215              		.global	InitApp
 216              		.code	16
 217              		.thumb_func
 218              		.type	InitApp, %function
 219              	InitApp:
 220              	.LFB323:
  79:Application.c ****     /* Configure CPU/DMA to be in round robin mode while accessing memory */
 221              		.loc 1 79 0
 222              		.cfi_startproc
 223              		@ args = 0, pretend = 0, frame = 0
 224              		@ frame_needed = 0, uses_anonymous_args = 0
 225 0000 10B5     		push	{r4, lr}
 226              		.cfi_def_cfa_offset 8
 227              		.cfi_offset 4, -8
 228              		.cfi_offset 14, -4
  81:Application.c **** 	
 229              		.loc 1 81 0
 230 0002 224A     		ldr	r2, .L21
 231 0004 1368     		ldr	r3, [r2]
 232 0006 2249     		ldr	r1, .L21+4
 233 0008 0B43     		orrs	r3, r1
 234 000a 1360     		str	r3, [r2]
  83:Application.c **** 	
 235              		.loc 1 83 0
 236              		.syntax divided
 237              	@ 83 "Application.c" 1
 238 000c 62B6     		CPSIE   i
 239              	@ 0 "" 2
  86:Application.c **** 		if(CySysGetResetReason(CY_SYS_RESET_SW) != CY_SYS_RESET_SW)
 240              		.loc 1 86 0
 241              		.thumb
 242              		.syntax unified
 243 000e FFF7FEFF 		bl	UART_Start
 244              	.LVL31:
  87:Application.c **** 		{
 245              		.loc 1 87 0
 246 0012 1020     		movs	r0, #16
 247 0014 FFF7FEFF 		bl	CySysGetResetReason
 248              	.LVL32:
 249 0018 1028     		cmp	r0, #16
ARM GAS  C:\Users\TERENC~1\AppData\Local\Temp\ccJLpd8B.s 			page 10


 250 001a 03D0     		beq	.L16
  89:Application.c **** 		}
 251              		.loc 1 89 0
 252 001c 1D48     		ldr	r0, .L21+8
 253 001e FFF7FEFF 		bl	UART_UartPutString
 254              	.LVL33:
 255 0022 02E0     		b	.L17
 256              	.L16:
  93:Application.c **** 		}
 257              		.loc 1 93 0
 258 0024 1C48     		ldr	r0, .L21+12
 259 0026 FFF7FEFF 		bl	UART_UartPutString
 260              	.LVL34:
 261              	.L17:
  98:Application.c **** 	
 262              		.loc 1 98 0
 263 002a FFF7FEFF 		bl	CodecI2CM_Start
 264              	.LVL35:
 100:Application.c **** 	{
 265              		.loc 1 100 0
 266 002e FFF7FEFF 		bl	Codec_Init
 267              	.LVL36:
 268 0032 0028     		cmp	r0, #0
 269 0034 03D1     		bne	.L18
 102:Application.c **** 	}
 270              		.loc 1 102 0
 271 0036 1948     		ldr	r0, .L21+16
 272 0038 FFF7FEFF 		bl	UART_UartPutString
 273              	.LVL37:
 274 003c 02E0     		b	.L19
 275              	.L18:
 106:Application.c **** 	}
 276              		.loc 1 106 0
 277 003e 1848     		ldr	r0, .L21+20
 278 0040 FFF7FEFF 		bl	UART_UartPutString
 279              	.LVL38:
 280              	.L19:
 109:Application.c **** 	
 281              		.loc 1 109 0
 282 0044 FFF7FEFF 		bl	Update_VolumeAudioOut
 283              	.LVL39:
 111:Application.c **** 	
 284              		.loc 1 111 0
 285 0048 FFF7FEFF 		bl	I2S_Start
 286              	.LVL40:
 113:Application.c ****     USBDeviceState = USB_INIT_AFTER_ENUMERATION_REQUIRED;
 287              		.loc 1 113 0
 288 004c 0121     		movs	r1, #1
 289 004e 0020     		movs	r0, #0
 290 0050 FFF7FEFF 		bl	USBFS_Start
 291              	.LVL41:
 114:Application.c **** 	
 292              		.loc 1 114 0
 293 0054 0123     		movs	r3, #1
 294 0056 134A     		ldr	r2, .L21+24
 295 0058 1370     		strb	r3, [r2]
 117:Application.c **** 
ARM GAS  C:\Users\TERENC~1\AppData\Local\Temp\ccJLpd8B.s 			page 11


 296              		.loc 1 117 0
 297 005a 134A     		ldr	r2, .L21+28
 298 005c 1168     		ldr	r1, [r2]
 299 005e 0B43     		orrs	r3, r1
 300 0060 1360     		str	r3, [r2]
 301              	.L20:
 119:Application.c **** 	
 302              		.loc 1 119 0 discriminator 1
 303 0062 FFF7FEFF 		bl	USBFS_GetConfiguration
 304              	.LVL42:
 305 0066 0028     		cmp	r0, #0
 306 0068 FBD1     		bne	.L20
 121:Application.c **** 	
 307              		.loc 1 121 0
 308 006a 0021     		movs	r1, #0
 309 006c 0E30     		adds	r0, r0, #14
 310 006e FFF7FEFF 		bl	CyIntSetPriority
 311              	.LVL43:
 123:Application.c **** 	USBFS_LoadInEP(MAC_PC_HID_CONTROL_ENDPOINT, USBFS_NULL, sizeof(playlistControlReport) );	
 312              		.loc 1 123 0
 313 0072 0122     		movs	r2, #1
 314 0074 0D49     		ldr	r1, .L21+32
 315 0076 0420     		movs	r0, #4
 316 0078 FFF7FEFF 		bl	USBFS_LoadInEP
 317              	.LVL44:
 124:Application.c **** 	
 318              		.loc 1 124 0
 319 007c 0122     		movs	r2, #1
 320 007e 0021     		movs	r1, #0
 321 0080 0420     		movs	r0, #4
 322 0082 FFF7FEFF 		bl	USBFS_LoadInEP
 323              	.LVL45:
 126:Application.c **** }
 324              		.loc 1 126 0
 325 0086 FFF7FEFF 		bl	Async_Feedback_Counter_Start
 326              	.LVL46:
 127:Application.c **** 
 327              		.loc 1 127 0
 328              		@ sp needed
 329 008a 10BD     		pop	{r4, pc}
 330              	.L22:
 331              		.align	2
 332              	.L21:
 333 008c 38001040 		.word	1074790456
 334 0090 22222222 		.word	572662306
 335 0094 40000000 		.word	.LC10
 336 0098 54000000 		.word	.LC12
 337 009c 78000000 		.word	.LC14
 338 00a0 90000000 		.word	.LC16
 339 00a4 00000000 		.word	USBDeviceState
 340 00a8 28202C40 		.word	1076633640
 341 00ac 00000000 		.word	playlistControlReport
 342              		.cfi_endproc
 343              	.LFE323:
 344              		.size	InitApp, .-InitApp
 345              		.section	.text.RunApplication,"ax",%progbits
 346              		.align	2
ARM GAS  C:\Users\TERENC~1\AppData\Local\Temp\ccJLpd8B.s 			page 12


 347              		.global	RunApplication
 348              		.code	16
 349              		.thumb_func
 350              		.type	RunApplication, %function
 351              	RunApplication:
 352              	.LFB324:
 145:Application.c **** 	if(USBFS_GetConfiguration() == TRUE)
 353              		.loc 1 145 0
 354              		.cfi_startproc
 355              		@ args = 0, pretend = 0, frame = 0
 356              		@ frame_needed = 0, uses_anonymous_args = 0
 357 0000 10B5     		push	{r4, lr}
 358              		.cfi_def_cfa_offset 8
 359              		.cfi_offset 4, -8
 360              		.cfi_offset 14, -4
 146:Application.c **** 	{
 361              		.loc 1 146 0
 362 0002 FFF7FEFF 		bl	USBFS_GetConfiguration
 363              	.LVL47:
 364 0006 0128     		cmp	r0, #1
 365 0008 01D1     		bne	.L23
 149:Application.c **** 	}
 366              		.loc 1 149 0
 367 000a FFF7FEFF 		bl	Update_VolumeAudioOut
 368              	.LVL48:
 369              	.L23:
 151:Application.c **** 
 370              		.loc 1 151 0
 371              		@ sp needed
 372 000e 10BD     		pop	{r4, pc}
 373              		.cfi_endproc
 374              	.LFE324:
 375              		.size	RunApplication, .-RunApplication
 376              		.comm	reportClearFlag,1,1
 377              		.comm	audioControlStatus,1,1
 378              		.global	prevReport
 379              		.comm	playlistControlReport,1,1
 380              		.section	.rodata.str1.4,"aMS",%progbits,1
 381              		.align	2
 382              	.LC3:
 383 0000 436F6465 		.ascii	"Codec vol set to %d \015\012\000"
 383      6320766F 
 383      6C207365 
 383      7420746F 
 383      20256420 
 384 0017 00       		.space	1
 385              	.LC6:
 386 0018 4D757465 		.ascii	"Muted\015\012\000"
 386      640D0A00 
 387              	.LC8:
 388 0020 556E6D75 		.ascii	"Unmute - Codec vol set to %d \015\012\000"
 388      7465202D 
 388      20436F64 
 388      65632076 
 388      6F6C2073 
 389              	.LC10:
 390 0040 0D0A4170 		.ascii	"\015\012App Started...\015\012\000"
ARM GAS  C:\Users\TERENC~1\AppData\Local\Temp\ccJLpd8B.s 			page 13


 390      70205374 
 390      61727465 
 390      642E2E2E 
 390      0D0A00
 391 0053 00       		.space	1
 392              	.LC12:
 393 0054 0D0A4170 		.ascii	"\015\012App Restarted after SW reset...\015\012\000"
 393      70205265 
 393      73746172 
 393      74656420 
 393      61667465 
 394              	.LC14:
 395 0078 436F6465 		.ascii	"Codec comm works!... \015\012\000"
 395      6320636F 
 395      6D6D2077 
 395      6F726B73 
 395      212E2E2E 
 396              	.LC16:
 397 0090 436F6465 		.ascii	"Codec comm DOESN'T work!... \015\012\000"
 397      6320636F 
 397      6D6D2044 
 397      4F45534E 
 397      27542077 
 398              		.bss
 399              		.align	2
 400              		.set	.LANCHOR0,. + 0
 401              		.type	prevVol.9126, %object
 402              		.size	prevVol.9126, 4
 403              	prevVol.9126:
 404 0000 00000000 		.space	4
 405              		.type	prevMute.9127, %object
 406              		.size	prevMute.9127, 1
 407              	prevMute.9127:
 408 0004 00       		.space	1
 409              		.type	prevReport, %object
 410              		.size	prevReport, 1
 411              	prevReport:
 412 0005 00       		.space	1
 413              		.text
 414              	.Letext0:
 415              		.file 2 "Generated_Source\\PSoC4/cytypes.h"
 416              		.file 3 "Generated_Source\\PSoC4/USBFS.h"
 417              		.file 4 "./USBInterface.h"
 418              		.file 5 "./Codec.h"
 419              		.file 6 "c:\\program files (x86)\\cypress\\psoc creator\\4.2\\psoc creator\\import\\gnu\\arm\\5.4.
 420              		.file 7 "Generated_Source\\PSoC4/UART_SPI_UART.h"
 421              		.file 8 "Generated_Source\\PSoC4/UART.h"
 422              		.file 9 "Generated_Source\\PSoC4/CyLib.h"
 423              		.file 10 "Generated_Source\\PSoC4/CodecI2CM.h"
 424              		.file 11 "Generated_Source\\PSoC4/I2S.h"
 425              		.file 12 "Generated_Source\\PSoC4/Async_Feedback_Counter.h"
 426              		.section	.debug_info,"",%progbits
 427              	.Ldebug_info0:
 428 0000 73040000 		.4byte	0x473
 429 0004 0400     		.2byte	0x4
 430 0006 00000000 		.4byte	.Ldebug_abbrev0
 431 000a 04       		.byte	0x4
ARM GAS  C:\Users\TERENC~1\AppData\Local\Temp\ccJLpd8B.s 			page 14


 432 000b 01       		.uleb128 0x1
 433 000c D2010000 		.4byte	.LASF45
 434 0010 0C       		.byte	0xc
 435 0011 7B000000 		.4byte	.LASF46
 436 0015 99020000 		.4byte	.LASF47
 437 0019 00000000 		.4byte	.Ldebug_ranges0+0
 438 001d 00000000 		.4byte	0
 439 0021 00000000 		.4byte	.Ldebug_line0
 440 0025 02       		.uleb128 0x2
 441 0026 01       		.byte	0x1
 442 0027 06       		.byte	0x6
 443 0028 FD020000 		.4byte	.LASF0
 444 002c 02       		.uleb128 0x2
 445 002d 01       		.byte	0x1
 446 002e 08       		.byte	0x8
 447 002f A8000000 		.4byte	.LASF1
 448 0033 02       		.uleb128 0x2
 449 0034 02       		.byte	0x2
 450 0035 05       		.byte	0x5
 451 0036 15010000 		.4byte	.LASF2
 452 003a 02       		.uleb128 0x2
 453 003b 02       		.byte	0x2
 454 003c 07       		.byte	0x7
 455 003d 55000000 		.4byte	.LASF3
 456 0041 02       		.uleb128 0x2
 457 0042 04       		.byte	0x4
 458 0043 05       		.byte	0x5
 459 0044 E8020000 		.4byte	.LASF4
 460 0048 02       		.uleb128 0x2
 461 0049 04       		.byte	0x4
 462 004a 07       		.byte	0x7
 463 004b B6000000 		.4byte	.LASF5
 464 004f 02       		.uleb128 0x2
 465 0050 08       		.byte	0x8
 466 0051 05       		.byte	0x5
 467 0052 7C020000 		.4byte	.LASF6
 468 0056 02       		.uleb128 0x2
 469 0057 08       		.byte	0x8
 470 0058 07       		.byte	0x7
 471 0059 A2010000 		.4byte	.LASF7
 472 005d 03       		.uleb128 0x3
 473 005e 04       		.byte	0x4
 474 005f 05       		.byte	0x5
 475 0060 696E7400 		.ascii	"int\000"
 476 0064 02       		.uleb128 0x2
 477 0065 04       		.byte	0x4
 478 0066 07       		.byte	0x7
 479 0067 7F010000 		.4byte	.LASF8
 480 006b 04       		.uleb128 0x4
 481 006c E2020000 		.4byte	.LASF9
 482 0070 02       		.byte	0x2
 483 0071 E401     		.2byte	0x1e4
 484 0073 2C000000 		.4byte	0x2c
 485 0077 04       		.uleb128 0x4
 486 0078 51010000 		.4byte	.LASF10
 487 007c 02       		.byte	0x2
 488 007d E601     		.2byte	0x1e6
ARM GAS  C:\Users\TERENC~1\AppData\Local\Temp\ccJLpd8B.s 			page 15


 489 007f 48000000 		.4byte	0x48
 490 0083 04       		.uleb128 0x4
 491 0084 E9000000 		.4byte	.LASF11
 492 0088 02       		.byte	0x2
 493 0089 E701     		.2byte	0x1e7
 494 008b 25000000 		.4byte	0x25
 495 008f 04       		.uleb128 0x4
 496 0090 D8000000 		.4byte	.LASF12
 497 0094 02       		.byte	0x2
 498 0095 E901     		.2byte	0x1e9
 499 0097 41000000 		.4byte	0x41
 500 009b 02       		.uleb128 0x2
 501 009c 04       		.byte	0x4
 502 009d 04       		.byte	0x4
 503 009e 9B000000 		.4byte	.LASF13
 504 00a2 02       		.uleb128 0x2
 505 00a3 08       		.byte	0x8
 506 00a4 04       		.byte	0x4
 507 00a5 EE000000 		.4byte	.LASF14
 508 00a9 02       		.uleb128 0x2
 509 00aa 01       		.byte	0x1
 510 00ab 08       		.byte	0x8
 511 00ac 94020000 		.4byte	.LASF15
 512 00b0 05       		.uleb128 0x5
 513 00b1 6B000000 		.4byte	0x6b
 514 00b5 04       		.uleb128 0x4
 515 00b6 00000000 		.4byte	.LASF16
 516 00ba 02       		.byte	0x2
 517 00bb 9002     		.2byte	0x290
 518 00bd C1000000 		.4byte	0xc1
 519 00c1 05       		.uleb128 0x5
 520 00c2 77000000 		.4byte	0x77
 521 00c6 02       		.uleb128 0x2
 522 00c7 08       		.byte	0x8
 523 00c8 04       		.byte	0x4
 524 00c9 F1020000 		.4byte	.LASF17
 525 00cd 02       		.uleb128 0x2
 526 00ce 04       		.byte	0x4
 527 00cf 07       		.byte	0x7
 528 00d0 73020000 		.4byte	.LASF18
 529 00d4 06       		.uleb128 0x6
 530 00d5 8C010000 		.4byte	.LASF48
 531 00d9 01       		.byte	0x1
 532 00da A5       		.byte	0xa5
 533 00db 6B000000 		.4byte	0x6b
 534 00df 00000000 		.4byte	.LFB325
 535 00e3 EC000000 		.4byte	.LFE325-.LFB325
 536 00e7 01       		.uleb128 0x1
 537 00e8 9C       		.byte	0x9c
 538 00e9 F8010000 		.4byte	0x1f8
 539 00ed 07       		.uleb128 0x7
 540 00ee 72657400 		.ascii	"ret\000"
 541 00f2 01       		.byte	0x1
 542 00f3 A7       		.byte	0xa7
 543 00f4 6B000000 		.4byte	0x6b
 544 00f8 00000000 		.4byte	.LLST0
 545 00fc 08       		.uleb128 0x8
ARM GAS  C:\Users\TERENC~1\AppData\Local\Temp\ccJLpd8B.s 			page 16


 546 00fd 18030000 		.4byte	.LASF19
 547 0101 01       		.byte	0x1
 548 0102 A8       		.byte	0xa8
 549 0103 8F000000 		.4byte	0x8f
 550 0107 05       		.uleb128 0x5
 551 0108 03       		.byte	0x3
 552 0109 00000000 		.4byte	prevVol.9126
 553 010d 08       		.uleb128 0x8
 554 010e 20030000 		.4byte	.LASF20
 555 0112 01       		.byte	0x1
 556 0113 A9       		.byte	0xa9
 557 0114 6B000000 		.4byte	0x6b
 558 0118 05       		.uleb128 0x5
 559 0119 03       		.byte	0x3
 560 011a 04000000 		.4byte	prevMute.9127
 561 011e 09       		.uleb128 0x9
 562 011f 73747200 		.ascii	"str\000"
 563 0123 01       		.byte	0x1
 564 0124 AB       		.byte	0xab
 565 0125 F8010000 		.4byte	0x1f8
 566 0129 02       		.uleb128 0x2
 567 012a 91       		.byte	0x91
 568 012b 5C       		.sleb128 -36
 569 012c 0A       		.uleb128 0xa
 570 012d A1000000 		.4byte	.LASF21
 571 0131 01       		.byte	0x1
 572 0132 AF       		.byte	0xaf
 573 0133 8F000000 		.4byte	0x8f
 574 0137 84000000 		.4byte	.LLST1
 575 013b 0B       		.uleb128 0xb
 576 013c 48000000 		.4byte	.LVL7
 577 0140 E3030000 		.4byte	0x3e3
 578 0144 4F010000 		.4byte	0x14f
 579 0148 0C       		.uleb128 0xc
 580 0149 01       		.uleb128 0x1
 581 014a 50       		.byte	0x50
 582 014b 02       		.uleb128 0x2
 583 014c 74       		.byte	0x74
 584 014d 00       		.sleb128 0
 585 014e 00       		.byte	0
 586 014f 0B       		.uleb128 0xb
 587 0150 54000000 		.4byte	.LVL10
 588 0154 EE030000 		.4byte	0x3ee
 589 0158 72010000 		.4byte	0x172
 590 015c 0C       		.uleb128 0xc
 591 015d 01       		.uleb128 0x1
 592 015e 50       		.byte	0x50
 593 015f 02       		.uleb128 0x2
 594 0160 91       		.byte	0x91
 595 0161 5C       		.sleb128 -36
 596 0162 0C       		.uleb128 0xc
 597 0163 01       		.uleb128 0x1
 598 0164 51       		.byte	0x51
 599 0165 05       		.uleb128 0x5
 600 0166 03       		.byte	0x3
 601 0167 00000000 		.4byte	.LC3
 602 016b 0C       		.uleb128 0xc
ARM GAS  C:\Users\TERENC~1\AppData\Local\Temp\ccJLpd8B.s 			page 17


 603 016c 01       		.uleb128 0x1
 604 016d 52       		.byte	0x52
 605 016e 02       		.uleb128 0x2
 606 016f 74       		.byte	0x74
 607 0170 00       		.sleb128 0
 608 0171 00       		.byte	0
 609 0172 0B       		.uleb128 0xb
 610 0173 5A000000 		.4byte	.LVL11
 611 0177 F9030000 		.4byte	0x3f9
 612 017b 86010000 		.4byte	0x186
 613 017f 0C       		.uleb128 0xc
 614 0180 01       		.uleb128 0x1
 615 0181 50       		.byte	0x50
 616 0182 02       		.uleb128 0x2
 617 0183 91       		.byte	0x91
 618 0184 5C       		.sleb128 -36
 619 0185 00       		.byte	0
 620 0186 0B       		.uleb128 0xb
 621 0187 80000000 		.4byte	.LVL14
 622 018b E3030000 		.4byte	0x3e3
 623 018f 99010000 		.4byte	0x199
 624 0193 0C       		.uleb128 0xc
 625 0194 01       		.uleb128 0x1
 626 0195 50       		.byte	0x50
 627 0196 01       		.uleb128 0x1
 628 0197 30       		.byte	0x30
 629 0198 00       		.byte	0
 630 0199 0B       		.uleb128 0xb
 631 019a 88000000 		.4byte	.LVL17
 632 019e F9030000 		.4byte	0x3f9
 633 01a2 B0010000 		.4byte	0x1b0
 634 01a6 0C       		.uleb128 0xc
 635 01a7 01       		.uleb128 0x1
 636 01a8 50       		.byte	0x50
 637 01a9 05       		.uleb128 0x5
 638 01aa 03       		.byte	0x3
 639 01ab 18000000 		.4byte	.LC6
 640 01af 00       		.byte	0
 641 01b0 0B       		.uleb128 0xb
 642 01b1 B2000000 		.4byte	.LVL22
 643 01b5 E3030000 		.4byte	0x3e3
 644 01b9 C4010000 		.4byte	0x1c4
 645 01bd 0C       		.uleb128 0xc
 646 01be 01       		.uleb128 0x1
 647 01bf 50       		.byte	0x50
 648 01c0 02       		.uleb128 0x2
 649 01c1 74       		.byte	0x74
 650 01c2 00       		.sleb128 0
 651 01c3 00       		.byte	0
 652 01c4 0B       		.uleb128 0xb
 653 01c5 BE000000 		.4byte	.LVL25
 654 01c9 EE030000 		.4byte	0x3ee
 655 01cd E7010000 		.4byte	0x1e7
 656 01d1 0C       		.uleb128 0xc
 657 01d2 01       		.uleb128 0x1
 658 01d3 50       		.byte	0x50
 659 01d4 02       		.uleb128 0x2
ARM GAS  C:\Users\TERENC~1\AppData\Local\Temp\ccJLpd8B.s 			page 18


 660 01d5 91       		.byte	0x91
 661 01d6 5C       		.sleb128 -36
 662 01d7 0C       		.uleb128 0xc
 663 01d8 01       		.uleb128 0x1
 664 01d9 51       		.byte	0x51
 665 01da 05       		.uleb128 0x5
 666 01db 03       		.byte	0x3
 667 01dc 20000000 		.4byte	.LC8
 668 01e0 0C       		.uleb128 0xc
 669 01e1 01       		.uleb128 0x1
 670 01e2 52       		.byte	0x52
 671 01e3 02       		.uleb128 0x2
 672 01e4 74       		.byte	0x74
 673 01e5 00       		.sleb128 0
 674 01e6 00       		.byte	0
 675 01e7 0D       		.uleb128 0xd
 676 01e8 C4000000 		.4byte	.LVL26
 677 01ec F9030000 		.4byte	0x3f9
 678 01f0 0C       		.uleb128 0xc
 679 01f1 01       		.uleb128 0x1
 680 01f2 50       		.byte	0x50
 681 01f3 02       		.uleb128 0x2
 682 01f4 91       		.byte	0x91
 683 01f5 5C       		.sleb128 -36
 684 01f6 00       		.byte	0
 685 01f7 00       		.byte	0
 686 01f8 0E       		.uleb128 0xe
 687 01f9 A9000000 		.4byte	0xa9
 688 01fd 08020000 		.4byte	0x208
 689 0201 0F       		.uleb128 0xf
 690 0202 CD000000 		.4byte	0xcd
 691 0206 13       		.byte	0x13
 692 0207 00       		.byte	0
 693 0208 10       		.uleb128 0x10
 694 0209 68000000 		.4byte	.LASF22
 695 020d 01       		.byte	0x1
 696 020e 4E       		.byte	0x4e
 697 020f 00000000 		.4byte	.LFB323
 698 0213 B0000000 		.4byte	.LFE323-.LFB323
 699 0217 01       		.uleb128 0x1
 700 0218 9C       		.byte	0x9c
 701 0219 35030000 		.4byte	0x335
 702 021d 11       		.uleb128 0x11
 703 021e 12000000 		.4byte	.LVL31
 704 0222 05040000 		.4byte	0x405
 705 0226 0B       		.uleb128 0xb
 706 0227 18000000 		.4byte	.LVL32
 707 022b 10040000 		.4byte	0x410
 708 022f 39020000 		.4byte	0x239
 709 0233 0C       		.uleb128 0xc
 710 0234 01       		.uleb128 0x1
 711 0235 50       		.byte	0x50
 712 0236 01       		.uleb128 0x1
 713 0237 40       		.byte	0x40
 714 0238 00       		.byte	0
 715 0239 0B       		.uleb128 0xb
 716 023a 22000000 		.4byte	.LVL33
ARM GAS  C:\Users\TERENC~1\AppData\Local\Temp\ccJLpd8B.s 			page 19


 717 023e F9030000 		.4byte	0x3f9
 718 0242 50020000 		.4byte	0x250
 719 0246 0C       		.uleb128 0xc
 720 0247 01       		.uleb128 0x1
 721 0248 50       		.byte	0x50
 722 0249 05       		.uleb128 0x5
 723 024a 03       		.byte	0x3
 724 024b 40000000 		.4byte	.LC10
 725 024f 00       		.byte	0
 726 0250 0B       		.uleb128 0xb
 727 0251 2A000000 		.4byte	.LVL34
 728 0255 F9030000 		.4byte	0x3f9
 729 0259 67020000 		.4byte	0x267
 730 025d 0C       		.uleb128 0xc
 731 025e 01       		.uleb128 0x1
 732 025f 50       		.byte	0x50
 733 0260 05       		.uleb128 0x5
 734 0261 03       		.byte	0x3
 735 0262 54000000 		.4byte	.LC12
 736 0266 00       		.byte	0
 737 0267 11       		.uleb128 0x11
 738 0268 2E000000 		.4byte	.LVL35
 739 026c 1B040000 		.4byte	0x41b
 740 0270 11       		.uleb128 0x11
 741 0271 32000000 		.4byte	.LVL36
 742 0275 26040000 		.4byte	0x426
 743 0279 0B       		.uleb128 0xb
 744 027a 3C000000 		.4byte	.LVL37
 745 027e F9030000 		.4byte	0x3f9
 746 0282 90020000 		.4byte	0x290
 747 0286 0C       		.uleb128 0xc
 748 0287 01       		.uleb128 0x1
 749 0288 50       		.byte	0x50
 750 0289 05       		.uleb128 0x5
 751 028a 03       		.byte	0x3
 752 028b 78000000 		.4byte	.LC14
 753 028f 00       		.byte	0
 754 0290 0B       		.uleb128 0xb
 755 0291 44000000 		.4byte	.LVL38
 756 0295 F9030000 		.4byte	0x3f9
 757 0299 A7020000 		.4byte	0x2a7
 758 029d 0C       		.uleb128 0xc
 759 029e 01       		.uleb128 0x1
 760 029f 50       		.byte	0x50
 761 02a0 05       		.uleb128 0x5
 762 02a1 03       		.byte	0x3
 763 02a2 90000000 		.4byte	.LC16
 764 02a6 00       		.byte	0
 765 02a7 11       		.uleb128 0x11
 766 02a8 48000000 		.4byte	.LVL39
 767 02ac D4000000 		.4byte	0xd4
 768 02b0 11       		.uleb128 0x11
 769 02b1 4C000000 		.4byte	.LVL40
 770 02b5 31040000 		.4byte	0x431
 771 02b9 0B       		.uleb128 0xb
 772 02ba 54000000 		.4byte	.LVL41
 773 02be 3C040000 		.4byte	0x43c
ARM GAS  C:\Users\TERENC~1\AppData\Local\Temp\ccJLpd8B.s 			page 20


 774 02c2 D1020000 		.4byte	0x2d1
 775 02c6 0C       		.uleb128 0xc
 776 02c7 01       		.uleb128 0x1
 777 02c8 50       		.byte	0x50
 778 02c9 01       		.uleb128 0x1
 779 02ca 30       		.byte	0x30
 780 02cb 0C       		.uleb128 0xc
 781 02cc 01       		.uleb128 0x1
 782 02cd 51       		.byte	0x51
 783 02ce 01       		.uleb128 0x1
 784 02cf 31       		.byte	0x31
 785 02d0 00       		.byte	0
 786 02d1 11       		.uleb128 0x11
 787 02d2 66000000 		.4byte	.LVL42
 788 02d6 48040000 		.4byte	0x448
 789 02da 0B       		.uleb128 0xb
 790 02db 72000000 		.4byte	.LVL43
 791 02df 54040000 		.4byte	0x454
 792 02e3 ED020000 		.4byte	0x2ed
 793 02e7 0C       		.uleb128 0xc
 794 02e8 01       		.uleb128 0x1
 795 02e9 51       		.byte	0x51
 796 02ea 01       		.uleb128 0x1
 797 02eb 30       		.byte	0x30
 798 02ec 00       		.byte	0
 799 02ed 0B       		.uleb128 0xb
 800 02ee 7C000000 		.4byte	.LVL44
 801 02f2 5F040000 		.4byte	0x45f
 802 02f6 0E030000 		.4byte	0x30e
 803 02fa 0C       		.uleb128 0xc
 804 02fb 01       		.uleb128 0x1
 805 02fc 50       		.byte	0x50
 806 02fd 01       		.uleb128 0x1
 807 02fe 34       		.byte	0x34
 808 02ff 0C       		.uleb128 0xc
 809 0300 01       		.uleb128 0x1
 810 0301 51       		.byte	0x51
 811 0302 05       		.uleb128 0x5
 812 0303 03       		.byte	0x3
 813 0304 00000000 		.4byte	playlistControlReport
 814 0308 0C       		.uleb128 0xc
 815 0309 01       		.uleb128 0x1
 816 030a 52       		.byte	0x52
 817 030b 01       		.uleb128 0x1
 818 030c 31       		.byte	0x31
 819 030d 00       		.byte	0
 820 030e 0B       		.uleb128 0xb
 821 030f 86000000 		.4byte	.LVL45
 822 0313 5F040000 		.4byte	0x45f
 823 0317 2B030000 		.4byte	0x32b
 824 031b 0C       		.uleb128 0xc
 825 031c 01       		.uleb128 0x1
 826 031d 50       		.byte	0x50
 827 031e 01       		.uleb128 0x1
 828 031f 34       		.byte	0x34
 829 0320 0C       		.uleb128 0xc
 830 0321 01       		.uleb128 0x1
ARM GAS  C:\Users\TERENC~1\AppData\Local\Temp\ccJLpd8B.s 			page 21


 831 0322 51       		.byte	0x51
 832 0323 01       		.uleb128 0x1
 833 0324 30       		.byte	0x30
 834 0325 0C       		.uleb128 0xc
 835 0326 01       		.uleb128 0x1
 836 0327 52       		.byte	0x52
 837 0328 01       		.uleb128 0x1
 838 0329 31       		.byte	0x31
 839 032a 00       		.byte	0
 840 032b 11       		.uleb128 0x11
 841 032c 8A000000 		.4byte	.LVL46
 842 0330 6B040000 		.4byte	0x46b
 843 0334 00       		.byte	0
 844 0335 10       		.uleb128 0x10
 845 0336 29000000 		.4byte	.LASF23
 846 033a 01       		.byte	0x1
 847 033b 90       		.byte	0x90
 848 033c 00000000 		.4byte	.LFB324
 849 0340 10000000 		.4byte	.LFE324-.LFB324
 850 0344 01       		.uleb128 0x1
 851 0345 9C       		.byte	0x9c
 852 0346 5D030000 		.4byte	0x35d
 853 034a 11       		.uleb128 0x11
 854 034b 06000000 		.4byte	.LVL47
 855 034f 48040000 		.4byte	0x448
 856 0353 11       		.uleb128 0x11
 857 0354 0E000000 		.4byte	.LVL48
 858 0358 D4000000 		.4byte	0xd4
 859 035c 00       		.byte	0
 860 035d 12       		.uleb128 0x12
 861 035e 06000000 		.4byte	.LASF24
 862 0362 03       		.byte	0x3
 863 0363 DB02     		.2byte	0x2db
 864 0365 B0000000 		.4byte	0xb0
 865 0369 13       		.uleb128 0x13
 866 036a 89000000 		.4byte	.LASF25
 867 036e 01       		.byte	0x1
 868 036f 3C       		.byte	0x3c
 869 0370 B0000000 		.4byte	0xb0
 870 0374 0E       		.uleb128 0xe
 871 0375 B0000000 		.4byte	0xb0
 872 0379 84030000 		.4byte	0x384
 873 037d 0F       		.uleb128 0xf
 874 037e CD000000 		.4byte	0xcd
 875 0382 01       		.byte	0x1
 876 0383 00       		.byte	0
 877 0384 13       		.uleb128 0x13
 878 0385 29030000 		.4byte	.LASF26
 879 0389 01       		.byte	0x1
 880 038a 3B       		.byte	0x3b
 881 038b 8F030000 		.4byte	0x38f
 882 038f 05       		.uleb128 0x5
 883 0390 74030000 		.4byte	0x374
 884 0394 13       		.uleb128 0x13
 885 0395 1A000000 		.4byte	.LASF27
 886 0399 04       		.byte	0x4
 887 039a 48       		.byte	0x48
ARM GAS  C:\Users\TERENC~1\AppData\Local\Temp\ccJLpd8B.s 			page 22


 888 039b 6B000000 		.4byte	0x6b
 889 039f 14       		.uleb128 0x14
 890 03a0 C0020000 		.4byte	.LASF28
 891 03a4 01       		.byte	0x1
 892 03a5 36       		.byte	0x36
 893 03a6 6B000000 		.4byte	0x6b
 894 03aa 05       		.uleb128 0x5
 895 03ab 03       		.byte	0x3
 896 03ac 00000000 		.4byte	playlistControlReport
 897 03b0 14       		.uleb128 0x14
 898 03b1 70000000 		.4byte	.LASF29
 899 03b5 01       		.byte	0x1
 900 03b6 37       		.byte	0x37
 901 03b7 6B000000 		.4byte	0x6b
 902 03bb 05       		.uleb128 0x5
 903 03bc 03       		.byte	0x3
 904 03bd 00000000 		.4byte	prevReport
 905 03c1 14       		.uleb128 0x14
 906 03c2 3E010000 		.4byte	.LASF30
 907 03c6 01       		.byte	0x1
 908 03c7 38       		.byte	0x38
 909 03c8 6B000000 		.4byte	0x6b
 910 03cc 05       		.uleb128 0x5
 911 03cd 03       		.byte	0x3
 912 03ce 00000000 		.4byte	audioControlStatus
 913 03d2 14       		.uleb128 0x14
 914 03d3 58010000 		.4byte	.LASF31
 915 03d7 01       		.byte	0x1
 916 03d8 39       		.byte	0x39
 917 03d9 6B000000 		.4byte	0x6b
 918 03dd 05       		.uleb128 0x5
 919 03de 03       		.byte	0x3
 920 03df 00000000 		.4byte	reportClearFlag
 921 03e3 15       		.uleb128 0x15
 922 03e4 F5000000 		.4byte	.LASF32
 923 03e8 F5000000 		.4byte	.LASF32
 924 03ec 05       		.byte	0x5
 925 03ed AA       		.byte	0xaa
 926 03ee 15       		.uleb128 0x15
 927 03ef CA010000 		.4byte	.LASF33
 928 03f3 CA010000 		.4byte	.LASF33
 929 03f7 06       		.byte	0x6
 930 03f8 E7       		.byte	0xe7
 931 03f9 16       		.uleb128 0x16
 932 03fa 60020000 		.4byte	.LASF34
 933 03fe 60020000 		.4byte	.LASF34
 934 0402 07       		.byte	0x7
 935 0403 2A03     		.2byte	0x32a
 936 0405 15       		.uleb128 0x15
 937 0406 DE000000 		.4byte	.LASF35
 938 040a DE000000 		.4byte	.LASF35
 939 040e 08       		.byte	0x8
 940 040f 72       		.byte	0x72
 941 0410 15       		.uleb128 0x15
 942 0411 1F010000 		.4byte	.LASF36
 943 0415 1F010000 		.4byte	.LASF36
 944 0419 09       		.byte	0x9
ARM GAS  C:\Users\TERENC~1\AppData\Local\Temp\ccJLpd8B.s 			page 23


 945 041a E8       		.byte	0xe8
 946 041b 15       		.uleb128 0x15
 947 041c C8000000 		.4byte	.LASF37
 948 0420 C8000000 		.4byte	.LASF37
 949 0424 0A       		.byte	0xa
 950 0425 72       		.byte	0x72
 951 0426 15       		.uleb128 0x15
 952 0427 33010000 		.4byte	.LASF38
 953 042b 33010000 		.4byte	.LASF38
 954 042f 05       		.byte	0x5
 955 0430 A8       		.byte	0xa8
 956 0431 15       		.uleb128 0x15
 957 0432 8A020000 		.4byte	.LASF39
 958 0436 8A020000 		.4byte	.LASF39
 959 043a 0B       		.byte	0xb
 960 043b 28       		.byte	0x28
 961 043c 16       		.uleb128 0x16
 962 043d D6020000 		.4byte	.LASF40
 963 0441 D6020000 		.4byte	.LASF40
 964 0445 03       		.byte	0x3
 965 0446 3201     		.2byte	0x132
 966 0448 16       		.uleb128 0x16
 967 0449 68010000 		.4byte	.LASF41
 968 044d 68010000 		.4byte	.LASF41
 969 0451 03       		.byte	0x3
 970 0452 3501     		.2byte	0x135
 971 0454 15       		.uleb128 0x15
 972 0455 B9010000 		.4byte	.LASF42
 973 0459 B9010000 		.4byte	.LASF42
 974 045d 09       		.byte	0x9
 975 045e C0       		.byte	0xc0
 976 045f 16       		.uleb128 0x16
 977 0460 09030000 		.4byte	.LASF43
 978 0464 09030000 		.4byte	.LASF43
 979 0468 03       		.byte	0x3
 980 0469 3A01     		.2byte	0x13a
 981 046b 15       		.uleb128 0x15
 982 046c 38000000 		.4byte	.LASF44
 983 0470 38000000 		.4byte	.LASF44
 984 0474 0C       		.byte	0xc
 985 0475 5A       		.byte	0x5a
 986 0476 00       		.byte	0
 987              		.section	.debug_abbrev,"",%progbits
 988              	.Ldebug_abbrev0:
 989 0000 01       		.uleb128 0x1
 990 0001 11       		.uleb128 0x11
 991 0002 01       		.byte	0x1
 992 0003 25       		.uleb128 0x25
 993 0004 0E       		.uleb128 0xe
 994 0005 13       		.uleb128 0x13
 995 0006 0B       		.uleb128 0xb
 996 0007 03       		.uleb128 0x3
 997 0008 0E       		.uleb128 0xe
 998 0009 1B       		.uleb128 0x1b
 999 000a 0E       		.uleb128 0xe
 1000 000b 55       		.uleb128 0x55
 1001 000c 17       		.uleb128 0x17
ARM GAS  C:\Users\TERENC~1\AppData\Local\Temp\ccJLpd8B.s 			page 24


 1002 000d 11       		.uleb128 0x11
 1003 000e 01       		.uleb128 0x1
 1004 000f 10       		.uleb128 0x10
 1005 0010 17       		.uleb128 0x17
 1006 0011 00       		.byte	0
 1007 0012 00       		.byte	0
 1008 0013 02       		.uleb128 0x2
 1009 0014 24       		.uleb128 0x24
 1010 0015 00       		.byte	0
 1011 0016 0B       		.uleb128 0xb
 1012 0017 0B       		.uleb128 0xb
 1013 0018 3E       		.uleb128 0x3e
 1014 0019 0B       		.uleb128 0xb
 1015 001a 03       		.uleb128 0x3
 1016 001b 0E       		.uleb128 0xe
 1017 001c 00       		.byte	0
 1018 001d 00       		.byte	0
 1019 001e 03       		.uleb128 0x3
 1020 001f 24       		.uleb128 0x24
 1021 0020 00       		.byte	0
 1022 0021 0B       		.uleb128 0xb
 1023 0022 0B       		.uleb128 0xb
 1024 0023 3E       		.uleb128 0x3e
 1025 0024 0B       		.uleb128 0xb
 1026 0025 03       		.uleb128 0x3
 1027 0026 08       		.uleb128 0x8
 1028 0027 00       		.byte	0
 1029 0028 00       		.byte	0
 1030 0029 04       		.uleb128 0x4
 1031 002a 16       		.uleb128 0x16
 1032 002b 00       		.byte	0
 1033 002c 03       		.uleb128 0x3
 1034 002d 0E       		.uleb128 0xe
 1035 002e 3A       		.uleb128 0x3a
 1036 002f 0B       		.uleb128 0xb
 1037 0030 3B       		.uleb128 0x3b
 1038 0031 05       		.uleb128 0x5
 1039 0032 49       		.uleb128 0x49
 1040 0033 13       		.uleb128 0x13
 1041 0034 00       		.byte	0
 1042 0035 00       		.byte	0
 1043 0036 05       		.uleb128 0x5
 1044 0037 35       		.uleb128 0x35
 1045 0038 00       		.byte	0
 1046 0039 49       		.uleb128 0x49
 1047 003a 13       		.uleb128 0x13
 1048 003b 00       		.byte	0
 1049 003c 00       		.byte	0
 1050 003d 06       		.uleb128 0x6
 1051 003e 2E       		.uleb128 0x2e
 1052 003f 01       		.byte	0x1
 1053 0040 3F       		.uleb128 0x3f
 1054 0041 19       		.uleb128 0x19
 1055 0042 03       		.uleb128 0x3
 1056 0043 0E       		.uleb128 0xe
 1057 0044 3A       		.uleb128 0x3a
 1058 0045 0B       		.uleb128 0xb
ARM GAS  C:\Users\TERENC~1\AppData\Local\Temp\ccJLpd8B.s 			page 25


 1059 0046 3B       		.uleb128 0x3b
 1060 0047 0B       		.uleb128 0xb
 1061 0048 27       		.uleb128 0x27
 1062 0049 19       		.uleb128 0x19
 1063 004a 49       		.uleb128 0x49
 1064 004b 13       		.uleb128 0x13
 1065 004c 11       		.uleb128 0x11
 1066 004d 01       		.uleb128 0x1
 1067 004e 12       		.uleb128 0x12
 1068 004f 06       		.uleb128 0x6
 1069 0050 40       		.uleb128 0x40
 1070 0051 18       		.uleb128 0x18
 1071 0052 9642     		.uleb128 0x2116
 1072 0054 19       		.uleb128 0x19
 1073 0055 01       		.uleb128 0x1
 1074 0056 13       		.uleb128 0x13
 1075 0057 00       		.byte	0
 1076 0058 00       		.byte	0
 1077 0059 07       		.uleb128 0x7
 1078 005a 34       		.uleb128 0x34
 1079 005b 00       		.byte	0
 1080 005c 03       		.uleb128 0x3
 1081 005d 08       		.uleb128 0x8
 1082 005e 3A       		.uleb128 0x3a
 1083 005f 0B       		.uleb128 0xb
 1084 0060 3B       		.uleb128 0x3b
 1085 0061 0B       		.uleb128 0xb
 1086 0062 49       		.uleb128 0x49
 1087 0063 13       		.uleb128 0x13
 1088 0064 02       		.uleb128 0x2
 1089 0065 17       		.uleb128 0x17
 1090 0066 00       		.byte	0
 1091 0067 00       		.byte	0
 1092 0068 08       		.uleb128 0x8
 1093 0069 34       		.uleb128 0x34
 1094 006a 00       		.byte	0
 1095 006b 03       		.uleb128 0x3
 1096 006c 0E       		.uleb128 0xe
 1097 006d 3A       		.uleb128 0x3a
 1098 006e 0B       		.uleb128 0xb
 1099 006f 3B       		.uleb128 0x3b
 1100 0070 0B       		.uleb128 0xb
 1101 0071 49       		.uleb128 0x49
 1102 0072 13       		.uleb128 0x13
 1103 0073 02       		.uleb128 0x2
 1104 0074 18       		.uleb128 0x18
 1105 0075 00       		.byte	0
 1106 0076 00       		.byte	0
 1107 0077 09       		.uleb128 0x9
 1108 0078 34       		.uleb128 0x34
 1109 0079 00       		.byte	0
 1110 007a 03       		.uleb128 0x3
 1111 007b 08       		.uleb128 0x8
 1112 007c 3A       		.uleb128 0x3a
 1113 007d 0B       		.uleb128 0xb
 1114 007e 3B       		.uleb128 0x3b
 1115 007f 0B       		.uleb128 0xb
ARM GAS  C:\Users\TERENC~1\AppData\Local\Temp\ccJLpd8B.s 			page 26


 1116 0080 49       		.uleb128 0x49
 1117 0081 13       		.uleb128 0x13
 1118 0082 02       		.uleb128 0x2
 1119 0083 18       		.uleb128 0x18
 1120 0084 00       		.byte	0
 1121 0085 00       		.byte	0
 1122 0086 0A       		.uleb128 0xa
 1123 0087 34       		.uleb128 0x34
 1124 0088 00       		.byte	0
 1125 0089 03       		.uleb128 0x3
 1126 008a 0E       		.uleb128 0xe
 1127 008b 3A       		.uleb128 0x3a
 1128 008c 0B       		.uleb128 0xb
 1129 008d 3B       		.uleb128 0x3b
 1130 008e 0B       		.uleb128 0xb
 1131 008f 49       		.uleb128 0x49
 1132 0090 13       		.uleb128 0x13
 1133 0091 02       		.uleb128 0x2
 1134 0092 17       		.uleb128 0x17
 1135 0093 00       		.byte	0
 1136 0094 00       		.byte	0
 1137 0095 0B       		.uleb128 0xb
 1138 0096 898201   		.uleb128 0x4109
 1139 0099 01       		.byte	0x1
 1140 009a 11       		.uleb128 0x11
 1141 009b 01       		.uleb128 0x1
 1142 009c 31       		.uleb128 0x31
 1143 009d 13       		.uleb128 0x13
 1144 009e 01       		.uleb128 0x1
 1145 009f 13       		.uleb128 0x13
 1146 00a0 00       		.byte	0
 1147 00a1 00       		.byte	0
 1148 00a2 0C       		.uleb128 0xc
 1149 00a3 8A8201   		.uleb128 0x410a
 1150 00a6 00       		.byte	0
 1151 00a7 02       		.uleb128 0x2
 1152 00a8 18       		.uleb128 0x18
 1153 00a9 9142     		.uleb128 0x2111
 1154 00ab 18       		.uleb128 0x18
 1155 00ac 00       		.byte	0
 1156 00ad 00       		.byte	0
 1157 00ae 0D       		.uleb128 0xd
 1158 00af 898201   		.uleb128 0x4109
 1159 00b2 01       		.byte	0x1
 1160 00b3 11       		.uleb128 0x11
 1161 00b4 01       		.uleb128 0x1
 1162 00b5 31       		.uleb128 0x31
 1163 00b6 13       		.uleb128 0x13
 1164 00b7 00       		.byte	0
 1165 00b8 00       		.byte	0
 1166 00b9 0E       		.uleb128 0xe
 1167 00ba 01       		.uleb128 0x1
 1168 00bb 01       		.byte	0x1
 1169 00bc 49       		.uleb128 0x49
 1170 00bd 13       		.uleb128 0x13
 1171 00be 01       		.uleb128 0x1
 1172 00bf 13       		.uleb128 0x13
ARM GAS  C:\Users\TERENC~1\AppData\Local\Temp\ccJLpd8B.s 			page 27


 1173 00c0 00       		.byte	0
 1174 00c1 00       		.byte	0
 1175 00c2 0F       		.uleb128 0xf
 1176 00c3 21       		.uleb128 0x21
 1177 00c4 00       		.byte	0
 1178 00c5 49       		.uleb128 0x49
 1179 00c6 13       		.uleb128 0x13
 1180 00c7 2F       		.uleb128 0x2f
 1181 00c8 0B       		.uleb128 0xb
 1182 00c9 00       		.byte	0
 1183 00ca 00       		.byte	0
 1184 00cb 10       		.uleb128 0x10
 1185 00cc 2E       		.uleb128 0x2e
 1186 00cd 01       		.byte	0x1
 1187 00ce 3F       		.uleb128 0x3f
 1188 00cf 19       		.uleb128 0x19
 1189 00d0 03       		.uleb128 0x3
 1190 00d1 0E       		.uleb128 0xe
 1191 00d2 3A       		.uleb128 0x3a
 1192 00d3 0B       		.uleb128 0xb
 1193 00d4 3B       		.uleb128 0x3b
 1194 00d5 0B       		.uleb128 0xb
 1195 00d6 27       		.uleb128 0x27
 1196 00d7 19       		.uleb128 0x19
 1197 00d8 11       		.uleb128 0x11
 1198 00d9 01       		.uleb128 0x1
 1199 00da 12       		.uleb128 0x12
 1200 00db 06       		.uleb128 0x6
 1201 00dc 40       		.uleb128 0x40
 1202 00dd 18       		.uleb128 0x18
 1203 00de 9742     		.uleb128 0x2117
 1204 00e0 19       		.uleb128 0x19
 1205 00e1 01       		.uleb128 0x1
 1206 00e2 13       		.uleb128 0x13
 1207 00e3 00       		.byte	0
 1208 00e4 00       		.byte	0
 1209 00e5 11       		.uleb128 0x11
 1210 00e6 898201   		.uleb128 0x4109
 1211 00e9 00       		.byte	0
 1212 00ea 11       		.uleb128 0x11
 1213 00eb 01       		.uleb128 0x1
 1214 00ec 31       		.uleb128 0x31
 1215 00ed 13       		.uleb128 0x13
 1216 00ee 00       		.byte	0
 1217 00ef 00       		.byte	0
 1218 00f0 12       		.uleb128 0x12
 1219 00f1 34       		.uleb128 0x34
 1220 00f2 00       		.byte	0
 1221 00f3 03       		.uleb128 0x3
 1222 00f4 0E       		.uleb128 0xe
 1223 00f5 3A       		.uleb128 0x3a
 1224 00f6 0B       		.uleb128 0xb
 1225 00f7 3B       		.uleb128 0x3b
 1226 00f8 05       		.uleb128 0x5
 1227 00f9 49       		.uleb128 0x49
 1228 00fa 13       		.uleb128 0x13
 1229 00fb 3F       		.uleb128 0x3f
ARM GAS  C:\Users\TERENC~1\AppData\Local\Temp\ccJLpd8B.s 			page 28


 1230 00fc 19       		.uleb128 0x19
 1231 00fd 3C       		.uleb128 0x3c
 1232 00fe 19       		.uleb128 0x19
 1233 00ff 00       		.byte	0
 1234 0100 00       		.byte	0
 1235 0101 13       		.uleb128 0x13
 1236 0102 34       		.uleb128 0x34
 1237 0103 00       		.byte	0
 1238 0104 03       		.uleb128 0x3
 1239 0105 0E       		.uleb128 0xe
 1240 0106 3A       		.uleb128 0x3a
 1241 0107 0B       		.uleb128 0xb
 1242 0108 3B       		.uleb128 0x3b
 1243 0109 0B       		.uleb128 0xb
 1244 010a 49       		.uleb128 0x49
 1245 010b 13       		.uleb128 0x13
 1246 010c 3F       		.uleb128 0x3f
 1247 010d 19       		.uleb128 0x19
 1248 010e 3C       		.uleb128 0x3c
 1249 010f 19       		.uleb128 0x19
 1250 0110 00       		.byte	0
 1251 0111 00       		.byte	0
 1252 0112 14       		.uleb128 0x14
 1253 0113 34       		.uleb128 0x34
 1254 0114 00       		.byte	0
 1255 0115 03       		.uleb128 0x3
 1256 0116 0E       		.uleb128 0xe
 1257 0117 3A       		.uleb128 0x3a
 1258 0118 0B       		.uleb128 0xb
 1259 0119 3B       		.uleb128 0x3b
 1260 011a 0B       		.uleb128 0xb
 1261 011b 49       		.uleb128 0x49
 1262 011c 13       		.uleb128 0x13
 1263 011d 3F       		.uleb128 0x3f
 1264 011e 19       		.uleb128 0x19
 1265 011f 02       		.uleb128 0x2
 1266 0120 18       		.uleb128 0x18
 1267 0121 00       		.byte	0
 1268 0122 00       		.byte	0
 1269 0123 15       		.uleb128 0x15
 1270 0124 2E       		.uleb128 0x2e
 1271 0125 00       		.byte	0
 1272 0126 3F       		.uleb128 0x3f
 1273 0127 19       		.uleb128 0x19
 1274 0128 3C       		.uleb128 0x3c
 1275 0129 19       		.uleb128 0x19
 1276 012a 6E       		.uleb128 0x6e
 1277 012b 0E       		.uleb128 0xe
 1278 012c 03       		.uleb128 0x3
 1279 012d 0E       		.uleb128 0xe
 1280 012e 3A       		.uleb128 0x3a
 1281 012f 0B       		.uleb128 0xb
 1282 0130 3B       		.uleb128 0x3b
 1283 0131 0B       		.uleb128 0xb
 1284 0132 00       		.byte	0
 1285 0133 00       		.byte	0
 1286 0134 16       		.uleb128 0x16
ARM GAS  C:\Users\TERENC~1\AppData\Local\Temp\ccJLpd8B.s 			page 29


 1287 0135 2E       		.uleb128 0x2e
 1288 0136 00       		.byte	0
 1289 0137 3F       		.uleb128 0x3f
 1290 0138 19       		.uleb128 0x19
 1291 0139 3C       		.uleb128 0x3c
 1292 013a 19       		.uleb128 0x19
 1293 013b 6E       		.uleb128 0x6e
 1294 013c 0E       		.uleb128 0xe
 1295 013d 03       		.uleb128 0x3
 1296 013e 0E       		.uleb128 0xe
 1297 013f 3A       		.uleb128 0x3a
 1298 0140 0B       		.uleb128 0xb
 1299 0141 3B       		.uleb128 0x3b
 1300 0142 05       		.uleb128 0x5
 1301 0143 00       		.byte	0
 1302 0144 00       		.byte	0
 1303 0145 00       		.byte	0
 1304              		.section	.debug_loc,"",%progbits
 1305              	.Ldebug_loc0:
 1306              	.LLST0:
 1307 0000 04000000 		.4byte	.LVL0
 1308 0004 4A000000 		.4byte	.LVL8
 1309 0008 0200     		.2byte	0x2
 1310 000a 30       		.byte	0x30
 1311 000b 9F       		.byte	0x9f
 1312 000c 4A000000 		.4byte	.LVL8
 1313 0010 50000000 		.4byte	.LVL9
 1314 0014 0100     		.2byte	0x1
 1315 0016 50       		.byte	0x50
 1316 0017 50000000 		.4byte	.LVL9
 1317 001b 5C000000 		.4byte	.LVL12
 1318 001f 0100     		.2byte	0x1
 1319 0021 55       		.byte	0x55
 1320 0022 5C000000 		.4byte	.LVL12
 1321 0026 5E000000 		.4byte	.LVL13
 1322 002a 0200     		.2byte	0x2
 1323 002c 30       		.byte	0x30
 1324 002d 9F       		.byte	0x9f
 1325 002e 5E000000 		.4byte	.LVL13
 1326 0032 82000000 		.4byte	.LVL15
 1327 0036 0100     		.2byte	0x1
 1328 0038 55       		.byte	0x55
 1329 0039 82000000 		.4byte	.LVL15
 1330 003d 84000000 		.4byte	.LVL16
 1331 0041 0100     		.2byte	0x1
 1332 0043 50       		.byte	0x50
 1333 0044 84000000 		.4byte	.LVL16
 1334 0048 B4000000 		.4byte	.LVL23
 1335 004c 0100     		.2byte	0x1
 1336 004e 55       		.byte	0x55
 1337 004f B4000000 		.4byte	.LVL23
 1338 0053 BA000000 		.4byte	.LVL24
 1339 0057 0100     		.2byte	0x1
 1340 0059 50       		.byte	0x50
 1341 005a BA000000 		.4byte	.LVL24
 1342 005e C6000000 		.4byte	.LVL27
 1343 0062 0100     		.2byte	0x1
ARM GAS  C:\Users\TERENC~1\AppData\Local\Temp\ccJLpd8B.s 			page 30


 1344 0064 55       		.byte	0x55
 1345 0065 C6000000 		.4byte	.LVL27
 1346 0069 C8000000 		.4byte	.LVL28
 1347 006d 0200     		.2byte	0x2
 1348 006f 30       		.byte	0x30
 1349 0070 9F       		.byte	0x9f
 1350 0071 C8000000 		.4byte	.LVL28
 1351 0075 CC000000 		.4byte	.LVL30
 1352 0079 0100     		.2byte	0x1
 1353 007b 55       		.byte	0x55
 1354 007c 00000000 		.4byte	0
 1355 0080 00000000 		.4byte	0
 1356              	.LLST1:
 1357 0084 0A000000 		.4byte	.LVL1
 1358 0088 2E000000 		.4byte	.LVL3
 1359 008c 0100     		.2byte	0x1
 1360 008e 54       		.byte	0x54
 1361 008f 2E000000 		.4byte	.LVL3
 1362 0093 39000000 		.4byte	.LVL4-1
 1363 0097 0500     		.2byte	0x5
 1364 0099 03       		.byte	0x3
 1365 009a 00000000 		.4byte	prevVol.9126
 1366 009e 3E000000 		.4byte	.LVL5
 1367 00a2 98000000 		.4byte	.LVL18
 1368 00a6 0100     		.2byte	0x1
 1369 00a8 54       		.byte	0x54
 1370 00a9 98000000 		.4byte	.LVL18
 1371 00ad A3000000 		.4byte	.LVL19-1
 1372 00b1 0500     		.2byte	0x5
 1373 00b3 03       		.byte	0x3
 1374 00b4 00000000 		.4byte	prevVol.9126
 1375 00b8 A8000000 		.4byte	.LVL20
 1376 00bc CC000000 		.4byte	.LVL29
 1377 00c0 0100     		.2byte	0x1
 1378 00c2 54       		.byte	0x54
 1379 00c3 00000000 		.4byte	0
 1380 00c7 00000000 		.4byte	0
 1381              		.section	.debug_aranges,"",%progbits
 1382 0000 2C000000 		.4byte	0x2c
 1383 0004 0200     		.2byte	0x2
 1384 0006 00000000 		.4byte	.Ldebug_info0
 1385 000a 04       		.byte	0x4
 1386 000b 00       		.byte	0
 1387 000c 0000     		.2byte	0
 1388 000e 0000     		.2byte	0
 1389 0010 00000000 		.4byte	.LFB325
 1390 0014 EC000000 		.4byte	.LFE325-.LFB325
 1391 0018 00000000 		.4byte	.LFB323
 1392 001c B0000000 		.4byte	.LFE323-.LFB323
 1393 0020 00000000 		.4byte	.LFB324
 1394 0024 10000000 		.4byte	.LFE324-.LFB324
 1395 0028 00000000 		.4byte	0
 1396 002c 00000000 		.4byte	0
 1397              		.section	.debug_ranges,"",%progbits
 1398              	.Ldebug_ranges0:
 1399 0000 00000000 		.4byte	.LFB325
 1400 0004 EC000000 		.4byte	.LFE325
ARM GAS  C:\Users\TERENC~1\AppData\Local\Temp\ccJLpd8B.s 			page 31


 1401 0008 00000000 		.4byte	.LFB323
 1402 000c B0000000 		.4byte	.LFE323
 1403 0010 00000000 		.4byte	.LFB324
 1404 0014 10000000 		.4byte	.LFE324
 1405 0018 00000000 		.4byte	0
 1406 001c 00000000 		.4byte	0
 1407              		.section	.debug_line,"",%progbits
 1408              	.Ldebug_line0:
 1409 0000 BC010000 		.section	.debug_str,"MS",%progbits,1
 1409      02004301 
 1409      00000201 
 1409      FB0E0D00 
 1409      01010101 
 1410              	.LASF16:
 1411 0000 72656733 		.ascii	"reg32\000"
 1411      3200
 1412              	.LASF24:
 1413 0006 55534246 		.ascii	"USBFS_transferState\000"
 1413      535F7472 
 1413      616E7366 
 1413      65725374 
 1413      61746500 
 1414              	.LASF27:
 1415 001a 55534244 		.ascii	"USBDeviceState\000"
 1415      65766963 
 1415      65537461 
 1415      746500
 1416              	.LASF23:
 1417 0029 52756E41 		.ascii	"RunApplication\000"
 1417      70706C69 
 1417      63617469 
 1417      6F6E00
 1418              	.LASF44:
 1419 0038 4173796E 		.ascii	"Async_Feedback_Counter_Start\000"
 1419      635F4665 
 1419      65646261 
 1419      636B5F43 
 1419      6F756E74 
 1420              	.LASF3:
 1421 0055 73686F72 		.ascii	"short unsigned int\000"
 1421      7420756E 
 1421      7369676E 
 1421      65642069 
 1421      6E7400
 1422              	.LASF22:
 1423 0068 496E6974 		.ascii	"InitApp\000"
 1423      41707000 
 1424              	.LASF29:
 1425 0070 70726576 		.ascii	"prevReport\000"
 1425      5265706F 
 1425      727400
 1426              	.LASF46:
 1427 007b 4170706C 		.ascii	"Application.c\000"
 1427      69636174 
 1427      696F6E2E 
 1427      6300
 1428              	.LASF25:
ARM GAS  C:\Users\TERENC~1\AppData\Local\Temp\ccJLpd8B.s 			page 32


 1429 0089 55534246 		.ascii	"USBFS_currentMute\000"
 1429      535F6375 
 1429      7272656E 
 1429      744D7574 
 1429      6500
 1430              	.LASF13:
 1431 009b 666C6F61 		.ascii	"float\000"
 1431      7400
 1432              	.LASF21:
 1433 00a1 766F6C75 		.ascii	"volume\000"
 1433      6D6500
 1434              	.LASF1:
 1435 00a8 756E7369 		.ascii	"unsigned char\000"
 1435      676E6564 
 1435      20636861 
 1435      7200
 1436              	.LASF5:
 1437 00b6 6C6F6E67 		.ascii	"long unsigned int\000"
 1437      20756E73 
 1437      69676E65 
 1437      6420696E 
 1437      7400
 1438              	.LASF37:
 1439 00c8 436F6465 		.ascii	"CodecI2CM_Start\000"
 1439      63493243 
 1439      4D5F5374 
 1439      61727400 
 1440              	.LASF12:
 1441 00d8 696E7433 		.ascii	"int32\000"
 1441      3200
 1442              	.LASF35:
 1443 00de 55415254 		.ascii	"UART_Start\000"
 1443      5F537461 
 1443      727400
 1444              	.LASF11:
 1445 00e9 696E7438 		.ascii	"int8\000"
 1445      00
 1446              	.LASF14:
 1447 00ee 646F7562 		.ascii	"double\000"
 1447      6C6500
 1448              	.LASF32:
 1449 00f5 436F6465 		.ascii	"Codec_AdjustBothHeadphoneVolume\000"
 1449      635F4164 
 1449      6A757374 
 1449      426F7468 
 1449      48656164 
 1450              	.LASF2:
 1451 0115 73686F72 		.ascii	"short int\000"
 1451      7420696E 
 1451      7400
 1452              	.LASF36:
 1453 011f 43795379 		.ascii	"CySysGetResetReason\000"
 1453      73476574 
 1453      52657365 
 1453      74526561 
 1453      736F6E00 
 1454              	.LASF38:
ARM GAS  C:\Users\TERENC~1\AppData\Local\Temp\ccJLpd8B.s 			page 33


 1455 0133 436F6465 		.ascii	"Codec_Init\000"
 1455      635F496E 
 1455      697400
 1456              	.LASF30:
 1457 013e 61756469 		.ascii	"audioControlStatus\000"
 1457      6F436F6E 
 1457      74726F6C 
 1457      53746174 
 1457      757300
 1458              	.LASF10:
 1459 0151 75696E74 		.ascii	"uint32\000"
 1459      333200
 1460              	.LASF31:
 1461 0158 7265706F 		.ascii	"reportClearFlag\000"
 1461      7274436C 
 1461      65617246 
 1461      6C616700 
 1462              	.LASF41:
 1463 0168 55534246 		.ascii	"USBFS_GetConfiguration\000"
 1463      535F4765 
 1463      74436F6E 
 1463      66696775 
 1463      72617469 
 1464              	.LASF8:
 1465 017f 756E7369 		.ascii	"unsigned int\000"
 1465      676E6564 
 1465      20696E74 
 1465      00
 1466              	.LASF48:
 1467 018c 55706461 		.ascii	"Update_VolumeAudioOut\000"
 1467      74655F56 
 1467      6F6C756D 
 1467      65417564 
 1467      696F4F75 
 1468              	.LASF7:
 1469 01a2 6C6F6E67 		.ascii	"long long unsigned int\000"
 1469      206C6F6E 
 1469      6720756E 
 1469      7369676E 
 1469      65642069 
 1470              	.LASF42:
 1471 01b9 4379496E 		.ascii	"CyIntSetPriority\000"
 1471      74536574 
 1471      5072696F 
 1471      72697479 
 1471      00
 1472              	.LASF33:
 1473 01ca 73707269 		.ascii	"sprintf\000"
 1473      6E746600 
 1474              	.LASF45:
 1475 01d2 474E5520 		.ascii	"GNU C11 5.4.1 20160609 (release) [ARM/embedded-5-br"
 1475      43313120 
 1475      352E342E 
 1475      31203230 
 1475      31363036 
 1476 0205 616E6368 		.ascii	"anch revision 237715] -mcpu=cortex-m0 -mthumb -g -O"
 1476      20726576 
ARM GAS  C:\Users\TERENC~1\AppData\Local\Temp\ccJLpd8B.s 			page 34


 1476      6973696F 
 1476      6E203233 
 1476      37373135 
 1477 0238 67202D66 		.ascii	"g -ffunction-sections -ffat-lto-objects\000"
 1477      66756E63 
 1477      74696F6E 
 1477      2D736563 
 1477      74696F6E 
 1478              	.LASF34:
 1479 0260 55415254 		.ascii	"UART_UartPutString\000"
 1479      5F556172 
 1479      74507574 
 1479      53747269 
 1479      6E6700
 1480              	.LASF18:
 1481 0273 73697A65 		.ascii	"sizetype\000"
 1481      74797065 
 1481      00
 1482              	.LASF6:
 1483 027c 6C6F6E67 		.ascii	"long long int\000"
 1483      206C6F6E 
 1483      6720696E 
 1483      7400
 1484              	.LASF39:
 1485 028a 4932535F 		.ascii	"I2S_Start\000"
 1485      53746172 
 1485      7400
 1486              	.LASF15:
 1487 0294 63686172 		.ascii	"char\000"
 1487      00
 1488              	.LASF47:
 1489 0299 433A5C64 		.ascii	"C:\\dev\\git\\Icebreaker\\Icebreaker.cydsn\000"
 1489      65765C67 
 1489      69745C49 
 1489      63656272 
 1489      65616B65 
 1490              	.LASF28:
 1491 02c0 706C6179 		.ascii	"playlistControlReport\000"
 1491      6C697374 
 1491      436F6E74 
 1491      726F6C52 
 1491      65706F72 
 1492              	.LASF40:
 1493 02d6 55534246 		.ascii	"USBFS_Start\000"
 1493      535F5374 
 1493      61727400 
 1494              	.LASF9:
 1495 02e2 75696E74 		.ascii	"uint8\000"
 1495      3800
 1496              	.LASF4:
 1497 02e8 6C6F6E67 		.ascii	"long int\000"
 1497      20696E74 
 1497      00
 1498              	.LASF17:
 1499 02f1 6C6F6E67 		.ascii	"long double\000"
 1499      20646F75 
 1499      626C6500 
ARM GAS  C:\Users\TERENC~1\AppData\Local\Temp\ccJLpd8B.s 			page 35


 1500              	.LASF0:
 1501 02fd 7369676E 		.ascii	"signed char\000"
 1501      65642063 
 1501      68617200 
 1502              	.LASF43:
 1503 0309 55534246 		.ascii	"USBFS_LoadInEP\000"
 1503      535F4C6F 
 1503      6164496E 
 1503      455000
 1504              	.LASF19:
 1505 0318 70726576 		.ascii	"prevVol\000"
 1505      566F6C00 
 1506              	.LASF20:
 1507 0320 70726576 		.ascii	"prevMute\000"
 1507      4D757465 
 1507      00
 1508              	.LASF26:
 1509 0329 55534246 		.ascii	"USBFS_currentVolume\000"
 1509      535F6375 
 1509      7272656E 
 1509      74566F6C 
 1509      756D6500 
 1510              		.ident	"GCC: (GNU Tools for ARM Embedded Processors) 5.4.1 20160609 (release) [ARM/embedded-5-bran
