ARM GAS  C:\Users\TERENC~1\AppData\Local\Temp\ccjOWeiY.s 			page 1


   1              		.syntax unified
   2              		.cpu cortex-m0
   3              		.fpu softvfp
   4              		.eabi_attribute 20, 1
   5              		.eabi_attribute 21, 1
   6              		.eabi_attribute 23, 3
   7              		.eabi_attribute 24, 1
   8              		.eabi_attribute 25, 1
   9              		.eabi_attribute 26, 1
  10              		.eabi_attribute 30, 1
  11              		.eabi_attribute 34, 0
  12              		.eabi_attribute 18, 4
  13              		.thumb
  14              		.syntax unified
  15              		.file	"I2S_PM.c"
  16              		.text
  17              	.Ltext0:
  18              		.cfi_sections	.debug_frame
  19              		.section	.text.I2S_SaveConfig,"ax",%progbits
  20              		.align	2
  21              		.global	I2S_SaveConfig
  22              		.code	16
  23              		.thumb_func
  24              		.type	I2S_SaveConfig, %function
  25              	I2S_SaveConfig:
  26              	.LFB0:
  27              		.file 1 "Generated_Source\\PSoC4\\I2S_PM.c"
   1:Generated_Source\PSoC4/I2S_PM.c **** /*******************************************************************************
   2:Generated_Source\PSoC4/I2S_PM.c **** * File Name: I2S_PM.c
   3:Generated_Source\PSoC4/I2S_PM.c **** * Version 2.70
   4:Generated_Source\PSoC4/I2S_PM.c **** *
   5:Generated_Source\PSoC4/I2S_PM.c **** * Description:
   6:Generated_Source\PSoC4/I2S_PM.c **** *  This file contains the setup, control and status commands to support
   7:Generated_Source\PSoC4/I2S_PM.c **** *  component operations in low power mode.
   8:Generated_Source\PSoC4/I2S_PM.c **** *
   9:Generated_Source\PSoC4/I2S_PM.c **** * Note:
  10:Generated_Source\PSoC4/I2S_PM.c **** *
  11:Generated_Source\PSoC4/I2S_PM.c **** ********************************************************************************
  12:Generated_Source\PSoC4/I2S_PM.c **** * Copyright 2008-2015, Cypress Semiconductor Corporation.  All rights reserved.
  13:Generated_Source\PSoC4/I2S_PM.c **** * You may use this file only in accordance with the license, terms, conditions,
  14:Generated_Source\PSoC4/I2S_PM.c **** * disclaimers, and limitations in the end user license agreement accompanying
  15:Generated_Source\PSoC4/I2S_PM.c **** * the software package with which this file was provided.
  16:Generated_Source\PSoC4/I2S_PM.c **** *******************************************************************************/
  17:Generated_Source\PSoC4/I2S_PM.c **** 
  18:Generated_Source\PSoC4/I2S_PM.c **** #include "I2S.h"
  19:Generated_Source\PSoC4/I2S_PM.c **** 
  20:Generated_Source\PSoC4/I2S_PM.c **** static I2S_BACKUP_STRUCT  I2S_backup = {0u};
  21:Generated_Source\PSoC4/I2S_PM.c **** 
  22:Generated_Source\PSoC4/I2S_PM.c **** 
  23:Generated_Source\PSoC4/I2S_PM.c **** /*******************************************************************************
  24:Generated_Source\PSoC4/I2S_PM.c **** * Function Name: I2S_SaveConfig
  25:Generated_Source\PSoC4/I2S_PM.c **** ********************************************************************************
  26:Generated_Source\PSoC4/I2S_PM.c **** *
  27:Generated_Source\PSoC4/I2S_PM.c **** * Summary:
  28:Generated_Source\PSoC4/I2S_PM.c **** *  Empty function. Left to preserve backward compatibility.
  29:Generated_Source\PSoC4/I2S_PM.c **** *
  30:Generated_Source\PSoC4/I2S_PM.c **** * Parameters:
ARM GAS  C:\Users\TERENC~1\AppData\Local\Temp\ccjOWeiY.s 			page 2


  31:Generated_Source\PSoC4/I2S_PM.c **** *  None.
  32:Generated_Source\PSoC4/I2S_PM.c **** *
  33:Generated_Source\PSoC4/I2S_PM.c **** * Return:
  34:Generated_Source\PSoC4/I2S_PM.c **** *  None.
  35:Generated_Source\PSoC4/I2S_PM.c **** *
  36:Generated_Source\PSoC4/I2S_PM.c **** *******************************************************************************/
  37:Generated_Source\PSoC4/I2S_PM.c **** void I2S_SaveConfig(void) 
  38:Generated_Source\PSoC4/I2S_PM.c **** {
  28              		.loc 1 38 0
  29              		.cfi_startproc
  30              		@ args = 0, pretend = 0, frame = 0
  31              		@ frame_needed = 0, uses_anonymous_args = 0
  32              		@ link register save eliminated.
  39:Generated_Source\PSoC4/I2S_PM.c ****     /* Nothing to save. All registers are retention. */
  40:Generated_Source\PSoC4/I2S_PM.c **** }
  33              		.loc 1 40 0
  34              		@ sp needed
  35 0000 7047     		bx	lr
  36              		.cfi_endproc
  37              	.LFE0:
  38              		.size	I2S_SaveConfig, .-I2S_SaveConfig
  39 0002 C046     		.section	.text.I2S_RestoreConfig,"ax",%progbits
  40              		.align	2
  41              		.global	I2S_RestoreConfig
  42              		.code	16
  43              		.thumb_func
  44              		.type	I2S_RestoreConfig, %function
  45              	I2S_RestoreConfig:
  46              	.LFB1:
  41:Generated_Source\PSoC4/I2S_PM.c **** 
  42:Generated_Source\PSoC4/I2S_PM.c **** 
  43:Generated_Source\PSoC4/I2S_PM.c **** /*******************************************************************************
  44:Generated_Source\PSoC4/I2S_PM.c **** * Function Name: I2S_RestoreConfig
  45:Generated_Source\PSoC4/I2S_PM.c **** ********************************************************************************
  46:Generated_Source\PSoC4/I2S_PM.c **** *
  47:Generated_Source\PSoC4/I2S_PM.c **** * Summary:
  48:Generated_Source\PSoC4/I2S_PM.c **** *  Empty function. Left to preserve backward compatibility.
  49:Generated_Source\PSoC4/I2S_PM.c **** *
  50:Generated_Source\PSoC4/I2S_PM.c **** * Parameters:
  51:Generated_Source\PSoC4/I2S_PM.c **** *  None.
  52:Generated_Source\PSoC4/I2S_PM.c **** *
  53:Generated_Source\PSoC4/I2S_PM.c **** * Return:
  54:Generated_Source\PSoC4/I2S_PM.c **** *  None.
  55:Generated_Source\PSoC4/I2S_PM.c **** *
  56:Generated_Source\PSoC4/I2S_PM.c **** *******************************************************************************/
  57:Generated_Source\PSoC4/I2S_PM.c **** void I2S_RestoreConfig(void) 
  58:Generated_Source\PSoC4/I2S_PM.c **** {
  47              		.loc 1 58 0
  48              		.cfi_startproc
  49              		@ args = 0, pretend = 0, frame = 0
  50              		@ frame_needed = 0, uses_anonymous_args = 0
  51              		@ link register save eliminated.
  59:Generated_Source\PSoC4/I2S_PM.c ****     /* Nothing to restore. All registers are retention. */
  60:Generated_Source\PSoC4/I2S_PM.c **** }
  52              		.loc 1 60 0
  53              		@ sp needed
  54 0000 7047     		bx	lr
ARM GAS  C:\Users\TERENC~1\AppData\Local\Temp\ccjOWeiY.s 			page 3


  55              		.cfi_endproc
  56              	.LFE1:
  57              		.size	I2S_RestoreConfig, .-I2S_RestoreConfig
  58 0002 C046     		.section	.text.I2S_Sleep,"ax",%progbits
  59              		.align	2
  60              		.global	I2S_Sleep
  61              		.code	16
  62              		.thumb_func
  63              		.type	I2S_Sleep, %function
  64              	I2S_Sleep:
  65              	.LFB2:
  61:Generated_Source\PSoC4/I2S_PM.c **** 
  62:Generated_Source\PSoC4/I2S_PM.c **** 
  63:Generated_Source\PSoC4/I2S_PM.c **** /*******************************************************************************
  64:Generated_Source\PSoC4/I2S_PM.c **** * Function Name: I2S_Sleep
  65:Generated_Source\PSoC4/I2S_PM.c **** ********************************************************************************
  66:Generated_Source\PSoC4/I2S_PM.c **** *
  67:Generated_Source\PSoC4/I2S_PM.c **** * Summary:
  68:Generated_Source\PSoC4/I2S_PM.c **** *  Prepares I2S for entering sleep mode.
  69:Generated_Source\PSoC4/I2S_PM.c **** *
  70:Generated_Source\PSoC4/I2S_PM.c **** * Parameters:
  71:Generated_Source\PSoC4/I2S_PM.c **** *  None.
  72:Generated_Source\PSoC4/I2S_PM.c **** *
  73:Generated_Source\PSoC4/I2S_PM.c **** * Return:
  74:Generated_Source\PSoC4/I2S_PM.c **** *  None.
  75:Generated_Source\PSoC4/I2S_PM.c **** *
  76:Generated_Source\PSoC4/I2S_PM.c **** * Global Variables:
  77:Generated_Source\PSoC4/I2S_PM.c **** *  I2S_backup - used to store component state prior entering 
  78:Generated_Source\PSoC4/I2S_PM.c **** *    sleep mode.
  79:Generated_Source\PSoC4/I2S_PM.c **** *
  80:Generated_Source\PSoC4/I2S_PM.c **** * Reentrant:
  81:Generated_Source\PSoC4/I2S_PM.c **** *  No.
  82:Generated_Source\PSoC4/I2S_PM.c **** *
  83:Generated_Source\PSoC4/I2S_PM.c **** *******************************************************************************/
  84:Generated_Source\PSoC4/I2S_PM.c **** void I2S_Sleep(void) 
  85:Generated_Source\PSoC4/I2S_PM.c **** {
  66              		.loc 1 85 0
  67              		.cfi_startproc
  68              		@ args = 0, pretend = 0, frame = 0
  69              		@ frame_needed = 0, uses_anonymous_args = 0
  70 0000 10B5     		push	{r4, lr}
  71              		.cfi_def_cfa_offset 8
  72              		.cfi_offset 4, -8
  73              		.cfi_offset 14, -4
  86:Generated_Source\PSoC4/I2S_PM.c ****     /* Get component state */
  87:Generated_Source\PSoC4/I2S_PM.c ****     I2S_backup.enableState = I2S_CONTROL_REG;
  74              		.loc 1 87 0
  75 0002 034B     		ldr	r3, .L4
  76 0004 1A78     		ldrb	r2, [r3]
  77 0006 034B     		ldr	r3, .L4+4
  78 0008 1A70     		strb	r2, [r3]
  88:Generated_Source\PSoC4/I2S_PM.c **** 
  89:Generated_Source\PSoC4/I2S_PM.c ****     /* Stop component */
  90:Generated_Source\PSoC4/I2S_PM.c ****     I2S_Stop();
  79              		.loc 1 90 0
  80 000a FFF7FEFF 		bl	I2S_Stop
  81              	.LVL0:
ARM GAS  C:\Users\TERENC~1\AppData\Local\Temp\ccjOWeiY.s 			page 4


  91:Generated_Source\PSoC4/I2S_PM.c **** }
  82              		.loc 1 91 0
  83              		@ sp needed
  84 000e 10BD     		pop	{r4, pc}
  85              	.L5:
  86              		.align	2
  87              	.L4:
  88 0010 73000F40 		.word	1074724979
  89 0014 00000000 		.word	.LANCHOR0
  90              		.cfi_endproc
  91              	.LFE2:
  92              		.size	I2S_Sleep, .-I2S_Sleep
  93              		.section	.text.I2S_Wakeup,"ax",%progbits
  94              		.align	2
  95              		.global	I2S_Wakeup
  96              		.code	16
  97              		.thumb_func
  98              		.type	I2S_Wakeup, %function
  99              	I2S_Wakeup:
 100              	.LFB3:
  92:Generated_Source\PSoC4/I2S_PM.c **** 
  93:Generated_Source\PSoC4/I2S_PM.c **** 
  94:Generated_Source\PSoC4/I2S_PM.c **** /*******************************************************************************
  95:Generated_Source\PSoC4/I2S_PM.c **** * Function Name: I2S_Wakeup
  96:Generated_Source\PSoC4/I2S_PM.c **** ********************************************************************************
  97:Generated_Source\PSoC4/I2S_PM.c **** *
  98:Generated_Source\PSoC4/I2S_PM.c **** * Summary:
  99:Generated_Source\PSoC4/I2S_PM.c **** *  Prepares I2S for exit from sleep mode.
 100:Generated_Source\PSoC4/I2S_PM.c **** *
 101:Generated_Source\PSoC4/I2S_PM.c **** * Parameters:
 102:Generated_Source\PSoC4/I2S_PM.c **** *  None.
 103:Generated_Source\PSoC4/I2S_PM.c **** *
 104:Generated_Source\PSoC4/I2S_PM.c **** * Return:
 105:Generated_Source\PSoC4/I2S_PM.c **** *  None.
 106:Generated_Source\PSoC4/I2S_PM.c **** *
 107:Generated_Source\PSoC4/I2S_PM.c **** * Global Variables:
 108:Generated_Source\PSoC4/I2S_PM.c **** *  I2S_backup - used to restore component state after exit from
 109:Generated_Source\PSoC4/I2S_PM.c **** *    sleep mode.
 110:Generated_Source\PSoC4/I2S_PM.c **** *
 111:Generated_Source\PSoC4/I2S_PM.c **** *******************************************************************************/
 112:Generated_Source\PSoC4/I2S_PM.c **** void I2S_Wakeup(void) 
 113:Generated_Source\PSoC4/I2S_PM.c **** {
 101              		.loc 1 113 0
 102              		.cfi_startproc
 103              		@ args = 0, pretend = 0, frame = 0
 104              		@ frame_needed = 0, uses_anonymous_args = 0
 105 0000 10B5     		push	{r4, lr}
 106              		.cfi_def_cfa_offset 8
 107              		.cfi_offset 4, -8
 108              		.cfi_offset 14, -4
 114:Generated_Source\PSoC4/I2S_PM.c ****     #if (I2S_DYNAMIC_BIT_RESOLUTION)
 115:Generated_Source\PSoC4/I2S_PM.c ****         I2S_CONTROL_REG = I2S_backup.enableState & I2S_BIT_RESOLUTION_MODE_MASK;
 116:Generated_Source\PSoC4/I2S_PM.c ****     #endif /* I2S_DYNAMIC_BIT_RESOLUTION */
 117:Generated_Source\PSoC4/I2S_PM.c **** 
 118:Generated_Source\PSoC4/I2S_PM.c ****     if(0u != (I2S_backup.enableState & I2S_EN))
 109              		.loc 1 118 0
 110 0002 094B     		ldr	r3, .L9
ARM GAS  C:\Users\TERENC~1\AppData\Local\Temp\ccjOWeiY.s 			page 5


 111 0004 1B78     		ldrb	r3, [r3]
 112 0006 5B07     		lsls	r3, r3, #29
 113 0008 0DD5     		bpl	.L6
 119:Generated_Source\PSoC4/I2S_PM.c ****     {
 120:Generated_Source\PSoC4/I2S_PM.c ****         /* Enable component's operation */
 121:Generated_Source\PSoC4/I2S_PM.c ****         I2S_Enable();
 114              		.loc 1 121 0
 115 000a FFF7FEFF 		bl	I2S_Enable
 116              	.LVL1:
 122:Generated_Source\PSoC4/I2S_PM.c **** 
 123:Generated_Source\PSoC4/I2S_PM.c ****         /* Enable Tx/Rx direction if they were enabled before sleep */
 124:Generated_Source\PSoC4/I2S_PM.c ****         #if(I2S_TX_DIRECTION_ENABLE)
 125:Generated_Source\PSoC4/I2S_PM.c ****             if(0u != (I2S_backup.enableState & I2S_TX_EN))
 117              		.loc 1 125 0
 118 000e 064B     		ldr	r3, .L9
 119 0010 1B78     		ldrb	r3, [r3]
 120 0012 DB07     		lsls	r3, r3, #31
 121 0014 01D5     		bpl	.L8
 126:Generated_Source\PSoC4/I2S_PM.c ****             {
 127:Generated_Source\PSoC4/I2S_PM.c ****                 I2S_EnableTx();
 122              		.loc 1 127 0
 123 0016 FFF7FEFF 		bl	I2S_EnableTx
 124              	.LVL2:
 125              	.L8:
 128:Generated_Source\PSoC4/I2S_PM.c ****             }
 129:Generated_Source\PSoC4/I2S_PM.c ****         #endif /* (I2S_TX_DIRECTION_ENABLE) */
 130:Generated_Source\PSoC4/I2S_PM.c ****         
 131:Generated_Source\PSoC4/I2S_PM.c ****         #if(I2S_RX_DIRECTION_ENABLE)
 132:Generated_Source\PSoC4/I2S_PM.c ****             if(0u != (I2S_backup.enableState & I2S_RX_EN))
 126              		.loc 1 132 0
 127 001a 034B     		ldr	r3, .L9
 128 001c 1B78     		ldrb	r3, [r3]
 129 001e 9B07     		lsls	r3, r3, #30
 130 0020 01D5     		bpl	.L6
 133:Generated_Source\PSoC4/I2S_PM.c ****             {
 134:Generated_Source\PSoC4/I2S_PM.c ****                 I2S_EnableRx();
 131              		.loc 1 134 0
 132 0022 FFF7FEFF 		bl	I2S_EnableRx
 133              	.LVL3:
 134              	.L6:
 135:Generated_Source\PSoC4/I2S_PM.c ****             }
 136:Generated_Source\PSoC4/I2S_PM.c ****         #endif /* (I2S_RX_DIRECTION_ENABLE) */
 137:Generated_Source\PSoC4/I2S_PM.c ****     }
 138:Generated_Source\PSoC4/I2S_PM.c **** }
 135              		.loc 1 138 0
 136              		@ sp needed
 137 0026 10BD     		pop	{r4, pc}
 138              	.L10:
 139              		.align	2
 140              	.L9:
 141 0028 00000000 		.word	.LANCHOR0
 142              		.cfi_endproc
 143              	.LFE3:
 144              		.size	I2S_Wakeup, .-I2S_Wakeup
 145              		.bss
 146              		.align	2
 147              		.set	.LANCHOR0,. + 0
ARM GAS  C:\Users\TERENC~1\AppData\Local\Temp\ccjOWeiY.s 			page 6


 148              		.type	I2S_backup, %object
 149              		.size	I2S_backup, 1
 150              	I2S_backup:
 151 0000 00       		.space	1
 152              		.text
 153              	.Letext0:
 154              		.file 2 "Generated_Source\\PSoC4\\cytypes.h"
 155              		.file 3 "Generated_Source\\PSoC4\\I2S.h"
 156              		.section	.debug_info,"",%progbits
 157              	.Ldebug_info0:
 158 0000 69010000 		.4byte	0x169
 159 0004 0400     		.2byte	0x4
 160 0006 00000000 		.4byte	.Ldebug_abbrev0
 161 000a 04       		.byte	0x4
 162 000b 01       		.uleb128 0x1
 163 000c CE000000 		.4byte	.LASF23
 164 0010 0C       		.byte	0xc
 165 0011 0B000000 		.4byte	.LASF24
 166 0015 7C010000 		.4byte	.LASF25
 167 0019 00000000 		.4byte	.Ldebug_ranges0+0
 168 001d 00000000 		.4byte	0
 169 0021 00000000 		.4byte	.Ldebug_line0
 170 0025 02       		.uleb128 0x2
 171 0026 01       		.byte	0x1
 172 0027 06       		.byte	0x6
 173 0028 DA010000 		.4byte	.LASF0
 174 002c 02       		.uleb128 0x2
 175 002d 01       		.byte	0x1
 176 002e 08       		.byte	0x8
 177 002f 4D000000 		.4byte	.LASF1
 178 0033 02       		.uleb128 0x2
 179 0034 02       		.byte	0x2
 180 0035 05       		.byte	0x5
 181 0036 B5010000 		.4byte	.LASF2
 182 003a 02       		.uleb128 0x2
 183 003b 02       		.byte	0x2
 184 003c 07       		.byte	0x7
 185 003d 72000000 		.4byte	.LASF3
 186 0041 02       		.uleb128 0x2
 187 0042 04       		.byte	0x4
 188 0043 05       		.byte	0x5
 189 0044 C5010000 		.4byte	.LASF4
 190 0048 02       		.uleb128 0x2
 191 0049 04       		.byte	0x4
 192 004a 07       		.byte	0x7
 193 004b 60000000 		.4byte	.LASF5
 194 004f 02       		.uleb128 0x2
 195 0050 08       		.byte	0x8
 196 0051 05       		.byte	0x5
 197 0052 5C010000 		.4byte	.LASF6
 198 0056 02       		.uleb128 0x2
 199 0057 08       		.byte	0x8
 200 0058 07       		.byte	0x7
 201 0059 AE000000 		.4byte	.LASF7
 202 005d 03       		.uleb128 0x3
 203 005e 04       		.byte	0x4
 204 005f 05       		.byte	0x5
ARM GAS  C:\Users\TERENC~1\AppData\Local\Temp\ccjOWeiY.s 			page 7


 205 0060 696E7400 		.ascii	"int\000"
 206 0064 02       		.uleb128 0x2
 207 0065 04       		.byte	0x4
 208 0066 07       		.byte	0x7
 209 0067 A1000000 		.4byte	.LASF8
 210 006b 04       		.uleb128 0x4
 211 006c BF010000 		.4byte	.LASF12
 212 0070 02       		.byte	0x2
 213 0071 E401     		.2byte	0x1e4
 214 0073 2C000000 		.4byte	0x2c
 215 0077 02       		.uleb128 0x2
 216 0078 04       		.byte	0x4
 217 0079 04       		.byte	0x4
 218 007a 47000000 		.4byte	.LASF9
 219 007e 02       		.uleb128 0x2
 220 007f 08       		.byte	0x8
 221 0080 04       		.byte	0x4
 222 0081 8F000000 		.4byte	.LASF10
 223 0085 02       		.uleb128 0x2
 224 0086 01       		.byte	0x1
 225 0087 08       		.byte	0x8
 226 0088 77010000 		.4byte	.LASF11
 227 008c 04       		.uleb128 0x4
 228 008d 5B000000 		.4byte	.LASF13
 229 0091 02       		.byte	0x2
 230 0092 8E02     		.2byte	0x28e
 231 0094 98000000 		.4byte	0x98
 232 0098 05       		.uleb128 0x5
 233 0099 6B000000 		.4byte	0x6b
 234 009d 06       		.uleb128 0x6
 235 009e 01       		.byte	0x1
 236 009f 03       		.byte	0x3
 237 00a0 1D       		.byte	0x1d
 238 00a1 B2000000 		.4byte	0xb2
 239 00a5 07       		.uleb128 0x7
 240 00a6 CE010000 		.4byte	.LASF26
 241 00aa 03       		.byte	0x3
 242 00ab 1F       		.byte	0x1f
 243 00ac 6B000000 		.4byte	0x6b
 244 00b0 00       		.byte	0
 245 00b1 00       		.byte	0
 246 00b2 08       		.uleb128 0x8
 247 00b3 A3010000 		.4byte	.LASF14
 248 00b7 03       		.byte	0x3
 249 00b8 21       		.byte	0x21
 250 00b9 9D000000 		.4byte	0x9d
 251 00bd 09       		.uleb128 0x9
 252 00be 2B000000 		.4byte	.LASF15
 253 00c2 01       		.byte	0x1
 254 00c3 25       		.byte	0x25
 255 00c4 00000000 		.4byte	.LFB0
 256 00c8 02000000 		.4byte	.LFE0-.LFB0
 257 00cc 01       		.uleb128 0x1
 258 00cd 9C       		.byte	0x9c
 259 00ce 09       		.uleb128 0x9
 260 00cf E6010000 		.4byte	.LASF16
 261 00d3 01       		.byte	0x1
ARM GAS  C:\Users\TERENC~1\AppData\Local\Temp\ccjOWeiY.s 			page 8


 262 00d4 39       		.byte	0x39
 263 00d5 00000000 		.4byte	.LFB1
 264 00d9 02000000 		.4byte	.LFE1-.LFB1
 265 00dd 01       		.uleb128 0x1
 266 00de 9C       		.byte	0x9c
 267 00df 0A       		.uleb128 0xa
 268 00e0 85000000 		.4byte	.LASF17
 269 00e4 01       		.byte	0x1
 270 00e5 54       		.byte	0x54
 271 00e6 00000000 		.4byte	.LFB2
 272 00ea 18000000 		.4byte	.LFE2-.LFB2
 273 00ee 01       		.uleb128 0x1
 274 00ef 9C       		.byte	0x9c
 275 00f0 FE000000 		.4byte	0xfe
 276 00f4 0B       		.uleb128 0xb
 277 00f5 0E000000 		.4byte	.LVL0
 278 00f9 40010000 		.4byte	0x140
 279 00fd 00       		.byte	0
 280 00fe 0A       		.uleb128 0xa
 281 00ff F8010000 		.4byte	.LASF18
 282 0103 01       		.byte	0x1
 283 0104 70       		.byte	0x70
 284 0105 00000000 		.4byte	.LFB3
 285 0109 2C000000 		.4byte	.LFE3-.LFB3
 286 010d 01       		.uleb128 0x1
 287 010e 9C       		.byte	0x9c
 288 010f 2F010000 		.4byte	0x12f
 289 0113 0B       		.uleb128 0xb
 290 0114 0E000000 		.4byte	.LVL1
 291 0118 4B010000 		.4byte	0x14b
 292 011c 0B       		.uleb128 0xb
 293 011d 1A000000 		.4byte	.LVL2
 294 0121 56010000 		.4byte	0x156
 295 0125 0B       		.uleb128 0xb
 296 0126 26000000 		.4byte	.LVL3
 297 012a 61010000 		.4byte	0x161
 298 012e 00       		.byte	0
 299 012f 0C       		.uleb128 0xc
 300 0130 00000000 		.4byte	.LASF27
 301 0134 01       		.byte	0x1
 302 0135 14       		.byte	0x14
 303 0136 B2000000 		.4byte	0xb2
 304 013a 05       		.uleb128 0x5
 305 013b 03       		.byte	0x3
 306 013c 00000000 		.4byte	I2S_backup
 307 0140 0D       		.uleb128 0xd
 308 0141 C5000000 		.4byte	.LASF19
 309 0145 C5000000 		.4byte	.LASF19
 310 0149 03       		.byte	0x3
 311 014a 29       		.byte	0x29
 312 014b 0D       		.uleb128 0xd
 313 014c 96000000 		.4byte	.LASF20
 314 0150 96000000 		.4byte	.LASF20
 315 0154 03       		.byte	0x3
 316 0155 2B       		.byte	0x2b
 317 0156 0D       		.uleb128 0xd
 318 0157 3A000000 		.4byte	.LASF21
ARM GAS  C:\Users\TERENC~1\AppData\Local\Temp\ccjOWeiY.s 			page 9


 319 015b 3A000000 		.4byte	.LASF21
 320 015f 03       		.byte	0x3
 321 0160 34       		.byte	0x34
 322 0161 0D       		.uleb128 0xd
 323 0162 6A010000 		.4byte	.LASF22
 324 0166 6A010000 		.4byte	.LASF22
 325 016a 03       		.byte	0x3
 326 016b 3A       		.byte	0x3a
 327 016c 00       		.byte	0
 328              		.section	.debug_abbrev,"",%progbits
 329              	.Ldebug_abbrev0:
 330 0000 01       		.uleb128 0x1
 331 0001 11       		.uleb128 0x11
 332 0002 01       		.byte	0x1
 333 0003 25       		.uleb128 0x25
 334 0004 0E       		.uleb128 0xe
 335 0005 13       		.uleb128 0x13
 336 0006 0B       		.uleb128 0xb
 337 0007 03       		.uleb128 0x3
 338 0008 0E       		.uleb128 0xe
 339 0009 1B       		.uleb128 0x1b
 340 000a 0E       		.uleb128 0xe
 341 000b 55       		.uleb128 0x55
 342 000c 17       		.uleb128 0x17
 343 000d 11       		.uleb128 0x11
 344 000e 01       		.uleb128 0x1
 345 000f 10       		.uleb128 0x10
 346 0010 17       		.uleb128 0x17
 347 0011 00       		.byte	0
 348 0012 00       		.byte	0
 349 0013 02       		.uleb128 0x2
 350 0014 24       		.uleb128 0x24
 351 0015 00       		.byte	0
 352 0016 0B       		.uleb128 0xb
 353 0017 0B       		.uleb128 0xb
 354 0018 3E       		.uleb128 0x3e
 355 0019 0B       		.uleb128 0xb
 356 001a 03       		.uleb128 0x3
 357 001b 0E       		.uleb128 0xe
 358 001c 00       		.byte	0
 359 001d 00       		.byte	0
 360 001e 03       		.uleb128 0x3
 361 001f 24       		.uleb128 0x24
 362 0020 00       		.byte	0
 363 0021 0B       		.uleb128 0xb
 364 0022 0B       		.uleb128 0xb
 365 0023 3E       		.uleb128 0x3e
 366 0024 0B       		.uleb128 0xb
 367 0025 03       		.uleb128 0x3
 368 0026 08       		.uleb128 0x8
 369 0027 00       		.byte	0
 370 0028 00       		.byte	0
 371 0029 04       		.uleb128 0x4
 372 002a 16       		.uleb128 0x16
 373 002b 00       		.byte	0
 374 002c 03       		.uleb128 0x3
 375 002d 0E       		.uleb128 0xe
ARM GAS  C:\Users\TERENC~1\AppData\Local\Temp\ccjOWeiY.s 			page 10


 376 002e 3A       		.uleb128 0x3a
 377 002f 0B       		.uleb128 0xb
 378 0030 3B       		.uleb128 0x3b
 379 0031 05       		.uleb128 0x5
 380 0032 49       		.uleb128 0x49
 381 0033 13       		.uleb128 0x13
 382 0034 00       		.byte	0
 383 0035 00       		.byte	0
 384 0036 05       		.uleb128 0x5
 385 0037 35       		.uleb128 0x35
 386 0038 00       		.byte	0
 387 0039 49       		.uleb128 0x49
 388 003a 13       		.uleb128 0x13
 389 003b 00       		.byte	0
 390 003c 00       		.byte	0
 391 003d 06       		.uleb128 0x6
 392 003e 13       		.uleb128 0x13
 393 003f 01       		.byte	0x1
 394 0040 0B       		.uleb128 0xb
 395 0041 0B       		.uleb128 0xb
 396 0042 3A       		.uleb128 0x3a
 397 0043 0B       		.uleb128 0xb
 398 0044 3B       		.uleb128 0x3b
 399 0045 0B       		.uleb128 0xb
 400 0046 01       		.uleb128 0x1
 401 0047 13       		.uleb128 0x13
 402 0048 00       		.byte	0
 403 0049 00       		.byte	0
 404 004a 07       		.uleb128 0x7
 405 004b 0D       		.uleb128 0xd
 406 004c 00       		.byte	0
 407 004d 03       		.uleb128 0x3
 408 004e 0E       		.uleb128 0xe
 409 004f 3A       		.uleb128 0x3a
 410 0050 0B       		.uleb128 0xb
 411 0051 3B       		.uleb128 0x3b
 412 0052 0B       		.uleb128 0xb
 413 0053 49       		.uleb128 0x49
 414 0054 13       		.uleb128 0x13
 415 0055 38       		.uleb128 0x38
 416 0056 0B       		.uleb128 0xb
 417 0057 00       		.byte	0
 418 0058 00       		.byte	0
 419 0059 08       		.uleb128 0x8
 420 005a 16       		.uleb128 0x16
 421 005b 00       		.byte	0
 422 005c 03       		.uleb128 0x3
 423 005d 0E       		.uleb128 0xe
 424 005e 3A       		.uleb128 0x3a
 425 005f 0B       		.uleb128 0xb
 426 0060 3B       		.uleb128 0x3b
 427 0061 0B       		.uleb128 0xb
 428 0062 49       		.uleb128 0x49
 429 0063 13       		.uleb128 0x13
 430 0064 00       		.byte	0
 431 0065 00       		.byte	0
 432 0066 09       		.uleb128 0x9
ARM GAS  C:\Users\TERENC~1\AppData\Local\Temp\ccjOWeiY.s 			page 11


 433 0067 2E       		.uleb128 0x2e
 434 0068 00       		.byte	0
 435 0069 3F       		.uleb128 0x3f
 436 006a 19       		.uleb128 0x19
 437 006b 03       		.uleb128 0x3
 438 006c 0E       		.uleb128 0xe
 439 006d 3A       		.uleb128 0x3a
 440 006e 0B       		.uleb128 0xb
 441 006f 3B       		.uleb128 0x3b
 442 0070 0B       		.uleb128 0xb
 443 0071 27       		.uleb128 0x27
 444 0072 19       		.uleb128 0x19
 445 0073 11       		.uleb128 0x11
 446 0074 01       		.uleb128 0x1
 447 0075 12       		.uleb128 0x12
 448 0076 06       		.uleb128 0x6
 449 0077 40       		.uleb128 0x40
 450 0078 18       		.uleb128 0x18
 451 0079 9742     		.uleb128 0x2117
 452 007b 19       		.uleb128 0x19
 453 007c 00       		.byte	0
 454 007d 00       		.byte	0
 455 007e 0A       		.uleb128 0xa
 456 007f 2E       		.uleb128 0x2e
 457 0080 01       		.byte	0x1
 458 0081 3F       		.uleb128 0x3f
 459 0082 19       		.uleb128 0x19
 460 0083 03       		.uleb128 0x3
 461 0084 0E       		.uleb128 0xe
 462 0085 3A       		.uleb128 0x3a
 463 0086 0B       		.uleb128 0xb
 464 0087 3B       		.uleb128 0x3b
 465 0088 0B       		.uleb128 0xb
 466 0089 27       		.uleb128 0x27
 467 008a 19       		.uleb128 0x19
 468 008b 11       		.uleb128 0x11
 469 008c 01       		.uleb128 0x1
 470 008d 12       		.uleb128 0x12
 471 008e 06       		.uleb128 0x6
 472 008f 40       		.uleb128 0x40
 473 0090 18       		.uleb128 0x18
 474 0091 9742     		.uleb128 0x2117
 475 0093 19       		.uleb128 0x19
 476 0094 01       		.uleb128 0x1
 477 0095 13       		.uleb128 0x13
 478 0096 00       		.byte	0
 479 0097 00       		.byte	0
 480 0098 0B       		.uleb128 0xb
 481 0099 898201   		.uleb128 0x4109
 482 009c 00       		.byte	0
 483 009d 11       		.uleb128 0x11
 484 009e 01       		.uleb128 0x1
 485 009f 31       		.uleb128 0x31
 486 00a0 13       		.uleb128 0x13
 487 00a1 00       		.byte	0
 488 00a2 00       		.byte	0
 489 00a3 0C       		.uleb128 0xc
ARM GAS  C:\Users\TERENC~1\AppData\Local\Temp\ccjOWeiY.s 			page 12


 490 00a4 34       		.uleb128 0x34
 491 00a5 00       		.byte	0
 492 00a6 03       		.uleb128 0x3
 493 00a7 0E       		.uleb128 0xe
 494 00a8 3A       		.uleb128 0x3a
 495 00a9 0B       		.uleb128 0xb
 496 00aa 3B       		.uleb128 0x3b
 497 00ab 0B       		.uleb128 0xb
 498 00ac 49       		.uleb128 0x49
 499 00ad 13       		.uleb128 0x13
 500 00ae 02       		.uleb128 0x2
 501 00af 18       		.uleb128 0x18
 502 00b0 00       		.byte	0
 503 00b1 00       		.byte	0
 504 00b2 0D       		.uleb128 0xd
 505 00b3 2E       		.uleb128 0x2e
 506 00b4 00       		.byte	0
 507 00b5 3F       		.uleb128 0x3f
 508 00b6 19       		.uleb128 0x19
 509 00b7 3C       		.uleb128 0x3c
 510 00b8 19       		.uleb128 0x19
 511 00b9 6E       		.uleb128 0x6e
 512 00ba 0E       		.uleb128 0xe
 513 00bb 03       		.uleb128 0x3
 514 00bc 0E       		.uleb128 0xe
 515 00bd 3A       		.uleb128 0x3a
 516 00be 0B       		.uleb128 0xb
 517 00bf 3B       		.uleb128 0x3b
 518 00c0 0B       		.uleb128 0xb
 519 00c1 00       		.byte	0
 520 00c2 00       		.byte	0
 521 00c3 00       		.byte	0
 522              		.section	.debug_aranges,"",%progbits
 523 0000 34000000 		.4byte	0x34
 524 0004 0200     		.2byte	0x2
 525 0006 00000000 		.4byte	.Ldebug_info0
 526 000a 04       		.byte	0x4
 527 000b 00       		.byte	0
 528 000c 0000     		.2byte	0
 529 000e 0000     		.2byte	0
 530 0010 00000000 		.4byte	.LFB0
 531 0014 02000000 		.4byte	.LFE0-.LFB0
 532 0018 00000000 		.4byte	.LFB1
 533 001c 02000000 		.4byte	.LFE1-.LFB1
 534 0020 00000000 		.4byte	.LFB2
 535 0024 18000000 		.4byte	.LFE2-.LFB2
 536 0028 00000000 		.4byte	.LFB3
 537 002c 2C000000 		.4byte	.LFE3-.LFB3
 538 0030 00000000 		.4byte	0
 539 0034 00000000 		.4byte	0
 540              		.section	.debug_ranges,"",%progbits
 541              	.Ldebug_ranges0:
 542 0000 00000000 		.4byte	.LFB0
 543 0004 02000000 		.4byte	.LFE0
 544 0008 00000000 		.4byte	.LFB1
 545 000c 02000000 		.4byte	.LFE1
 546 0010 00000000 		.4byte	.LFB2
ARM GAS  C:\Users\TERENC~1\AppData\Local\Temp\ccjOWeiY.s 			page 13


 547 0014 18000000 		.4byte	.LFE2
 548 0018 00000000 		.4byte	.LFB3
 549 001c 2C000000 		.4byte	.LFE3
 550 0020 00000000 		.4byte	0
 551 0024 00000000 		.4byte	0
 552              		.section	.debug_line,"",%progbits
 553              	.Ldebug_line0:
 554 0000 9C000000 		.section	.debug_str,"MS",%progbits,1
 554      02004C00 
 554      00000201 
 554      FB0E0D00 
 554      01010101 
 555              	.LASF27:
 556 0000 4932535F 		.ascii	"I2S_backup\000"
 556      6261636B 
 556      757000
 557              	.LASF24:
 558 000b 47656E65 		.ascii	"Generated_Source\\PSoC4\\I2S_PM.c\000"
 558      72617465 
 558      645F536F 
 558      75726365 
 558      5C50536F 
 559              	.LASF15:
 560 002b 4932535F 		.ascii	"I2S_SaveConfig\000"
 560      53617665 
 560      436F6E66 
 560      696700
 561              	.LASF21:
 562 003a 4932535F 		.ascii	"I2S_EnableTx\000"
 562      456E6162 
 562      6C655478 
 562      00
 563              	.LASF9:
 564 0047 666C6F61 		.ascii	"float\000"
 564      7400
 565              	.LASF1:
 566 004d 756E7369 		.ascii	"unsigned char\000"
 566      676E6564 
 566      20636861 
 566      7200
 567              	.LASF13:
 568 005b 72656738 		.ascii	"reg8\000"
 568      00
 569              	.LASF5:
 570 0060 6C6F6E67 		.ascii	"long unsigned int\000"
 570      20756E73 
 570      69676E65 
 570      6420696E 
 570      7400
 571              	.LASF3:
 572 0072 73686F72 		.ascii	"short unsigned int\000"
 572      7420756E 
 572      7369676E 
 572      65642069 
 572      6E7400
 573              	.LASF17:
 574 0085 4932535F 		.ascii	"I2S_Sleep\000"
ARM GAS  C:\Users\TERENC~1\AppData\Local\Temp\ccjOWeiY.s 			page 14


 574      536C6565 
 574      7000
 575              	.LASF10:
 576 008f 646F7562 		.ascii	"double\000"
 576      6C6500
 577              	.LASF20:
 578 0096 4932535F 		.ascii	"I2S_Enable\000"
 578      456E6162 
 578      6C6500
 579              	.LASF8:
 580 00a1 756E7369 		.ascii	"unsigned int\000"
 580      676E6564 
 580      20696E74 
 580      00
 581              	.LASF7:
 582 00ae 6C6F6E67 		.ascii	"long long unsigned int\000"
 582      206C6F6E 
 582      6720756E 
 582      7369676E 
 582      65642069 
 583              	.LASF19:
 584 00c5 4932535F 		.ascii	"I2S_Stop\000"
 584      53746F70 
 584      00
 585              	.LASF23:
 586 00ce 474E5520 		.ascii	"GNU C11 5.4.1 20160609 (release) [ARM/embedded-5-br"
 586      43313120 
 586      352E342E 
 586      31203230 
 586      31363036 
 587 0101 616E6368 		.ascii	"anch revision 237715] -mcpu=cortex-m0 -mthumb -g -O"
 587      20726576 
 587      6973696F 
 587      6E203233 
 587      37373135 
 588 0134 67202D66 		.ascii	"g -ffunction-sections -ffat-lto-objects\000"
 588      66756E63 
 588      74696F6E 
 588      2D736563 
 588      74696F6E 
 589              	.LASF6:
 590 015c 6C6F6E67 		.ascii	"long long int\000"
 590      206C6F6E 
 590      6720696E 
 590      7400
 591              	.LASF22:
 592 016a 4932535F 		.ascii	"I2S_EnableRx\000"
 592      456E6162 
 592      6C655278 
 592      00
 593              	.LASF11:
 594 0177 63686172 		.ascii	"char\000"
 594      00
 595              	.LASF25:
 596 017c 433A5C64 		.ascii	"C:\\dev\\git\\Icebreaker\\Icebreaker.cydsn\000"
 596      65765C67 
 596      69745C49 
ARM GAS  C:\Users\TERENC~1\AppData\Local\Temp\ccjOWeiY.s 			page 15


 596      63656272 
 596      65616B65 
 597              	.LASF14:
 598 01a3 4932535F 		.ascii	"I2S_BACKUP_STRUCT\000"
 598      4241434B 
 598      55505F53 
 598      54525543 
 598      5400
 599              	.LASF2:
 600 01b5 73686F72 		.ascii	"short int\000"
 600      7420696E 
 600      7400
 601              	.LASF12:
 602 01bf 75696E74 		.ascii	"uint8\000"
 602      3800
 603              	.LASF4:
 604 01c5 6C6F6E67 		.ascii	"long int\000"
 604      20696E74 
 604      00
 605              	.LASF26:
 606 01ce 656E6162 		.ascii	"enableState\000"
 606      6C655374 
 606      61746500 
 607              	.LASF0:
 608 01da 7369676E 		.ascii	"signed char\000"
 608      65642063 
 608      68617200 
 609              	.LASF16:
 610 01e6 4932535F 		.ascii	"I2S_RestoreConfig\000"
 610      52657374 
 610      6F726543 
 610      6F6E6669 
 610      6700
 611              	.LASF18:
 612 01f8 4932535F 		.ascii	"I2S_Wakeup\000"
 612      57616B65 
 612      757000
 613              		.ident	"GCC: (GNU Tools for ARM Embedded Processors) 5.4.1 20160609 (release) [ARM/embedded-5-bran
