ARM GAS  C:\Users\TERENC~1\AppData\Local\Temp\ccEPfEWC.s 			page 1


   1              		.syntax unified
   2              		.cpu cortex-m0
   3              		.fpu softvfp
   4              		.eabi_attribute 20, 1
   5              		.eabi_attribute 21, 1
   6              		.eabi_attribute 23, 3
   7              		.eabi_attribute 24, 1
   8              		.eabi_attribute 25, 1
   9              		.eabi_attribute 26, 1
  10              		.eabi_attribute 30, 1
  11              		.eabi_attribute 34, 0
  12              		.eabi_attribute 18, 4
  13              		.thumb
  14              		.syntax unified
  15              		.file	"Interrupts.c"
  16              		.text
  17              	.Ltext0:
  18              		.cfi_sections	.debug_frame
  19              		.section	.text.InDMADone_Interrupt,"ax",%progbits
  20              		.align	2
  21              		.global	InDMADone_Interrupt
  22              		.code	16
  23              		.thumb_func
  24              		.type	InDMADone_Interrupt, %function
  25              	InDMADone_Interrupt:
  26              	.LFB322:
  27              		.file 1 "Interrupts.c"
   1:Interrupts.c  **** /*******************************************************************************
   2:Interrupts.c  **** * File Name: Interrupts.c
   3:Interrupts.c  **** *
   4:Interrupts.c  **** * Version 1.0
   5:Interrupts.c  **** *
   6:Interrupts.c  **** *  Description: This file contains interrupt service routines for all the interrupts
   7:Interrupts.c  **** *               in the system
   8:Interrupts.c  **** *
   9:Interrupts.c  **** *******************************************************************************
  10:Interrupts.c  **** * Copyright (2018), Cypress Semiconductor Corporation. All rights reserved.
  11:Interrupts.c  **** *******************************************************************************
  12:Interrupts.c  **** * This software, including source code, documentation and related materials
  13:Interrupts.c  **** * (“Software”), is owned by Cypress Semiconductor Corporation or one of its
  14:Interrupts.c  **** * subsidiaries (“Cypress”) and is protected by and subject to worldwide patent
  15:Interrupts.c  **** * protection (United States and foreign), United States copyright laws and
  16:Interrupts.c  **** * international treaty provisions. Therefore, you may use this Software only
  17:Interrupts.c  **** * as provided in the license agreement accompanying the software package from
  18:Interrupts.c  **** * which you obtained this Software (“EULA”).
  19:Interrupts.c  **** *
  20:Interrupts.c  **** * If no EULA applies, Cypress hereby grants you a personal, nonexclusive,
  21:Interrupts.c  **** * non-transferable license to copy, modify, and compile the Software source
  22:Interrupts.c  **** * code solely for use in connection with Cypress’s integrated circuit products.
  23:Interrupts.c  **** * Any reproduction, modification, translation, compilation, or representation
  24:Interrupts.c  **** * of this Software except as specified above is prohibited without the express
  25:Interrupts.c  **** * written permission of Cypress.
  26:Interrupts.c  **** *
  27:Interrupts.c  **** * Disclaimer: THIS SOFTWARE IS PROVIDED AS-IS, WITH NO WARRANTY OF ANY KIND, 
  28:Interrupts.c  **** * EXPRESS OR IMPLIED, INCLUDING, BUT NOT LIMITED TO, NONINFRINGEMENT, IMPLIED 
  29:Interrupts.c  **** * WARRANTIES OF MERCHANTABILITY AND FITNESS FOR A PARTICULAR PURPOSE. Cypress 
  30:Interrupts.c  **** * reserves the right to make changes to the Software without notice. Cypress 
ARM GAS  C:\Users\TERENC~1\AppData\Local\Temp\ccEPfEWC.s 			page 2


  31:Interrupts.c  **** * does not assume any liability arising out of the application or use of the 
  32:Interrupts.c  **** * Software or any product or circuit described in the Software. Cypress does 
  33:Interrupts.c  **** * not authorize its products for use in any products where a malfunction or 
  34:Interrupts.c  **** * failure of the Cypress product may reasonably be expected to result in 
  35:Interrupts.c  **** * significant property damage, injury or death (“High Risk Product”). By 
  36:Interrupts.c  **** * including Cypress’s product in a High Risk Product, the manufacturer of such 
  37:Interrupts.c  **** * system or application assumes all risk of such use and in doing so agrees to 
  38:Interrupts.c  **** * indemnify Cypress against all liability.
  39:Interrupts.c  **** *******************************************************************************/
  40:Interrupts.c  **** #include <AudioControl.h>
  41:Interrupts.c  **** #include <AudioOut.h>
  42:Interrupts.c  **** #include <Config.h>
  43:Interrupts.c  **** #include <project.h>
  44:Interrupts.c  **** #include <Application.h>
  45:Interrupts.c  **** #include <Interrupts.h>
  46:Interrupts.c  **** 
  47:Interrupts.c  **** extern uint16 inCnt;
  48:Interrupts.c  **** extern uint16 inLevel;
  49:Interrupts.c  **** extern uint16 inUsbCount;
  50:Interrupts.c  **** extern uint16 inUsbShadow;
  51:Interrupts.c  **** extern uint16 outLevel;
  52:Interrupts.c  **** extern uint16 outUsbCount;
  53:Interrupts.c  **** extern uint16 outUsbShadow;
  54:Interrupts.c  **** 
  55:Interrupts.c  **** /*******************************************************************************
  56:Interrupts.c  **** * Function Name: InDMADone_Interrupt
  57:Interrupts.c  **** ********************************************************************************
  58:Interrupts.c  **** * Summary:
  59:Interrupts.c  **** *   The Interrupt Service Routine for isr_InDMADone. Arms USB Audio In end-point
  60:Interrupts.c  **** * 	for USB host to receive audio data.
  61:Interrupts.c  **** *
  62:Interrupts.c  **** *
  63:Interrupts.c  **** * Parameters:  
  64:Interrupts.c  **** *	InDMADone interrupt vector
  65:Interrupts.c  **** *
  66:Interrupts.c  **** * Return:
  67:Interrupts.c  **** *   void.
  68:Interrupts.c  **** *
  69:Interrupts.c  **** *******************************************************************************/
  70:Interrupts.c  **** CY_ISR(InDMADone_Interrupt)
  71:Interrupts.c  **** {
  28              		.loc 1 71 0
  29              		.cfi_startproc
  30              		@ args = 0, pretend = 0, frame = 0
  31              		@ frame_needed = 0, uses_anonymous_args = 0
  32 0000 10B5     		push	{r4, lr}
  33              		.cfi_def_cfa_offset 8
  34              		.cfi_offset 4, -8
  35              		.cfi_offset 14, -4
  72:Interrupts.c  ****     /* Parameters to this API Call CHANGE DEPENDING ON DATA ENDPOINT MEMORY MODE */
  73:Interrupts.c  ****     USBFS_LoadInEP(AUDIO_IN_ENDPOINT, USBFS_NULL, inCnt);
  36              		.loc 1 73 0
  37 0002 034B     		ldr	r3, .L2
  38 0004 1A88     		ldrh	r2, [r3]
  39 0006 0021     		movs	r1, #0
  40 0008 0220     		movs	r0, #2
  41 000a FFF7FEFF 		bl	USBFS_LoadInEP
ARM GAS  C:\Users\TERENC~1\AppData\Local\Temp\ccEPfEWC.s 			page 3


  42              	.LVL0:
  74:Interrupts.c  **** }
  43              		.loc 1 74 0
  44              		@ sp needed
  45 000e 10BD     		pop	{r4, pc}
  46              	.L3:
  47              		.align	2
  48              	.L2:
  49 0010 00000000 		.word	inCnt
  50              		.cfi_endproc
  51              	.LFE322:
  52              		.size	InDMADone_Interrupt, .-InDMADone_Interrupt
  53              		.section	.text.RxDMADone_Interrupt,"ax",%progbits
  54              		.align	2
  55              		.global	RxDMADone_Interrupt
  56              		.code	16
  57              		.thumb_func
  58              		.type	RxDMADone_Interrupt, %function
  59              	RxDMADone_Interrupt:
  60              	.LFB323:
  75:Interrupts.c  **** 
  76:Interrupts.c  **** 
  77:Interrupts.c  **** 
  78:Interrupts.c  **** /*******************************************************************************
  79:Interrupts.c  **** * Function Name: RxDMADone_Interrupt
  80:Interrupts.c  **** ********************************************************************************
  81:Interrupts.c  **** * Summary:
  82:Interrupts.c  **** *   The Interrupt Service Routine for isr_RxDMADone. This handles the AUDIO In
  83:Interrupts.c  **** *	buffer pointers and detects overflow of the buffer to stop AUDIO In. 
  84:Interrupts.c  **** *
  85:Interrupts.c  **** * Parameters:  
  86:Interrupts.c  **** *	RxDMADone interrupt vector
  87:Interrupts.c  **** *
  88:Interrupts.c  **** * Return:
  89:Interrupts.c  **** *   void.
  90:Interrupts.c  **** *
  91:Interrupts.c  **** *******************************************************************************/
  92:Interrupts.c  **** CY_ISR(RxDMADone_Interrupt)
  93:Interrupts.c  **** {    
  61              		.loc 1 93 0
  62              		.cfi_startproc
  63              		@ args = 0, pretend = 0, frame = 0
  64              		@ frame_needed = 0, uses_anonymous_args = 0
  65 0000 10B5     		push	{r4, lr}
  66              		.cfi_def_cfa_offset 8
  67              		.cfi_offset 4, -8
  68              		.cfi_offset 14, -4
  94:Interrupts.c  ****     uint16 removed;
  95:Interrupts.c  **** 	
  96:Interrupts.c  **** 	/* Note: Care must be taken in the application code to update inUsbCount atomically */
  97:Interrupts.c  **** 	removed = inUsbCount - inUsbShadow;
  69              		.loc 1 97 0
  70 0002 0B4B     		ldr	r3, .L7
  71 0004 1888     		ldrh	r0, [r3]
  72 0006 0B49     		ldr	r1, .L7+4
  73 0008 0B88     		ldrh	r3, [r1]
  74 000a C31A     		subs	r3, r0, r3
ARM GAS  C:\Users\TERENC~1\AppData\Local\Temp\ccEPfEWC.s 			page 4


  75 000c 9BB2     		uxth	r3, r3
  76              	.LVL1:
  98:Interrupts.c  ****     
  99:Interrupts.c  **** 	inLevel -= removed;
  77              		.loc 1 99 0
  78 000e 0A4C     		ldr	r4, .L7+8
  79 0010 2288     		ldrh	r2, [r4]
  80 0012 D31A     		subs	r3, r2, r3
  81              	.LVL2:
  82 0014 9BB2     		uxth	r3, r3
  83 0016 2380     		strh	r3, [r4]
 100:Interrupts.c  ****        
 101:Interrupts.c  **** 	inUsbShadow = inUsbCount;
  84              		.loc 1 101 0
  85 0018 0880     		strh	r0, [r1]
  86              	.LVL3:
 102:Interrupts.c  **** 		
 103:Interrupts.c  **** 	if (inLevel >= IN_BUFSIZE) 
  87              		.loc 1 103 0
  88 001a 084A     		ldr	r2, .L7+12
  89 001c 9342     		cmp	r3, r2
  90 001e 02D9     		bls	.L5
 104:Interrupts.c  ****     {
 105:Interrupts.c  **** 		/* Overflow, so disable the DMA, disable the I2S data and tell the main task to reset all its str
 106:Interrupts.c  **** 		Stop_I2S_Rx();
  91              		.loc 1 106 0
  92 0020 FFF7FEFF 		bl	Stop_I2S_Rx
  93              	.LVL4:
  94 0024 02E0     		b	.L4
  95              	.L5:
 107:Interrupts.c  **** 	}
 108:Interrupts.c  **** 	else 
 109:Interrupts.c  ****     {
 110:Interrupts.c  **** 		inLevel += IN_TRANS_SIZE;
  96              		.loc 1 110 0
  97 0026 9033     		adds	r3, r3, #144
  98 0028 034A     		ldr	r2, .L7+8
  99 002a 1380     		strh	r3, [r2]
 100              	.L4:
 111:Interrupts.c  **** 	} 
 112:Interrupts.c  **** }
 101              		.loc 1 112 0
 102              		@ sp needed
 103 002c 10BD     		pop	{r4, pc}
 104              	.L8:
 105 002e C046     		.align	2
 106              	.L7:
 107 0030 00000000 		.word	inUsbCount
 108 0034 00000000 		.word	inUsbShadow
 109 0038 00000000 		.word	inLevel
 110 003c 7F040000 		.word	1151
 111              		.cfi_endproc
 112              	.LFE323:
 113              		.size	RxDMADone_Interrupt, .-RxDMADone_Interrupt
 114              		.section	.text.TxDMADone_Interrupt,"ax",%progbits
 115              		.align	2
 116              		.global	TxDMADone_Interrupt
ARM GAS  C:\Users\TERENC~1\AppData\Local\Temp\ccEPfEWC.s 			page 5


 117              		.code	16
 118              		.thumb_func
 119              		.type	TxDMADone_Interrupt, %function
 120              	TxDMADone_Interrupt:
 121              	.LFB324:
 113:Interrupts.c  **** 
 114:Interrupts.c  **** 
 115:Interrupts.c  **** /*******************************************************************************
 116:Interrupts.c  **** * Function Name: TxDMADone_Interrupt
 117:Interrupts.c  **** ********************************************************************************
 118:Interrupts.c  **** * Summary:
 119:Interrupts.c  **** *   The Interrupt Service Routine for isr_TxDMADone. This handles the AUDIO Out
 120:Interrupts.c  **** *	buffer pointers and detects underflow of the buffer to stop AUDIO out.
 121:Interrupts.c  **** *
 122:Interrupts.c  **** * Parameters:  
 123:Interrupts.c  **** *	TxDMADone interrupt vector
 124:Interrupts.c  **** *
 125:Interrupts.c  **** * Return:
 126:Interrupts.c  **** *   void.
 127:Interrupts.c  **** *
 128:Interrupts.c  **** *******************************************************************************/
 129:Interrupts.c  **** CY_ISR(TxDMADone_Interrupt)
 130:Interrupts.c  **** {
 122              		.loc 1 130 0
 123              		.cfi_startproc
 124              		@ args = 0, pretend = 0, frame = 0
 125              		@ frame_needed = 0, uses_anonymous_args = 0
 126 0000 10B5     		push	{r4, lr}
 127              		.cfi_def_cfa_offset 8
 128              		.cfi_offset 4, -8
 129              		.cfi_offset 14, -4
 131:Interrupts.c  **** 
 132:Interrupts.c  **** 	uint16 added;
 133:Interrupts.c  **** 
 134:Interrupts.c  **** 	/* Note: Care must be taken in the application code to update outUsbCount atomically
 135:Interrupts.c  **** 	 * Code is currently implemented with both updater of this value in interrupts that are
 136:Interrupts.c  **** 	 * the same priority so the code will not execute at the same time, but the code
 137:Interrupts.c  **** 	 * has been written so that this is not a requirement. */
 138:Interrupts.c  ****     
 139:Interrupts.c  **** 	added = outUsbCount - outUsbShadow;
 130              		.loc 1 139 0
 131 0002 0F4B     		ldr	r3, .L13
 132 0004 1888     		ldrh	r0, [r3]
 133 0006 0F49     		ldr	r1, .L13+4
 134 0008 0B88     		ldrh	r3, [r1]
 135 000a C31A     		subs	r3, r0, r3
 136 000c 9BB2     		uxth	r3, r3
 137              	.LVL5:
 140:Interrupts.c  ****     
 141:Interrupts.c  **** 	outLevel += added;
 138              		.loc 1 141 0
 139 000e 0E4C     		ldr	r4, .L13+8
 140 0010 2288     		ldrh	r2, [r4]
 141 0012 9B18     		adds	r3, r3, r2
 142              	.LVL6:
 143 0014 9BB2     		uxth	r3, r3
 144 0016 2380     		strh	r3, [r4]
ARM GAS  C:\Users\TERENC~1\AppData\Local\Temp\ccEPfEWC.s 			page 6


 142:Interrupts.c  ****             
 143:Interrupts.c  **** 	outUsbShadow = outUsbCount;
 145              		.loc 1 143 0
 146 0018 0880     		strh	r0, [r1]
 147              	.LVL7:
 144:Interrupts.c  **** 	
 145:Interrupts.c  **** 	if (outLevel <= AUDIOMAXPKT) 
 148              		.loc 1 145 0
 149 001a 9022     		movs	r2, #144
 150 001c 5200     		lsls	r2, r2, #1
 151 001e 9342     		cmp	r3, r2
 152 0020 02D8     		bhi	.L10
 146:Interrupts.c  **** 	{
 147:Interrupts.c  **** 		/* Underflow, so disable the DMA, disable I2S TX and tell the main task to reset all its structur
 148:Interrupts.c  **** 		Stop_I2S_Tx();
 153              		.loc 1 148 0
 154 0022 FFF7FEFF 		bl	Stop_I2S_Tx
 155              	.LVL8:
 156 0026 02E0     		b	.L11
 157              	.L10:
 149:Interrupts.c  **** 	}
 150:Interrupts.c  **** 	else
 151:Interrupts.c  **** 	{
 152:Interrupts.c  **** 		outLevel -= OUT_TRANS_SIZE;
 158              		.loc 1 152 0
 159 0028 903B     		subs	r3, r3, #144
 160 002a 074A     		ldr	r2, .L13+8
 161 002c 1380     		strh	r3, [r2]
 162              	.L11:
 153:Interrupts.c  **** 	}
 154:Interrupts.c  **** 	
 155:Interrupts.c  **** 	if (outLevel > (OUT_BUFSIZE + MAX_AUDIO_SAMPLE_SIZE)) 
 163              		.loc 1 155 0
 164 002e 064B     		ldr	r3, .L13+8
 165 0030 1A88     		ldrh	r2, [r3]
 166 0032 064B     		ldr	r3, .L13+12
 167 0034 9A42     		cmp	r2, r3
 168 0036 01D9     		bls	.L9
 156:Interrupts.c  **** 	{		
 157:Interrupts.c  **** 		/* Stop I2S till the overflow condition is present - this provides USB enough time to correct the
 158:Interrupts.c  **** 			Disable the DMA, mute and tell the main task to reset all its structures Stop DMA */
 159:Interrupts.c  **** 		Stop_I2S_Tx();
 169              		.loc 1 159 0
 170 0038 FFF7FEFF 		bl	Stop_I2S_Tx
 171              	.LVL9:
 172              	.L9:
 160:Interrupts.c  **** 	}
 161:Interrupts.c  **** }
 173              		.loc 1 161 0
 174              		@ sp needed
 175 003c 10BD     		pop	{r4, pc}
 176              	.L14:
 177 003e C046     		.align	2
 178              	.L13:
 179 0040 00000000 		.word	outUsbCount
 180 0044 00000000 		.word	outUsbShadow
 181 0048 00000000 		.word	outLevel
ARM GAS  C:\Users\TERENC~1\AppData\Local\Temp\ccEPfEWC.s 			page 7


 182 004c 86040000 		.word	1158
 183              		.cfi_endproc
 184              	.LFE324:
 185              		.size	TxDMADone_Interrupt, .-TxDMADone_Interrupt
 186              		.text
 187              	.Letext0:
 188              		.file 2 "Generated_Source\\PSoC4/USBFS.h"
 189              		.file 3 "./AudioControl.h"
 190              		.file 4 "./AudioOut.h"
 191              		.file 5 "Generated_Source\\PSoC4/cytypes.h"
 192              		.section	.debug_info,"",%progbits
 193              	.Ldebug_info0:
 194 0000 95010000 		.4byte	0x195
 195 0004 0400     		.2byte	0x4
 196 0006 00000000 		.4byte	.Ldebug_abbrev0
 197 000a 04       		.byte	0x4
 198 000b 01       		.uleb128 0x1
 199 000c 09010000 		.4byte	.LASF29
 200 0010 0C       		.byte	0xc
 201 0011 4D020000 		.4byte	.LASF30
 202 0015 83000000 		.4byte	.LASF31
 203 0019 00000000 		.4byte	.Ldebug_ranges0+0
 204 001d 00000000 		.4byte	0
 205 0021 00000000 		.4byte	.Ldebug_line0
 206 0025 02       		.uleb128 0x2
 207 0026 01       		.byte	0x1
 208 0027 06       		.byte	0x6
 209 0028 0D020000 		.4byte	.LASF0
 210 002c 02       		.uleb128 0x2
 211 002d 01       		.byte	0x1
 212 002e 08       		.byte	0x8
 213 002f 28000000 		.4byte	.LASF1
 214 0033 02       		.uleb128 0x2
 215 0034 02       		.byte	0x2
 216 0035 05       		.byte	0x5
 217 0036 E2010000 		.4byte	.LASF2
 218 003a 02       		.uleb128 0x2
 219 003b 02       		.byte	0x2
 220 003c 07       		.byte	0x7
 221 003d 5C000000 		.4byte	.LASF3
 222 0041 02       		.uleb128 0x2
 223 0042 04       		.byte	0x4
 224 0043 05       		.byte	0x5
 225 0044 F8010000 		.4byte	.LASF4
 226 0048 02       		.uleb128 0x2
 227 0049 04       		.byte	0x4
 228 004a 07       		.byte	0x7
 229 004b 4A000000 		.4byte	.LASF5
 230 004f 02       		.uleb128 0x2
 231 0050 08       		.byte	0x8
 232 0051 05       		.byte	0x5
 233 0052 AC010000 		.4byte	.LASF6
 234 0056 02       		.uleb128 0x2
 235 0057 08       		.byte	0x8
 236 0058 07       		.byte	0x7
 237 0059 F2000000 		.4byte	.LASF7
 238 005d 03       		.uleb128 0x3
ARM GAS  C:\Users\TERENC~1\AppData\Local\Temp\ccEPfEWC.s 			page 8


 239 005e 04       		.byte	0x4
 240 005f 05       		.byte	0x5
 241 0060 696E7400 		.ascii	"int\000"
 242 0064 02       		.uleb128 0x2
 243 0065 04       		.byte	0x4
 244 0066 07       		.byte	0x7
 245 0067 E5000000 		.4byte	.LASF8
 246 006b 04       		.uleb128 0x4
 247 006c D8000000 		.4byte	.LASF32
 248 0070 05       		.byte	0x5
 249 0071 E501     		.2byte	0x1e5
 250 0073 3A000000 		.4byte	0x3a
 251 0077 02       		.uleb128 0x2
 252 0078 04       		.byte	0x4
 253 0079 04       		.byte	0x4
 254 007a 22000000 		.4byte	.LASF9
 255 007e 02       		.uleb128 0x2
 256 007f 08       		.byte	0x8
 257 0080 04       		.byte	0x4
 258 0081 6F000000 		.4byte	.LASF10
 259 0085 02       		.uleb128 0x2
 260 0086 01       		.byte	0x1
 261 0087 08       		.byte	0x8
 262 0088 BA010000 		.4byte	.LASF11
 263 008c 02       		.uleb128 0x2
 264 008d 04       		.byte	0x4
 265 008e 07       		.byte	0x7
 266 008f A3010000 		.4byte	.LASF12
 267 0093 02       		.uleb128 0x2
 268 0094 08       		.byte	0x8
 269 0095 04       		.byte	0x4
 270 0096 97010000 		.4byte	.LASF13
 271 009a 05       		.uleb128 0x5
 272 009b 36000000 		.4byte	.LASF14
 273 009f 01       		.byte	0x1
 274 00a0 46       		.byte	0x46
 275 00a1 00000000 		.4byte	.LFB322
 276 00a5 14000000 		.4byte	.LFE322-.LFB322
 277 00a9 01       		.uleb128 0x1
 278 00aa 9C       		.byte	0x9c
 279 00ab C4000000 		.4byte	0xc4
 280 00af 06       		.uleb128 0x6
 281 00b0 0E000000 		.4byte	.LVL0
 282 00b4 76010000 		.4byte	0x176
 283 00b8 07       		.uleb128 0x7
 284 00b9 01       		.uleb128 0x1
 285 00ba 50       		.byte	0x50
 286 00bb 01       		.uleb128 0x1
 287 00bc 32       		.byte	0x32
 288 00bd 07       		.uleb128 0x7
 289 00be 01       		.uleb128 0x1
 290 00bf 51       		.byte	0x51
 291 00c0 01       		.uleb128 0x1
 292 00c1 30       		.byte	0x30
 293 00c2 00       		.byte	0
 294 00c3 00       		.byte	0
 295 00c4 05       		.uleb128 0x5
ARM GAS  C:\Users\TERENC~1\AppData\Local\Temp\ccEPfEWC.s 			page 9


 296 00c5 CE010000 		.4byte	.LASF15
 297 00c9 01       		.byte	0x1
 298 00ca 5C       		.byte	0x5c
 299 00cb 00000000 		.4byte	.LFB323
 300 00cf 40000000 		.4byte	.LFE323-.LFB323
 301 00d3 01       		.uleb128 0x1
 302 00d4 9C       		.byte	0x9c
 303 00d5 F2000000 		.4byte	0xf2
 304 00d9 08       		.uleb128 0x8
 305 00da 0E000000 		.4byte	.LASF17
 306 00de 01       		.byte	0x1
 307 00df 5E       		.byte	0x5e
 308 00e0 6B000000 		.4byte	0x6b
 309 00e4 00000000 		.4byte	.LLST0
 310 00e8 09       		.uleb128 0x9
 311 00e9 24000000 		.4byte	.LVL4
 312 00ed 82010000 		.4byte	0x182
 313 00f1 00       		.byte	0
 314 00f2 05       		.uleb128 0x5
 315 00f3 25020000 		.4byte	.LASF16
 316 00f7 01       		.byte	0x1
 317 00f8 81       		.byte	0x81
 318 00f9 00000000 		.4byte	.LFB324
 319 00fd 50000000 		.4byte	.LFE324-.LFB324
 320 0101 01       		.uleb128 0x1
 321 0102 9C       		.byte	0x9c
 322 0103 29010000 		.4byte	0x129
 323 0107 08       		.uleb128 0x8
 324 0108 DF000000 		.4byte	.LASF18
 325 010c 01       		.byte	0x1
 326 010d 84       		.byte	0x84
 327 010e 6B000000 		.4byte	0x6b
 328 0112 29000000 		.4byte	.LLST1
 329 0116 09       		.uleb128 0x9
 330 0117 26000000 		.4byte	.LVL8
 331 011b 8D010000 		.4byte	0x18d
 332 011f 09       		.uleb128 0x9
 333 0120 3C000000 		.4byte	.LVL9
 334 0124 8D010000 		.4byte	0x18d
 335 0128 00       		.byte	0
 336 0129 0A       		.uleb128 0xa
 337 012a 00000000 		.4byte	.LASF19
 338 012e 01       		.byte	0x1
 339 012f 2F       		.byte	0x2f
 340 0130 6B000000 		.4byte	0x6b
 341 0134 0A       		.uleb128 0xa
 342 0135 06000000 		.4byte	.LASF20
 343 0139 01       		.byte	0x1
 344 013a 30       		.byte	0x30
 345 013b 6B000000 		.4byte	0x6b
 346 013f 0A       		.uleb128 0xa
 347 0140 39020000 		.4byte	.LASF21
 348 0144 01       		.byte	0x1
 349 0145 31       		.byte	0x31
 350 0146 6B000000 		.4byte	0x6b
 351 014a 0A       		.uleb128 0xa
 352 014b 19020000 		.4byte	.LASF22
ARM GAS  C:\Users\TERENC~1\AppData\Local\Temp\ccEPfEWC.s 			page 10


 353 014f 01       		.byte	0x1
 354 0150 32       		.byte	0x32
 355 0151 6B000000 		.4byte	0x6b
 356 0155 0A       		.uleb128 0xa
 357 0156 44020000 		.4byte	.LASF23
 358 015a 01       		.byte	0x1
 359 015b 33       		.byte	0x33
 360 015c 6B000000 		.4byte	0x6b
 361 0160 0A       		.uleb128 0xa
 362 0161 16000000 		.4byte	.LASF24
 363 0165 01       		.byte	0x1
 364 0166 34       		.byte	0x34
 365 0167 6B000000 		.4byte	0x6b
 366 016b 0A       		.uleb128 0xa
 367 016c 76000000 		.4byte	.LASF25
 368 0170 01       		.byte	0x1
 369 0171 35       		.byte	0x35
 370 0172 6B000000 		.4byte	0x6b
 371 0176 0B       		.uleb128 0xb
 372 0177 BF010000 		.4byte	.LASF26
 373 017b BF010000 		.4byte	.LASF26
 374 017f 02       		.byte	0x2
 375 0180 3A01     		.2byte	0x13a
 376 0182 0C       		.uleb128 0xc
 377 0183 EC010000 		.4byte	.LASF27
 378 0187 EC010000 		.4byte	.LASF27
 379 018b 03       		.byte	0x3
 380 018c 59       		.byte	0x59
 381 018d 0C       		.uleb128 0xc
 382 018e 01020000 		.4byte	.LASF28
 383 0192 01020000 		.4byte	.LASF28
 384 0196 04       		.byte	0x4
 385 0197 2B       		.byte	0x2b
 386 0198 00       		.byte	0
 387              		.section	.debug_abbrev,"",%progbits
 388              	.Ldebug_abbrev0:
 389 0000 01       		.uleb128 0x1
 390 0001 11       		.uleb128 0x11
 391 0002 01       		.byte	0x1
 392 0003 25       		.uleb128 0x25
 393 0004 0E       		.uleb128 0xe
 394 0005 13       		.uleb128 0x13
 395 0006 0B       		.uleb128 0xb
 396 0007 03       		.uleb128 0x3
 397 0008 0E       		.uleb128 0xe
 398 0009 1B       		.uleb128 0x1b
 399 000a 0E       		.uleb128 0xe
 400 000b 55       		.uleb128 0x55
 401 000c 17       		.uleb128 0x17
 402 000d 11       		.uleb128 0x11
 403 000e 01       		.uleb128 0x1
 404 000f 10       		.uleb128 0x10
 405 0010 17       		.uleb128 0x17
 406 0011 00       		.byte	0
 407 0012 00       		.byte	0
 408 0013 02       		.uleb128 0x2
 409 0014 24       		.uleb128 0x24
ARM GAS  C:\Users\TERENC~1\AppData\Local\Temp\ccEPfEWC.s 			page 11


 410 0015 00       		.byte	0
 411 0016 0B       		.uleb128 0xb
 412 0017 0B       		.uleb128 0xb
 413 0018 3E       		.uleb128 0x3e
 414 0019 0B       		.uleb128 0xb
 415 001a 03       		.uleb128 0x3
 416 001b 0E       		.uleb128 0xe
 417 001c 00       		.byte	0
 418 001d 00       		.byte	0
 419 001e 03       		.uleb128 0x3
 420 001f 24       		.uleb128 0x24
 421 0020 00       		.byte	0
 422 0021 0B       		.uleb128 0xb
 423 0022 0B       		.uleb128 0xb
 424 0023 3E       		.uleb128 0x3e
 425 0024 0B       		.uleb128 0xb
 426 0025 03       		.uleb128 0x3
 427 0026 08       		.uleb128 0x8
 428 0027 00       		.byte	0
 429 0028 00       		.byte	0
 430 0029 04       		.uleb128 0x4
 431 002a 16       		.uleb128 0x16
 432 002b 00       		.byte	0
 433 002c 03       		.uleb128 0x3
 434 002d 0E       		.uleb128 0xe
 435 002e 3A       		.uleb128 0x3a
 436 002f 0B       		.uleb128 0xb
 437 0030 3B       		.uleb128 0x3b
 438 0031 05       		.uleb128 0x5
 439 0032 49       		.uleb128 0x49
 440 0033 13       		.uleb128 0x13
 441 0034 00       		.byte	0
 442 0035 00       		.byte	0
 443 0036 05       		.uleb128 0x5
 444 0037 2E       		.uleb128 0x2e
 445 0038 01       		.byte	0x1
 446 0039 3F       		.uleb128 0x3f
 447 003a 19       		.uleb128 0x19
 448 003b 03       		.uleb128 0x3
 449 003c 0E       		.uleb128 0xe
 450 003d 3A       		.uleb128 0x3a
 451 003e 0B       		.uleb128 0xb
 452 003f 3B       		.uleb128 0x3b
 453 0040 0B       		.uleb128 0xb
 454 0041 27       		.uleb128 0x27
 455 0042 19       		.uleb128 0x19
 456 0043 11       		.uleb128 0x11
 457 0044 01       		.uleb128 0x1
 458 0045 12       		.uleb128 0x12
 459 0046 06       		.uleb128 0x6
 460 0047 40       		.uleb128 0x40
 461 0048 18       		.uleb128 0x18
 462 0049 9742     		.uleb128 0x2117
 463 004b 19       		.uleb128 0x19
 464 004c 01       		.uleb128 0x1
 465 004d 13       		.uleb128 0x13
 466 004e 00       		.byte	0
ARM GAS  C:\Users\TERENC~1\AppData\Local\Temp\ccEPfEWC.s 			page 12


 467 004f 00       		.byte	0
 468 0050 06       		.uleb128 0x6
 469 0051 898201   		.uleb128 0x4109
 470 0054 01       		.byte	0x1
 471 0055 11       		.uleb128 0x11
 472 0056 01       		.uleb128 0x1
 473 0057 31       		.uleb128 0x31
 474 0058 13       		.uleb128 0x13
 475 0059 00       		.byte	0
 476 005a 00       		.byte	0
 477 005b 07       		.uleb128 0x7
 478 005c 8A8201   		.uleb128 0x410a
 479 005f 00       		.byte	0
 480 0060 02       		.uleb128 0x2
 481 0061 18       		.uleb128 0x18
 482 0062 9142     		.uleb128 0x2111
 483 0064 18       		.uleb128 0x18
 484 0065 00       		.byte	0
 485 0066 00       		.byte	0
 486 0067 08       		.uleb128 0x8
 487 0068 34       		.uleb128 0x34
 488 0069 00       		.byte	0
 489 006a 03       		.uleb128 0x3
 490 006b 0E       		.uleb128 0xe
 491 006c 3A       		.uleb128 0x3a
 492 006d 0B       		.uleb128 0xb
 493 006e 3B       		.uleb128 0x3b
 494 006f 0B       		.uleb128 0xb
 495 0070 49       		.uleb128 0x49
 496 0071 13       		.uleb128 0x13
 497 0072 02       		.uleb128 0x2
 498 0073 17       		.uleb128 0x17
 499 0074 00       		.byte	0
 500 0075 00       		.byte	0
 501 0076 09       		.uleb128 0x9
 502 0077 898201   		.uleb128 0x4109
 503 007a 00       		.byte	0
 504 007b 11       		.uleb128 0x11
 505 007c 01       		.uleb128 0x1
 506 007d 31       		.uleb128 0x31
 507 007e 13       		.uleb128 0x13
 508 007f 00       		.byte	0
 509 0080 00       		.byte	0
 510 0081 0A       		.uleb128 0xa
 511 0082 34       		.uleb128 0x34
 512 0083 00       		.byte	0
 513 0084 03       		.uleb128 0x3
 514 0085 0E       		.uleb128 0xe
 515 0086 3A       		.uleb128 0x3a
 516 0087 0B       		.uleb128 0xb
 517 0088 3B       		.uleb128 0x3b
 518 0089 0B       		.uleb128 0xb
 519 008a 49       		.uleb128 0x49
 520 008b 13       		.uleb128 0x13
 521 008c 3F       		.uleb128 0x3f
 522 008d 19       		.uleb128 0x19
 523 008e 3C       		.uleb128 0x3c
ARM GAS  C:\Users\TERENC~1\AppData\Local\Temp\ccEPfEWC.s 			page 13


 524 008f 19       		.uleb128 0x19
 525 0090 00       		.byte	0
 526 0091 00       		.byte	0
 527 0092 0B       		.uleb128 0xb
 528 0093 2E       		.uleb128 0x2e
 529 0094 00       		.byte	0
 530 0095 3F       		.uleb128 0x3f
 531 0096 19       		.uleb128 0x19
 532 0097 3C       		.uleb128 0x3c
 533 0098 19       		.uleb128 0x19
 534 0099 6E       		.uleb128 0x6e
 535 009a 0E       		.uleb128 0xe
 536 009b 03       		.uleb128 0x3
 537 009c 0E       		.uleb128 0xe
 538 009d 3A       		.uleb128 0x3a
 539 009e 0B       		.uleb128 0xb
 540 009f 3B       		.uleb128 0x3b
 541 00a0 05       		.uleb128 0x5
 542 00a1 00       		.byte	0
 543 00a2 00       		.byte	0
 544 00a3 0C       		.uleb128 0xc
 545 00a4 2E       		.uleb128 0x2e
 546 00a5 00       		.byte	0
 547 00a6 3F       		.uleb128 0x3f
 548 00a7 19       		.uleb128 0x19
 549 00a8 3C       		.uleb128 0x3c
 550 00a9 19       		.uleb128 0x19
 551 00aa 6E       		.uleb128 0x6e
 552 00ab 0E       		.uleb128 0xe
 553 00ac 03       		.uleb128 0x3
 554 00ad 0E       		.uleb128 0xe
 555 00ae 3A       		.uleb128 0x3a
 556 00af 0B       		.uleb128 0xb
 557 00b0 3B       		.uleb128 0x3b
 558 00b1 0B       		.uleb128 0xb
 559 00b2 00       		.byte	0
 560 00b3 00       		.byte	0
 561 00b4 00       		.byte	0
 562              		.section	.debug_loc,"",%progbits
 563              	.Ldebug_loc0:
 564              	.LLST0:
 565 0000 0E000000 		.4byte	.LVL1
 566 0004 14000000 		.4byte	.LVL2
 567 0008 0100     		.2byte	0x1
 568 000a 53       		.byte	0x53
 569 000b 14000000 		.4byte	.LVL2
 570 000f 1A000000 		.4byte	.LVL3
 571 0013 0C00     		.2byte	0xc
 572 0015 70       		.byte	0x70
 573 0016 00       		.sleb128 0
 574 0017 71       		.byte	0x71
 575 0018 00       		.sleb128 0
 576 0019 94       		.byte	0x94
 577 001a 02       		.byte	0x2
 578 001b 0A       		.byte	0xa
 579 001c FFFF     		.2byte	0xffff
 580 001e 1A       		.byte	0x1a
ARM GAS  C:\Users\TERENC~1\AppData\Local\Temp\ccEPfEWC.s 			page 14


 581 001f 1C       		.byte	0x1c
 582 0020 9F       		.byte	0x9f
 583 0021 00000000 		.4byte	0
 584 0025 00000000 		.4byte	0
 585              	.LLST1:
 586 0029 0E000000 		.4byte	.LVL5
 587 002d 14000000 		.4byte	.LVL6
 588 0031 0100     		.2byte	0x1
 589 0033 53       		.byte	0x53
 590 0034 14000000 		.4byte	.LVL6
 591 0038 1A000000 		.4byte	.LVL7
 592 003c 0C00     		.2byte	0xc
 593 003e 70       		.byte	0x70
 594 003f 00       		.sleb128 0
 595 0040 71       		.byte	0x71
 596 0041 00       		.sleb128 0
 597 0042 94       		.byte	0x94
 598 0043 02       		.byte	0x2
 599 0044 0A       		.byte	0xa
 600 0045 FFFF     		.2byte	0xffff
 601 0047 1A       		.byte	0x1a
 602 0048 1C       		.byte	0x1c
 603 0049 9F       		.byte	0x9f
 604 004a 00000000 		.4byte	0
 605 004e 00000000 		.4byte	0
 606              		.section	.debug_aranges,"",%progbits
 607 0000 2C000000 		.4byte	0x2c
 608 0004 0200     		.2byte	0x2
 609 0006 00000000 		.4byte	.Ldebug_info0
 610 000a 04       		.byte	0x4
 611 000b 00       		.byte	0
 612 000c 0000     		.2byte	0
 613 000e 0000     		.2byte	0
 614 0010 00000000 		.4byte	.LFB322
 615 0014 14000000 		.4byte	.LFE322-.LFB322
 616 0018 00000000 		.4byte	.LFB323
 617 001c 40000000 		.4byte	.LFE323-.LFB323
 618 0020 00000000 		.4byte	.LFB324
 619 0024 50000000 		.4byte	.LFE324-.LFB324
 620 0028 00000000 		.4byte	0
 621 002c 00000000 		.4byte	0
 622              		.section	.debug_ranges,"",%progbits
 623              	.Ldebug_ranges0:
 624 0000 00000000 		.4byte	.LFB322
 625 0004 14000000 		.4byte	.LFE322
 626 0008 00000000 		.4byte	.LFB323
 627 000c 40000000 		.4byte	.LFE323
 628 0010 00000000 		.4byte	.LFB324
 629 0014 50000000 		.4byte	.LFE324
 630 0018 00000000 		.4byte	0
 631 001c 00000000 		.4byte	0
 632              		.section	.debug_line,"",%progbits
 633              	.Ldebug_line0:
 634 0000 C0000000 		.section	.debug_str,"MS",%progbits,1
 634      02007600 
 634      00000201 
 634      FB0E0D00 
ARM GAS  C:\Users\TERENC~1\AppData\Local\Temp\ccEPfEWC.s 			page 15


 634      01010101 
 635              	.LASF19:
 636 0000 696E436E 		.ascii	"inCnt\000"
 636      7400
 637              	.LASF20:
 638 0006 696E4C65 		.ascii	"inLevel\000"
 638      76656C00 
 639              	.LASF17:
 640 000e 72656D6F 		.ascii	"removed\000"
 640      76656400 
 641              	.LASF24:
 642 0016 6F757455 		.ascii	"outUsbCount\000"
 642      7362436F 
 642      756E7400 
 643              	.LASF9:
 644 0022 666C6F61 		.ascii	"float\000"
 644      7400
 645              	.LASF1:
 646 0028 756E7369 		.ascii	"unsigned char\000"
 646      676E6564 
 646      20636861 
 646      7200
 647              	.LASF14:
 648 0036 496E444D 		.ascii	"InDMADone_Interrupt\000"
 648      41446F6E 
 648      655F496E 
 648      74657272 
 648      75707400 
 649              	.LASF5:
 650 004a 6C6F6E67 		.ascii	"long unsigned int\000"
 650      20756E73 
 650      69676E65 
 650      6420696E 
 650      7400
 651              	.LASF3:
 652 005c 73686F72 		.ascii	"short unsigned int\000"
 652      7420756E 
 652      7369676E 
 652      65642069 
 652      6E7400
 653              	.LASF10:
 654 006f 646F7562 		.ascii	"double\000"
 654      6C6500
 655              	.LASF25:
 656 0076 6F757455 		.ascii	"outUsbShadow\000"
 656      73625368 
 656      61646F77 
 656      00
 657              	.LASF31:
 658 0083 433A5C55 		.ascii	"C:\\Users\\Terence Kim\\Documents\\PSoC Creator\\CY"
 658      73657273 
 658      5C546572 
 658      656E6365 
 658      204B696D 
 659 00b1 38434B49 		.ascii	"8CKIT_046_USB_Audio01\\Icebreaker.cydsn\000"
 659      545F3034 
 659      365F5553 
ARM GAS  C:\Users\TERENC~1\AppData\Local\Temp\ccEPfEWC.s 			page 16


 659      425F4175 
 659      64696F30 
 660              	.LASF32:
 661 00d8 75696E74 		.ascii	"uint16\000"
 661      313600
 662              	.LASF18:
 663 00df 61646465 		.ascii	"added\000"
 663      6400
 664              	.LASF8:
 665 00e5 756E7369 		.ascii	"unsigned int\000"
 665      676E6564 
 665      20696E74 
 665      00
 666              	.LASF7:
 667 00f2 6C6F6E67 		.ascii	"long long unsigned int\000"
 667      206C6F6E 
 667      6720756E 
 667      7369676E 
 667      65642069 
 668              	.LASF29:
 669 0109 474E5520 		.ascii	"GNU C11 5.4.1 20160609 (release) [ARM/embedded-5-br"
 669      43313120 
 669      352E342E 
 669      31203230 
 669      31363036 
 670 013c 616E6368 		.ascii	"anch revision 237715] -mcpu=cortex-m0 -mthumb -g -O"
 670      20726576 
 670      6973696F 
 670      6E203233 
 670      37373135 
 671 016f 67202D66 		.ascii	"g -ffunction-sections -ffat-lto-objects\000"
 671      66756E63 
 671      74696F6E 
 671      2D736563 
 671      74696F6E 
 672              	.LASF13:
 673 0197 6C6F6E67 		.ascii	"long double\000"
 673      20646F75 
 673      626C6500 
 674              	.LASF12:
 675 01a3 73697A65 		.ascii	"sizetype\000"
 675      74797065 
 675      00
 676              	.LASF6:
 677 01ac 6C6F6E67 		.ascii	"long long int\000"
 677      206C6F6E 
 677      6720696E 
 677      7400
 678              	.LASF11:
 679 01ba 63686172 		.ascii	"char\000"
 679      00
 680              	.LASF26:
 681 01bf 55534246 		.ascii	"USBFS_LoadInEP\000"
 681      535F4C6F 
 681      6164496E 
 681      455000
 682              	.LASF15:
ARM GAS  C:\Users\TERENC~1\AppData\Local\Temp\ccEPfEWC.s 			page 17


 683 01ce 5278444D 		.ascii	"RxDMADone_Interrupt\000"
 683      41446F6E 
 683      655F496E 
 683      74657272 
 683      75707400 
 684              	.LASF2:
 685 01e2 73686F72 		.ascii	"short int\000"
 685      7420696E 
 685      7400
 686              	.LASF27:
 687 01ec 53746F70 		.ascii	"Stop_I2S_Rx\000"
 687      5F493253 
 687      5F527800 
 688              	.LASF4:
 689 01f8 6C6F6E67 		.ascii	"long int\000"
 689      20696E74 
 689      00
 690              	.LASF28:
 691 0201 53746F70 		.ascii	"Stop_I2S_Tx\000"
 691      5F493253 
 691      5F547800 
 692              	.LASF0:
 693 020d 7369676E 		.ascii	"signed char\000"
 693      65642063 
 693      68617200 
 694              	.LASF22:
 695 0219 696E5573 		.ascii	"inUsbShadow\000"
 695      62536861 
 695      646F7700 
 696              	.LASF16:
 697 0225 5478444D 		.ascii	"TxDMADone_Interrupt\000"
 697      41446F6E 
 697      655F496E 
 697      74657272 
 697      75707400 
 698              	.LASF21:
 699 0239 696E5573 		.ascii	"inUsbCount\000"
 699      62436F75 
 699      6E7400
 700              	.LASF23:
 701 0244 6F75744C 		.ascii	"outLevel\000"
 701      6576656C 
 701      00
 702              	.LASF30:
 703 024d 496E7465 		.ascii	"Interrupts.c\000"
 703      72727570 
 703      74732E63 
 703      00
 704              		.ident	"GCC: (GNU Tools for ARM Embedded Processors) 5.4.1 20160609 (release) [ARM/embedded-5-bran
