ARM GAS  C:\Users\TERENC~1\AppData\Local\Temp\cc28re0c.s 			page 1


   1              		.syntax unified
   2              		.cpu cortex-m0
   3              		.fpu softvfp
   4              		.eabi_attribute 20, 1
   5              		.eabi_attribute 21, 1
   6              		.eabi_attribute 23, 3
   7              		.eabi_attribute 24, 1
   8              		.eabi_attribute 25, 1
   9              		.eabi_attribute 26, 1
  10              		.eabi_attribute 30, 1
  11              		.eabi_attribute 34, 0
  12              		.eabi_attribute 18, 4
  13              		.thumb
  14              		.syntax unified
  15              		.file	"RxDMA.c"
  16              		.text
  17              	.Ltext0:
  18              		.cfi_sections	.debug_frame
  19              		.section	.text.RxDMA_Init,"ax",%progbits
  20              		.align	2
  21              		.global	RxDMA_Init
  22              		.code	16
  23              		.thumb_func
  24              		.type	RxDMA_Init, %function
  25              	RxDMA_Init:
  26              	.LFB33:
  27              		.file 1 "Generated_Source\\PSoC4\\RxDMA.c"
   1:Generated_Source\PSoC4/RxDMA.c **** /*******************************************************************************
   2:Generated_Source\PSoC4/RxDMA.c **** * File Name: RxDMA.h
   3:Generated_Source\PSoC4/RxDMA.c **** * Version 1.0
   4:Generated_Source\PSoC4/RxDMA.c **** *
   5:Generated_Source\PSoC4/RxDMA.c **** * Description:
   6:Generated_Source\PSoC4/RxDMA.c **** *  This file contains all of the channel DMA API functions.
   7:Generated_Source\PSoC4/RxDMA.c **** *
   8:Generated_Source\PSoC4/RxDMA.c **** ********************************************************************************
   9:Generated_Source\PSoC4/RxDMA.c **** * Copyright 2015, Cypress Semiconductor Corporation. All rights reserved.
  10:Generated_Source\PSoC4/RxDMA.c **** * You may use this file only in accordance with the license, terms, conditions,
  11:Generated_Source\PSoC4/RxDMA.c **** * disclaimers, and limitations in the end user license agreement accompanying
  12:Generated_Source\PSoC4/RxDMA.c **** * the software package with which this file was provided.
  13:Generated_Source\PSoC4/RxDMA.c **** *******************************************************************************/
  14:Generated_Source\PSoC4/RxDMA.c **** 
  15:Generated_Source\PSoC4/RxDMA.c **** #include "RxDMA.h"
  16:Generated_Source\PSoC4/RxDMA.c **** 
  17:Generated_Source\PSoC4/RxDMA.c **** uint8 RxDMA_initVar = 0u;
  18:Generated_Source\PSoC4/RxDMA.c **** 
  19:Generated_Source\PSoC4/RxDMA.c **** 
  20:Generated_Source\PSoC4/RxDMA.c **** /*******************************************************************************
  21:Generated_Source\PSoC4/RxDMA.c **** * Function Name: RxDMA_Start
  22:Generated_Source\PSoC4/RxDMA.c **** ********************************************************************************
  23:Generated_Source\PSoC4/RxDMA.c **** *
  24:Generated_Source\PSoC4/RxDMA.c **** * Summary:
  25:Generated_Source\PSoC4/RxDMA.c **** *  Calls Init() to configure the DMA channel based on the customizer settings if
  26:Generated_Source\PSoC4/RxDMA.c **** *  the channel has not been initialized before.
  27:Generated_Source\PSoC4/RxDMA.c **** *  Sets source and destination address, validates descriptor 0 and enables the
  28:Generated_Source\PSoC4/RxDMA.c **** *  channel. After calling this function the DMA channel is active and waiting
  29:Generated_Source\PSoC4/RxDMA.c **** *  for a trigger.
  30:Generated_Source\PSoC4/RxDMA.c **** *
ARM GAS  C:\Users\TERENC~1\AppData\Local\Temp\cc28re0c.s 			page 2


  31:Generated_Source\PSoC4/RxDMA.c **** * Parameters:
  32:Generated_Source\PSoC4/RxDMA.c **** *  srcAddress: Address of DMA transfer source for descriptor 0.
  33:Generated_Source\PSoC4/RxDMA.c **** *  dstAddress: Address of DMA transfer destination for descriptor 0.
  34:Generated_Source\PSoC4/RxDMA.c **** *                   
  35:Generated_Source\PSoC4/RxDMA.c **** * Return:
  36:Generated_Source\PSoC4/RxDMA.c **** *  None.
  37:Generated_Source\PSoC4/RxDMA.c **** *
  38:Generated_Source\PSoC4/RxDMA.c **** *******************************************************************************/
  39:Generated_Source\PSoC4/RxDMA.c **** void RxDMA_Start(void * srcAddress, void * dstAddress)
  40:Generated_Source\PSoC4/RxDMA.c **** {
  41:Generated_Source\PSoC4/RxDMA.c ****     if(0u == RxDMA_initVar)
  42:Generated_Source\PSoC4/RxDMA.c ****     {
  43:Generated_Source\PSoC4/RxDMA.c ****         RxDMA_Init();
  44:Generated_Source\PSoC4/RxDMA.c ****         RxDMA_initVar = 1u;
  45:Generated_Source\PSoC4/RxDMA.c ****     }
  46:Generated_Source\PSoC4/RxDMA.c ****     CyDmaEnable();
  47:Generated_Source\PSoC4/RxDMA.c ****     RxDMA_SetSrcAddress(0, srcAddress);
  48:Generated_Source\PSoC4/RxDMA.c ****     RxDMA_SetDstAddress(0, dstAddress);
  49:Generated_Source\PSoC4/RxDMA.c ****     RxDMA_ValidateDescriptor(0);
  50:Generated_Source\PSoC4/RxDMA.c ****     RxDMA_ChEnable();
  51:Generated_Source\PSoC4/RxDMA.c **** }
  52:Generated_Source\PSoC4/RxDMA.c **** 
  53:Generated_Source\PSoC4/RxDMA.c **** 
  54:Generated_Source\PSoC4/RxDMA.c **** /*******************************************************************************
  55:Generated_Source\PSoC4/RxDMA.c **** * Function Name: RxDMA_Init
  56:Generated_Source\PSoC4/RxDMA.c **** ********************************************************************************
  57:Generated_Source\PSoC4/RxDMA.c **** *
  58:Generated_Source\PSoC4/RxDMA.c **** * Summary:
  59:Generated_Source\PSoC4/RxDMA.c **** *  Initializes the DMA channel based on the parameters set in the component
  60:Generated_Source\PSoC4/RxDMA.c **** *  customizer. It is not necessary to call RxDMA_Init() because the
  61:Generated_Source\PSoC4/RxDMA.c **** *  RxDMA_Start() API calls this function, which is the preferred method
  62:Generated_Source\PSoC4/RxDMA.c **** *  to begin component operation.
  63:Generated_Source\PSoC4/RxDMA.c **** *
  64:Generated_Source\PSoC4/RxDMA.c **** * Parameters:
  65:Generated_Source\PSoC4/RxDMA.c **** *  None.
  66:Generated_Source\PSoC4/RxDMA.c **** *                   
  67:Generated_Source\PSoC4/RxDMA.c **** * Return:
  68:Generated_Source\PSoC4/RxDMA.c **** *  None.
  69:Generated_Source\PSoC4/RxDMA.c **** *
  70:Generated_Source\PSoC4/RxDMA.c **** * Side effect:
  71:Generated_Source\PSoC4/RxDMA.c **** *  The first descriptor is set to descriptor 0. This function should not be
  72:Generated_Source\PSoC4/RxDMA.c **** *  called while the channel is enabled. All settings will be reset to their
  73:Generated_Source\PSoC4/RxDMA.c **** *  initial values.
  74:Generated_Source\PSoC4/RxDMA.c **** *
  75:Generated_Source\PSoC4/RxDMA.c **** *******************************************************************************/
  76:Generated_Source\PSoC4/RxDMA.c **** void RxDMA_Init(void)
  77:Generated_Source\PSoC4/RxDMA.c **** {
  28              		.loc 1 77 0
  29              		.cfi_startproc
  30              		@ args = 0, pretend = 0, frame = 0
  31              		@ frame_needed = 0, uses_anonymous_args = 0
  32              		@ link register save eliminated.
  78:Generated_Source\PSoC4/RxDMA.c ****     CYDMA_CH_CTL_BASE.ctl[RxDMA_CHANNEL] = RxDMA_CHANNEL_CFG;
  33              		.loc 1 78 0
  34 0000 0022     		movs	r2, #0
  35 0002 034B     		ldr	r3, .L2
  36 0004 5A60     		str	r2, [r3, #4]
ARM GAS  C:\Users\TERENC~1\AppData\Local\Temp\cc28re0c.s 			page 3


  79:Generated_Source\PSoC4/RxDMA.c ****     CYDMA_DESCR_BASE.descriptor[RxDMA_CHANNEL][0].ctl = RxDMA_DESCR0_CFG;
  37              		.loc 1 79 0
  38 0006 034B     		ldr	r3, .L2+4
  39 0008 0349     		ldr	r1, .L2+8
  40 000a 9962     		str	r1, [r3, #40]
  80:Generated_Source\PSoC4/RxDMA.c ****     CYDMA_DESCR_BASE.descriptor[RxDMA_CHANNEL][1].ctl = RxDMA_DESCR1_CFG;
  41              		.loc 1 80 0
  42 000c 9A63     		str	r2, [r3, #56]
  81:Generated_Source\PSoC4/RxDMA.c **** 
  82:Generated_Source\PSoC4/RxDMA.c ****     /* If the Generate IRQ option is selected for descriptor 0 or 1, set the
  83:Generated_Source\PSoC4/RxDMA.c ****     * channel bit field in the DMA interrupt mask register.
  84:Generated_Source\PSoC4/RxDMA.c ****     */
  85:Generated_Source\PSoC4/RxDMA.c ****     #if (0u != ((RxDMA_DESCR0_CFG | RxDMA_DESCR1_CFG) & CYDMA_GENERATE_IRQ))
  86:Generated_Source\PSoC4/RxDMA.c ****         CYDMA_INTR_MASK_REG |= RxDMA_CHANNEL_MASK;
  87:Generated_Source\PSoC4/RxDMA.c ****     #endif /* (0u != ((RxDMA_DESCR0_CFG | RxDMA_DESCR1_CFG) & CYDMA_GENERATE_IRQ)) */
  88:Generated_Source\PSoC4/RxDMA.c **** }
  43              		.loc 1 88 0
  44              		@ sp needed
  45 000e 7047     		bx	lr
  46              	.L3:
  47              		.align	2
  48              	.L2:
  49 0010 80101040 		.word	1074794624
  50 0014 00181040 		.word	1074796544
  51 0018 7F042001 		.word	18875519
  52              		.cfi_endproc
  53              	.LFE33:
  54              		.size	RxDMA_Init, .-RxDMA_Init
  55              		.section	.text.RxDMA_Start,"ax",%progbits
  56              		.align	2
  57              		.global	RxDMA_Start
  58              		.code	16
  59              		.thumb_func
  60              		.type	RxDMA_Start, %function
  61              	RxDMA_Start:
  62              	.LFB32:
  40:Generated_Source\PSoC4/RxDMA.c ****     if(0u == RxDMA_initVar)
  63              		.loc 1 40 0
  64              		.cfi_startproc
  65              		@ args = 0, pretend = 0, frame = 0
  66              		@ frame_needed = 0, uses_anonymous_args = 0
  67              	.LVL0:
  68 0000 70B5     		push	{r4, r5, r6, lr}
  69              		.cfi_def_cfa_offset 16
  70              		.cfi_offset 4, -16
  71              		.cfi_offset 5, -12
  72              		.cfi_offset 6, -8
  73              		.cfi_offset 14, -4
  74 0002 0500     		movs	r5, r0
  75 0004 0C00     		movs	r4, r1
  41:Generated_Source\PSoC4/RxDMA.c ****     {
  76              		.loc 1 41 0
  77 0006 0E4B     		ldr	r3, .L6
  78 0008 1B78     		ldrb	r3, [r3]
  79 000a 002B     		cmp	r3, #0
  80 000c 04D1     		bne	.L5
  43:Generated_Source\PSoC4/RxDMA.c ****         RxDMA_initVar = 1u;
ARM GAS  C:\Users\TERENC~1\AppData\Local\Temp\cc28re0c.s 			page 4


  81              		.loc 1 43 0
  82 000e FFF7FEFF 		bl	RxDMA_Init
  83              	.LVL1:
  44:Generated_Source\PSoC4/RxDMA.c ****     }
  84              		.loc 1 44 0
  85 0012 0122     		movs	r2, #1
  86 0014 0A4B     		ldr	r3, .L6
  87 0016 1A70     		strb	r2, [r3]
  88              	.L5:
  46:Generated_Source\PSoC4/RxDMA.c ****     RxDMA_SetSrcAddress(0, srcAddress);
  89              		.loc 1 46 0
  90 0018 FFF7FEFF 		bl	CyDmaEnable
  91              	.LVL2:
  92              	.LBB10:
  93              	.LBB11:
  94              		.file 2 "Generated_Source\\PSoC4\\RxDMA.h"
   1:Generated_Source\PSoC4/RxDMA.h **** /*******************************************************************************
   2:Generated_Source\PSoC4/RxDMA.h **** * File Name: RxDMA.h
   3:Generated_Source\PSoC4/RxDMA.h **** * Version 1.0
   4:Generated_Source\PSoC4/RxDMA.h **** *
   5:Generated_Source\PSoC4/RxDMA.h **** * Description:
   6:Generated_Source\PSoC4/RxDMA.h **** *  This file provides DMA channel defines and API function definitions.
   7:Generated_Source\PSoC4/RxDMA.h **** *
   8:Generated_Source\PSoC4/RxDMA.h **** ********************************************************************************
   9:Generated_Source\PSoC4/RxDMA.h **** * Copyright 2015, Cypress Semiconductor Corporation. All rights reserved.
  10:Generated_Source\PSoC4/RxDMA.h **** * You may use this file only in accordance with the license, terms, conditions,
  11:Generated_Source\PSoC4/RxDMA.h **** * disclaimers, and limitations in the end user license agreement accompanying
  12:Generated_Source\PSoC4/RxDMA.h **** * the software package with which this file was provided.
  13:Generated_Source\PSoC4/RxDMA.h **** *******************************************************************************/
  14:Generated_Source\PSoC4/RxDMA.h **** 
  15:Generated_Source\PSoC4/RxDMA.h **** #ifndef CY_DMA_CHANNEL_RxDMA_H
  16:Generated_Source\PSoC4/RxDMA.h **** #define CY_DMA_CHANNEL_RxDMA_H
  17:Generated_Source\PSoC4/RxDMA.h **** 
  18:Generated_Source\PSoC4/RxDMA.h **** #include "CyDMA.h"
  19:Generated_Source\PSoC4/RxDMA.h **** 
  20:Generated_Source\PSoC4/RxDMA.h ****     
  21:Generated_Source\PSoC4/RxDMA.h **** /***************************************
  22:Generated_Source\PSoC4/RxDMA.h **** *   Conditional Compilation Parameters
  23:Generated_Source\PSoC4/RxDMA.h **** ***************************************/
  24:Generated_Source\PSoC4/RxDMA.h **** 
  25:Generated_Source\PSoC4/RxDMA.h **** #define RxDMA_CHANNEL           (RxDMA__CHANNEL_NUMBER)
  26:Generated_Source\PSoC4/RxDMA.h **** #define RxDMA_CHANNEL_MASK      ((uint32)(1UL << RxDMA_CHANNEL))
  27:Generated_Source\PSoC4/RxDMA.h **** 
  28:Generated_Source\PSoC4/RxDMA.h **** 
  29:Generated_Source\PSoC4/RxDMA.h **** /***************************************
  30:Generated_Source\PSoC4/RxDMA.h **** *        Function Prototypes
  31:Generated_Source\PSoC4/RxDMA.h **** ***************************************/
  32:Generated_Source\PSoC4/RxDMA.h **** 
  33:Generated_Source\PSoC4/RxDMA.h **** /* Functions specific to this DMA channel */
  34:Generated_Source\PSoC4/RxDMA.h **** void RxDMA_Init(void);
  35:Generated_Source\PSoC4/RxDMA.h **** void RxDMA_Start(void * srcAddress, void * dstAddress);
  36:Generated_Source\PSoC4/RxDMA.h **** 
  37:Generated_Source\PSoC4/RxDMA.h **** /* Inline functions that call global API functions */
  38:Generated_Source\PSoC4/RxDMA.h **** static void   RxDMA_ChEnable(void);
  39:Generated_Source\PSoC4/RxDMA.h **** static void   RxDMA_ChDisable(void);
  40:Generated_Source\PSoC4/RxDMA.h **** static void   RxDMA_Trigger(void);
  41:Generated_Source\PSoC4/RxDMA.h **** static void   RxDMA_SetPriority(int32 priority);
ARM GAS  C:\Users\TERENC~1\AppData\Local\Temp\cc28re0c.s 			page 5


  42:Generated_Source\PSoC4/RxDMA.h **** static int32  RxDMA_GetPriority(void);
  43:Generated_Source\PSoC4/RxDMA.h **** static void   RxDMA_SetNextDescriptor(int32 descriptor);
  44:Generated_Source\PSoC4/RxDMA.h **** static int32  RxDMA_GetNextDescriptor(void);
  45:Generated_Source\PSoC4/RxDMA.h **** static void   RxDMA_SetConfiguration(int32 descriptor, const cydma_init_struct * config);
  46:Generated_Source\PSoC4/RxDMA.h **** static void   RxDMA_ValidateDescriptor(int32 descriptor);
  47:Generated_Source\PSoC4/RxDMA.h **** static uint32 RxDMA_GetDescriptorStatus(int32 descriptor);
  48:Generated_Source\PSoC4/RxDMA.h **** static void   RxDMA_SetSrcAddress(int32 descriptor, void * srcAddress);
  49:Generated_Source\PSoC4/RxDMA.h **** static void * RxDMA_GetSrcAddress(int32 descriptor);
  50:Generated_Source\PSoC4/RxDMA.h **** static void   RxDMA_SetDstAddress(int32 descriptor, void * dstAddress);
  51:Generated_Source\PSoC4/RxDMA.h **** static void * RxDMA_GetDstAddress(int32 descriptor);
  52:Generated_Source\PSoC4/RxDMA.h **** static void   RxDMA_SetDataElementSize(int32 descriptor, uint32 dataElementSize);
  53:Generated_Source\PSoC4/RxDMA.h **** static uint32 RxDMA_GetDataElementSize(int32 descriptor);
  54:Generated_Source\PSoC4/RxDMA.h **** static void   RxDMA_SetNumDataElements(int32 descriptor, int32 numDataElements);
  55:Generated_Source\PSoC4/RxDMA.h **** static int32  RxDMA_GetNumDataElements(int32 descriptor);
  56:Generated_Source\PSoC4/RxDMA.h **** static void   RxDMA_SetSrcDstTransferWidth(int32 descriptor, uint32 transferWidth);
  57:Generated_Source\PSoC4/RxDMA.h **** static uint32 RxDMA_GetSrcDstTransferWidth(int32 descriptor);
  58:Generated_Source\PSoC4/RxDMA.h **** static void   RxDMA_SetAddressIncrement(int32 descriptor, uint32 addressIncrement);
  59:Generated_Source\PSoC4/RxDMA.h **** static uint32 RxDMA_GetAddressIncrement(int32 descriptor);
  60:Generated_Source\PSoC4/RxDMA.h **** static void   RxDMA_SetTriggerType(int32 descriptor, uint32 triggerType);
  61:Generated_Source\PSoC4/RxDMA.h **** static uint32 RxDMA_GetTriggerType(int32 descriptor);
  62:Generated_Source\PSoC4/RxDMA.h **** static void   RxDMA_SetTransferMode(int32 descriptor, uint32 transferMode);
  63:Generated_Source\PSoC4/RxDMA.h **** static uint32 RxDMA_GetTransferMode(int32 descriptor);
  64:Generated_Source\PSoC4/RxDMA.h **** static void   RxDMA_SetPreemptable(int32 descriptor, uint32 preemptable);
  65:Generated_Source\PSoC4/RxDMA.h **** static uint32 RxDMA_GetPreemptable(int32 descriptor);
  66:Generated_Source\PSoC4/RxDMA.h **** static void   RxDMA_SetPostCompletionActions(int32 descriptor, uint32 actions);
  67:Generated_Source\PSoC4/RxDMA.h **** static uint32 RxDMA_GetPostCompletionAction(int32 descriptor);
  68:Generated_Source\PSoC4/RxDMA.h **** static cydma_callback_t RxDMA_SetInterruptCallback(cydma_callback_t callback);
  69:Generated_Source\PSoC4/RxDMA.h **** static cydma_callback_t RxDMA_GetInterruptCallback(void);
  70:Generated_Source\PSoC4/RxDMA.h **** 
  71:Generated_Source\PSoC4/RxDMA.h **** 
  72:Generated_Source\PSoC4/RxDMA.h **** /*******************************************************************************
  73:Generated_Source\PSoC4/RxDMA.h **** * Function Name: RxDMA_ChEnable
  74:Generated_Source\PSoC4/RxDMA.h **** ********************************************************************************
  75:Generated_Source\PSoC4/RxDMA.h **** *
  76:Generated_Source\PSoC4/RxDMA.h **** * Summary:
  77:Generated_Source\PSoC4/RxDMA.h **** *  Enables the DMA channel. It is not necessary to call RxDMA_ChEnable()
  78:Generated_Source\PSoC4/RxDMA.h **** *  because the RxDMA_Start() API calls this function, which is the
  79:Generated_Source\PSoC4/RxDMA.h **** *  preferred method to begin the component operation.
  80:Generated_Source\PSoC4/RxDMA.h **** *
  81:Generated_Source\PSoC4/RxDMA.h **** * Parameters:
  82:Generated_Source\PSoC4/RxDMA.h **** *  None.
  83:Generated_Source\PSoC4/RxDMA.h **** *                   
  84:Generated_Source\PSoC4/RxDMA.h **** * Return:
  85:Generated_Source\PSoC4/RxDMA.h **** *  None.
  86:Generated_Source\PSoC4/RxDMA.h **** *
  87:Generated_Source\PSoC4/RxDMA.h **** * Side effect:
  88:Generated_Source\PSoC4/RxDMA.h **** *  If this function is called before RxDMA_Start(), or RxDMA_Init()
  89:Generated_Source\PSoC4/RxDMA.h **** *  or RxDMA_SetConfiguration(), and RxDMA_SetSrcAddress()
  90:Generated_Source\PSoC4/RxDMA.h **** *  and RxDMA_SetDstAddress the operation of the DMA is 
  91:Generated_Source\PSoC4/RxDMA.h **** *  undefined and could result in system data corruption. 
  92:Generated_Source\PSoC4/RxDMA.h **** *
  93:Generated_Source\PSoC4/RxDMA.h **** *******************************************************************************/
  94:Generated_Source\PSoC4/RxDMA.h **** static CY_INLINE void RxDMA_ChEnable(void)
  95:Generated_Source\PSoC4/RxDMA.h **** {
  96:Generated_Source\PSoC4/RxDMA.h ****     CyDmaChEnable(RxDMA_CHANNEL);
  97:Generated_Source\PSoC4/RxDMA.h **** }
  98:Generated_Source\PSoC4/RxDMA.h **** 
ARM GAS  C:\Users\TERENC~1\AppData\Local\Temp\cc28re0c.s 			page 6


  99:Generated_Source\PSoC4/RxDMA.h **** 
 100:Generated_Source\PSoC4/RxDMA.h **** /*******************************************************************************
 101:Generated_Source\PSoC4/RxDMA.h **** * Function Name: RxDMA_ChDisable
 102:Generated_Source\PSoC4/RxDMA.h **** ********************************************************************************
 103:Generated_Source\PSoC4/RxDMA.h **** *
 104:Generated_Source\PSoC4/RxDMA.h **** * Summary:
 105:Generated_Source\PSoC4/RxDMA.h **** *  Disables the DMA channel.
 106:Generated_Source\PSoC4/RxDMA.h **** *
 107:Generated_Source\PSoC4/RxDMA.h **** * Parameters:
 108:Generated_Source\PSoC4/RxDMA.h **** *  None.
 109:Generated_Source\PSoC4/RxDMA.h **** *                   
 110:Generated_Source\PSoC4/RxDMA.h **** * Return:
 111:Generated_Source\PSoC4/RxDMA.h **** *  None.
 112:Generated_Source\PSoC4/RxDMA.h **** *
 113:Generated_Source\PSoC4/RxDMA.h **** * Side effect:
 114:Generated_Source\PSoC4/RxDMA.h **** *  If this function is called during a DMA transfer the transfer is aborted. 
 115:Generated_Source\PSoC4/RxDMA.h **** *
 116:Generated_Source\PSoC4/RxDMA.h **** *******************************************************************************/
 117:Generated_Source\PSoC4/RxDMA.h **** static CY_INLINE void RxDMA_ChDisable(void)
 118:Generated_Source\PSoC4/RxDMA.h **** {
 119:Generated_Source\PSoC4/RxDMA.h ****     CyDmaChDisable(RxDMA_CHANNEL);
 120:Generated_Source\PSoC4/RxDMA.h **** }
 121:Generated_Source\PSoC4/RxDMA.h **** 
 122:Generated_Source\PSoC4/RxDMA.h **** 
 123:Generated_Source\PSoC4/RxDMA.h **** /*******************************************************************************
 124:Generated_Source\PSoC4/RxDMA.h **** * Function Name: RxDMA_Trigger
 125:Generated_Source\PSoC4/RxDMA.h **** ********************************************************************************
 126:Generated_Source\PSoC4/RxDMA.h **** *
 127:Generated_Source\PSoC4/RxDMA.h **** * Summary:
 128:Generated_Source\PSoC4/RxDMA.h **** *  Triggers the DMA channel, this is useful only for software triggers. This is
 129:Generated_Source\PSoC4/RxDMA.h **** *  not needed when hardware triggers are used.
 130:Generated_Source\PSoC4/RxDMA.h **** *
 131:Generated_Source\PSoC4/RxDMA.h **** * Parameters:
 132:Generated_Source\PSoC4/RxDMA.h **** *  None.
 133:Generated_Source\PSoC4/RxDMA.h **** *                   
 134:Generated_Source\PSoC4/RxDMA.h **** * Return:
 135:Generated_Source\PSoC4/RxDMA.h **** *  None. 
 136:Generated_Source\PSoC4/RxDMA.h **** *
 137:Generated_Source\PSoC4/RxDMA.h **** *******************************************************************************/
 138:Generated_Source\PSoC4/RxDMA.h **** static CY_INLINE void RxDMA_Trigger(void)
 139:Generated_Source\PSoC4/RxDMA.h **** {
 140:Generated_Source\PSoC4/RxDMA.h ****     CyDmaTrigger(RxDMA_CHANNEL);
 141:Generated_Source\PSoC4/RxDMA.h **** }
 142:Generated_Source\PSoC4/RxDMA.h **** 
 143:Generated_Source\PSoC4/RxDMA.h **** 
 144:Generated_Source\PSoC4/RxDMA.h **** /*******************************************************************************
 145:Generated_Source\PSoC4/RxDMA.h **** * Function Name: RxDMA_SetPriority
 146:Generated_Source\PSoC4/RxDMA.h **** ********************************************************************************
 147:Generated_Source\PSoC4/RxDMA.h **** *
 148:Generated_Source\PSoC4/RxDMA.h **** * Summary:
 149:Generated_Source\PSoC4/RxDMA.h **** *  Sets the priority for the channel.
 150:Generated_Source\PSoC4/RxDMA.h **** *
 151:Generated_Source\PSoC4/RxDMA.h **** * Parameters:
 152:Generated_Source\PSoC4/RxDMA.h **** *  priority: Priority for channel. Priority can be 0,1,2, or 3.
 153:Generated_Source\PSoC4/RxDMA.h **** *            0 is the highest priority.
 154:Generated_Source\PSoC4/RxDMA.h **** *                   
 155:Generated_Source\PSoC4/RxDMA.h **** * Return:
ARM GAS  C:\Users\TERENC~1\AppData\Local\Temp\cc28re0c.s 			page 7


 156:Generated_Source\PSoC4/RxDMA.h **** *  None.
 157:Generated_Source\PSoC4/RxDMA.h **** *
 158:Generated_Source\PSoC4/RxDMA.h **** * Side effect:
 159:Generated_Source\PSoC4/RxDMA.h **** *  This function should not be called while the channel is enabled.
 160:Generated_Source\PSoC4/RxDMA.h **** *
 161:Generated_Source\PSoC4/RxDMA.h **** *******************************************************************************/
 162:Generated_Source\PSoC4/RxDMA.h **** static CY_INLINE void RxDMA_SetPriority(int32 priority)
 163:Generated_Source\PSoC4/RxDMA.h **** {
 164:Generated_Source\PSoC4/RxDMA.h ****     CyDmaSetPriority(RxDMA_CHANNEL, priority);
 165:Generated_Source\PSoC4/RxDMA.h **** }
 166:Generated_Source\PSoC4/RxDMA.h **** 
 167:Generated_Source\PSoC4/RxDMA.h **** 
 168:Generated_Source\PSoC4/RxDMA.h **** /*******************************************************************************
 169:Generated_Source\PSoC4/RxDMA.h **** * Function Name: RxDMA_GetPriority
 170:Generated_Source\PSoC4/RxDMA.h **** ********************************************************************************
 171:Generated_Source\PSoC4/RxDMA.h **** *
 172:Generated_Source\PSoC4/RxDMA.h **** * Summary:
 173:Generated_Source\PSoC4/RxDMA.h **** *  Gets the priority for the channel.
 174:Generated_Source\PSoC4/RxDMA.h **** *
 175:Generated_Source\PSoC4/RxDMA.h **** * Parameters:
 176:Generated_Source\PSoC4/RxDMA.h **** *  None.
 177:Generated_Source\PSoC4/RxDMA.h **** *                   
 178:Generated_Source\PSoC4/RxDMA.h **** * Return:
 179:Generated_Source\PSoC4/RxDMA.h **** *  Priority for channel. Priority can be 0,1,2, or 3. 0 is the highest priority.
 180:Generated_Source\PSoC4/RxDMA.h **** *
 181:Generated_Source\PSoC4/RxDMA.h **** *******************************************************************************/
 182:Generated_Source\PSoC4/RxDMA.h **** static CY_INLINE int32 RxDMA_GetPriority(void)
 183:Generated_Source\PSoC4/RxDMA.h **** {
 184:Generated_Source\PSoC4/RxDMA.h ****     return (CyDmaGetPriority(RxDMA_CHANNEL));
 185:Generated_Source\PSoC4/RxDMA.h **** }
 186:Generated_Source\PSoC4/RxDMA.h **** 
 187:Generated_Source\PSoC4/RxDMA.h **** 
 188:Generated_Source\PSoC4/RxDMA.h **** /*******************************************************************************
 189:Generated_Source\PSoC4/RxDMA.h **** * Function Name: RxDMA_SetNextDescriptor
 190:Generated_Source\PSoC4/RxDMA.h **** ********************************************************************************
 191:Generated_Source\PSoC4/RxDMA.h **** *
 192:Generated_Source\PSoC4/RxDMA.h **** * Summary:
 193:Generated_Source\PSoC4/RxDMA.h **** *  Sets the descriptor that should be run the next time the channel is
 194:Generated_Source\PSoC4/RxDMA.h **** *  triggered.
 195:Generated_Source\PSoC4/RxDMA.h **** *
 196:Generated_Source\PSoC4/RxDMA.h **** * Parameters:
 197:Generated_Source\PSoC4/RxDMA.h **** *  descriptor: Next Descriptor to run (0 or 1).
 198:Generated_Source\PSoC4/RxDMA.h **** *                   
 199:Generated_Source\PSoC4/RxDMA.h **** * Side effect:
 200:Generated_Source\PSoC4/RxDMA.h **** *  This function should not be called while the channel is enabled.
 201:Generated_Source\PSoC4/RxDMA.h **** *
 202:Generated_Source\PSoC4/RxDMA.h **** *******************************************************************************/
 203:Generated_Source\PSoC4/RxDMA.h **** static CY_INLINE void RxDMA_SetNextDescriptor(int32 descriptor)
 204:Generated_Source\PSoC4/RxDMA.h **** {
 205:Generated_Source\PSoC4/RxDMA.h ****     CyDmaSetNextDescriptor(RxDMA_CHANNEL, descriptor);
 206:Generated_Source\PSoC4/RxDMA.h **** }
 207:Generated_Source\PSoC4/RxDMA.h **** 
 208:Generated_Source\PSoC4/RxDMA.h **** 
 209:Generated_Source\PSoC4/RxDMA.h **** /*******************************************************************************
 210:Generated_Source\PSoC4/RxDMA.h **** * Function Name: RxDMA_GetNextDescriptor
 211:Generated_Source\PSoC4/RxDMA.h **** ********************************************************************************
 212:Generated_Source\PSoC4/RxDMA.h **** *
ARM GAS  C:\Users\TERENC~1\AppData\Local\Temp\cc28re0c.s 			page 8


 213:Generated_Source\PSoC4/RxDMA.h **** * Summary:
 214:Generated_Source\PSoC4/RxDMA.h **** *  Returns the next descriptor that should be run, as set by 
 215:Generated_Source\PSoC4/RxDMA.h **** *  RxDMA_SetNextDescriptor().
 216:Generated_Source\PSoC4/RxDMA.h **** *
 217:Generated_Source\PSoC4/RxDMA.h **** * Parameters:
 218:Generated_Source\PSoC4/RxDMA.h **** *  None.
 219:Generated_Source\PSoC4/RxDMA.h **** *                   
 220:Generated_Source\PSoC4/RxDMA.h **** * Return:
 221:Generated_Source\PSoC4/RxDMA.h **** *  Next Descriptor to run (0 or 1).
 222:Generated_Source\PSoC4/RxDMA.h **** *
 223:Generated_Source\PSoC4/RxDMA.h **** *******************************************************************************/
 224:Generated_Source\PSoC4/RxDMA.h **** static CY_INLINE int32 RxDMA_GetNextDescriptor(void)
 225:Generated_Source\PSoC4/RxDMA.h **** {
 226:Generated_Source\PSoC4/RxDMA.h ****     return (CyDmaGetNextDescriptor(RxDMA_CHANNEL));
 227:Generated_Source\PSoC4/RxDMA.h **** }
 228:Generated_Source\PSoC4/RxDMA.h **** 
 229:Generated_Source\PSoC4/RxDMA.h **** 
 230:Generated_Source\PSoC4/RxDMA.h **** /*******************************************************************************
 231:Generated_Source\PSoC4/RxDMA.h **** * Function Name: RxDMA_SetConfiguration
 232:Generated_Source\PSoC4/RxDMA.h **** ********************************************************************************
 233:Generated_Source\PSoC4/RxDMA.h **** *
 234:Generated_Source\PSoC4/RxDMA.h **** * Summary:
 235:Generated_Source\PSoC4/RxDMA.h **** *  Sets configuration information for the specified descriptor.
 236:Generated_Source\PSoC4/RxDMA.h **** *
 237:Generated_Source\PSoC4/RxDMA.h **** * Parameters:
 238:Generated_Source\PSoC4/RxDMA.h **** *  descriptor: Descriptor (0 or 1) modified by this function.
 239:Generated_Source\PSoC4/RxDMA.h **** *  config: Pointer to a configuration structure. Refer to cydma_init_struct
 240:Generated_Source\PSoC4/RxDMA.h **** *          structure definition in CyDMA_P4.h or the component datasheet.
 241:Generated_Source\PSoC4/RxDMA.h **** *                   
 242:Generated_Source\PSoC4/RxDMA.h **** * Return:
 243:Generated_Source\PSoC4/RxDMA.h **** *  None.
 244:Generated_Source\PSoC4/RxDMA.h **** *
 245:Generated_Source\PSoC4/RxDMA.h **** * Side effect:
 246:Generated_Source\PSoC4/RxDMA.h **** *  The status register associated with the specified descriptor is reset to
 247:Generated_Source\PSoC4/RxDMA.h **** *  zero after this function call. This function also validates the descriptor.
 248:Generated_Source\PSoC4/RxDMA.h **** *  This function should not be called while the descriptor is active.
 249:Generated_Source\PSoC4/RxDMA.h **** *  This can be checked by calling CyDmaGetStatus().
 250:Generated_Source\PSoC4/RxDMA.h **** *
 251:Generated_Source\PSoC4/RxDMA.h **** *******************************************************************************/
 252:Generated_Source\PSoC4/RxDMA.h **** static CY_INLINE void RxDMA_SetConfiguration(int32 descriptor, const cydma_init_struct * config)
 253:Generated_Source\PSoC4/RxDMA.h **** {
 254:Generated_Source\PSoC4/RxDMA.h ****     CyDmaSetConfiguration(RxDMA_CHANNEL, descriptor, config);
 255:Generated_Source\PSoC4/RxDMA.h **** }
 256:Generated_Source\PSoC4/RxDMA.h **** 
 257:Generated_Source\PSoC4/RxDMA.h **** 
 258:Generated_Source\PSoC4/RxDMA.h **** /*******************************************************************************
 259:Generated_Source\PSoC4/RxDMA.h **** * Function Name: RxDMA_ValidateDescriptor
 260:Generated_Source\PSoC4/RxDMA.h **** ********************************************************************************
 261:Generated_Source\PSoC4/RxDMA.h **** *
 262:Generated_Source\PSoC4/RxDMA.h **** * Summary:
 263:Generated_Source\PSoC4/RxDMA.h **** *  Validates the specified descriptor after it has been invalidated.
 264:Generated_Source\PSoC4/RxDMA.h **** *
 265:Generated_Source\PSoC4/RxDMA.h **** * Parameters:
 266:Generated_Source\PSoC4/RxDMA.h **** *  descriptor: Descriptor (0 or 1) modified by this function.
 267:Generated_Source\PSoC4/RxDMA.h **** *                   
 268:Generated_Source\PSoC4/RxDMA.h **** * Return:
 269:Generated_Source\PSoC4/RxDMA.h **** *  None. 
ARM GAS  C:\Users\TERENC~1\AppData\Local\Temp\cc28re0c.s 			page 9


 270:Generated_Source\PSoC4/RxDMA.h **** *
 271:Generated_Source\PSoC4/RxDMA.h **** * Side effect:
 272:Generated_Source\PSoC4/RxDMA.h **** *  The status register associated with the specified descriptor is reset to
 273:Generated_Source\PSoC4/RxDMA.h **** *  zero after this function call. This function should not be called while the
 274:Generated_Source\PSoC4/RxDMA.h **** *  descriptor is active. This can be checked by calling CyDmaGetStatus().
 275:Generated_Source\PSoC4/RxDMA.h **** *
 276:Generated_Source\PSoC4/RxDMA.h **** *******************************************************************************/
 277:Generated_Source\PSoC4/RxDMA.h **** static CY_INLINE void RxDMA_ValidateDescriptor(int32 descriptor)
 278:Generated_Source\PSoC4/RxDMA.h **** {
 279:Generated_Source\PSoC4/RxDMA.h ****     CyDmaValidateDescriptor(RxDMA_CHANNEL, descriptor);
 280:Generated_Source\PSoC4/RxDMA.h **** }
 281:Generated_Source\PSoC4/RxDMA.h **** 
 282:Generated_Source\PSoC4/RxDMA.h **** 
 283:Generated_Source\PSoC4/RxDMA.h **** /*******************************************************************************
 284:Generated_Source\PSoC4/RxDMA.h **** * Function Name: RxDMA_GetDescriptorStatus
 285:Generated_Source\PSoC4/RxDMA.h **** ********************************************************************************
 286:Generated_Source\PSoC4/RxDMA.h **** *
 287:Generated_Source\PSoC4/RxDMA.h **** * Summary:
 288:Generated_Source\PSoC4/RxDMA.h **** *  Returns the status of the specified descriptor.
 289:Generated_Source\PSoC4/RxDMA.h **** *
 290:Generated_Source\PSoC4/RxDMA.h **** * Parameters:
 291:Generated_Source\PSoC4/RxDMA.h **** *  descriptor: Descriptor (0 or 1) modified by this function.
 292:Generated_Source\PSoC4/RxDMA.h **** *                   
 293:Generated_Source\PSoC4/RxDMA.h **** * Return:
 294:Generated_Source\PSoC4/RxDMA.h **** *  Returns the contents of the specified descriptors status register. Refer to 
 295:Generated_Source\PSoC4/RxDMA.h **** *  descriptor status register bit definitions in CyDMA_P4.h or the API
 296:Generated_Source\PSoC4/RxDMA.h **** *  description in the DMA channel datasheet for more information.
 297:Generated_Source\PSoC4/RxDMA.h **** *
 298:Generated_Source\PSoC4/RxDMA.h **** *******************************************************************************/
 299:Generated_Source\PSoC4/RxDMA.h **** static CY_INLINE uint32 RxDMA_GetDescriptorStatus(int32 descriptor)
 300:Generated_Source\PSoC4/RxDMA.h **** {
 301:Generated_Source\PSoC4/RxDMA.h ****     return (CyDmaGetDescriptorStatus(RxDMA_CHANNEL, descriptor));
 302:Generated_Source\PSoC4/RxDMA.h **** }
 303:Generated_Source\PSoC4/RxDMA.h **** 
 304:Generated_Source\PSoC4/RxDMA.h **** 
 305:Generated_Source\PSoC4/RxDMA.h **** /*******************************************************************************
 306:Generated_Source\PSoC4/RxDMA.h **** * Function Name: RxDMA_SetSrcAddress
 307:Generated_Source\PSoC4/RxDMA.h **** ********************************************************************************
 308:Generated_Source\PSoC4/RxDMA.h **** *
 309:Generated_Source\PSoC4/RxDMA.h **** * Summary:
 310:Generated_Source\PSoC4/RxDMA.h **** *  Configures the source address for the specified descriptor.
 311:Generated_Source\PSoC4/RxDMA.h **** *
 312:Generated_Source\PSoC4/RxDMA.h **** * Parameters:
 313:Generated_Source\PSoC4/RxDMA.h **** *  descriptor: Descriptor (0 or 1) modified by this function.
 314:Generated_Source\PSoC4/RxDMA.h **** *  srcAddress: Address of DMA transfer source.
 315:Generated_Source\PSoC4/RxDMA.h **** *                   
 316:Generated_Source\PSoC4/RxDMA.h **** * Return:
 317:Generated_Source\PSoC4/RxDMA.h **** *  None.
 318:Generated_Source\PSoC4/RxDMA.h **** *
 319:Generated_Source\PSoC4/RxDMA.h **** * Side effect:
 320:Generated_Source\PSoC4/RxDMA.h **** *  This function should not be called when the specified descriptor is active
 321:Generated_Source\PSoC4/RxDMA.h **** *  in the DMA transfer engine. This can be checked by calling CyDmaGetStatus(). 
 322:Generated_Source\PSoC4/RxDMA.h **** *
 323:Generated_Source\PSoC4/RxDMA.h **** *******************************************************************************/
 324:Generated_Source\PSoC4/RxDMA.h **** static CY_INLINE void RxDMA_SetSrcAddress(int32 descriptor, void * srcAddress)
 325:Generated_Source\PSoC4/RxDMA.h **** {
 326:Generated_Source\PSoC4/RxDMA.h ****     CyDmaSetSrcAddress(RxDMA_CHANNEL, descriptor, srcAddress);
ARM GAS  C:\Users\TERENC~1\AppData\Local\Temp\cc28re0c.s 			page 10


  95              		.loc 2 326 0
  96 001c 2A00     		movs	r2, r5
  97 001e 0021     		movs	r1, #0
  98 0020 0120     		movs	r0, #1
  99 0022 FFF7FEFF 		bl	CyDmaSetSrcAddress
 100              	.LVL3:
 101              	.LBE11:
 102              	.LBE10:
 103              	.LBB12:
 104              	.LBB13:
 327:Generated_Source\PSoC4/RxDMA.h **** }
 328:Generated_Source\PSoC4/RxDMA.h **** 
 329:Generated_Source\PSoC4/RxDMA.h **** 
 330:Generated_Source\PSoC4/RxDMA.h **** /*******************************************************************************
 331:Generated_Source\PSoC4/RxDMA.h **** * Function Name: RxDMA_GetSrcAddress
 332:Generated_Source\PSoC4/RxDMA.h **** ********************************************************************************
 333:Generated_Source\PSoC4/RxDMA.h **** *
 334:Generated_Source\PSoC4/RxDMA.h **** * Summary:
 335:Generated_Source\PSoC4/RxDMA.h **** *  Returns the source address for the specified descriptor, set by either 
 336:Generated_Source\PSoC4/RxDMA.h **** *  RxDMA_Start() or RxDMA_SetSrcAddress().
 337:Generated_Source\PSoC4/RxDMA.h **** *
 338:Generated_Source\PSoC4/RxDMA.h **** * Parameters:
 339:Generated_Source\PSoC4/RxDMA.h **** *  descriptor: Specifies descriptor (0 or 1) used by this function.
 340:Generated_Source\PSoC4/RxDMA.h **** *                   
 341:Generated_Source\PSoC4/RxDMA.h **** * Return:
 342:Generated_Source\PSoC4/RxDMA.h **** *  Source address written to specified descriptor.
 343:Generated_Source\PSoC4/RxDMA.h **** *
 344:Generated_Source\PSoC4/RxDMA.h **** *******************************************************************************/
 345:Generated_Source\PSoC4/RxDMA.h **** static CY_INLINE void * RxDMA_GetSrcAddress(int32 descriptor)
 346:Generated_Source\PSoC4/RxDMA.h **** {
 347:Generated_Source\PSoC4/RxDMA.h ****     return (CyDmaGetSrcAddress(RxDMA_CHANNEL, descriptor));
 348:Generated_Source\PSoC4/RxDMA.h **** }
 349:Generated_Source\PSoC4/RxDMA.h **** 
 350:Generated_Source\PSoC4/RxDMA.h **** 
 351:Generated_Source\PSoC4/RxDMA.h **** /*******************************************************************************
 352:Generated_Source\PSoC4/RxDMA.h **** * Function Name: RxDMA_SetDstAddress
 353:Generated_Source\PSoC4/RxDMA.h **** ********************************************************************************
 354:Generated_Source\PSoC4/RxDMA.h **** *
 355:Generated_Source\PSoC4/RxDMA.h **** * Summary:
 356:Generated_Source\PSoC4/RxDMA.h **** *  Configures the destination address for the specified descriptor.
 357:Generated_Source\PSoC4/RxDMA.h **** *
 358:Generated_Source\PSoC4/RxDMA.h **** * Parameters:
 359:Generated_Source\PSoC4/RxDMA.h **** *  descriptor: Descriptor (0 or 1) modified by this function.
 360:Generated_Source\PSoC4/RxDMA.h **** *  dstAddress: Address of DMA transfer destination.
 361:Generated_Source\PSoC4/RxDMA.h **** *                   
 362:Generated_Source\PSoC4/RxDMA.h **** * Return:
 363:Generated_Source\PSoC4/RxDMA.h **** *  None.
 364:Generated_Source\PSoC4/RxDMA.h **** *
 365:Generated_Source\PSoC4/RxDMA.h **** * Side effect:
 366:Generated_Source\PSoC4/RxDMA.h **** *  This function should not be called when the specified descriptor is active
 367:Generated_Source\PSoC4/RxDMA.h **** *  in the DMA transfer engine. This can be checked by calling CyDmaGetStatus(). 
 368:Generated_Source\PSoC4/RxDMA.h **** *
 369:Generated_Source\PSoC4/RxDMA.h **** *******************************************************************************/
 370:Generated_Source\PSoC4/RxDMA.h **** static CY_INLINE void RxDMA_SetDstAddress(int32 descriptor, void * dstAddress)
 371:Generated_Source\PSoC4/RxDMA.h **** {
 372:Generated_Source\PSoC4/RxDMA.h ****     CyDmaSetDstAddress(RxDMA_CHANNEL, descriptor, dstAddress);
 105              		.loc 2 372 0
ARM GAS  C:\Users\TERENC~1\AppData\Local\Temp\cc28re0c.s 			page 11


 106 0026 2200     		movs	r2, r4
 107 0028 0021     		movs	r1, #0
 108 002a 0120     		movs	r0, #1
 109 002c FFF7FEFF 		bl	CyDmaSetDstAddress
 110              	.LVL4:
 111              	.LBE13:
 112              	.LBE12:
 113              	.LBB14:
 114              	.LBB15:
 279:Generated_Source\PSoC4/RxDMA.h **** }
 115              		.loc 2 279 0
 116 0030 0021     		movs	r1, #0
 117 0032 0120     		movs	r0, #1
 118 0034 FFF7FEFF 		bl	CyDmaValidateDescriptor
 119              	.LVL5:
 120              	.LBE15:
 121              	.LBE14:
 122              	.LBB16:
 123              	.LBB17:
  96:Generated_Source\PSoC4/RxDMA.h **** }
 124              		.loc 2 96 0
 125 0038 0120     		movs	r0, #1
 126 003a FFF7FEFF 		bl	CyDmaChEnable
 127              	.LVL6:
 128              	.LBE17:
 129              	.LBE16:
  51:Generated_Source\PSoC4/RxDMA.c **** 
 130              		.loc 1 51 0
 131              		@ sp needed
 132              	.LVL7:
 133              	.LVL8:
 134 003e 70BD     		pop	{r4, r5, r6, pc}
 135              	.L7:
 136              		.align	2
 137              	.L6:
 138 0040 00000000 		.word	.LANCHOR0
 139              		.cfi_endproc
 140              	.LFE32:
 141              		.size	RxDMA_Start, .-RxDMA_Start
 142              		.global	RxDMA_initVar
 143              		.bss
 144              		.set	.LANCHOR0,. + 0
 145              		.type	RxDMA_initVar, %object
 146              		.size	RxDMA_initVar, 1
 147              	RxDMA_initVar:
 148 0000 00       		.space	1
 149              		.text
 150              	.Letext0:
 151              		.file 3 "Generated_Source\\PSoC4\\cytypes.h"
 152              		.file 4 "Generated_Source\\PSoC4\\CyDMA.h"
 153              		.section	.debug_info,"",%progbits
 154              	.Ldebug_info0:
 155 0000 36030000 		.4byte	0x336
 156 0004 0400     		.2byte	0x4
 157 0006 00000000 		.4byte	.Ldebug_abbrev0
 158 000a 04       		.byte	0x4
 159 000b 01       		.uleb128 0x1
ARM GAS  C:\Users\TERENC~1\AppData\Local\Temp\cc28re0c.s 			page 12


 160 000c 63000000 		.4byte	.LASF31
 161 0010 0C       		.byte	0xc
 162 0011 85020000 		.4byte	.LASF32
 163 0015 60010000 		.4byte	.LASF33
 164 0019 00000000 		.4byte	.Ldebug_ranges0+0
 165 001d 00000000 		.4byte	0
 166 0021 00000000 		.4byte	.Ldebug_line0
 167 0025 02       		.uleb128 0x2
 168 0026 01       		.byte	0x1
 169 0027 06       		.byte	0x6
 170 0028 D1010000 		.4byte	.LASF0
 171 002c 02       		.uleb128 0x2
 172 002d 01       		.byte	0x1
 173 002e 08       		.byte	0x8
 174 002f C3010000 		.4byte	.LASF1
 175 0033 02       		.uleb128 0x2
 176 0034 02       		.byte	0x2
 177 0035 05       		.byte	0x5
 178 0036 36000000 		.4byte	.LASF2
 179 003a 02       		.uleb128 0x2
 180 003b 02       		.byte	0x2
 181 003c 07       		.byte	0x7
 182 003d 01020000 		.4byte	.LASF3
 183 0041 02       		.uleb128 0x2
 184 0042 04       		.byte	0x4
 185 0043 05       		.byte	0x5
 186 0044 44010000 		.4byte	.LASF4
 187 0048 02       		.uleb128 0x2
 188 0049 04       		.byte	0x4
 189 004a 07       		.byte	0x7
 190 004b 66020000 		.4byte	.LASF5
 191 004f 02       		.uleb128 0x2
 192 0050 08       		.byte	0x8
 193 0051 05       		.byte	0x5
 194 0052 36010000 		.4byte	.LASF6
 195 0056 02       		.uleb128 0x2
 196 0057 08       		.byte	0x8
 197 0058 07       		.byte	0x7
 198 0059 DD010000 		.4byte	.LASF7
 199 005d 03       		.uleb128 0x3
 200 005e 04       		.byte	0x4
 201 005f 05       		.byte	0x5
 202 0060 696E7400 		.ascii	"int\000"
 203 0064 02       		.uleb128 0x2
 204 0065 04       		.byte	0x4
 205 0066 07       		.byte	0x7
 206 0067 F4010000 		.4byte	.LASF8
 207 006b 04       		.uleb128 0x4
 208 006c 0A010000 		.4byte	.LASF9
 209 0070 03       		.byte	0x3
 210 0071 E401     		.2byte	0x1e4
 211 0073 2C000000 		.4byte	0x2c
 212 0077 04       		.uleb128 0x4
 213 0078 5F020000 		.4byte	.LASF10
 214 007c 03       		.byte	0x3
 215 007d E601     		.2byte	0x1e6
 216 007f 48000000 		.4byte	0x48
ARM GAS  C:\Users\TERENC~1\AppData\Local\Temp\cc28re0c.s 			page 13


 217 0083 04       		.uleb128 0x4
 218 0084 78020000 		.4byte	.LASF11
 219 0088 03       		.byte	0x3
 220 0089 E901     		.2byte	0x1e9
 221 008b 41000000 		.4byte	0x41
 222 008f 02       		.uleb128 0x2
 223 0090 04       		.byte	0x4
 224 0091 04       		.byte	0x4
 225 0092 30010000 		.4byte	.LASF12
 226 0096 02       		.uleb128 0x2
 227 0097 08       		.byte	0x8
 228 0098 04       		.byte	0x4
 229 0099 7E020000 		.4byte	.LASF13
 230 009d 02       		.uleb128 0x2
 231 009e 01       		.byte	0x1
 232 009f 08       		.byte	0x8
 233 00a0 37020000 		.4byte	.LASF14
 234 00a4 05       		.uleb128 0x5
 235 00a5 80       		.byte	0x80
 236 00a6 04       		.byte	0x4
 237 00a7 26       		.byte	0x26
 238 00a8 B9000000 		.4byte	0xb9
 239 00ac 06       		.uleb128 0x6
 240 00ad 63746C00 		.ascii	"ctl\000"
 241 00b1 04       		.byte	0x4
 242 00b2 28       		.byte	0x28
 243 00b3 B9000000 		.4byte	0xb9
 244 00b7 00       		.byte	0
 245 00b8 00       		.byte	0
 246 00b9 07       		.uleb128 0x7
 247 00ba 77000000 		.4byte	0x77
 248 00be C9000000 		.4byte	0xc9
 249 00c2 08       		.uleb128 0x8
 250 00c3 C9000000 		.4byte	0xc9
 251 00c7 1F       		.byte	0x1f
 252 00c8 00       		.byte	0
 253 00c9 02       		.uleb128 0x2
 254 00ca 04       		.byte	0x4
 255 00cb 07       		.byte	0x7
 256 00cc 40000000 		.4byte	.LASF15
 257 00d0 09       		.uleb128 0x9
 258 00d1 F1000000 		.4byte	.LASF16
 259 00d5 04       		.byte	0x4
 260 00d6 29       		.byte	0x29
 261 00d7 A4000000 		.4byte	0xa4
 262 00db 05       		.uleb128 0x5
 263 00dc 10       		.byte	0x10
 264 00dd 04       		.byte	0x4
 265 00de 2C       		.byte	0x2c
 266 00df 14010000 		.4byte	0x114
 267 00e3 06       		.uleb128 0x6
 268 00e4 73726300 		.ascii	"src\000"
 269 00e8 04       		.byte	0x4
 270 00e9 2E       		.byte	0x2e
 271 00ea 14010000 		.4byte	0x114
 272 00ee 00       		.byte	0
 273 00ef 06       		.uleb128 0x6
ARM GAS  C:\Users\TERENC~1\AppData\Local\Temp\cc28re0c.s 			page 14


 274 00f0 64737400 		.ascii	"dst\000"
 275 00f4 04       		.byte	0x4
 276 00f5 2F       		.byte	0x2f
 277 00f6 14010000 		.4byte	0x114
 278 00fa 04       		.byte	0x4
 279 00fb 06       		.uleb128 0x6
 280 00fc 63746C00 		.ascii	"ctl\000"
 281 0100 04       		.byte	0x4
 282 0101 30       		.byte	0x30
 283 0102 77000000 		.4byte	0x77
 284 0106 08       		.byte	0x8
 285 0107 0A       		.uleb128 0xa
 286 0108 14020000 		.4byte	.LASF17
 287 010c 04       		.byte	0x4
 288 010d 31       		.byte	0x31
 289 010e 77000000 		.4byte	0x77
 290 0112 0C       		.byte	0xc
 291 0113 00       		.byte	0
 292 0114 0B       		.uleb128 0xb
 293 0115 04       		.byte	0x4
 294 0116 09       		.uleb128 0x9
 295 0117 3C020000 		.4byte	.LASF18
 296 011b 04       		.byte	0x4
 297 011c 32       		.byte	0x32
 298 011d DB000000 		.4byte	0xdb
 299 0121 0C       		.uleb128 0xc
 300 0122 0004     		.2byte	0x400
 301 0124 04       		.byte	0x4
 302 0125 38       		.byte	0x38
 303 0126 37010000 		.4byte	0x137
 304 012a 0A       		.uleb128 0xa
 305 012b D2020000 		.4byte	.LASF19
 306 012f 04       		.byte	0x4
 307 0130 3A       		.byte	0x3a
 308 0131 37010000 		.4byte	0x137
 309 0135 00       		.byte	0
 310 0136 00       		.byte	0
 311 0137 07       		.uleb128 0x7
 312 0138 16010000 		.4byte	0x116
 313 013c 4D010000 		.4byte	0x14d
 314 0140 08       		.uleb128 0x8
 315 0141 C9000000 		.4byte	0xc9
 316 0145 1F       		.byte	0x1f
 317 0146 08       		.uleb128 0x8
 318 0147 C9000000 		.4byte	0xc9
 319 014b 01       		.byte	0x1
 320 014c 00       		.byte	0
 321 014d 09       		.uleb128 0x9
 322 014e 1B020000 		.4byte	.LASF20
 323 0152 04       		.byte	0x4
 324 0153 3B       		.byte	0x3b
 325 0154 21010000 		.4byte	0x121
 326 0158 0D       		.uleb128 0xd
 327 0159 49000000 		.4byte	.LASF34
 328 015d 02       		.byte	0x2
 329 015e 5E       		.byte	0x5e
 330 015f 03       		.byte	0x3
ARM GAS  C:\Users\TERENC~1\AppData\Local\Temp\cc28re0c.s 			page 15


 331 0160 0E       		.uleb128 0xe
 332 0161 DD020000 		.4byte	.LASF21
 333 0165 02       		.byte	0x2
 334 0166 1501     		.2byte	0x115
 335 0168 03       		.byte	0x3
 336 0169 7A010000 		.4byte	0x17a
 337 016d 0F       		.uleb128 0xf
 338 016e D2020000 		.4byte	.LASF19
 339 0172 02       		.byte	0x2
 340 0173 1501     		.2byte	0x115
 341 0175 83000000 		.4byte	0x83
 342 0179 00       		.byte	0
 343 017a 0E       		.uleb128 0xe
 344 017b A4020000 		.4byte	.LASF22
 345 017f 02       		.byte	0x2
 346 0180 7201     		.2byte	0x172
 347 0182 03       		.byte	0x3
 348 0183 A0010000 		.4byte	0x1a0
 349 0187 0F       		.uleb128 0xf
 350 0188 D2020000 		.4byte	.LASF19
 351 018c 02       		.byte	0x2
 352 018d 7201     		.2byte	0x172
 353 018f 83000000 		.4byte	0x83
 354 0193 0F       		.uleb128 0xf
 355 0194 00000000 		.4byte	.LASF23
 356 0198 02       		.byte	0x2
 357 0199 7201     		.2byte	0x172
 358 019b 14010000 		.4byte	0x114
 359 019f 00       		.byte	0
 360 01a0 0E       		.uleb128 0xe
 361 01a1 1C010000 		.4byte	.LASF24
 362 01a5 02       		.byte	0x2
 363 01a6 4401     		.2byte	0x144
 364 01a8 03       		.byte	0x3
 365 01a9 C6010000 		.4byte	0x1c6
 366 01ad 0F       		.uleb128 0xf
 367 01ae D2020000 		.4byte	.LASF19
 368 01b2 02       		.byte	0x2
 369 01b3 4401     		.2byte	0x144
 370 01b5 83000000 		.4byte	0x83
 371 01b9 0F       		.uleb128 0xf
 372 01ba 54020000 		.4byte	.LASF25
 373 01be 02       		.byte	0x2
 374 01bf 4401     		.2byte	0x144
 375 01c1 14010000 		.4byte	0x114
 376 01c5 00       		.byte	0
 377 01c6 10       		.uleb128 0x10
 378 01c7 58000000 		.4byte	.LASF35
 379 01cb 01       		.byte	0x1
 380 01cc 4C       		.byte	0x4c
 381 01cd 00000000 		.4byte	.LFB33
 382 01d1 1C000000 		.4byte	.LFE33-.LFB33
 383 01d5 01       		.uleb128 0x1
 384 01d6 9C       		.byte	0x9c
 385 01d7 11       		.uleb128 0x11
 386 01d8 10010000 		.4byte	.LASF36
 387 01dc 01       		.byte	0x1
ARM GAS  C:\Users\TERENC~1\AppData\Local\Temp\cc28re0c.s 			page 16


 388 01dd 27       		.byte	0x27
 389 01de 00000000 		.4byte	.LFB32
 390 01e2 44000000 		.4byte	.LFE32-.LFB32
 391 01e6 01       		.uleb128 0x1
 392 01e7 9C       		.byte	0x9c
 393 01e8 F1020000 		.4byte	0x2f1
 394 01ec 12       		.uleb128 0x12
 395 01ed 54020000 		.4byte	.LASF25
 396 01f1 01       		.byte	0x1
 397 01f2 27       		.byte	0x27
 398 01f3 14010000 		.4byte	0x114
 399 01f7 00000000 		.4byte	.LLST0
 400 01fb 12       		.uleb128 0x12
 401 01fc 00000000 		.4byte	.LASF23
 402 0200 01       		.byte	0x1
 403 0201 27       		.byte	0x27
 404 0202 14010000 		.4byte	0x114
 405 0206 2C000000 		.4byte	.LLST1
 406 020a 13       		.uleb128 0x13
 407 020b A0010000 		.4byte	0x1a0
 408 020f 1C000000 		.4byte	.LBB10
 409 0213 0A000000 		.4byte	.LBE10-.LBB10
 410 0217 01       		.byte	0x1
 411 0218 2F       		.byte	0x2f
 412 0219 4A020000 		.4byte	0x24a
 413 021d 14       		.uleb128 0x14
 414 021e B9010000 		.4byte	0x1b9
 415 0222 58000000 		.4byte	.LLST2
 416 0226 14       		.uleb128 0x14
 417 0227 AD010000 		.4byte	0x1ad
 418 022b 6B000000 		.4byte	.LLST3
 419 022f 15       		.uleb128 0x15
 420 0230 26000000 		.4byte	.LVL3
 421 0234 02030000 		.4byte	0x302
 422 0238 16       		.uleb128 0x16
 423 0239 01       		.uleb128 0x1
 424 023a 50       		.byte	0x50
 425 023b 01       		.uleb128 0x1
 426 023c 31       		.byte	0x31
 427 023d 16       		.uleb128 0x16
 428 023e 01       		.uleb128 0x1
 429 023f 51       		.byte	0x51
 430 0240 01       		.uleb128 0x1
 431 0241 30       		.byte	0x30
 432 0242 16       		.uleb128 0x16
 433 0243 01       		.uleb128 0x1
 434 0244 52       		.byte	0x52
 435 0245 02       		.uleb128 0x2
 436 0246 75       		.byte	0x75
 437 0247 00       		.sleb128 0
 438 0248 00       		.byte	0
 439 0249 00       		.byte	0
 440 024a 13       		.uleb128 0x13
 441 024b 7A010000 		.4byte	0x17a
 442 024f 26000000 		.4byte	.LBB12
 443 0253 0A000000 		.4byte	.LBE12-.LBB12
 444 0257 01       		.byte	0x1
ARM GAS  C:\Users\TERENC~1\AppData\Local\Temp\cc28re0c.s 			page 17


 445 0258 30       		.byte	0x30
 446 0259 8A020000 		.4byte	0x28a
 447 025d 14       		.uleb128 0x14
 448 025e 93010000 		.4byte	0x193
 449 0262 7F000000 		.4byte	.LLST4
 450 0266 14       		.uleb128 0x14
 451 0267 87010000 		.4byte	0x187
 452 026b 92000000 		.4byte	.LLST5
 453 026f 15       		.uleb128 0x15
 454 0270 30000000 		.4byte	.LVL4
 455 0274 0D030000 		.4byte	0x30d
 456 0278 16       		.uleb128 0x16
 457 0279 01       		.uleb128 0x1
 458 027a 50       		.byte	0x50
 459 027b 01       		.uleb128 0x1
 460 027c 31       		.byte	0x31
 461 027d 16       		.uleb128 0x16
 462 027e 01       		.uleb128 0x1
 463 027f 51       		.byte	0x51
 464 0280 01       		.uleb128 0x1
 465 0281 30       		.byte	0x30
 466 0282 16       		.uleb128 0x16
 467 0283 01       		.uleb128 0x1
 468 0284 52       		.byte	0x52
 469 0285 02       		.uleb128 0x2
 470 0286 74       		.byte	0x74
 471 0287 00       		.sleb128 0
 472 0288 00       		.byte	0
 473 0289 00       		.byte	0
 474 028a 13       		.uleb128 0x13
 475 028b 60010000 		.4byte	0x160
 476 028f 30000000 		.4byte	.LBB14
 477 0293 08000000 		.4byte	.LBE14-.LBB14
 478 0297 01       		.byte	0x1
 479 0298 31       		.byte	0x31
 480 0299 BB020000 		.4byte	0x2bb
 481 029d 14       		.uleb128 0x14
 482 029e 6D010000 		.4byte	0x16d
 483 02a2 A6000000 		.4byte	.LLST6
 484 02a6 15       		.uleb128 0x15
 485 02a7 38000000 		.4byte	.LVL5
 486 02ab 18030000 		.4byte	0x318
 487 02af 16       		.uleb128 0x16
 488 02b0 01       		.uleb128 0x1
 489 02b1 50       		.byte	0x50
 490 02b2 01       		.uleb128 0x1
 491 02b3 31       		.byte	0x31
 492 02b4 16       		.uleb128 0x16
 493 02b5 01       		.uleb128 0x1
 494 02b6 51       		.byte	0x51
 495 02b7 01       		.uleb128 0x1
 496 02b8 30       		.byte	0x30
 497 02b9 00       		.byte	0
 498 02ba 00       		.byte	0
 499 02bb 13       		.uleb128 0x13
 500 02bc 58010000 		.4byte	0x158
 501 02c0 38000000 		.4byte	.LBB16
ARM GAS  C:\Users\TERENC~1\AppData\Local\Temp\cc28re0c.s 			page 18


 502 02c4 06000000 		.4byte	.LBE16-.LBB16
 503 02c8 01       		.byte	0x1
 504 02c9 32       		.byte	0x32
 505 02ca DE020000 		.4byte	0x2de
 506 02ce 15       		.uleb128 0x15
 507 02cf 3E000000 		.4byte	.LVL6
 508 02d3 23030000 		.4byte	0x323
 509 02d7 16       		.uleb128 0x16
 510 02d8 01       		.uleb128 0x1
 511 02d9 50       		.byte	0x50
 512 02da 01       		.uleb128 0x1
 513 02db 31       		.byte	0x31
 514 02dc 00       		.byte	0
 515 02dd 00       		.byte	0
 516 02de 17       		.uleb128 0x17
 517 02df 12000000 		.4byte	.LVL1
 518 02e3 C6010000 		.4byte	0x1c6
 519 02e7 17       		.uleb128 0x17
 520 02e8 1C000000 		.4byte	.LVL2
 521 02ec 2E030000 		.4byte	0x32e
 522 02f0 00       		.byte	0
 523 02f1 18       		.uleb128 0x18
 524 02f2 B5010000 		.4byte	.LASF37
 525 02f6 01       		.byte	0x1
 526 02f7 11       		.byte	0x11
 527 02f8 6B000000 		.4byte	0x6b
 528 02fc 05       		.uleb128 0x5
 529 02fd 03       		.byte	0x3
 530 02fe 00000000 		.4byte	RxDMA_initVar
 531 0302 19       		.uleb128 0x19
 532 0303 23000000 		.4byte	.LASF26
 533 0307 23000000 		.4byte	.LASF26
 534 030b 04       		.byte	0x4
 535 030c 93       		.byte	0x93
 536 030d 19       		.uleb128 0x19
 537 030e 4D010000 		.4byte	.LASF27
 538 0312 4D010000 		.4byte	.LASF27
 539 0316 04       		.byte	0x4
 540 0317 96       		.byte	0x96
 541 0318 19       		.uleb128 0x19
 542 0319 0B000000 		.4byte	.LASF28
 543 031d 0B000000 		.4byte	.LASF28
 544 0321 04       		.byte	0x4
 545 0322 8F       		.byte	0x8f
 546 0323 19       		.uleb128 0x19
 547 0324 B8020000 		.4byte	.LASF29
 548 0328 B8020000 		.4byte	.LASF29
 549 032c 04       		.byte	0x4
 550 032d 82       		.byte	0x82
 551 032e 19       		.uleb128 0x19
 552 032f C6020000 		.4byte	.LASF30
 553 0333 C6020000 		.4byte	.LASF30
 554 0337 04       		.byte	0x4
 555 0338 6D       		.byte	0x6d
 556 0339 00       		.byte	0
 557              		.section	.debug_abbrev,"",%progbits
 558              	.Ldebug_abbrev0:
ARM GAS  C:\Users\TERENC~1\AppData\Local\Temp\cc28re0c.s 			page 19


 559 0000 01       		.uleb128 0x1
 560 0001 11       		.uleb128 0x11
 561 0002 01       		.byte	0x1
 562 0003 25       		.uleb128 0x25
 563 0004 0E       		.uleb128 0xe
 564 0005 13       		.uleb128 0x13
 565 0006 0B       		.uleb128 0xb
 566 0007 03       		.uleb128 0x3
 567 0008 0E       		.uleb128 0xe
 568 0009 1B       		.uleb128 0x1b
 569 000a 0E       		.uleb128 0xe
 570 000b 55       		.uleb128 0x55
 571 000c 17       		.uleb128 0x17
 572 000d 11       		.uleb128 0x11
 573 000e 01       		.uleb128 0x1
 574 000f 10       		.uleb128 0x10
 575 0010 17       		.uleb128 0x17
 576 0011 00       		.byte	0
 577 0012 00       		.byte	0
 578 0013 02       		.uleb128 0x2
 579 0014 24       		.uleb128 0x24
 580 0015 00       		.byte	0
 581 0016 0B       		.uleb128 0xb
 582 0017 0B       		.uleb128 0xb
 583 0018 3E       		.uleb128 0x3e
 584 0019 0B       		.uleb128 0xb
 585 001a 03       		.uleb128 0x3
 586 001b 0E       		.uleb128 0xe
 587 001c 00       		.byte	0
 588 001d 00       		.byte	0
 589 001e 03       		.uleb128 0x3
 590 001f 24       		.uleb128 0x24
 591 0020 00       		.byte	0
 592 0021 0B       		.uleb128 0xb
 593 0022 0B       		.uleb128 0xb
 594 0023 3E       		.uleb128 0x3e
 595 0024 0B       		.uleb128 0xb
 596 0025 03       		.uleb128 0x3
 597 0026 08       		.uleb128 0x8
 598 0027 00       		.byte	0
 599 0028 00       		.byte	0
 600 0029 04       		.uleb128 0x4
 601 002a 16       		.uleb128 0x16
 602 002b 00       		.byte	0
 603 002c 03       		.uleb128 0x3
 604 002d 0E       		.uleb128 0xe
 605 002e 3A       		.uleb128 0x3a
 606 002f 0B       		.uleb128 0xb
 607 0030 3B       		.uleb128 0x3b
 608 0031 05       		.uleb128 0x5
 609 0032 49       		.uleb128 0x49
 610 0033 13       		.uleb128 0x13
 611 0034 00       		.byte	0
 612 0035 00       		.byte	0
 613 0036 05       		.uleb128 0x5
 614 0037 13       		.uleb128 0x13
 615 0038 01       		.byte	0x1
ARM GAS  C:\Users\TERENC~1\AppData\Local\Temp\cc28re0c.s 			page 20


 616 0039 0B       		.uleb128 0xb
 617 003a 0B       		.uleb128 0xb
 618 003b 3A       		.uleb128 0x3a
 619 003c 0B       		.uleb128 0xb
 620 003d 3B       		.uleb128 0x3b
 621 003e 0B       		.uleb128 0xb
 622 003f 01       		.uleb128 0x1
 623 0040 13       		.uleb128 0x13
 624 0041 00       		.byte	0
 625 0042 00       		.byte	0
 626 0043 06       		.uleb128 0x6
 627 0044 0D       		.uleb128 0xd
 628 0045 00       		.byte	0
 629 0046 03       		.uleb128 0x3
 630 0047 08       		.uleb128 0x8
 631 0048 3A       		.uleb128 0x3a
 632 0049 0B       		.uleb128 0xb
 633 004a 3B       		.uleb128 0x3b
 634 004b 0B       		.uleb128 0xb
 635 004c 49       		.uleb128 0x49
 636 004d 13       		.uleb128 0x13
 637 004e 38       		.uleb128 0x38
 638 004f 0B       		.uleb128 0xb
 639 0050 00       		.byte	0
 640 0051 00       		.byte	0
 641 0052 07       		.uleb128 0x7
 642 0053 01       		.uleb128 0x1
 643 0054 01       		.byte	0x1
 644 0055 49       		.uleb128 0x49
 645 0056 13       		.uleb128 0x13
 646 0057 01       		.uleb128 0x1
 647 0058 13       		.uleb128 0x13
 648 0059 00       		.byte	0
 649 005a 00       		.byte	0
 650 005b 08       		.uleb128 0x8
 651 005c 21       		.uleb128 0x21
 652 005d 00       		.byte	0
 653 005e 49       		.uleb128 0x49
 654 005f 13       		.uleb128 0x13
 655 0060 2F       		.uleb128 0x2f
 656 0061 0B       		.uleb128 0xb
 657 0062 00       		.byte	0
 658 0063 00       		.byte	0
 659 0064 09       		.uleb128 0x9
 660 0065 16       		.uleb128 0x16
 661 0066 00       		.byte	0
 662 0067 03       		.uleb128 0x3
 663 0068 0E       		.uleb128 0xe
 664 0069 3A       		.uleb128 0x3a
 665 006a 0B       		.uleb128 0xb
 666 006b 3B       		.uleb128 0x3b
 667 006c 0B       		.uleb128 0xb
 668 006d 49       		.uleb128 0x49
 669 006e 13       		.uleb128 0x13
 670 006f 00       		.byte	0
 671 0070 00       		.byte	0
 672 0071 0A       		.uleb128 0xa
ARM GAS  C:\Users\TERENC~1\AppData\Local\Temp\cc28re0c.s 			page 21


 673 0072 0D       		.uleb128 0xd
 674 0073 00       		.byte	0
 675 0074 03       		.uleb128 0x3
 676 0075 0E       		.uleb128 0xe
 677 0076 3A       		.uleb128 0x3a
 678 0077 0B       		.uleb128 0xb
 679 0078 3B       		.uleb128 0x3b
 680 0079 0B       		.uleb128 0xb
 681 007a 49       		.uleb128 0x49
 682 007b 13       		.uleb128 0x13
 683 007c 38       		.uleb128 0x38
 684 007d 0B       		.uleb128 0xb
 685 007e 00       		.byte	0
 686 007f 00       		.byte	0
 687 0080 0B       		.uleb128 0xb
 688 0081 0F       		.uleb128 0xf
 689 0082 00       		.byte	0
 690 0083 0B       		.uleb128 0xb
 691 0084 0B       		.uleb128 0xb
 692 0085 00       		.byte	0
 693 0086 00       		.byte	0
 694 0087 0C       		.uleb128 0xc
 695 0088 13       		.uleb128 0x13
 696 0089 01       		.byte	0x1
 697 008a 0B       		.uleb128 0xb
 698 008b 05       		.uleb128 0x5
 699 008c 3A       		.uleb128 0x3a
 700 008d 0B       		.uleb128 0xb
 701 008e 3B       		.uleb128 0x3b
 702 008f 0B       		.uleb128 0xb
 703 0090 01       		.uleb128 0x1
 704 0091 13       		.uleb128 0x13
 705 0092 00       		.byte	0
 706 0093 00       		.byte	0
 707 0094 0D       		.uleb128 0xd
 708 0095 2E       		.uleb128 0x2e
 709 0096 00       		.byte	0
 710 0097 03       		.uleb128 0x3
 711 0098 0E       		.uleb128 0xe
 712 0099 3A       		.uleb128 0x3a
 713 009a 0B       		.uleb128 0xb
 714 009b 3B       		.uleb128 0x3b
 715 009c 0B       		.uleb128 0xb
 716 009d 27       		.uleb128 0x27
 717 009e 19       		.uleb128 0x19
 718 009f 20       		.uleb128 0x20
 719 00a0 0B       		.uleb128 0xb
 720 00a1 00       		.byte	0
 721 00a2 00       		.byte	0
 722 00a3 0E       		.uleb128 0xe
 723 00a4 2E       		.uleb128 0x2e
 724 00a5 01       		.byte	0x1
 725 00a6 03       		.uleb128 0x3
 726 00a7 0E       		.uleb128 0xe
 727 00a8 3A       		.uleb128 0x3a
 728 00a9 0B       		.uleb128 0xb
 729 00aa 3B       		.uleb128 0x3b
ARM GAS  C:\Users\TERENC~1\AppData\Local\Temp\cc28re0c.s 			page 22


 730 00ab 05       		.uleb128 0x5
 731 00ac 27       		.uleb128 0x27
 732 00ad 19       		.uleb128 0x19
 733 00ae 20       		.uleb128 0x20
 734 00af 0B       		.uleb128 0xb
 735 00b0 01       		.uleb128 0x1
 736 00b1 13       		.uleb128 0x13
 737 00b2 00       		.byte	0
 738 00b3 00       		.byte	0
 739 00b4 0F       		.uleb128 0xf
 740 00b5 05       		.uleb128 0x5
 741 00b6 00       		.byte	0
 742 00b7 03       		.uleb128 0x3
 743 00b8 0E       		.uleb128 0xe
 744 00b9 3A       		.uleb128 0x3a
 745 00ba 0B       		.uleb128 0xb
 746 00bb 3B       		.uleb128 0x3b
 747 00bc 05       		.uleb128 0x5
 748 00bd 49       		.uleb128 0x49
 749 00be 13       		.uleb128 0x13
 750 00bf 00       		.byte	0
 751 00c0 00       		.byte	0
 752 00c1 10       		.uleb128 0x10
 753 00c2 2E       		.uleb128 0x2e
 754 00c3 00       		.byte	0
 755 00c4 3F       		.uleb128 0x3f
 756 00c5 19       		.uleb128 0x19
 757 00c6 03       		.uleb128 0x3
 758 00c7 0E       		.uleb128 0xe
 759 00c8 3A       		.uleb128 0x3a
 760 00c9 0B       		.uleb128 0xb
 761 00ca 3B       		.uleb128 0x3b
 762 00cb 0B       		.uleb128 0xb
 763 00cc 27       		.uleb128 0x27
 764 00cd 19       		.uleb128 0x19
 765 00ce 11       		.uleb128 0x11
 766 00cf 01       		.uleb128 0x1
 767 00d0 12       		.uleb128 0x12
 768 00d1 06       		.uleb128 0x6
 769 00d2 40       		.uleb128 0x40
 770 00d3 18       		.uleb128 0x18
 771 00d4 9742     		.uleb128 0x2117
 772 00d6 19       		.uleb128 0x19
 773 00d7 00       		.byte	0
 774 00d8 00       		.byte	0
 775 00d9 11       		.uleb128 0x11
 776 00da 2E       		.uleb128 0x2e
 777 00db 01       		.byte	0x1
 778 00dc 3F       		.uleb128 0x3f
 779 00dd 19       		.uleb128 0x19
 780 00de 03       		.uleb128 0x3
 781 00df 0E       		.uleb128 0xe
 782 00e0 3A       		.uleb128 0x3a
 783 00e1 0B       		.uleb128 0xb
 784 00e2 3B       		.uleb128 0x3b
 785 00e3 0B       		.uleb128 0xb
 786 00e4 27       		.uleb128 0x27
ARM GAS  C:\Users\TERENC~1\AppData\Local\Temp\cc28re0c.s 			page 23


 787 00e5 19       		.uleb128 0x19
 788 00e6 11       		.uleb128 0x11
 789 00e7 01       		.uleb128 0x1
 790 00e8 12       		.uleb128 0x12
 791 00e9 06       		.uleb128 0x6
 792 00ea 40       		.uleb128 0x40
 793 00eb 18       		.uleb128 0x18
 794 00ec 9742     		.uleb128 0x2117
 795 00ee 19       		.uleb128 0x19
 796 00ef 01       		.uleb128 0x1
 797 00f0 13       		.uleb128 0x13
 798 00f1 00       		.byte	0
 799 00f2 00       		.byte	0
 800 00f3 12       		.uleb128 0x12
 801 00f4 05       		.uleb128 0x5
 802 00f5 00       		.byte	0
 803 00f6 03       		.uleb128 0x3
 804 00f7 0E       		.uleb128 0xe
 805 00f8 3A       		.uleb128 0x3a
 806 00f9 0B       		.uleb128 0xb
 807 00fa 3B       		.uleb128 0x3b
 808 00fb 0B       		.uleb128 0xb
 809 00fc 49       		.uleb128 0x49
 810 00fd 13       		.uleb128 0x13
 811 00fe 02       		.uleb128 0x2
 812 00ff 17       		.uleb128 0x17
 813 0100 00       		.byte	0
 814 0101 00       		.byte	0
 815 0102 13       		.uleb128 0x13
 816 0103 1D       		.uleb128 0x1d
 817 0104 01       		.byte	0x1
 818 0105 31       		.uleb128 0x31
 819 0106 13       		.uleb128 0x13
 820 0107 11       		.uleb128 0x11
 821 0108 01       		.uleb128 0x1
 822 0109 12       		.uleb128 0x12
 823 010a 06       		.uleb128 0x6
 824 010b 58       		.uleb128 0x58
 825 010c 0B       		.uleb128 0xb
 826 010d 59       		.uleb128 0x59
 827 010e 0B       		.uleb128 0xb
 828 010f 01       		.uleb128 0x1
 829 0110 13       		.uleb128 0x13
 830 0111 00       		.byte	0
 831 0112 00       		.byte	0
 832 0113 14       		.uleb128 0x14
 833 0114 05       		.uleb128 0x5
 834 0115 00       		.byte	0
 835 0116 31       		.uleb128 0x31
 836 0117 13       		.uleb128 0x13
 837 0118 02       		.uleb128 0x2
 838 0119 17       		.uleb128 0x17
 839 011a 00       		.byte	0
 840 011b 00       		.byte	0
 841 011c 15       		.uleb128 0x15
 842 011d 898201   		.uleb128 0x4109
 843 0120 01       		.byte	0x1
ARM GAS  C:\Users\TERENC~1\AppData\Local\Temp\cc28re0c.s 			page 24


 844 0121 11       		.uleb128 0x11
 845 0122 01       		.uleb128 0x1
 846 0123 31       		.uleb128 0x31
 847 0124 13       		.uleb128 0x13
 848 0125 00       		.byte	0
 849 0126 00       		.byte	0
 850 0127 16       		.uleb128 0x16
 851 0128 8A8201   		.uleb128 0x410a
 852 012b 00       		.byte	0
 853 012c 02       		.uleb128 0x2
 854 012d 18       		.uleb128 0x18
 855 012e 9142     		.uleb128 0x2111
 856 0130 18       		.uleb128 0x18
 857 0131 00       		.byte	0
 858 0132 00       		.byte	0
 859 0133 17       		.uleb128 0x17
 860 0134 898201   		.uleb128 0x4109
 861 0137 00       		.byte	0
 862 0138 11       		.uleb128 0x11
 863 0139 01       		.uleb128 0x1
 864 013a 31       		.uleb128 0x31
 865 013b 13       		.uleb128 0x13
 866 013c 00       		.byte	0
 867 013d 00       		.byte	0
 868 013e 18       		.uleb128 0x18
 869 013f 34       		.uleb128 0x34
 870 0140 00       		.byte	0
 871 0141 03       		.uleb128 0x3
 872 0142 0E       		.uleb128 0xe
 873 0143 3A       		.uleb128 0x3a
 874 0144 0B       		.uleb128 0xb
 875 0145 3B       		.uleb128 0x3b
 876 0146 0B       		.uleb128 0xb
 877 0147 49       		.uleb128 0x49
 878 0148 13       		.uleb128 0x13
 879 0149 3F       		.uleb128 0x3f
 880 014a 19       		.uleb128 0x19
 881 014b 02       		.uleb128 0x2
 882 014c 18       		.uleb128 0x18
 883 014d 00       		.byte	0
 884 014e 00       		.byte	0
 885 014f 19       		.uleb128 0x19
 886 0150 2E       		.uleb128 0x2e
 887 0151 00       		.byte	0
 888 0152 3F       		.uleb128 0x3f
 889 0153 19       		.uleb128 0x19
 890 0154 3C       		.uleb128 0x3c
 891 0155 19       		.uleb128 0x19
 892 0156 6E       		.uleb128 0x6e
 893 0157 0E       		.uleb128 0xe
 894 0158 03       		.uleb128 0x3
 895 0159 0E       		.uleb128 0xe
 896 015a 3A       		.uleb128 0x3a
 897 015b 0B       		.uleb128 0xb
 898 015c 3B       		.uleb128 0x3b
 899 015d 0B       		.uleb128 0xb
 900 015e 00       		.byte	0
ARM GAS  C:\Users\TERENC~1\AppData\Local\Temp\cc28re0c.s 			page 25


 901 015f 00       		.byte	0
 902 0160 00       		.byte	0
 903              		.section	.debug_loc,"",%progbits
 904              	.Ldebug_loc0:
 905              	.LLST0:
 906 0000 00000000 		.4byte	.LVL0
 907 0004 11000000 		.4byte	.LVL1-1
 908 0008 0100     		.2byte	0x1
 909 000a 50       		.byte	0x50
 910 000b 11000000 		.4byte	.LVL1-1
 911 000f 3E000000 		.4byte	.LVL8
 912 0013 0100     		.2byte	0x1
 913 0015 55       		.byte	0x55
 914 0016 3E000000 		.4byte	.LVL8
 915 001a 44000000 		.4byte	.LFE32
 916 001e 0400     		.2byte	0x4
 917 0020 F3       		.byte	0xf3
 918 0021 01       		.uleb128 0x1
 919 0022 50       		.byte	0x50
 920 0023 9F       		.byte	0x9f
 921 0024 00000000 		.4byte	0
 922 0028 00000000 		.4byte	0
 923              	.LLST1:
 924 002c 00000000 		.4byte	.LVL0
 925 0030 11000000 		.4byte	.LVL1-1
 926 0034 0100     		.2byte	0x1
 927 0036 51       		.byte	0x51
 928 0037 11000000 		.4byte	.LVL1-1
 929 003b 3E000000 		.4byte	.LVL7
 930 003f 0100     		.2byte	0x1
 931 0041 54       		.byte	0x54
 932 0042 3E000000 		.4byte	.LVL7
 933 0046 44000000 		.4byte	.LFE32
 934 004a 0400     		.2byte	0x4
 935 004c F3       		.byte	0xf3
 936 004d 01       		.uleb128 0x1
 937 004e 51       		.byte	0x51
 938 004f 9F       		.byte	0x9f
 939 0050 00000000 		.4byte	0
 940 0054 00000000 		.4byte	0
 941              	.LLST2:
 942 0058 1C000000 		.4byte	.LVL2
 943 005c 26000000 		.4byte	.LVL3
 944 0060 0100     		.2byte	0x1
 945 0062 55       		.byte	0x55
 946 0063 00000000 		.4byte	0
 947 0067 00000000 		.4byte	0
 948              	.LLST3:
 949 006b 1C000000 		.4byte	.LVL2
 950 006f 26000000 		.4byte	.LVL3
 951 0073 0200     		.2byte	0x2
 952 0075 30       		.byte	0x30
 953 0076 9F       		.byte	0x9f
 954 0077 00000000 		.4byte	0
 955 007b 00000000 		.4byte	0
 956              	.LLST4:
 957 007f 26000000 		.4byte	.LVL3
ARM GAS  C:\Users\TERENC~1\AppData\Local\Temp\cc28re0c.s 			page 26


 958 0083 30000000 		.4byte	.LVL4
 959 0087 0100     		.2byte	0x1
 960 0089 54       		.byte	0x54
 961 008a 00000000 		.4byte	0
 962 008e 00000000 		.4byte	0
 963              	.LLST5:
 964 0092 26000000 		.4byte	.LVL3
 965 0096 30000000 		.4byte	.LVL4
 966 009a 0200     		.2byte	0x2
 967 009c 30       		.byte	0x30
 968 009d 9F       		.byte	0x9f
 969 009e 00000000 		.4byte	0
 970 00a2 00000000 		.4byte	0
 971              	.LLST6:
 972 00a6 30000000 		.4byte	.LVL4
 973 00aa 38000000 		.4byte	.LVL5
 974 00ae 0200     		.2byte	0x2
 975 00b0 30       		.byte	0x30
 976 00b1 9F       		.byte	0x9f
 977 00b2 00000000 		.4byte	0
 978 00b6 00000000 		.4byte	0
 979              		.section	.debug_aranges,"",%progbits
 980 0000 24000000 		.4byte	0x24
 981 0004 0200     		.2byte	0x2
 982 0006 00000000 		.4byte	.Ldebug_info0
 983 000a 04       		.byte	0x4
 984 000b 00       		.byte	0
 985 000c 0000     		.2byte	0
 986 000e 0000     		.2byte	0
 987 0010 00000000 		.4byte	.LFB33
 988 0014 1C000000 		.4byte	.LFE33-.LFB33
 989 0018 00000000 		.4byte	.LFB32
 990 001c 44000000 		.4byte	.LFE32-.LFB32
 991 0020 00000000 		.4byte	0
 992 0024 00000000 		.4byte	0
 993              		.section	.debug_ranges,"",%progbits
 994              	.Ldebug_ranges0:
 995 0000 00000000 		.4byte	.LFB33
 996 0004 1C000000 		.4byte	.LFE33
 997 0008 00000000 		.4byte	.LFB32
 998 000c 44000000 		.4byte	.LFE32
 999 0010 00000000 		.4byte	0
 1000 0014 00000000 		.4byte	0
 1001              		.section	.debug_line,"",%progbits
 1002              	.Ldebug_line0:
 1003 0000 9B000000 		.section	.debug_str,"MS",%progbits,1
 1003      02005800 
 1003      00000201 
 1003      FB0E0D00 
 1003      01010101 
 1004              	.LASF23:
 1005 0000 64737441 		.ascii	"dstAddress\000"
 1005      64647265 
 1005      737300
 1006              	.LASF28:
 1007 000b 4379446D 		.ascii	"CyDmaValidateDescriptor\000"
 1007      6156616C 
ARM GAS  C:\Users\TERENC~1\AppData\Local\Temp\cc28re0c.s 			page 27


 1007      69646174 
 1007      65446573 
 1007      63726970 
 1008              	.LASF26:
 1009 0023 4379446D 		.ascii	"CyDmaSetSrcAddress\000"
 1009      61536574 
 1009      53726341 
 1009      64647265 
 1009      737300
 1010              	.LASF2:
 1011 0036 73686F72 		.ascii	"short int\000"
 1011      7420696E 
 1011      7400
 1012              	.LASF15:
 1013 0040 73697A65 		.ascii	"sizetype\000"
 1013      74797065 
 1013      00
 1014              	.LASF34:
 1015 0049 5278444D 		.ascii	"RxDMA_ChEnable\000"
 1015      415F4368 
 1015      456E6162 
 1015      6C6500
 1016              	.LASF35:
 1017 0058 5278444D 		.ascii	"RxDMA_Init\000"
 1017      415F496E 
 1017      697400
 1018              	.LASF31:
 1019 0063 474E5520 		.ascii	"GNU C11 5.4.1 20160609 (release) [ARM/embedded-5-br"
 1019      43313120 
 1019      352E342E 
 1019      31203230 
 1019      31363036 
 1020 0096 616E6368 		.ascii	"anch revision 237715] -mcpu=cortex-m0 -mthumb -g -O"
 1020      20726576 
 1020      6973696F 
 1020      6E203233 
 1020      37373135 
 1021 00c9 67202D66 		.ascii	"g -ffunction-sections -ffat-lto-objects\000"
 1021      66756E63 
 1021      74696F6E 
 1021      2D736563 
 1021      74696F6E 
 1022              	.LASF16:
 1023 00f1 6379646D 		.ascii	"cydma_channel_ctl_struct\000"
 1023      615F6368 
 1023      616E6E65 
 1023      6C5F6374 
 1023      6C5F7374 
 1024              	.LASF9:
 1025 010a 75696E74 		.ascii	"uint8\000"
 1025      3800
 1026              	.LASF36:
 1027 0110 5278444D 		.ascii	"RxDMA_Start\000"
 1027      415F5374 
 1027      61727400 
 1028              	.LASF24:
 1029 011c 5278444D 		.ascii	"RxDMA_SetSrcAddress\000"
ARM GAS  C:\Users\TERENC~1\AppData\Local\Temp\cc28re0c.s 			page 28


 1029      415F5365 
 1029      74537263 
 1029      41646472 
 1029      65737300 
 1030              	.LASF12:
 1031 0130 666C6F61 		.ascii	"float\000"
 1031      7400
 1032              	.LASF6:
 1033 0136 6C6F6E67 		.ascii	"long long int\000"
 1033      206C6F6E 
 1033      6720696E 
 1033      7400
 1034              	.LASF4:
 1035 0144 6C6F6E67 		.ascii	"long int\000"
 1035      20696E74 
 1035      00
 1036              	.LASF27:
 1037 014d 4379446D 		.ascii	"CyDmaSetDstAddress\000"
 1037      61536574 
 1037      44737441 
 1037      64647265 
 1037      737300
 1038              	.LASF33:
 1039 0160 433A5C55 		.ascii	"C:\\Users\\Terence Kim\\Documents\\PSoC Creator\\CY"
 1039      73657273 
 1039      5C546572 
 1039      656E6365 
 1039      204B696D 
 1040 018e 38434B49 		.ascii	"8CKIT_046_USB_Audio01\\Icebreaker.cydsn\000"
 1040      545F3034 
 1040      365F5553 
 1040      425F4175 
 1040      64696F30 
 1041              	.LASF37:
 1042 01b5 5278444D 		.ascii	"RxDMA_initVar\000"
 1042      415F696E 
 1042      69745661 
 1042      7200
 1043              	.LASF1:
 1044 01c3 756E7369 		.ascii	"unsigned char\000"
 1044      676E6564 
 1044      20636861 
 1044      7200
 1045              	.LASF0:
 1046 01d1 7369676E 		.ascii	"signed char\000"
 1046      65642063 
 1046      68617200 
 1047              	.LASF7:
 1048 01dd 6C6F6E67 		.ascii	"long long unsigned int\000"
 1048      206C6F6E 
 1048      6720756E 
 1048      7369676E 
 1048      65642069 
 1049              	.LASF8:
 1050 01f4 756E7369 		.ascii	"unsigned int\000"
 1050      676E6564 
 1050      20696E74 
ARM GAS  C:\Users\TERENC~1\AppData\Local\Temp\cc28re0c.s 			page 29


 1050      00
 1051              	.LASF3:
 1052 0201 73686F72 		.ascii	"short unsigned int\000"
 1052      7420756E 
 1052      7369676E 
 1052      65642069 
 1052      6E7400
 1053              	.LASF17:
 1054 0214 73746174 		.ascii	"status\000"
 1054      757300
 1055              	.LASF20:
 1056 021b 6379646D 		.ascii	"cydma_descriptor_ram_struct\000"
 1056      615F6465 
 1056      73637269 
 1056      70746F72 
 1056      5F72616D 
 1057              	.LASF14:
 1058 0237 63686172 		.ascii	"char\000"
 1058      00
 1059              	.LASF18:
 1060 023c 6379646D 		.ascii	"cydma_descriptor_struct\000"
 1060      615F6465 
 1060      73637269 
 1060      70746F72 
 1060      5F737472 
 1061              	.LASF25:
 1062 0254 73726341 		.ascii	"srcAddress\000"
 1062      64647265 
 1062      737300
 1063              	.LASF10:
 1064 025f 75696E74 		.ascii	"uint32\000"
 1064      333200
 1065              	.LASF5:
 1066 0266 6C6F6E67 		.ascii	"long unsigned int\000"
 1066      20756E73 
 1066      69676E65 
 1066      6420696E 
 1066      7400
 1067              	.LASF11:
 1068 0278 696E7433 		.ascii	"int32\000"
 1068      3200
 1069              	.LASF13:
 1070 027e 646F7562 		.ascii	"double\000"
 1070      6C6500
 1071              	.LASF32:
 1072 0285 47656E65 		.ascii	"Generated_Source\\PSoC4\\RxDMA.c\000"
 1072      72617465 
 1072      645F536F 
 1072      75726365 
 1072      5C50536F 
 1073              	.LASF22:
 1074 02a4 5278444D 		.ascii	"RxDMA_SetDstAddress\000"
 1074      415F5365 
 1074      74447374 
 1074      41646472 
 1074      65737300 
 1075              	.LASF29:
ARM GAS  C:\Users\TERENC~1\AppData\Local\Temp\cc28re0c.s 			page 30


 1076 02b8 4379446D 		.ascii	"CyDmaChEnable\000"
 1076      61436845 
 1076      6E61626C 
 1076      6500
 1077              	.LASF30:
 1078 02c6 4379446D 		.ascii	"CyDmaEnable\000"
 1078      61456E61 
 1078      626C6500 
 1079              	.LASF19:
 1080 02d2 64657363 		.ascii	"descriptor\000"
 1080      72697074 
 1080      6F7200
 1081              	.LASF21:
 1082 02dd 5278444D 		.ascii	"RxDMA_ValidateDescriptor\000"
 1082      415F5661 
 1082      6C696461 
 1082      74654465 
 1082      73637269 
 1083              		.ident	"GCC: (GNU Tools for ARM Embedded Processors) 5.4.1 20160609 (release) [ARM/embedded-5-bran
