ARM GAS  C:\Users\TERENC~1\AppData\Local\Temp\ccH9TMhY.s 			page 1


   1              		.syntax unified
   2              		.cpu cortex-m0
   3              		.fpu softvfp
   4              		.eabi_attribute 20, 1
   5              		.eabi_attribute 21, 1
   6              		.eabi_attribute 23, 3
   7              		.eabi_attribute 24, 1
   8              		.eabi_attribute 25, 1
   9              		.eabi_attribute 26, 1
  10              		.eabi_attribute 30, 1
  11              		.eabi_attribute 34, 0
  12              		.eabi_attribute 18, 4
  13              		.thumb
  14              		.syntax unified
  15              		.file	"USBFS_cls.c"
  16              		.text
  17              	.Ltext0:
  18              		.cfi_sections	.debug_frame
  19              		.section	.text.USBFS_DispatchClassRqst,"ax",%progbits
  20              		.align	2
  21              		.global	USBFS_DispatchClassRqst
  22              		.code	16
  23              		.thumb_func
  24              		.type	USBFS_DispatchClassRqst, %function
  25              	USBFS_DispatchClassRqst:
  26              	.LFB161:
  27              		.file 1 "Generated_Source\\PSoC4\\USBFS_cls.c"
   1:Generated_Source\PSoC4/USBFS_cls.c **** /***************************************************************************//**
   2:Generated_Source\PSoC4/USBFS_cls.c **** * \file USBFS_cls.c
   3:Generated_Source\PSoC4/USBFS_cls.c **** * \version 3.20
   4:Generated_Source\PSoC4/USBFS_cls.c **** *
   5:Generated_Source\PSoC4/USBFS_cls.c **** * \brief
   6:Generated_Source\PSoC4/USBFS_cls.c **** *  This file contains the USB Class request handler.
   7:Generated_Source\PSoC4/USBFS_cls.c **** *
   8:Generated_Source\PSoC4/USBFS_cls.c **** ********************************************************************************
   9:Generated_Source\PSoC4/USBFS_cls.c **** * \copyright
  10:Generated_Source\PSoC4/USBFS_cls.c **** * Copyright 2008-2016, Cypress Semiconductor Corporation.  All rights reserved.
  11:Generated_Source\PSoC4/USBFS_cls.c **** * You may use this file only in accordance with the license, terms, conditions,
  12:Generated_Source\PSoC4/USBFS_cls.c **** * disclaimers, and limitations in the end user license agreement accompanying
  13:Generated_Source\PSoC4/USBFS_cls.c **** * the software package with which this file was provided.
  14:Generated_Source\PSoC4/USBFS_cls.c **** *******************************************************************************/
  15:Generated_Source\PSoC4/USBFS_cls.c **** 
  16:Generated_Source\PSoC4/USBFS_cls.c **** #include "USBFS_pvt.h"
  17:Generated_Source\PSoC4/USBFS_cls.c **** #include "cyapicallbacks.h"
  18:Generated_Source\PSoC4/USBFS_cls.c **** 
  19:Generated_Source\PSoC4/USBFS_cls.c **** #if(USBFS_EXTERN_CLS == USBFS_FALSE)
  20:Generated_Source\PSoC4/USBFS_cls.c **** 
  21:Generated_Source\PSoC4/USBFS_cls.c **** /***************************************
  22:Generated_Source\PSoC4/USBFS_cls.c **** * User Implemented Class Driver Declarations.
  23:Generated_Source\PSoC4/USBFS_cls.c **** ***************************************/
  24:Generated_Source\PSoC4/USBFS_cls.c **** /* `#START USER_DEFINED_CLASS_DECLARATIONS` Place your declaration here */
  25:Generated_Source\PSoC4/USBFS_cls.c **** 
  26:Generated_Source\PSoC4/USBFS_cls.c **** /* `#END` */
  27:Generated_Source\PSoC4/USBFS_cls.c **** 
  28:Generated_Source\PSoC4/USBFS_cls.c **** 
  29:Generated_Source\PSoC4/USBFS_cls.c **** /*******************************************************************************
  30:Generated_Source\PSoC4/USBFS_cls.c **** * Function Name: USBFS_DispatchClassRqst
ARM GAS  C:\Users\TERENC~1\AppData\Local\Temp\ccH9TMhY.s 			page 2


  31:Generated_Source\PSoC4/USBFS_cls.c **** ****************************************************************************//**
  32:Generated_Source\PSoC4/USBFS_cls.c **** *  This routine dispatches class specific requests depend on interface class.
  33:Generated_Source\PSoC4/USBFS_cls.c **** *
  34:Generated_Source\PSoC4/USBFS_cls.c **** * \return
  35:Generated_Source\PSoC4/USBFS_cls.c **** *  requestHandled.
  36:Generated_Source\PSoC4/USBFS_cls.c **** *
  37:Generated_Source\PSoC4/USBFS_cls.c **** * \reentrant
  38:Generated_Source\PSoC4/USBFS_cls.c **** *  No.
  39:Generated_Source\PSoC4/USBFS_cls.c **** *
  40:Generated_Source\PSoC4/USBFS_cls.c **** *******************************************************************************/
  41:Generated_Source\PSoC4/USBFS_cls.c **** uint8 USBFS_DispatchClassRqst(void) 
  42:Generated_Source\PSoC4/USBFS_cls.c **** {
  28              		.loc 1 42 0
  29              		.cfi_startproc
  30              		@ args = 0, pretend = 0, frame = 0
  31              		@ frame_needed = 0, uses_anonymous_args = 0
  32 0000 10B5     		push	{r4, lr}
  33              		.cfi_def_cfa_offset 8
  34              		.cfi_offset 4, -8
  35              		.cfi_offset 14, -4
  36              	.LVL0:
  43:Generated_Source\PSoC4/USBFS_cls.c ****     uint8 interfaceNumber;
  44:Generated_Source\PSoC4/USBFS_cls.c ****     uint8 requestHandled = USBFS_FALSE;
  45:Generated_Source\PSoC4/USBFS_cls.c **** 
  46:Generated_Source\PSoC4/USBFS_cls.c ****     /* Get interface to which request is intended. */
  47:Generated_Source\PSoC4/USBFS_cls.c ****     switch (USBFS_bmRequestTypeReg & USBFS_RQST_RCPT_MASK)
  37              		.loc 1 47 0
  38 0002 164B     		ldr	r3, .L13
  39 0004 1B68     		ldr	r3, [r3]
  40 0006 0322     		movs	r2, #3
  41 0008 1340     		ands	r3, r2
  42 000a 012B     		cmp	r3, #1
  43 000c 02D0     		beq	.L3
  44 000e 022B     		cmp	r3, #2
  45 0010 04D0     		beq	.L4
  46 0012 0FE0     		b	.L11
  47              	.L3:
  48:Generated_Source\PSoC4/USBFS_cls.c ****     {
  49:Generated_Source\PSoC4/USBFS_cls.c ****         case USBFS_RQST_RCPT_IFC:
  50:Generated_Source\PSoC4/USBFS_cls.c ****             /* Class-specific request directed to interface: wIndexLoReg 
  51:Generated_Source\PSoC4/USBFS_cls.c ****             * contains interface number.
  52:Generated_Source\PSoC4/USBFS_cls.c ****             */
  53:Generated_Source\PSoC4/USBFS_cls.c ****             interfaceNumber = (uint8) USBFS_wIndexLoReg;
  48              		.loc 1 53 0
  49 0014 114B     		ldr	r3, .L13
  50 0016 1B69     		ldr	r3, [r3, #16]
  51 0018 DBB2     		uxtb	r3, r3
  52              	.LVL1:
  54:Generated_Source\PSoC4/USBFS_cls.c ****             break;
  53              		.loc 1 54 0
  54 001a 0CE0     		b	.L2
  55              	.LVL2:
  56              	.L4:
  55:Generated_Source\PSoC4/USBFS_cls.c ****         
  56:Generated_Source\PSoC4/USBFS_cls.c ****         case USBFS_RQST_RCPT_EP:
  57:Generated_Source\PSoC4/USBFS_cls.c ****             /* Class-specific request directed to endpoint: wIndexLoReg contains 
  58:Generated_Source\PSoC4/USBFS_cls.c ****             * endpoint number. Find interface related to endpoint. 
ARM GAS  C:\Users\TERENC~1\AppData\Local\Temp\ccH9TMhY.s 			page 3


  59:Generated_Source\PSoC4/USBFS_cls.c ****             */
  60:Generated_Source\PSoC4/USBFS_cls.c ****             interfaceNumber = USBFS_EP[USBFS_wIndexLoReg & USBFS_DIR_UNUSED].interface;
  57              		.loc 1 60 0
  58 001c 0F4B     		ldr	r3, .L13
  59 001e 1B69     		ldr	r3, [r3, #16]
  60 0020 7F22     		movs	r2, #127
  61 0022 1340     		ands	r3, r2
  62 0024 5A00     		lsls	r2, r3, #1
  63 0026 D318     		adds	r3, r2, r3
  64 0028 9A00     		lsls	r2, r3, #2
  65 002a 0D4B     		ldr	r3, .L13+4
  66 002c 9A18     		adds	r2, r3, r2
  67 002e 937A     		ldrb	r3, [r2, #10]
  68 0030 DBB2     		uxtb	r3, r3
  69              	.LVL3:
  61:Generated_Source\PSoC4/USBFS_cls.c ****             break;
  70              		.loc 1 61 0
  71 0032 00E0     		b	.L2
  72              	.LVL4:
  73              	.L11:
  62:Generated_Source\PSoC4/USBFS_cls.c ****             
  63:Generated_Source\PSoC4/USBFS_cls.c ****         default:
  64:Generated_Source\PSoC4/USBFS_cls.c ****             /* Default interface is zero. */
  65:Generated_Source\PSoC4/USBFS_cls.c ****             interfaceNumber = 0u;
  74              		.loc 1 65 0
  75 0034 0023     		movs	r3, #0
  76              	.L2:
  77              	.LVL5:
  66:Generated_Source\PSoC4/USBFS_cls.c ****             break;
  67:Generated_Source\PSoC4/USBFS_cls.c ****     }
  68:Generated_Source\PSoC4/USBFS_cls.c ****     
  69:Generated_Source\PSoC4/USBFS_cls.c ****     /* Check that interface is within acceptable range */
  70:Generated_Source\PSoC4/USBFS_cls.c ****     if (interfaceNumber <= USBFS_MAX_INTERFACES_NUMBER)
  78              		.loc 1 70 0
  79 0036 042B     		cmp	r3, #4
  80 0038 0CD8     		bhi	.L9
  71:Generated_Source\PSoC4/USBFS_cls.c ****     {
  72:Generated_Source\PSoC4/USBFS_cls.c ****     #if (defined(USBFS_ENABLE_HID_CLASS)   || \
  73:Generated_Source\PSoC4/USBFS_cls.c ****          defined(USBFS_ENABLE_AUDIO_CLASS) || \
  74:Generated_Source\PSoC4/USBFS_cls.c ****          defined(USBFS_ENABLE_CDC_CLASS)   || \
  75:Generated_Source\PSoC4/USBFS_cls.c ****          USBFS_ENABLE_MSC_CLASS)
  76:Generated_Source\PSoC4/USBFS_cls.c **** 
  77:Generated_Source\PSoC4/USBFS_cls.c ****         /* Handle class request depends on interface type. */
  78:Generated_Source\PSoC4/USBFS_cls.c ****         switch (USBFS_interfaceClass[interfaceNumber])
  81              		.loc 1 78 0
  82 003a 0A4A     		ldr	r2, .L13+8
  83 003c 1268     		ldr	r2, [r2]
  84 003e D35C     		ldrb	r3, [r2, r3]
  85              	.LVL6:
  86 0040 012B     		cmp	r3, #1
  87 0042 04D0     		beq	.L6
  88 0044 032B     		cmp	r3, #3
  89 0046 07D1     		bne	.L12
  79:Generated_Source\PSoC4/USBFS_cls.c ****         {
  80:Generated_Source\PSoC4/USBFS_cls.c ****         #if defined(USBFS_ENABLE_HID_CLASS)
  81:Generated_Source\PSoC4/USBFS_cls.c ****             case USBFS_CLASS_HID:
  82:Generated_Source\PSoC4/USBFS_cls.c ****                 requestHandled = USBFS_DispatchHIDClassRqst();
ARM GAS  C:\Users\TERENC~1\AppData\Local\Temp\ccH9TMhY.s 			page 4


  90              		.loc 1 82 0
  91 0048 FFF7FEFF 		bl	USBFS_DispatchHIDClassRqst
  92              	.LVL7:
  83:Generated_Source\PSoC4/USBFS_cls.c ****                 break;
  93              		.loc 1 83 0
  94 004c 05E0     		b	.L5
  95              	.LVL8:
  96              	.L6:
  84:Generated_Source\PSoC4/USBFS_cls.c ****         #endif /* (USBFS_ENABLE_HID_CLASS) */
  85:Generated_Source\PSoC4/USBFS_cls.c ****                 
  86:Generated_Source\PSoC4/USBFS_cls.c ****         #if defined(USBFS_ENABLE_AUDIO_CLASS)
  87:Generated_Source\PSoC4/USBFS_cls.c ****             case USBFS_CLASS_AUDIO:
  88:Generated_Source\PSoC4/USBFS_cls.c ****                 requestHandled = USBFS_DispatchAUDIOClassRqst();
  97              		.loc 1 88 0
  98 004e FFF7FEFF 		bl	USBFS_DispatchAUDIOClassRqst
  99              	.LVL9:
  89:Generated_Source\PSoC4/USBFS_cls.c ****                 break;
 100              		.loc 1 89 0
 101 0052 02E0     		b	.L5
 102              	.LVL10:
 103              	.L9:
  44:Generated_Source\PSoC4/USBFS_cls.c **** 
 104              		.loc 1 44 0
 105 0054 0020     		movs	r0, #0
 106 0056 00E0     		b	.L5
 107              	.LVL11:
 108              	.L12:
  90:Generated_Source\PSoC4/USBFS_cls.c ****         #endif /* (USBFS_CLASS_AUDIO) */
  91:Generated_Source\PSoC4/USBFS_cls.c ****                 
  92:Generated_Source\PSoC4/USBFS_cls.c ****         #if defined(USBFS_ENABLE_CDC_CLASS)
  93:Generated_Source\PSoC4/USBFS_cls.c ****             case USBFS_CLASS_CDC:
  94:Generated_Source\PSoC4/USBFS_cls.c ****                 requestHandled = USBFS_DispatchCDCClassRqst();
  95:Generated_Source\PSoC4/USBFS_cls.c ****                 break;
  96:Generated_Source\PSoC4/USBFS_cls.c ****         #endif /* (USBFS_ENABLE_CDC_CLASS) */
  97:Generated_Source\PSoC4/USBFS_cls.c ****             
  98:Generated_Source\PSoC4/USBFS_cls.c ****         #if (USBFS_ENABLE_MSC_CLASS)
  99:Generated_Source\PSoC4/USBFS_cls.c ****             case USBFS_CLASS_MSD:
 100:Generated_Source\PSoC4/USBFS_cls.c ****             #if (USBFS_HANDLE_MSC_REQUESTS)
 101:Generated_Source\PSoC4/USBFS_cls.c ****                 /* MSC requests are handled by the component. */
 102:Generated_Source\PSoC4/USBFS_cls.c ****                 requestHandled = USBFS_DispatchMSCClassRqst();
 103:Generated_Source\PSoC4/USBFS_cls.c ****             #elif defined(USBFS_DISPATCH_MSC_CLASS_RQST_CALLBACK)
 104:Generated_Source\PSoC4/USBFS_cls.c ****                 /* MSC requests are handled by user defined callbcak. */
 105:Generated_Source\PSoC4/USBFS_cls.c ****                 requestHandled = USBFS_DispatchMSCClassRqst_Callback();
 106:Generated_Source\PSoC4/USBFS_cls.c ****             #else
 107:Generated_Source\PSoC4/USBFS_cls.c ****                 /* MSC requests are not handled. */
 108:Generated_Source\PSoC4/USBFS_cls.c ****                 requestHandled = USBFS_FALSE;
 109:Generated_Source\PSoC4/USBFS_cls.c ****             #endif /* (USBFS_HANDLE_MSC_REQUESTS) */
 110:Generated_Source\PSoC4/USBFS_cls.c ****                 break;
 111:Generated_Source\PSoC4/USBFS_cls.c ****         #endif /* (USBFS_ENABLE_MSC_CLASS) */
 112:Generated_Source\PSoC4/USBFS_cls.c ****             
 113:Generated_Source\PSoC4/USBFS_cls.c ****             default:
 114:Generated_Source\PSoC4/USBFS_cls.c ****                 /* Request is not handled: unknown class request type. */
 115:Generated_Source\PSoC4/USBFS_cls.c ****                 requestHandled = USBFS_FALSE;
 109              		.loc 1 115 0
 110 0058 0020     		movs	r0, #0
 111              	.LVL12:
 112              	.L5:
ARM GAS  C:\Users\TERENC~1\AppData\Local\Temp\ccH9TMhY.s 			page 5


 116:Generated_Source\PSoC4/USBFS_cls.c ****                 break;
 117:Generated_Source\PSoC4/USBFS_cls.c ****         }
 118:Generated_Source\PSoC4/USBFS_cls.c ****     #endif /* Class support is enabled */
 119:Generated_Source\PSoC4/USBFS_cls.c ****     }
 120:Generated_Source\PSoC4/USBFS_cls.c ****     
 121:Generated_Source\PSoC4/USBFS_cls.c ****     /* `#START USER_DEFINED_CLASS_CODE` Place your Class request here */
 122:Generated_Source\PSoC4/USBFS_cls.c **** 
 123:Generated_Source\PSoC4/USBFS_cls.c ****     /* `#END` */
 124:Generated_Source\PSoC4/USBFS_cls.c **** 
 125:Generated_Source\PSoC4/USBFS_cls.c **** #ifdef USBFS_DISPATCH_CLASS_RQST_CALLBACK
 126:Generated_Source\PSoC4/USBFS_cls.c ****     if (USBFS_FALSE == requestHandled)
 127:Generated_Source\PSoC4/USBFS_cls.c ****     {
 128:Generated_Source\PSoC4/USBFS_cls.c ****         requestHandled = USBFS_DispatchClassRqst_Callback(interfaceNumber);
 129:Generated_Source\PSoC4/USBFS_cls.c ****     }
 130:Generated_Source\PSoC4/USBFS_cls.c **** #endif /* (USBFS_DISPATCH_CLASS_RQST_CALLBACK) */
 131:Generated_Source\PSoC4/USBFS_cls.c **** 
 132:Generated_Source\PSoC4/USBFS_cls.c ****     return (requestHandled);
 133:Generated_Source\PSoC4/USBFS_cls.c **** }
 113              		.loc 1 133 0
 114              		@ sp needed
 115 005a 10BD     		pop	{r4, pc}
 116              	.L14:
 117              		.align	2
 118              	.L13:
 119 005c 00002C40 		.word	1076625408
 120 0060 00000000 		.word	USBFS_EP
 121 0064 00000000 		.word	USBFS_interfaceClass
 122              		.cfi_endproc
 123              	.LFE161:
 124              		.size	USBFS_DispatchClassRqst, .-USBFS_DispatchClassRqst
 125              		.text
 126              	.Letext0:
 127              		.file 2 "Generated_Source\\PSoC4\\cytypes.h"
 128              		.file 3 "Generated_Source\\PSoC4\\USBFS.h"
 129              		.file 4 "Generated_Source\\PSoC4\\USBFS_pvt.h"
 130              		.section	.debug_info,"",%progbits
 131              	.Ldebug_info0:
 132 0000 FA010000 		.4byte	0x1fa
 133 0004 0400     		.2byte	0x4
 134 0006 00000000 		.4byte	.Ldebug_abbrev0
 135 000a 04       		.byte	0x4
 136 000b 01       		.uleb128 0x1
 137 000c 89010000 		.4byte	.LASF35
 138 0010 0C       		.byte	0xc
 139 0011 45010000 		.4byte	.LASF36
 140 0015 3A020000 		.4byte	.LASF37
 141 0019 00000000 		.4byte	.Ldebug_ranges0+0
 142 001d 00000000 		.4byte	0
 143 0021 00000000 		.4byte	.Ldebug_line0
 144 0025 02       		.uleb128 0x2
 145 0026 01       		.byte	0x1
 146 0027 06       		.byte	0x6
 147 0028 9B020000 		.4byte	.LASF0
 148 002c 02       		.uleb128 0x2
 149 002d 01       		.byte	0x1
 150 002e 08       		.byte	0x8
 151 002f EF000000 		.4byte	.LASF1
ARM GAS  C:\Users\TERENC~1\AppData\Local\Temp\ccH9TMhY.s 			page 6


 152 0033 02       		.uleb128 0x2
 153 0034 02       		.byte	0x2
 154 0035 05       		.byte	0x5
 155 0036 6C020000 		.4byte	.LASF2
 156 003a 02       		.uleb128 0x2
 157 003b 02       		.byte	0x2
 158 003c 07       		.byte	0x7
 159 003d 00000000 		.4byte	.LASF3
 160 0041 02       		.uleb128 0x2
 161 0042 04       		.byte	0x4
 162 0043 05       		.byte	0x5
 163 0044 86020000 		.4byte	.LASF4
 164 0048 02       		.uleb128 0x2
 165 0049 04       		.byte	0x4
 166 004a 07       		.byte	0x7
 167 004b BF000000 		.4byte	.LASF5
 168 004f 02       		.uleb128 0x2
 169 0050 08       		.byte	0x8
 170 0051 05       		.byte	0x5
 171 0052 27020000 		.4byte	.LASF6
 172 0056 02       		.uleb128 0x2
 173 0057 08       		.byte	0x8
 174 0058 07       		.byte	0x7
 175 0059 68010000 		.4byte	.LASF7
 176 005d 03       		.uleb128 0x3
 177 005e 04       		.byte	0x4
 178 005f 05       		.byte	0x5
 179 0060 696E7400 		.ascii	"int\000"
 180 0064 02       		.uleb128 0x2
 181 0065 04       		.byte	0x4
 182 0066 07       		.byte	0x7
 183 0067 13000000 		.4byte	.LASF8
 184 006b 04       		.uleb128 0x4
 185 006c 76020000 		.4byte	.LASF9
 186 0070 02       		.byte	0x2
 187 0071 E401     		.2byte	0x1e4
 188 0073 2C000000 		.4byte	0x2c
 189 0077 04       		.uleb128 0x4
 190 0078 2C010000 		.4byte	.LASF10
 191 007c 02       		.byte	0x2
 192 007d E501     		.2byte	0x1e5
 193 007f 3A000000 		.4byte	0x3a
 194 0083 04       		.uleb128 0x4
 195 0084 3E010000 		.4byte	.LASF11
 196 0088 02       		.byte	0x2
 197 0089 E601     		.2byte	0x1e6
 198 008b 48000000 		.4byte	0x48
 199 008f 02       		.uleb128 0x2
 200 0090 04       		.byte	0x4
 201 0091 04       		.byte	0x4
 202 0092 83000000 		.4byte	.LASF12
 203 0096 02       		.uleb128 0x2
 204 0097 08       		.byte	0x8
 205 0098 04       		.byte	0x4
 206 0099 13010000 		.4byte	.LASF13
 207 009d 02       		.uleb128 0x2
 208 009e 01       		.byte	0x1
ARM GAS  C:\Users\TERENC~1\AppData\Local\Temp\ccH9TMhY.s 			page 7


 209 009f 08       		.byte	0x8
 210 00a0 35020000 		.4byte	.LASF14
 211 00a4 02       		.uleb128 0x2
 212 00a5 08       		.byte	0x8
 213 00a6 04       		.byte	0x4
 214 00a7 8F020000 		.4byte	.LASF15
 215 00ab 02       		.uleb128 0x2
 216 00ac 04       		.byte	0x4
 217 00ad 07       		.byte	0x7
 218 00ae 17020000 		.4byte	.LASF16
 219 00b2 05       		.uleb128 0x5
 220 00b3 0C       		.byte	0xc
 221 00b4 03       		.byte	0x3
 222 00b5 95       		.byte	0x95
 223 00b6 27010000 		.4byte	0x127
 224 00ba 06       		.uleb128 0x6
 225 00bb 1A010000 		.4byte	.LASF17
 226 00bf 03       		.byte	0x3
 227 00c0 97       		.byte	0x97
 228 00c1 6B000000 		.4byte	0x6b
 229 00c5 00       		.byte	0
 230 00c6 06       		.uleb128 0x6
 231 00c7 33010000 		.4byte	.LASF18
 232 00cb 03       		.byte	0x3
 233 00cc 98       		.byte	0x98
 234 00cd 6B000000 		.4byte	0x6b
 235 00d1 01       		.byte	0x1
 236 00d2 06       		.uleb128 0x6
 237 00d3 7F010000 		.4byte	.LASF19
 238 00d7 03       		.byte	0x3
 239 00d8 99       		.byte	0x99
 240 00d9 6B000000 		.4byte	0x6b
 241 00dd 02       		.byte	0x2
 242 00de 06       		.uleb128 0x6
 243 00df 89000000 		.4byte	.LASF20
 244 00e3 03       		.byte	0x3
 245 00e4 9A       		.byte	0x9a
 246 00e5 6B000000 		.4byte	0x6b
 247 00e9 03       		.byte	0x3
 248 00ea 06       		.uleb128 0x6
 249 00eb D1000000 		.4byte	.LASF21
 250 00ef 03       		.byte	0x3
 251 00f0 9B       		.byte	0x9b
 252 00f1 6B000000 		.4byte	0x6b
 253 00f5 04       		.byte	0x4
 254 00f6 06       		.uleb128 0x6
 255 00f7 20020000 		.4byte	.LASF22
 256 00fb 03       		.byte	0x3
 257 00fc 9C       		.byte	0x9c
 258 00fd 6B000000 		.4byte	0x6b
 259 0101 05       		.byte	0x5
 260 0102 06       		.uleb128 0x6
 261 0103 21010000 		.4byte	.LASF23
 262 0107 03       		.byte	0x3
 263 0108 9D       		.byte	0x9d
 264 0109 77000000 		.4byte	0x77
 265 010d 06       		.byte	0x6
ARM GAS  C:\Users\TERENC~1\AppData\Local\Temp\ccH9TMhY.s 			page 8


 266 010e 06       		.uleb128 0x6
 267 010f 61020000 		.4byte	.LASF24
 268 0113 03       		.byte	0x3
 269 0114 9E       		.byte	0x9e
 270 0115 77000000 		.4byte	0x77
 271 0119 08       		.byte	0x8
 272 011a 06       		.uleb128 0x6
 273 011b 7C020000 		.4byte	.LASF25
 274 011f 03       		.byte	0x3
 275 0120 9F       		.byte	0x9f
 276 0121 6B000000 		.4byte	0x6b
 277 0125 0A       		.byte	0xa
 278 0126 00       		.byte	0
 279 0127 07       		.uleb128 0x7
 280 0128 3D000000 		.4byte	.LASF26
 281 012c 03       		.byte	0x3
 282 012d A0       		.byte	0xa0
 283 012e B2000000 		.4byte	0xb2
 284 0132 05       		.uleb128 0x5
 285 0133 20       		.byte	0x20
 286 0134 03       		.byte	0x3
 287 0135 CD       		.byte	0xcd
 288 0136 47010000 		.4byte	0x147
 289 013a 06       		.uleb128 0x6
 290 013b 52000000 		.4byte	.LASF27
 291 013f 03       		.byte	0x3
 292 0140 CF       		.byte	0xcf
 293 0141 47010000 		.4byte	0x147
 294 0145 00       		.byte	0
 295 0146 00       		.byte	0
 296 0147 08       		.uleb128 0x8
 297 0148 83000000 		.4byte	0x83
 298 014c 57010000 		.4byte	0x157
 299 0150 09       		.uleb128 0x9
 300 0151 AB000000 		.4byte	0xab
 301 0155 07       		.byte	0x7
 302 0156 00       		.byte	0
 303 0157 07       		.uleb128 0x7
 304 0158 FD000000 		.4byte	.LASF28
 305 015c 03       		.byte	0x3
 306 015d D0       		.byte	0xd0
 307 015e 32010000 		.4byte	0x132
 308 0162 0A       		.uleb128 0xa
 309 0163 A7000000 		.4byte	.LASF38
 310 0167 01       		.byte	0x1
 311 0168 29       		.byte	0x29
 312 0169 6B000000 		.4byte	0x6b
 313 016d 00000000 		.4byte	.LFB161
 314 0171 68000000 		.4byte	.LFE161-.LFB161
 315 0175 01       		.uleb128 0x1
 316 0176 9C       		.byte	0x9c
 317 0177 AC010000 		.4byte	0x1ac
 318 017b 0B       		.uleb128 0xb
 319 017c D6000000 		.4byte	.LASF29
 320 0180 01       		.byte	0x1
 321 0181 2B       		.byte	0x2b
 322 0182 6B000000 		.4byte	0x6b
ARM GAS  C:\Users\TERENC~1\AppData\Local\Temp\ccH9TMhY.s 			page 9


 323 0186 00000000 		.4byte	.LLST0
 324 018a 0B       		.uleb128 0xb
 325 018b 74000000 		.4byte	.LASF30
 326 018f 01       		.byte	0x1
 327 0190 2C       		.byte	0x2c
 328 0191 6B000000 		.4byte	0x6b
 329 0195 34000000 		.4byte	.LLST1
 330 0199 0C       		.uleb128 0xc
 331 019a 4C000000 		.4byte	.LVL7
 332 019e E7010000 		.4byte	0x1e7
 333 01a2 0C       		.uleb128 0xc
 334 01a3 52000000 		.4byte	.LVL9
 335 01a7 F2010000 		.4byte	0x1f2
 336 01ab 00       		.byte	0
 337 01ac 0D       		.uleb128 0xd
 338 01ad 92000000 		.4byte	.LASF31
 339 01b1 04       		.byte	0x4
 340 01b2 7E       		.byte	0x7e
 341 01b3 B7010000 		.4byte	0x1b7
 342 01b7 0E       		.uleb128 0xe
 343 01b8 04       		.byte	0x4
 344 01b9 BD010000 		.4byte	0x1bd
 345 01bd 0F       		.uleb128 0xf
 346 01be 6B000000 		.4byte	0x6b
 347 01c2 08       		.uleb128 0x8
 348 01c3 D2010000 		.4byte	0x1d2
 349 01c7 D2010000 		.4byte	0x1d2
 350 01cb 09       		.uleb128 0x9
 351 01cc AB000000 		.4byte	0xab
 352 01d0 08       		.byte	0x8
 353 01d1 00       		.byte	0
 354 01d2 10       		.uleb128 0x10
 355 01d3 27010000 		.4byte	0x127
 356 01d7 0D       		.uleb128 0xd
 357 01d8 E6000000 		.4byte	.LASF32
 358 01dc 04       		.byte	0x4
 359 01dd 80       		.byte	0x80
 360 01de E2010000 		.4byte	0x1e2
 361 01e2 10       		.uleb128 0x10
 362 01e3 C2010000 		.4byte	0x1c2
 363 01e7 11       		.uleb128 0x11
 364 01e8 59000000 		.4byte	.LASF33
 365 01ec 59000000 		.4byte	.LASF33
 366 01f0 04       		.byte	0x4
 367 01f1 DE       		.byte	0xde
 368 01f2 11       		.uleb128 0x11
 369 01f3 20000000 		.4byte	.LASF34
 370 01f7 20000000 		.4byte	.LASF34
 371 01fb 04       		.byte	0x4
 372 01fc E2       		.byte	0xe2
 373 01fd 00       		.byte	0
 374              		.section	.debug_abbrev,"",%progbits
 375              	.Ldebug_abbrev0:
 376 0000 01       		.uleb128 0x1
 377 0001 11       		.uleb128 0x11
 378 0002 01       		.byte	0x1
 379 0003 25       		.uleb128 0x25
ARM GAS  C:\Users\TERENC~1\AppData\Local\Temp\ccH9TMhY.s 			page 10


 380 0004 0E       		.uleb128 0xe
 381 0005 13       		.uleb128 0x13
 382 0006 0B       		.uleb128 0xb
 383 0007 03       		.uleb128 0x3
 384 0008 0E       		.uleb128 0xe
 385 0009 1B       		.uleb128 0x1b
 386 000a 0E       		.uleb128 0xe
 387 000b 55       		.uleb128 0x55
 388 000c 17       		.uleb128 0x17
 389 000d 11       		.uleb128 0x11
 390 000e 01       		.uleb128 0x1
 391 000f 10       		.uleb128 0x10
 392 0010 17       		.uleb128 0x17
 393 0011 00       		.byte	0
 394 0012 00       		.byte	0
 395 0013 02       		.uleb128 0x2
 396 0014 24       		.uleb128 0x24
 397 0015 00       		.byte	0
 398 0016 0B       		.uleb128 0xb
 399 0017 0B       		.uleb128 0xb
 400 0018 3E       		.uleb128 0x3e
 401 0019 0B       		.uleb128 0xb
 402 001a 03       		.uleb128 0x3
 403 001b 0E       		.uleb128 0xe
 404 001c 00       		.byte	0
 405 001d 00       		.byte	0
 406 001e 03       		.uleb128 0x3
 407 001f 24       		.uleb128 0x24
 408 0020 00       		.byte	0
 409 0021 0B       		.uleb128 0xb
 410 0022 0B       		.uleb128 0xb
 411 0023 3E       		.uleb128 0x3e
 412 0024 0B       		.uleb128 0xb
 413 0025 03       		.uleb128 0x3
 414 0026 08       		.uleb128 0x8
 415 0027 00       		.byte	0
 416 0028 00       		.byte	0
 417 0029 04       		.uleb128 0x4
 418 002a 16       		.uleb128 0x16
 419 002b 00       		.byte	0
 420 002c 03       		.uleb128 0x3
 421 002d 0E       		.uleb128 0xe
 422 002e 3A       		.uleb128 0x3a
 423 002f 0B       		.uleb128 0xb
 424 0030 3B       		.uleb128 0x3b
 425 0031 05       		.uleb128 0x5
 426 0032 49       		.uleb128 0x49
 427 0033 13       		.uleb128 0x13
 428 0034 00       		.byte	0
 429 0035 00       		.byte	0
 430 0036 05       		.uleb128 0x5
 431 0037 13       		.uleb128 0x13
 432 0038 01       		.byte	0x1
 433 0039 0B       		.uleb128 0xb
 434 003a 0B       		.uleb128 0xb
 435 003b 3A       		.uleb128 0x3a
 436 003c 0B       		.uleb128 0xb
ARM GAS  C:\Users\TERENC~1\AppData\Local\Temp\ccH9TMhY.s 			page 11


 437 003d 3B       		.uleb128 0x3b
 438 003e 0B       		.uleb128 0xb
 439 003f 01       		.uleb128 0x1
 440 0040 13       		.uleb128 0x13
 441 0041 00       		.byte	0
 442 0042 00       		.byte	0
 443 0043 06       		.uleb128 0x6
 444 0044 0D       		.uleb128 0xd
 445 0045 00       		.byte	0
 446 0046 03       		.uleb128 0x3
 447 0047 0E       		.uleb128 0xe
 448 0048 3A       		.uleb128 0x3a
 449 0049 0B       		.uleb128 0xb
 450 004a 3B       		.uleb128 0x3b
 451 004b 0B       		.uleb128 0xb
 452 004c 49       		.uleb128 0x49
 453 004d 13       		.uleb128 0x13
 454 004e 38       		.uleb128 0x38
 455 004f 0B       		.uleb128 0xb
 456 0050 00       		.byte	0
 457 0051 00       		.byte	0
 458 0052 07       		.uleb128 0x7
 459 0053 16       		.uleb128 0x16
 460 0054 00       		.byte	0
 461 0055 03       		.uleb128 0x3
 462 0056 0E       		.uleb128 0xe
 463 0057 3A       		.uleb128 0x3a
 464 0058 0B       		.uleb128 0xb
 465 0059 3B       		.uleb128 0x3b
 466 005a 0B       		.uleb128 0xb
 467 005b 49       		.uleb128 0x49
 468 005c 13       		.uleb128 0x13
 469 005d 00       		.byte	0
 470 005e 00       		.byte	0
 471 005f 08       		.uleb128 0x8
 472 0060 01       		.uleb128 0x1
 473 0061 01       		.byte	0x1
 474 0062 49       		.uleb128 0x49
 475 0063 13       		.uleb128 0x13
 476 0064 01       		.uleb128 0x1
 477 0065 13       		.uleb128 0x13
 478 0066 00       		.byte	0
 479 0067 00       		.byte	0
 480 0068 09       		.uleb128 0x9
 481 0069 21       		.uleb128 0x21
 482 006a 00       		.byte	0
 483 006b 49       		.uleb128 0x49
 484 006c 13       		.uleb128 0x13
 485 006d 2F       		.uleb128 0x2f
 486 006e 0B       		.uleb128 0xb
 487 006f 00       		.byte	0
 488 0070 00       		.byte	0
 489 0071 0A       		.uleb128 0xa
 490 0072 2E       		.uleb128 0x2e
 491 0073 01       		.byte	0x1
 492 0074 3F       		.uleb128 0x3f
 493 0075 19       		.uleb128 0x19
ARM GAS  C:\Users\TERENC~1\AppData\Local\Temp\ccH9TMhY.s 			page 12


 494 0076 03       		.uleb128 0x3
 495 0077 0E       		.uleb128 0xe
 496 0078 3A       		.uleb128 0x3a
 497 0079 0B       		.uleb128 0xb
 498 007a 3B       		.uleb128 0x3b
 499 007b 0B       		.uleb128 0xb
 500 007c 27       		.uleb128 0x27
 501 007d 19       		.uleb128 0x19
 502 007e 49       		.uleb128 0x49
 503 007f 13       		.uleb128 0x13
 504 0080 11       		.uleb128 0x11
 505 0081 01       		.uleb128 0x1
 506 0082 12       		.uleb128 0x12
 507 0083 06       		.uleb128 0x6
 508 0084 40       		.uleb128 0x40
 509 0085 18       		.uleb128 0x18
 510 0086 9742     		.uleb128 0x2117
 511 0088 19       		.uleb128 0x19
 512 0089 01       		.uleb128 0x1
 513 008a 13       		.uleb128 0x13
 514 008b 00       		.byte	0
 515 008c 00       		.byte	0
 516 008d 0B       		.uleb128 0xb
 517 008e 34       		.uleb128 0x34
 518 008f 00       		.byte	0
 519 0090 03       		.uleb128 0x3
 520 0091 0E       		.uleb128 0xe
 521 0092 3A       		.uleb128 0x3a
 522 0093 0B       		.uleb128 0xb
 523 0094 3B       		.uleb128 0x3b
 524 0095 0B       		.uleb128 0xb
 525 0096 49       		.uleb128 0x49
 526 0097 13       		.uleb128 0x13
 527 0098 02       		.uleb128 0x2
 528 0099 17       		.uleb128 0x17
 529 009a 00       		.byte	0
 530 009b 00       		.byte	0
 531 009c 0C       		.uleb128 0xc
 532 009d 898201   		.uleb128 0x4109
 533 00a0 00       		.byte	0
 534 00a1 11       		.uleb128 0x11
 535 00a2 01       		.uleb128 0x1
 536 00a3 31       		.uleb128 0x31
 537 00a4 13       		.uleb128 0x13
 538 00a5 00       		.byte	0
 539 00a6 00       		.byte	0
 540 00a7 0D       		.uleb128 0xd
 541 00a8 34       		.uleb128 0x34
 542 00a9 00       		.byte	0
 543 00aa 03       		.uleb128 0x3
 544 00ab 0E       		.uleb128 0xe
 545 00ac 3A       		.uleb128 0x3a
 546 00ad 0B       		.uleb128 0xb
 547 00ae 3B       		.uleb128 0x3b
 548 00af 0B       		.uleb128 0xb
 549 00b0 49       		.uleb128 0x49
 550 00b1 13       		.uleb128 0x13
ARM GAS  C:\Users\TERENC~1\AppData\Local\Temp\ccH9TMhY.s 			page 13


 551 00b2 3F       		.uleb128 0x3f
 552 00b3 19       		.uleb128 0x19
 553 00b4 3C       		.uleb128 0x3c
 554 00b5 19       		.uleb128 0x19
 555 00b6 00       		.byte	0
 556 00b7 00       		.byte	0
 557 00b8 0E       		.uleb128 0xe
 558 00b9 0F       		.uleb128 0xf
 559 00ba 00       		.byte	0
 560 00bb 0B       		.uleb128 0xb
 561 00bc 0B       		.uleb128 0xb
 562 00bd 49       		.uleb128 0x49
 563 00be 13       		.uleb128 0x13
 564 00bf 00       		.byte	0
 565 00c0 00       		.byte	0
 566 00c1 0F       		.uleb128 0xf
 567 00c2 26       		.uleb128 0x26
 568 00c3 00       		.byte	0
 569 00c4 49       		.uleb128 0x49
 570 00c5 13       		.uleb128 0x13
 571 00c6 00       		.byte	0
 572 00c7 00       		.byte	0
 573 00c8 10       		.uleb128 0x10
 574 00c9 35       		.uleb128 0x35
 575 00ca 00       		.byte	0
 576 00cb 49       		.uleb128 0x49
 577 00cc 13       		.uleb128 0x13
 578 00cd 00       		.byte	0
 579 00ce 00       		.byte	0
 580 00cf 11       		.uleb128 0x11
 581 00d0 2E       		.uleb128 0x2e
 582 00d1 00       		.byte	0
 583 00d2 3F       		.uleb128 0x3f
 584 00d3 19       		.uleb128 0x19
 585 00d4 3C       		.uleb128 0x3c
 586 00d5 19       		.uleb128 0x19
 587 00d6 6E       		.uleb128 0x6e
 588 00d7 0E       		.uleb128 0xe
 589 00d8 03       		.uleb128 0x3
 590 00d9 0E       		.uleb128 0xe
 591 00da 3A       		.uleb128 0x3a
 592 00db 0B       		.uleb128 0xb
 593 00dc 3B       		.uleb128 0x3b
 594 00dd 0B       		.uleb128 0xb
 595 00de 00       		.byte	0
 596 00df 00       		.byte	0
 597 00e0 00       		.byte	0
 598              		.section	.debug_loc,"",%progbits
 599              	.Ldebug_loc0:
 600              	.LLST0:
 601 0000 1A000000 		.4byte	.LVL1
 602 0004 1C000000 		.4byte	.LVL2
 603 0008 0100     		.2byte	0x1
 604 000a 53       		.byte	0x53
 605 000b 32000000 		.4byte	.LVL3
 606 000f 34000000 		.4byte	.LVL4
 607 0013 0100     		.2byte	0x1
ARM GAS  C:\Users\TERENC~1\AppData\Local\Temp\ccH9TMhY.s 			page 14


 608 0015 53       		.byte	0x53
 609 0016 36000000 		.4byte	.LVL5
 610 001a 40000000 		.4byte	.LVL6
 611 001e 0100     		.2byte	0x1
 612 0020 53       		.byte	0x53
 613 0021 54000000 		.4byte	.LVL10
 614 0025 58000000 		.4byte	.LVL11
 615 0029 0100     		.2byte	0x1
 616 002b 53       		.byte	0x53
 617 002c 00000000 		.4byte	0
 618 0030 00000000 		.4byte	0
 619              	.LLST1:
 620 0034 02000000 		.4byte	.LVL0
 621 0038 4C000000 		.4byte	.LVL7
 622 003c 0200     		.2byte	0x2
 623 003e 30       		.byte	0x30
 624 003f 9F       		.byte	0x9f
 625 0040 4C000000 		.4byte	.LVL7
 626 0044 4E000000 		.4byte	.LVL8
 627 0048 0100     		.2byte	0x1
 628 004a 50       		.byte	0x50
 629 004b 4E000000 		.4byte	.LVL8
 630 004f 52000000 		.4byte	.LVL9
 631 0053 0200     		.2byte	0x2
 632 0055 30       		.byte	0x30
 633 0056 9F       		.byte	0x9f
 634 0057 52000000 		.4byte	.LVL9
 635 005b 54000000 		.4byte	.LVL10
 636 005f 0100     		.2byte	0x1
 637 0061 50       		.byte	0x50
 638 0062 54000000 		.4byte	.LVL10
 639 0066 5A000000 		.4byte	.LVL12
 640 006a 0200     		.2byte	0x2
 641 006c 30       		.byte	0x30
 642 006d 9F       		.byte	0x9f
 643 006e 5A000000 		.4byte	.LVL12
 644 0072 68000000 		.4byte	.LFE161
 645 0076 0100     		.2byte	0x1
 646 0078 50       		.byte	0x50
 647 0079 00000000 		.4byte	0
 648 007d 00000000 		.4byte	0
 649              		.section	.debug_aranges,"",%progbits
 650 0000 1C000000 		.4byte	0x1c
 651 0004 0200     		.2byte	0x2
 652 0006 00000000 		.4byte	.Ldebug_info0
 653 000a 04       		.byte	0x4
 654 000b 00       		.byte	0
 655 000c 0000     		.2byte	0
 656 000e 0000     		.2byte	0
 657 0010 00000000 		.4byte	.LFB161
 658 0014 68000000 		.4byte	.LFE161-.LFB161
 659 0018 00000000 		.4byte	0
 660 001c 00000000 		.4byte	0
 661              		.section	.debug_ranges,"",%progbits
 662              	.Ldebug_ranges0:
 663 0000 00000000 		.4byte	.LFB161
 664 0004 68000000 		.4byte	.LFE161
ARM GAS  C:\Users\TERENC~1\AppData\Local\Temp\ccH9TMhY.s 			page 15


 665 0008 00000000 		.4byte	0
 666 000c 00000000 		.4byte	0
 667              		.section	.debug_line,"",%progbits
 668              	.Ldebug_line0:
 669 0000 8B000000 		.section	.debug_str,"MS",%progbits,1
 669      02006000 
 669      00000201 
 669      FB0E0D00 
 669      01010101 
 670              	.LASF3:
 671 0000 73686F72 		.ascii	"short unsigned int\000"
 671      7420756E 
 671      7369676E 
 671      65642069 
 671      6E7400
 672              	.LASF8:
 673 0013 756E7369 		.ascii	"unsigned int\000"
 673      676E6564 
 673      20696E74 
 673      00
 674              	.LASF34:
 675 0020 55534246 		.ascii	"USBFS_DispatchAUDIOClassRqst\000"
 675      535F4469 
 675      73706174 
 675      63684155 
 675      44494F43 
 676              	.LASF26:
 677 003d 545F5553 		.ascii	"T_USBFS_EP_CTL_BLOCK\000"
 677      4246535F 
 677      45505F43 
 677      544C5F42 
 677      4C4F434B 
 678              	.LASF27:
 679 0052 65704461 		.ascii	"epData\000"
 679      746100
 680              	.LASF33:
 681 0059 55534246 		.ascii	"USBFS_DispatchHIDClassRqst\000"
 681      535F4469 
 681      73706174 
 681      63684849 
 681      44436C61 
 682              	.LASF30:
 683 0074 72657175 		.ascii	"requestHandled\000"
 683      65737448 
 683      616E646C 
 683      656400
 684              	.LASF12:
 685 0083 666C6F61 		.ascii	"float\000"
 685      7400
 686              	.LASF20:
 687 0089 6570546F 		.ascii	"epToggle\000"
 687      67676C65 
 687      00
 688              	.LASF31:
 689 0092 55534246 		.ascii	"USBFS_interfaceClass\000"
 689      535F696E 
 689      74657266 
ARM GAS  C:\Users\TERENC~1\AppData\Local\Temp\ccH9TMhY.s 			page 16


 689      61636543 
 689      6C617373 
 690              	.LASF38:
 691 00a7 55534246 		.ascii	"USBFS_DispatchClassRqst\000"
 691      535F4469 
 691      73706174 
 691      6368436C 
 691      61737352 
 692              	.LASF5:
 693 00bf 6C6F6E67 		.ascii	"long unsigned int\000"
 693      20756E73 
 693      69676E65 
 693      6420696E 
 693      7400
 694              	.LASF21:
 695 00d1 61646472 		.ascii	"addr\000"
 695      00
 696              	.LASF29:
 697 00d6 696E7465 		.ascii	"interfaceNumber\000"
 697      72666163 
 697      654E756D 
 697      62657200 
 698              	.LASF32:
 699 00e6 55534246 		.ascii	"USBFS_EP\000"
 699      535F4550 
 699      00
 700              	.LASF1:
 701 00ef 756E7369 		.ascii	"unsigned char\000"
 701      676E6564 
 701      20636861 
 701      7200
 702              	.LASF28:
 703 00fd 55534246 		.ascii	"USBFS_ep0_data_struct\000"
 703      535F6570 
 703      305F6461 
 703      74615F73 
 703      74727563 
 704              	.LASF13:
 705 0113 646F7562 		.ascii	"double\000"
 705      6C6500
 706              	.LASF17:
 707 011a 61747472 		.ascii	"attrib\000"
 707      696200
 708              	.LASF23:
 709 0121 62756666 		.ascii	"buffOffset\000"
 709      4F666673 
 709      657400
 710              	.LASF10:
 711 012c 75696E74 		.ascii	"uint16\000"
 711      313600
 712              	.LASF18:
 713 0133 61706945 		.ascii	"apiEpState\000"
 713      70537461 
 713      746500
 714              	.LASF11:
 715 013e 75696E74 		.ascii	"uint32\000"
 715      333200
ARM GAS  C:\Users\TERENC~1\AppData\Local\Temp\ccH9TMhY.s 			page 17


 716              	.LASF36:
 717 0145 47656E65 		.ascii	"Generated_Source\\PSoC4\\USBFS_cls.c\000"
 717      72617465 
 717      645F536F 
 717      75726365 
 717      5C50536F 
 718              	.LASF7:
 719 0168 6C6F6E67 		.ascii	"long long unsigned int\000"
 719      206C6F6E 
 719      6720756E 
 719      7369676E 
 719      65642069 
 720              	.LASF19:
 721 017f 68774570 		.ascii	"hwEpState\000"
 721      53746174 
 721      6500
 722              	.LASF35:
 723 0189 474E5520 		.ascii	"GNU C11 5.4.1 20160609 (release) [ARM/embedded-5-br"
 723      43313120 
 723      352E342E 
 723      31203230 
 723      31363036 
 724 01bc 616E6368 		.ascii	"anch revision 237715] -mcpu=cortex-m0 -mthumb -g -O"
 724      20726576 
 724      6973696F 
 724      6E203233 
 724      37373135 
 725 01ef 67202D66 		.ascii	"g -ffunction-sections -ffat-lto-objects\000"
 725      66756E63 
 725      74696F6E 
 725      2D736563 
 725      74696F6E 
 726              	.LASF16:
 727 0217 73697A65 		.ascii	"sizetype\000"
 727      74797065 
 727      00
 728              	.LASF22:
 729 0220 65704D6F 		.ascii	"epMode\000"
 729      646500
 730              	.LASF6:
 731 0227 6C6F6E67 		.ascii	"long long int\000"
 731      206C6F6E 
 731      6720696E 
 731      7400
 732              	.LASF14:
 733 0235 63686172 		.ascii	"char\000"
 733      00
 734              	.LASF37:
 735 023a 433A5C64 		.ascii	"C:\\dev\\git\\Icebreaker\\Icebreaker.cydsn\000"
 735      65765C67 
 735      69745C49 
 735      63656272 
 735      65616B65 
 736              	.LASF24:
 737 0261 62756666 		.ascii	"bufferSize\000"
 737      65725369 
 737      7A6500
ARM GAS  C:\Users\TERENC~1\AppData\Local\Temp\ccH9TMhY.s 			page 18


 738              	.LASF2:
 739 026c 73686F72 		.ascii	"short int\000"
 739      7420696E 
 739      7400
 740              	.LASF9:
 741 0276 75696E74 		.ascii	"uint8\000"
 741      3800
 742              	.LASF25:
 743 027c 696E7465 		.ascii	"interface\000"
 743      72666163 
 743      6500
 744              	.LASF4:
 745 0286 6C6F6E67 		.ascii	"long int\000"
 745      20696E74 
 745      00
 746              	.LASF15:
 747 028f 6C6F6E67 		.ascii	"long double\000"
 747      20646F75 
 747      626C6500 
 748              	.LASF0:
 749 029b 7369676E 		.ascii	"signed char\000"
 749      65642063 
 749      68617200 
 750              		.ident	"GCC: (GNU Tools for ARM Embedded Processors) 5.4.1 20160609 (release) [ARM/embedded-5-bran
