ARM GAS  C:\Users\TERENC~1\AppData\Local\Temp\ccVwrgua.s 			page 1


   1              		.syntax unified
   2              		.cpu cortex-m0
   3              		.fpu softvfp
   4              		.eabi_attribute 20, 1
   5              		.eabi_attribute 21, 1
   6              		.eabi_attribute 23, 3
   7              		.eabi_attribute 24, 1
   8              		.eabi_attribute 25, 1
   9              		.eabi_attribute 26, 1
  10              		.eabi_attribute 30, 1
  11              		.eabi_attribute 34, 0
  12              		.eabi_attribute 18, 4
  13              		.thumb
  14              		.syntax unified
  15              		.file	"USBFS_descr.c"
  16              		.text
  17              	.Ltext0:
  18              		.cfi_sections	.debug_frame
  19              		.comm	USBFS_idSerialNumberStringDescriptor,34,4
  20              		.global	USBFS_TABLE
  21              		.global	USBFS_DEVICE0_TABLE
  22              		.global	USBFS_DEVICE0_CONFIGURATION0_TABLE
  23              		.global	USBFS_DEVICE0_CONFIGURATION0_INTERFACE_CLASS
  24              		.global	USBFS_DEVICE0_CONFIGURATION0_EP_SETTINGS_TABLE
  25              		.global	USBFS_DEVICE0_CONFIGURATION0_INTERFACE3_TABLE
  26              		.global	USBFS_DEVICE0_CONFIGURATION0_INTERFACE3_ALTERNATE0_HID_TABLE
  27              		.global	USBFS_DEVICE0_CONFIGURATION0_INTERFACE3_ALTERNATE0_HID_IN_RPT_TABLE
  28              		.comm	USBFS_DEVICE0_CONFIGURATION0_INTERFACE3_ALTERNATE0_HID_IN_BUF,2,4
  29              		.comm	USBFS_DEVICE0_CONFIGURATION0_INTERFACE3_ALTERNATE0_HID_IN_RPT_SCB,4,4
  30              		.global	USBFS_HIDREPORT_DESCRIPTOR1
  31              		.global	USBFS_SN_STRING_DESCRIPTOR
  32              		.global	USBFS_STRING_DESCRIPTORS
  33              		.global	USBFS_DEVICE0_CONFIGURATION0_DESCR
  34              		.global	USBFS_DEVICE0_DESCR
  35              		.section	.rodata
  36              		.align	2
  37              		.type	USBFS_TABLE, %object
  38              		.size	USBFS_TABLE, 8
  39              	USBFS_TABLE:
  40 0000 01       		.byte	1
  41 0001 000000   		.space	3
  42 0004 00000000 		.word	USBFS_DEVICE0_TABLE
  43              		.type	USBFS_DEVICE0_TABLE, %object
  44              		.size	USBFS_DEVICE0_TABLE, 24
  45              	USBFS_DEVICE0_TABLE:
  46 0008 01       		.byte	1
  47 0009 000000   		.space	3
  48 000c 00000000 		.word	USBFS_DEVICE0_DESCR
  49 0010 00       		.byte	0
  50 0011 000000   		.space	3
  51 0014 00000000 		.word	0
  52 0018 01       		.byte	1
  53 0019 000000   		.space	3
  54 001c 00000000 		.word	USBFS_DEVICE0_CONFIGURATION0_TABLE
  55              		.type	USBFS_DEVICE0_CONFIGURATION0_TABLE, %object
  56              		.size	USBFS_DEVICE0_CONFIGURATION0_TABLE, 56
  57              	USBFS_DEVICE0_CONFIGURATION0_TABLE:
ARM GAS  C:\Users\TERENC~1\AppData\Local\Temp\ccVwrgua.s 			page 2


  58 0020 01       		.byte	1
  59 0021 000000   		.space	3
  60 0024 00000000 		.word	USBFS_DEVICE0_CONFIGURATION0_DESCR
  61 0028 05       		.byte	5
  62 0029 000000   		.space	3
  63 002c 00000000 		.word	USBFS_DEVICE0_CONFIGURATION0_EP_SETTINGS_TABLE
  64 0030 00       		.byte	0
  65 0031 000000   		.space	3
  66 0034 00000000 		.word	0
  67 0038 00       		.byte	0
  68 0039 000000   		.space	3
  69 003c 00000000 		.word	0
  70 0040 00       		.byte	0
  71 0041 000000   		.space	3
  72 0044 00000000 		.word	0
  73 0048 01       		.byte	1
  74 0049 000000   		.space	3
  75 004c 00000000 		.word	USBFS_DEVICE0_CONFIGURATION0_INTERFACE3_TABLE
  76 0050 00       		.byte	0
  77 0051 000000   		.space	3
  78 0054 00000000 		.word	USBFS_DEVICE0_CONFIGURATION0_INTERFACE_CLASS
  79              		.type	USBFS_DEVICE0_CONFIGURATION0_INTERFACE_CLASS, %object
  80              		.size	USBFS_DEVICE0_CONFIGURATION0_INTERFACE_CLASS, 4
  81              	USBFS_DEVICE0_CONFIGURATION0_INTERFACE_CLASS:
  82 0058 01       		.byte	1
  83 0059 01       		.byte	1
  84 005a 01       		.byte	1
  85 005b 03       		.byte	3
  86              		.type	USBFS_DEVICE0_CONFIGURATION0_EP_SETTINGS_TABLE, %object
  87              		.size	USBFS_DEVICE0_CONFIGURATION0_EP_SETTINGS_TABLE, 40
  88              	USBFS_DEVICE0_CONFIGURATION0_EP_SETTINGS_TABLE:
  89 005c 00       		.byte	0
  90 005d 00       		.byte	0
  91 005e 86       		.byte	-122
  92 005f 03       		.byte	3
  93 0060 0200     		.short	2
  94 0062 01       		.byte	1
  95 0063 00       		.space	1
  96 0064 01       		.byte	1
  97 0065 01       		.byte	1
  98 0066 01       		.byte	1
  99 0067 05       		.byte	5
 100 0068 2601     		.short	294
 101 006a 01       		.byte	1
 102 006b 00       		.space	1
 103 006c 01       		.byte	1
 104 006d 01       		.byte	1
 105 006e 83       		.byte	-125
 106 006f 11       		.byte	17
 107 0070 0300     		.short	3
 108 0072 01       		.byte	1
 109 0073 00       		.space	1
 110 0074 02       		.byte	2
 111 0075 01       		.byte	1
 112 0076 82       		.byte	-126
 113 0077 05       		.byte	5
 114 0078 2601     		.short	294
ARM GAS  C:\Users\TERENC~1\AppData\Local\Temp\ccVwrgua.s 			page 3


 115 007a 01       		.byte	1
 116 007b 00       		.space	1
 117 007c 03       		.byte	3
 118 007d 00       		.byte	0
 119 007e 84       		.byte	-124
 120 007f 03       		.byte	3
 121 0080 0200     		.short	2
 122 0082 03       		.byte	3
 123 0083 00       		.space	1
 124              		.type	USBFS_DEVICE0_CONFIGURATION0_INTERFACE3_TABLE, %object
 125              		.size	USBFS_DEVICE0_CONFIGURATION0_INTERFACE3_TABLE, 8
 126              	USBFS_DEVICE0_CONFIGURATION0_INTERFACE3_TABLE:
 127 0084 01       		.byte	1
 128 0085 000000   		.space	3
 129 0088 00000000 		.word	USBFS_DEVICE0_CONFIGURATION0_INTERFACE3_ALTERNATE0_HID_TABLE
 130              		.type	USBFS_DEVICE0_CONFIGURATION0_INTERFACE3_ALTERNATE0_HID_TABLE, %object
 131              		.size	USBFS_DEVICE0_CONFIGURATION0_INTERFACE3_ALTERNATE0_HID_TABLE, 40
 132              	USBFS_DEVICE0_CONFIGURATION0_INTERFACE3_ALTERNATE0_HID_TABLE:
 133 008c 00       		.byte	0
 134 008d 000000   		.space	3
 135 0090 00000000 		.word	USBFS_DEVICE0_CONFIGURATION0_INTERFACE3_ALTERNATE0_HID_IN_RPT_TABLE
 136 0094 00       		.byte	0
 137 0095 000000   		.space	3
 138 0098 00000000 		.word	0
 139 009c 00       		.byte	0
 140 009d 000000   		.space	3
 141 00a0 00000000 		.word	0
 142 00a4 01       		.byte	1
 143 00a5 000000   		.space	3
 144 00a8 00000000 		.word	USBFS_HIDREPORT_DESCRIPTOR1
 145 00ac 01       		.byte	1
 146 00ad 000000   		.space	3
 147 00b0 D7000000 		.word	USBFS_DEVICE0_CONFIGURATION0_DESCR+215
 148              		.type	USBFS_DEVICE0_CONFIGURATION0_INTERFACE3_ALTERNATE0_HID_IN_RPT_TABLE, %object
 149              		.size	USBFS_DEVICE0_CONFIGURATION0_INTERFACE3_ALTERNATE0_HID_IN_RPT_TABLE, 12
 150              	USBFS_DEVICE0_CONFIGURATION0_INTERFACE3_ALTERNATE0_HID_IN_RPT_TABLE:
 151 00b4 0200     		.short	2
 152 00b6 0000     		.space	2
 153 00b8 00000000 		.word	USBFS_DEVICE0_CONFIGURATION0_INTERFACE3_ALTERNATE0_HID_IN_BUF
 154 00bc 00000000 		.word	USBFS_DEVICE0_CONFIGURATION0_INTERFACE3_ALTERNATE0_HID_IN_RPT_SCB
 155              		.type	USBFS_HIDREPORT_DESCRIPTOR1, %object
 156              		.size	USBFS_HIDREPORT_DESCRIPTOR1, 39
 157              	USBFS_HIDREPORT_DESCRIPTOR1:
 158 00c0 23       		.byte	35
 159 00c1 00       		.byte	0
 160 00c2 05       		.byte	5
 161 00c3 0C       		.byte	12
 162 00c4 09       		.byte	9
 163 00c5 01       		.byte	1
 164 00c6 A1       		.byte	-95
 165 00c7 01       		.byte	1
 166 00c8 15       		.byte	21
 167 00c9 00       		.byte	0
 168 00ca 25       		.byte	37
 169 00cb 01       		.byte	1
 170 00cc 75       		.byte	117
 171 00cd 01       		.byte	1
ARM GAS  C:\Users\TERENC~1\AppData\Local\Temp\ccVwrgua.s 			page 4


 172 00ce 95       		.byte	-107
 173 00cf 07       		.byte	7
 174 00d0 09       		.byte	9
 175 00d1 CD       		.byte	-51
 176 00d2 09       		.byte	9
 177 00d3 B5       		.byte	-75
 178 00d4 09       		.byte	9
 179 00d5 B6       		.byte	-74
 180 00d6 09       		.byte	9
 181 00d7 B7       		.byte	-73
 182 00d8 09       		.byte	9
 183 00d9 E2       		.byte	-30
 184 00da 09       		.byte	9
 185 00db E9       		.byte	-23
 186 00dc 09       		.byte	9
 187 00dd EA       		.byte	-22
 188 00de 81       		.byte	-127
 189 00df 02       		.byte	2
 190 00e0 95       		.byte	-107
 191 00e1 01       		.byte	1
 192 00e2 81       		.byte	-127
 193 00e3 01       		.byte	1
 194 00e4 C0       		.byte	-64
 195 00e5 00       		.byte	0
 196 00e6 00       		.byte	0
 197 00e7 00       		.space	1
 198              		.type	USBFS_SN_STRING_DESCRIPTOR, %object
 199              		.size	USBFS_SN_STRING_DESCRIPTOR, 2
 200              	USBFS_SN_STRING_DESCRIPTOR:
 201 00e8 02       		.byte	2
 202 00e9 03       		.byte	3
 203 00ea 0000     		.space	2
 204              		.type	USBFS_STRING_DESCRIPTORS, %object
 205              		.size	USBFS_STRING_DESCRIPTORS, 227
 206              	USBFS_STRING_DESCRIPTORS:
 207 00ec 04       		.byte	4
 208 00ed 03       		.byte	3
 209 00ee 09       		.byte	9
 210 00ef 04       		.byte	4
 211 00f0 2C       		.byte	44
 212 00f1 03       		.byte	3
 213 00f2 43       		.byte	67
 214 00f3 00       		.byte	0
 215 00f4 79       		.byte	121
 216 00f5 00       		.byte	0
 217 00f6 70       		.byte	112
 218 00f7 00       		.byte	0
 219 00f8 72       		.byte	114
 220 00f9 00       		.byte	0
 221 00fa 65       		.byte	101
 222 00fb 00       		.byte	0
 223 00fc 73       		.byte	115
 224 00fd 00       		.byte	0
 225 00fe 73       		.byte	115
 226 00ff 00       		.byte	0
 227 0100 20       		.byte	32
 228 0101 00       		.byte	0
ARM GAS  C:\Users\TERENC~1\AppData\Local\Temp\ccVwrgua.s 			page 5


 229 0102 53       		.byte	83
 230 0103 00       		.byte	0
 231 0104 65       		.byte	101
 232 0105 00       		.byte	0
 233 0106 6D       		.byte	109
 234 0107 00       		.byte	0
 235 0108 69       		.byte	105
 236 0109 00       		.byte	0
 237 010a 63       		.byte	99
 238 010b 00       		.byte	0
 239 010c 6F       		.byte	111
 240 010d 00       		.byte	0
 241 010e 6E       		.byte	110
 242 010f 00       		.byte	0
 243 0110 64       		.byte	100
 244 0111 00       		.byte	0
 245 0112 75       		.byte	117
 246 0113 00       		.byte	0
 247 0114 63       		.byte	99
 248 0115 00       		.byte	0
 249 0116 74       		.byte	116
 250 0117 00       		.byte	0
 251 0118 6F       		.byte	111
 252 0119 00       		.byte	0
 253 011a 72       		.byte	114
 254 011b 00       		.byte	0
 255 011c 2C       		.byte	44
 256 011d 03       		.byte	3
 257 011e 43       		.byte	67
 258 011f 00       		.byte	0
 259 0120 59       		.byte	89
 260 0121 00       		.byte	0
 261 0122 38       		.byte	56
 262 0123 00       		.byte	0
 263 0124 43       		.byte	67
 264 0125 00       		.byte	0
 265 0126 4B       		.byte	75
 266 0127 00       		.byte	0
 267 0128 49       		.byte	73
 268 0129 00       		.byte	0
 269 012a 54       		.byte	84
 270 012b 00       		.byte	0
 271 012c 2D       		.byte	45
 272 012d 00       		.byte	0
 273 012e 30       		.byte	48
 274 012f 00       		.byte	0
 275 0130 34       		.byte	52
 276 0131 00       		.byte	0
 277 0132 36       		.byte	54
 278 0133 00       		.byte	0
 279 0134 20       		.byte	32
 280 0135 00       		.byte	0
 281 0136 55       		.byte	85
 282 0137 00       		.byte	0
 283 0138 53       		.byte	83
 284 0139 00       		.byte	0
 285 013a 42       		.byte	66
ARM GAS  C:\Users\TERENC~1\AppData\Local\Temp\ccVwrgua.s 			page 6


 286 013b 00       		.byte	0
 287 013c 20       		.byte	32
 288 013d 00       		.byte	0
 289 013e 41       		.byte	65
 290 013f 00       		.byte	0
 291 0140 75       		.byte	117
 292 0141 00       		.byte	0
 293 0142 64       		.byte	100
 294 0143 00       		.byte	0
 295 0144 69       		.byte	105
 296 0145 00       		.byte	0
 297 0146 6F       		.byte	111
 298 0147 00       		.byte	0
 299 0148 08       		.byte	8
 300 0149 03       		.byte	3
 301 014a 4D       		.byte	77
 302 014b 00       		.byte	0
 303 014c 61       		.byte	97
 304 014d 00       		.byte	0
 305 014e 63       		.byte	99
 306 014f 00       		.byte	0
 307 0150 1C       		.byte	28
 308 0151 03       		.byte	3
 309 0152 55       		.byte	85
 310 0153 00       		.byte	0
 311 0154 53       		.byte	83
 312 0155 00       		.byte	0
 313 0156 42       		.byte	66
 314 0157 00       		.byte	0
 315 0158 20       		.byte	32
 316 0159 00       		.byte	0
 317 015a 53       		.byte	83
 318 015b 00       		.byte	0
 319 015c 74       		.byte	116
 320 015d 00       		.byte	0
 321 015e 72       		.byte	114
 322 015f 00       		.byte	0
 323 0160 65       		.byte	101
 324 0161 00       		.byte	0
 325 0162 61       		.byte	97
 326 0163 00       		.byte	0
 327 0164 6D       		.byte	109
 328 0165 00       		.byte	0
 329 0166 69       		.byte	105
 330 0167 00       		.byte	0
 331 0168 6E       		.byte	110
 332 0169 00       		.byte	0
 333 016a 67       		.byte	103
 334 016b 00       		.byte	0
 335 016c 10       		.byte	16
 336 016d 03       		.byte	3
 337 016e 53       		.byte	83
 338 016f 00       		.byte	0
 339 0170 70       		.byte	112
 340 0171 00       		.byte	0
 341 0172 65       		.byte	101
 342 0173 00       		.byte	0
ARM GAS  C:\Users\TERENC~1\AppData\Local\Temp\ccVwrgua.s 			page 7


 343 0174 61       		.byte	97
 344 0175 00       		.byte	0
 345 0176 6B       		.byte	107
 346 0177 00       		.byte	0
 347 0178 65       		.byte	101
 348 0179 00       		.byte	0
 349 017a 72       		.byte	114
 350 017b 00       		.byte	0
 351 017c 16       		.byte	22
 352 017d 03       		.byte	3
 353 017e 4D       		.byte	77
 354 017f 00       		.byte	0
 355 0180 69       		.byte	105
 356 0181 00       		.byte	0
 357 0182 63       		.byte	99
 358 0183 00       		.byte	0
 359 0184 72       		.byte	114
 360 0185 00       		.byte	0
 361 0186 6F       		.byte	111
 362 0187 00       		.byte	0
 363 0188 70       		.byte	112
 364 0189 00       		.byte	0
 365 018a 68       		.byte	104
 366 018b 00       		.byte	0
 367 018c 6F       		.byte	111
 368 018d 00       		.byte	0
 369 018e 6E       		.byte	110
 370 018f 00       		.byte	0
 371 0190 65       		.byte	101
 372 0191 00       		.byte	0
 373 0192 1C       		.byte	28
 374 0193 03       		.byte	3
 375 0194 41       		.byte	65
 376 0195 00       		.byte	0
 377 0196 63       		.byte	99
 378 0197 00       		.byte	0
 379 0198 74       		.byte	116
 380 0199 00       		.byte	0
 381 019a 69       		.byte	105
 382 019b 00       		.byte	0
 383 019c 76       		.byte	118
 384 019d 00       		.byte	0
 385 019e 65       		.byte	101
 386 019f 00       		.byte	0
 387 01a0 20       		.byte	32
 388 01a1 00       		.byte	0
 389 01a2 32       		.byte	50
 390 01a3 00       		.byte	0
 391 01a4 34       		.byte	52
 392 01a5 00       		.byte	0
 393 01a6 20       		.byte	32
 394 01a7 00       		.byte	0
 395 01a8 62       		.byte	98
 396 01a9 00       		.byte	0
 397 01aa 69       		.byte	105
 398 01ab 00       		.byte	0
 399 01ac 74       		.byte	116
ARM GAS  C:\Users\TERENC~1\AppData\Local\Temp\ccVwrgua.s 			page 8


 400 01ad 00       		.byte	0
 401 01ae 20       		.byte	32
 402 01af 03       		.byte	3
 403 01b0 50       		.byte	80
 404 01b1 00       		.byte	0
 405 01b2 6C       		.byte	108
 406 01b3 00       		.byte	0
 407 01b4 61       		.byte	97
 408 01b5 00       		.byte	0
 409 01b6 79       		.byte	121
 410 01b7 00       		.byte	0
 411 01b8 6C       		.byte	108
 412 01b9 00       		.byte	0
 413 01ba 69       		.byte	105
 414 01bb 00       		.byte	0
 415 01bc 73       		.byte	115
 416 01bd 00       		.byte	0
 417 01be 74       		.byte	116
 418 01bf 00       		.byte	0
 419 01c0 43       		.byte	67
 420 01c1 00       		.byte	0
 421 01c2 6F       		.byte	111
 422 01c3 00       		.byte	0
 423 01c4 6E       		.byte	110
 424 01c5 00       		.byte	0
 425 01c6 74       		.byte	116
 426 01c7 00       		.byte	0
 427 01c8 72       		.byte	114
 428 01c9 00       		.byte	0
 429 01ca 6F       		.byte	111
 430 01cb 00       		.byte	0
 431 01cc 6C       		.byte	108
 432 01cd 00       		.byte	0
 433 01ce 00       		.byte	0
 434 01cf 00       		.space	1
 435              		.type	USBFS_DEVICE0_CONFIGURATION0_DESCR, %object
 436              		.size	USBFS_DEVICE0_CONFIGURATION0_DESCR, 231
 437              	USBFS_DEVICE0_CONFIGURATION0_DESCR:
 438 01d0 09       		.byte	9
 439 01d1 02       		.byte	2
 440 01d2 E7       		.byte	-25
 441 01d3 00       		.byte	0
 442 01d4 04       		.byte	4
 443 01d5 01       		.byte	1
 444 01d6 03       		.byte	3
 445 01d7 C0       		.byte	-64
 446 01d8 32       		.byte	50
 447 01d9 09       		.byte	9
 448 01da 04       		.byte	4
 449 01db 00       		.byte	0
 450 01dc 00       		.byte	0
 451 01dd 01       		.byte	1
 452 01de 01       		.byte	1
 453 01df 01       		.byte	1
 454 01e0 00       		.byte	0
 455 01e1 02       		.byte	2
 456 01e2 0A       		.byte	10
ARM GAS  C:\Users\TERENC~1\AppData\Local\Temp\ccVwrgua.s 			page 9


 457 01e3 24       		.byte	36
 458 01e4 01       		.byte	1
 459 01e5 00       		.byte	0
 460 01e6 01       		.byte	1
 461 01e7 3C       		.byte	60
 462 01e8 00       		.byte	0
 463 01e9 02       		.byte	2
 464 01ea 01       		.byte	1
 465 01eb 02       		.byte	2
 466 01ec 08       		.byte	8
 467 01ed 24       		.byte	36
 468 01ee 06       		.byte	6
 469 01ef 02       		.byte	2
 470 01f0 01       		.byte	1
 471 01f1 01       		.byte	1
 472 01f2 03       		.byte	3
 473 01f3 00       		.byte	0
 474 01f4 0C       		.byte	12
 475 01f5 24       		.byte	36
 476 01f6 02       		.byte	2
 477 01f7 01       		.byte	1
 478 01f8 01       		.byte	1
 479 01f9 01       		.byte	1
 480 01fa 00       		.byte	0
 481 01fb 02       		.byte	2
 482 01fc 03       		.byte	3
 483 01fd 00       		.byte	0
 484 01fe 00       		.byte	0
 485 01ff 04       		.byte	4
 486 0200 09       		.byte	9
 487 0201 24       		.byte	36
 488 0202 03       		.byte	3
 489 0203 03       		.byte	3
 490 0204 01       		.byte	1
 491 0205 03       		.byte	3
 492 0206 00       		.byte	0
 493 0207 02       		.byte	2
 494 0208 05       		.byte	5
 495 0209 0C       		.byte	12
 496 020a 24       		.byte	36
 497 020b 02       		.byte	2
 498 020c 04       		.byte	4
 499 020d 01       		.byte	1
 500 020e 02       		.byte	2
 501 020f 00       		.byte	0
 502 0210 02       		.byte	2
 503 0211 03       		.byte	3
 504 0212 00       		.byte	0
 505 0213 00       		.byte	0
 506 0214 06       		.byte	6
 507 0215 09       		.byte	9
 508 0216 24       		.byte	36
 509 0217 03       		.byte	3
 510 0218 05       		.byte	5
 511 0219 01       		.byte	1
 512 021a 01       		.byte	1
 513 021b 00       		.byte	0
ARM GAS  C:\Users\TERENC~1\AppData\Local\Temp\ccVwrgua.s 			page 10


 514 021c 04       		.byte	4
 515 021d 04       		.byte	4
 516 021e 09       		.byte	9
 517 021f 05       		.byte	5
 518 0220 86       		.byte	-122
 519 0221 03       		.byte	3
 520 0222 02       		.byte	2
 521 0223 00       		.byte	0
 522 0224 1E       		.byte	30
 523 0225 00       		.byte	0
 524 0226 00       		.byte	0
 525 0227 09       		.byte	9
 526 0228 04       		.byte	4
 527 0229 01       		.byte	1
 528 022a 00       		.byte	0
 529 022b 00       		.byte	0
 530 022c 01       		.byte	1
 531 022d 02       		.byte	2
 532 022e 00       		.byte	0
 533 022f 05       		.byte	5
 534 0230 09       		.byte	9
 535 0231 04       		.byte	4
 536 0232 01       		.byte	1
 537 0233 01       		.byte	1
 538 0234 02       		.byte	2
 539 0235 01       		.byte	1
 540 0236 02       		.byte	2
 541 0237 00       		.byte	0
 542 0238 07       		.byte	7
 543 0239 07       		.byte	7
 544 023a 24       		.byte	36
 545 023b 01       		.byte	1
 546 023c 01       		.byte	1
 547 023d 01       		.byte	1
 548 023e 01       		.byte	1
 549 023f 00       		.byte	0
 550 0240 0E       		.byte	14
 551 0241 24       		.byte	36
 552 0242 02       		.byte	2
 553 0243 01       		.byte	1
 554 0244 02       		.byte	2
 555 0245 03       		.byte	3
 556 0246 18       		.byte	24
 557 0247 02       		.byte	2
 558 0248 44       		.byte	68
 559 0249 AC       		.byte	-84
 560 024a 00       		.byte	0
 561 024b 80       		.byte	-128
 562 024c BB       		.byte	-69
 563 024d 00       		.byte	0
 564 024e 09       		.byte	9
 565 024f 05       		.byte	5
 566 0250 01       		.byte	1
 567 0251 05       		.byte	5
 568 0252 26       		.byte	38
 569 0253 01       		.byte	1
 570 0254 01       		.byte	1
ARM GAS  C:\Users\TERENC~1\AppData\Local\Temp\ccVwrgua.s 			page 11


 571 0255 00       		.byte	0
 572 0256 83       		.byte	-125
 573 0257 07       		.byte	7
 574 0258 25       		.byte	37
 575 0259 01       		.byte	1
 576 025a 01       		.byte	1
 577 025b 00       		.byte	0
 578 025c 00       		.byte	0
 579 025d 00       		.byte	0
 580 025e 09       		.byte	9
 581 025f 05       		.byte	5
 582 0260 83       		.byte	-125
 583 0261 11       		.byte	17
 584 0262 03       		.byte	3
 585 0263 00       		.byte	0
 586 0264 04       		.byte	4
 587 0265 03       		.byte	3
 588 0266 00       		.byte	0
 589 0267 09       		.byte	9
 590 0268 04       		.byte	4
 591 0269 02       		.byte	2
 592 026a 00       		.byte	0
 593 026b 00       		.byte	0
 594 026c 01       		.byte	1
 595 026d 02       		.byte	2
 596 026e 00       		.byte	0
 597 026f 06       		.byte	6
 598 0270 09       		.byte	9
 599 0271 04       		.byte	4
 600 0272 02       		.byte	2
 601 0273 01       		.byte	1
 602 0274 01       		.byte	1
 603 0275 01       		.byte	1
 604 0276 02       		.byte	2
 605 0277 00       		.byte	0
 606 0278 07       		.byte	7
 607 0279 07       		.byte	7
 608 027a 24       		.byte	36
 609 027b 01       		.byte	1
 610 027c 05       		.byte	5
 611 027d 01       		.byte	1
 612 027e 01       		.byte	1
 613 027f 00       		.byte	0
 614 0280 0E       		.byte	14
 615 0281 24       		.byte	36
 616 0282 02       		.byte	2
 617 0283 01       		.byte	1
 618 0284 02       		.byte	2
 619 0285 03       		.byte	3
 620 0286 18       		.byte	24
 621 0287 02       		.byte	2
 622 0288 44       		.byte	68
 623 0289 AC       		.byte	-84
 624 028a 00       		.byte	0
 625 028b 80       		.byte	-128
 626 028c BB       		.byte	-69
 627 028d 00       		.byte	0
ARM GAS  C:\Users\TERENC~1\AppData\Local\Temp\ccVwrgua.s 			page 12


 628 028e 09       		.byte	9
 629 028f 05       		.byte	5
 630 0290 82       		.byte	-126
 631 0291 05       		.byte	5
 632 0292 26       		.byte	38
 633 0293 01       		.byte	1
 634 0294 01       		.byte	1
 635 0295 00       		.byte	0
 636 0296 00       		.byte	0
 637 0297 07       		.byte	7
 638 0298 25       		.byte	37
 639 0299 01       		.byte	1
 640 029a 01       		.byte	1
 641 029b 00       		.byte	0
 642 029c 00       		.byte	0
 643 029d 00       		.byte	0
 644 029e 09       		.byte	9
 645 029f 04       		.byte	4
 646 02a0 03       		.byte	3
 647 02a1 00       		.byte	0
 648 02a2 01       		.byte	1
 649 02a3 03       		.byte	3
 650 02a4 00       		.byte	0
 651 02a5 00       		.byte	0
 652 02a6 08       		.byte	8
 653 02a7 09       		.byte	9
 654 02a8 21       		.byte	33
 655 02a9 11       		.byte	17
 656 02aa 01       		.byte	1
 657 02ab 00       		.byte	0
 658 02ac 01       		.byte	1
 659 02ad 22       		.byte	34
 660 02ae 23       		.byte	35
 661 02af 00       		.byte	0
 662 02b0 07       		.byte	7
 663 02b1 05       		.byte	5
 664 02b2 84       		.byte	-124
 665 02b3 03       		.byte	3
 666 02b4 02       		.byte	2
 667 02b5 00       		.byte	0
 668 02b6 28       		.byte	40
 669 02b7 00       		.space	1
 670              		.type	USBFS_DEVICE0_DESCR, %object
 671              		.size	USBFS_DEVICE0_DESCR, 18
 672              	USBFS_DEVICE0_DESCR:
 673 02b8 12       		.byte	18
 674 02b9 01       		.byte	1
 675 02ba 00       		.byte	0
 676 02bb 02       		.byte	2
 677 02bc 00       		.byte	0
 678 02bd 00       		.byte	0
 679 02be 00       		.byte	0
 680 02bf 08       		.byte	8
 681 02c0 B4       		.byte	-76
 682 02c1 04       		.byte	4
 683 02c2 44       		.byte	68
 684 02c3 F1       		.byte	-15
ARM GAS  C:\Users\TERENC~1\AppData\Local\Temp\ccVwrgua.s 			page 13


 685 02c4 01       		.byte	1
 686 02c5 00       		.byte	0
 687 02c6 01       		.byte	1
 688 02c7 02       		.byte	2
 689 02c8 80       		.byte	-128
 690 02c9 01       		.byte	1
 691              		.text
 692              	.Letext0:
 693              		.file 1 "Generated_Source\\PSoC4\\cytypes.h"
 694              		.file 2 "Generated_Source\\PSoC4\\USBFS.h"
 695              		.file 3 "Generated_Source\\PSoC4\\USBFS_descr.c"
 696              		.section	.debug_info,"",%progbits
 697              	.Ldebug_info0:
 698 0000 F0030000 		.4byte	0x3f0
 699 0004 0400     		.2byte	0x4
 700 0006 00000000 		.4byte	.Ldebug_abbrev0
 701 000a 04       		.byte	0x4
 702 000b 01       		.uleb128 0x1
 703 000c A3020000 		.4byte	.LASF48
 704 0010 0C       		.byte	0xc
 705 0011 4E000000 		.4byte	.LASF49
 706 0015 67030000 		.4byte	.LASF50
 707 0019 00000000 		.4byte	.Ldebug_line0
 708 001d 02       		.uleb128 0x2
 709 001e 01       		.byte	0x1
 710 001f 06       		.byte	0x6
 711 0020 46040000 		.4byte	.LASF0
 712 0024 02       		.uleb128 0x2
 713 0025 01       		.byte	0x1
 714 0026 08       		.byte	0x8
 715 0027 31030000 		.4byte	.LASF1
 716 002b 02       		.uleb128 0x2
 717 002c 02       		.byte	0x2
 718 002d 05       		.byte	0x5
 719 002e 99030000 		.4byte	.LASF2
 720 0032 02       		.uleb128 0x2
 721 0033 02       		.byte	0x2
 722 0034 07       		.byte	0x7
 723 0035 85000000 		.4byte	.LASF3
 724 0039 02       		.uleb128 0x2
 725 003a 04       		.byte	0x4
 726 003b 05       		.byte	0x5
 727 003c 31040000 		.4byte	.LASF4
 728 0040 02       		.uleb128 0x2
 729 0041 04       		.byte	0x4
 730 0042 07       		.byte	0x7
 731 0043 4C020000 		.4byte	.LASF5
 732 0047 02       		.uleb128 0x2
 733 0048 08       		.byte	0x8
 734 0049 05       		.byte	0x5
 735 004a 48030000 		.4byte	.LASF6
 736 004e 02       		.uleb128 0x2
 737 004f 08       		.byte	0x8
 738 0050 07       		.byte	0x7
 739 0051 6B020000 		.4byte	.LASF7
 740 0055 03       		.uleb128 0x3
 741 0056 04       		.byte	0x4
ARM GAS  C:\Users\TERENC~1\AppData\Local\Temp\ccVwrgua.s 			page 14


 742 0057 05       		.byte	0x5
 743 0058 696E7400 		.ascii	"int\000"
 744 005c 02       		.uleb128 0x2
 745 005d 04       		.byte	0x4
 746 005e 07       		.byte	0x7
 747 005f 5E020000 		.4byte	.LASF8
 748 0063 04       		.uleb128 0x4
 749 0064 BF030000 		.4byte	.LASF9
 750 0068 01       		.byte	0x1
 751 0069 E401     		.2byte	0x1e4
 752 006b 24000000 		.4byte	0x24
 753 006f 04       		.uleb128 0x4
 754 0070 F3010000 		.4byte	.LASF10
 755 0074 01       		.byte	0x1
 756 0075 E501     		.2byte	0x1e5
 757 0077 32000000 		.4byte	0x32
 758 007b 02       		.uleb128 0x2
 759 007c 04       		.byte	0x4
 760 007d 04       		.byte	0x4
 761 007e CB000000 		.4byte	.LASF11
 762 0082 02       		.uleb128 0x2
 763 0083 08       		.byte	0x8
 764 0084 04       		.byte	0x4
 765 0085 EC010000 		.4byte	.LASF12
 766 0089 02       		.uleb128 0x2
 767 008a 01       		.byte	0x1
 768 008b 08       		.byte	0x8
 769 008c 62030000 		.4byte	.LASF13
 770 0090 05       		.uleb128 0x5
 771 0091 63000000 		.4byte	0x63
 772 0095 02       		.uleb128 0x2
 773 0096 08       		.byte	0x8
 774 0097 04       		.byte	0x4
 775 0098 3A040000 		.4byte	.LASF14
 776 009c 02       		.uleb128 0x2
 777 009d 04       		.byte	0x4
 778 009e 07       		.byte	0x7
 779 009f 3F030000 		.4byte	.LASF15
 780 00a3 06       		.uleb128 0x6
 781 00a4 08       		.byte	0x8
 782 00a5 02       		.byte	0x2
 783 00a6 A2       		.byte	0xa2
 784 00a7 F4000000 		.4byte	0xf4
 785 00ab 07       		.uleb128 0x7
 786 00ac 02040000 		.4byte	.LASF16
 787 00b0 02       		.byte	0x2
 788 00b1 A4       		.byte	0xa4
 789 00b2 63000000 		.4byte	0x63
 790 00b6 00       		.byte	0
 791 00b7 07       		.uleb128 0x7
 792 00b8 D1000000 		.4byte	.LASF17
 793 00bc 02       		.byte	0x2
 794 00bd A5       		.byte	0xa5
 795 00be 63000000 		.4byte	0x63
 796 00c2 01       		.byte	0x1
 797 00c3 07       		.uleb128 0x7
 798 00c4 61010000 		.4byte	.LASF18
ARM GAS  C:\Users\TERENC~1\AppData\Local\Temp\ccVwrgua.s 			page 15


 799 00c8 02       		.byte	0x2
 800 00c9 A6       		.byte	0xa6
 801 00ca 63000000 		.4byte	0x63
 802 00ce 02       		.byte	0x2
 803 00cf 07       		.uleb128 0x7
 804 00d0 F5000000 		.4byte	.LASF19
 805 00d4 02       		.byte	0x2
 806 00d5 A7       		.byte	0xa7
 807 00d6 63000000 		.4byte	0x63
 808 00da 03       		.byte	0x3
 809 00db 07       		.uleb128 0x7
 810 00dc 8E030000 		.4byte	.LASF20
 811 00e0 02       		.byte	0x2
 812 00e1 A8       		.byte	0xa8
 813 00e2 6F000000 		.4byte	0x6f
 814 00e6 04       		.byte	0x4
 815 00e7 07       		.uleb128 0x7
 816 00e8 9B040000 		.4byte	.LASF21
 817 00ec 02       		.byte	0x2
 818 00ed A9       		.byte	0xa9
 819 00ee 63000000 		.4byte	0x63
 820 00f2 06       		.byte	0x6
 821 00f3 00       		.byte	0
 822 00f4 08       		.uleb128 0x8
 823 00f5 89020000 		.4byte	.LASF22
 824 00f9 02       		.byte	0x2
 825 00fa AA       		.byte	0xaa
 826 00fb A3000000 		.4byte	0xa3
 827 00ff 06       		.uleb128 0x6
 828 0100 04       		.byte	0x4
 829 0101 02       		.byte	0x2
 830 0102 AC       		.byte	0xac
 831 0103 20010000 		.4byte	0x120
 832 0107 07       		.uleb128 0x7
 833 0108 B3000000 		.4byte	.LASF23
 834 010c 02       		.byte	0x2
 835 010d AE       		.byte	0xae
 836 010e 63000000 		.4byte	0x63
 837 0112 00       		.byte	0
 838 0113 07       		.uleb128 0x7
 839 0114 94040000 		.4byte	.LASF24
 840 0118 02       		.byte	0x2
 841 0119 AF       		.byte	0xaf
 842 011a 6F000000 		.4byte	0x6f
 843 011e 02       		.byte	0x2
 844 011f 00       		.byte	0
 845 0120 08       		.uleb128 0x8
 846 0121 A1040000 		.4byte	.LASF25
 847 0125 02       		.byte	0x2
 848 0126 B0       		.byte	0xb0
 849 0127 FF000000 		.4byte	0xff
 850 012b 06       		.uleb128 0x6
 851 012c 0C       		.byte	0xc
 852 012d 02       		.byte	0x2
 853 012e B2       		.byte	0xb2
 854 012f 58010000 		.4byte	0x158
 855 0133 07       		.uleb128 0x7
ARM GAS  C:\Users\TERENC~1\AppData\Local\Temp\ccVwrgua.s 			page 16


 856 0134 7F000000 		.4byte	.LASF26
 857 0138 02       		.byte	0x2
 858 0139 B4       		.byte	0xb4
 859 013a 6F000000 		.4byte	0x6f
 860 013e 00       		.byte	0
 861 013f 07       		.uleb128 0x7
 862 0140 BA000000 		.4byte	.LASF27
 863 0144 02       		.byte	0x2
 864 0145 B5       		.byte	0xb5
 865 0146 58010000 		.4byte	0x158
 866 014a 04       		.byte	0x4
 867 014b 07       		.uleb128 0x7
 868 014c 14000000 		.4byte	.LASF28
 869 0150 02       		.byte	0x2
 870 0151 B6       		.byte	0xb6
 871 0152 5E010000 		.4byte	0x15e
 872 0156 08       		.byte	0x8
 873 0157 00       		.byte	0
 874 0158 09       		.uleb128 0x9
 875 0159 04       		.byte	0x4
 876 015a 90000000 		.4byte	0x90
 877 015e 09       		.uleb128 0x9
 878 015f 04       		.byte	0x4
 879 0160 20010000 		.4byte	0x120
 880 0164 08       		.uleb128 0x8
 881 0165 C0000000 		.4byte	.LASF29
 882 0169 02       		.byte	0x2
 883 016a B7       		.byte	0xb7
 884 016b 2B010000 		.4byte	0x12b
 885 016f 06       		.uleb128 0x6
 886 0170 08       		.byte	0x8
 887 0171 02       		.byte	0x2
 888 0172 B9       		.byte	0xb9
 889 0173 8E010000 		.4byte	0x18e
 890 0177 0A       		.uleb128 0xa
 891 0178 6300     		.ascii	"c\000"
 892 017a 02       		.byte	0x2
 893 017b BB       		.byte	0xbb
 894 017c 63000000 		.4byte	0x63
 895 0180 00       		.byte	0
 896 0181 07       		.uleb128 0x7
 897 0182 82020000 		.4byte	.LASF30
 898 0186 02       		.byte	0x2
 899 0187 BC       		.byte	0xbc
 900 0188 8E010000 		.4byte	0x18e
 901 018c 04       		.byte	0x4
 902 018d 00       		.byte	0
 903 018e 09       		.uleb128 0x9
 904 018f 04       		.byte	0x4
 905 0190 94010000 		.4byte	0x194
 906 0194 0B       		.uleb128 0xb
 907 0195 08       		.uleb128 0x8
 908 0196 56030000 		.4byte	.LASF31
 909 019a 02       		.byte	0x2
 910 019b BD       		.byte	0xbd
 911 019c 6F010000 		.4byte	0x16f
 912 01a0 0C       		.uleb128 0xc
ARM GAS  C:\Users\TERENC~1\AppData\Local\Temp\ccVwrgua.s 			page 17


 913 01a1 B0010000 		.4byte	0x1b0
 914 01a5 B0010000 		.4byte	0x1b0
 915 01a9 0D       		.uleb128 0xd
 916 01aa 9C000000 		.4byte	0x9c
 917 01ae 11       		.byte	0x11
 918 01af 00       		.byte	0
 919 01b0 0E       		.uleb128 0xe
 920 01b1 63000000 		.4byte	0x63
 921 01b5 0F       		.uleb128 0xf
 922 01b6 00000000 		.4byte	.LASF32
 923 01ba 03       		.byte	0x3
 924 01bb 24       		.byte	0x24
 925 01bc C6010000 		.4byte	0x1c6
 926 01c0 05       		.uleb128 0x5
 927 01c1 03       		.byte	0x3
 928 01c2 00000000 		.4byte	USBFS_DEVICE0_DESCR
 929 01c6 0E       		.uleb128 0xe
 930 01c7 A0010000 		.4byte	0x1a0
 931 01cb 0C       		.uleb128 0xc
 932 01cc B0010000 		.4byte	0x1b0
 933 01d0 DB010000 		.4byte	0x1db
 934 01d4 0D       		.uleb128 0xd
 935 01d5 9C000000 		.4byte	0x9c
 936 01d9 E6       		.byte	0xe6
 937 01da 00       		.byte	0
 938 01db 0F       		.uleb128 0xf
 939 01dc 29020000 		.4byte	.LASF33
 940 01e0 03       		.byte	0x3
 941 01e1 37       		.byte	0x37
 942 01e2 EC010000 		.4byte	0x1ec
 943 01e6 05       		.uleb128 0x5
 944 01e7 03       		.byte	0x3
 945 01e8 00000000 		.4byte	USBFS_DEVICE0_CONFIGURATION0_DESCR
 946 01ec 0E       		.uleb128 0xe
 947 01ed CB010000 		.4byte	0x1cb
 948 01f1 0C       		.uleb128 0xc
 949 01f2 01020000 		.4byte	0x201
 950 01f6 01020000 		.4byte	0x201
 951 01fa 0D       		.uleb128 0xd
 952 01fb 9C000000 		.4byte	0x9c
 953 01ff 00       		.byte	0
 954 0200 00       		.byte	0
 955 0201 0E       		.uleb128 0xe
 956 0202 95010000 		.4byte	0x195
 957 0206 10       		.uleb128 0x10
 958 0207 7A010000 		.4byte	.LASF34
 959 020b 03       		.byte	0x3
 960 020c E301     		.2byte	0x1e3
 961 020e 18020000 		.4byte	0x218
 962 0212 05       		.uleb128 0x5
 963 0213 03       		.byte	0x3
 964 0214 00000000 		.4byte	USBFS_DEVICE0_CONFIGURATION0_INTERFACE3_TABLE
 965 0218 0E       		.uleb128 0xe
 966 0219 F1010000 		.4byte	0x1f1
 967 021d 0C       		.uleb128 0xc
 968 021e 2D020000 		.4byte	0x22d
 969 0222 2D020000 		.4byte	0x22d
ARM GAS  C:\Users\TERENC~1\AppData\Local\Temp\ccVwrgua.s 			page 18


 970 0226 0D       		.uleb128 0xd
 971 0227 9C000000 		.4byte	0x9c
 972 022b 04       		.byte	0x4
 973 022c 00       		.byte	0
 974 022d 0E       		.uleb128 0xe
 975 022e F4000000 		.4byte	0xf4
 976 0232 10       		.uleb128 0x10
 977 0233 FA010000 		.4byte	.LASF35
 978 0237 03       		.byte	0x3
 979 0238 EE01     		.2byte	0x1ee
 980 023a 44020000 		.4byte	0x244
 981 023e 05       		.uleb128 0x5
 982 023f 03       		.byte	0x3
 983 0240 00000000 		.4byte	USBFS_DEVICE0_CONFIGURATION0_EP_SETTINGS_TABLE
 984 0244 0E       		.uleb128 0xe
 985 0245 1D020000 		.4byte	0x21d
 986 0249 0C       		.uleb128 0xc
 987 024a B0010000 		.4byte	0x1b0
 988 024e 59020000 		.4byte	0x259
 989 0252 0D       		.uleb128 0xd
 990 0253 9C000000 		.4byte	0x9c
 991 0257 03       		.byte	0x3
 992 0258 00       		.byte	0
 993 0259 10       		.uleb128 0x10
 994 025a 21000000 		.4byte	.LASF36
 995 025e 03       		.byte	0x3
 996 025f F601     		.2byte	0x1f6
 997 0261 6B020000 		.4byte	0x26b
 998 0265 05       		.uleb128 0x5
 999 0266 03       		.byte	0x3
 1000 0267 00000000 		.4byte	USBFS_DEVICE0_CONFIGURATION0_INTERFACE_CLASS
 1001 026b 0E       		.uleb128 0xe
 1002 026c 49020000 		.4byte	0x249
 1003 0270 0C       		.uleb128 0xc
 1004 0271 01020000 		.4byte	0x201
 1005 0275 80020000 		.4byte	0x280
 1006 0279 0D       		.uleb128 0xd
 1007 027a 9C000000 		.4byte	0x9c
 1008 027e 06       		.byte	0x6
 1009 027f 00       		.byte	0
 1010 0280 10       		.uleb128 0x10
 1011 0281 3E010000 		.4byte	.LASF37
 1012 0285 03       		.byte	0x3
 1013 0286 FE01     		.2byte	0x1fe
 1014 0288 92020000 		.4byte	0x292
 1015 028c 05       		.uleb128 0x5
 1016 028d 03       		.byte	0x3
 1017 028e 00000000 		.4byte	USBFS_DEVICE0_CONFIGURATION0_TABLE
 1018 0292 0E       		.uleb128 0xe
 1019 0293 70020000 		.4byte	0x270
 1020 0297 0C       		.uleb128 0xc
 1021 0298 01020000 		.4byte	0x201
 1022 029c A7020000 		.4byte	0x2a7
 1023 02a0 0D       		.uleb128 0xd
 1024 02a1 9C000000 		.4byte	0x9c
 1025 02a5 02       		.byte	0x2
 1026 02a6 00       		.byte	0
ARM GAS  C:\Users\TERENC~1\AppData\Local\Temp\ccVwrgua.s 			page 19


 1027 02a7 10       		.uleb128 0x10
 1028 02a8 66010000 		.4byte	.LASF38
 1029 02ac 03       		.byte	0x3
 1030 02ad 0B02     		.2byte	0x20b
 1031 02af B9020000 		.4byte	0x2b9
 1032 02b3 05       		.uleb128 0x5
 1033 02b4 03       		.byte	0x3
 1034 02b5 00000000 		.4byte	USBFS_DEVICE0_TABLE
 1035 02b9 0E       		.uleb128 0xe
 1036 02ba 97020000 		.4byte	0x297
 1037 02be 10       		.uleb128 0x10
 1038 02bf 73000000 		.4byte	.LASF39
 1039 02c3 03       		.byte	0x3
 1040 02c4 1302     		.2byte	0x213
 1041 02c6 D0020000 		.4byte	0x2d0
 1042 02ca 05       		.uleb128 0x5
 1043 02cb 03       		.byte	0x3
 1044 02cc 00000000 		.4byte	USBFS_TABLE
 1045 02d0 0E       		.uleb128 0xe
 1046 02d1 F1010000 		.4byte	0x1f1
 1047 02d5 0C       		.uleb128 0xc
 1048 02d6 B0010000 		.4byte	0x1b0
 1049 02da E5020000 		.4byte	0x2e5
 1050 02de 0D       		.uleb128 0xd
 1051 02df 9C000000 		.4byte	0x9c
 1052 02e3 01       		.byte	0x1
 1053 02e4 00       		.byte	0
 1054 02e5 10       		.uleb128 0x10
 1055 02e6 98000000 		.4byte	.LASF40
 1056 02ea 03       		.byte	0x3
 1057 02eb 9E01     		.2byte	0x19e
 1058 02ed F7020000 		.4byte	0x2f7
 1059 02f1 05       		.uleb128 0x5
 1060 02f2 03       		.byte	0x3
 1061 02f3 00000000 		.4byte	USBFS_SN_STRING_DESCRIPTOR
 1062 02f7 0E       		.uleb128 0xe
 1063 02f8 D5020000 		.4byte	0x2d5
 1064 02fc 0C       		.uleb128 0xc
 1065 02fd B0010000 		.4byte	0x1b0
 1066 0301 0C030000 		.4byte	0x30c
 1067 0305 0D       		.uleb128 0xd
 1068 0306 9C000000 		.4byte	0x9c
 1069 030a E2       		.byte	0xe2
 1070 030b 00       		.byte	0
 1071 030c 10       		.uleb128 0x10
 1072 030d DC000000 		.4byte	.LASF41
 1073 0311 03       		.byte	0x3
 1074 0312 5001     		.2byte	0x150
 1075 0314 1E030000 		.4byte	0x31e
 1076 0318 05       		.uleb128 0x5
 1077 0319 03       		.byte	0x3
 1078 031a 00000000 		.4byte	USBFS_STRING_DESCRIPTORS
 1079 031e 0E       		.uleb128 0xe
 1080 031f FC020000 		.4byte	0x2fc
 1081 0323 10       		.uleb128 0x10
 1082 0324 52040000 		.4byte	.LASF42
 1083 0328 03       		.byte	0x3
ARM GAS  C:\Users\TERENC~1\AppData\Local\Temp\ccVwrgua.s 			page 20


 1084 0329 C301     		.2byte	0x1c3
 1085 032b 20010000 		.4byte	0x120
 1086 032f 05       		.uleb128 0x5
 1087 0330 03       		.byte	0x3
 1088 0331 00000000 		.4byte	USBFS_DEVICE0_CONFIGURATION0_INTERFACE3_ALTERNATE0_HID_IN_RPT_SCB
 1089 0335 0C       		.uleb128 0xc
 1090 0336 63000000 		.4byte	0x63
 1091 033a 45030000 		.4byte	0x345
 1092 033e 0D       		.uleb128 0xd
 1093 033f 9C000000 		.4byte	0x9c
 1094 0343 01       		.byte	0x1
 1095 0344 00       		.byte	0
 1096 0345 10       		.uleb128 0x10
 1097 0346 00010000 		.4byte	.LASF43
 1098 034a 03       		.byte	0x3
 1099 034b C401     		.2byte	0x1c4
 1100 034d 35030000 		.4byte	0x335
 1101 0351 05       		.uleb128 0x5
 1102 0352 03       		.byte	0x3
 1103 0353 00000000 		.4byte	USBFS_DEVICE0_CONFIGURATION0_INTERFACE3_ALTERNATE0_HID_IN_BUF
 1104 0357 0C       		.uleb128 0xc
 1105 0358 B0010000 		.4byte	0x1b0
 1106 035c 67030000 		.4byte	0x367
 1107 0360 0D       		.uleb128 0xd
 1108 0361 9C000000 		.4byte	0x9c
 1109 0365 26       		.byte	0x26
 1110 0366 00       		.byte	0
 1111 0367 10       		.uleb128 0x10
 1112 0368 A3030000 		.4byte	.LASF44
 1113 036c 03       		.byte	0x3
 1114 036d A601     		.2byte	0x1a6
 1115 036f 79030000 		.4byte	0x379
 1116 0373 05       		.uleb128 0x5
 1117 0374 03       		.byte	0x3
 1118 0375 00000000 		.4byte	USBFS_HIDREPORT_DESCRIPTOR1
 1119 0379 0E       		.uleb128 0xe
 1120 037a 57030000 		.4byte	0x357
 1121 037e 0C       		.uleb128 0xc
 1122 037f 8E030000 		.4byte	0x38e
 1123 0383 8E030000 		.4byte	0x38e
 1124 0387 0D       		.uleb128 0xd
 1125 0388 9C000000 		.4byte	0x9c
 1126 038c 00       		.byte	0
 1127 038d 00       		.byte	0
 1128 038e 0E       		.uleb128 0xe
 1129 038f 64010000 		.4byte	0x164
 1130 0393 10       		.uleb128 0x10
 1131 0394 A8010000 		.4byte	.LASF45
 1132 0398 03       		.byte	0x3
 1133 0399 CA01     		.2byte	0x1ca
 1134 039b A5030000 		.4byte	0x3a5
 1135 039f 05       		.uleb128 0x5
 1136 03a0 03       		.byte	0x3
 1137 03a1 00000000 		.4byte	USBFS_DEVICE0_CONFIGURATION0_INTERFACE3_ALTERNATE0_HID_IN_RPT_TABLE
 1138 03a5 0E       		.uleb128 0xe
 1139 03a6 7E030000 		.4byte	0x37e
 1140 03aa 0C       		.uleb128 0xc
ARM GAS  C:\Users\TERENC~1\AppData\Local\Temp\ccVwrgua.s 			page 21


 1141 03ab 01020000 		.4byte	0x201
 1142 03af BA030000 		.4byte	0x3ba
 1143 03b3 0D       		.uleb128 0xd
 1144 03b4 9C000000 		.4byte	0x9c
 1145 03b8 04       		.byte	0x4
 1146 03b9 00       		.byte	0
 1147 03ba 10       		.uleb128 0x10
 1148 03bb C5030000 		.4byte	.LASF46
 1149 03bf 03       		.byte	0x3
 1150 03c0 D701     		.2byte	0x1d7
 1151 03c2 CC030000 		.4byte	0x3cc
 1152 03c6 05       		.uleb128 0x5
 1153 03c7 03       		.byte	0x3
 1154 03c8 00000000 		.4byte	USBFS_DEVICE0_CONFIGURATION0_INTERFACE3_ALTERNATE0_HID_TABLE
 1155 03cc 0E       		.uleb128 0xe
 1156 03cd AA030000 		.4byte	0x3aa
 1157 03d1 0C       		.uleb128 0xc
 1158 03d2 63000000 		.4byte	0x63
 1159 03d6 E1030000 		.4byte	0x3e1
 1160 03da 0D       		.uleb128 0xd
 1161 03db 9C000000 		.4byte	0x9c
 1162 03df 21       		.byte	0x21
 1163 03e0 00       		.byte	0
 1164 03e1 10       		.uleb128 0x10
 1165 03e2 0C040000 		.4byte	.LASF47
 1166 03e6 03       		.byte	0x3
 1167 03e7 4102     		.2byte	0x241
 1168 03e9 D1030000 		.4byte	0x3d1
 1169 03ed 05       		.uleb128 0x5
 1170 03ee 03       		.byte	0x3
 1171 03ef 00000000 		.4byte	USBFS_idSerialNumberStringDescriptor
 1172 03f3 00       		.byte	0
 1173              		.section	.debug_abbrev,"",%progbits
 1174              	.Ldebug_abbrev0:
 1175 0000 01       		.uleb128 0x1
 1176 0001 11       		.uleb128 0x11
 1177 0002 01       		.byte	0x1
 1178 0003 25       		.uleb128 0x25
 1179 0004 0E       		.uleb128 0xe
 1180 0005 13       		.uleb128 0x13
 1181 0006 0B       		.uleb128 0xb
 1182 0007 03       		.uleb128 0x3
 1183 0008 0E       		.uleb128 0xe
 1184 0009 1B       		.uleb128 0x1b
 1185 000a 0E       		.uleb128 0xe
 1186 000b 10       		.uleb128 0x10
 1187 000c 17       		.uleb128 0x17
 1188 000d 00       		.byte	0
 1189 000e 00       		.byte	0
 1190 000f 02       		.uleb128 0x2
 1191 0010 24       		.uleb128 0x24
 1192 0011 00       		.byte	0
 1193 0012 0B       		.uleb128 0xb
 1194 0013 0B       		.uleb128 0xb
 1195 0014 3E       		.uleb128 0x3e
 1196 0015 0B       		.uleb128 0xb
 1197 0016 03       		.uleb128 0x3
ARM GAS  C:\Users\TERENC~1\AppData\Local\Temp\ccVwrgua.s 			page 22


 1198 0017 0E       		.uleb128 0xe
 1199 0018 00       		.byte	0
 1200 0019 00       		.byte	0
 1201 001a 03       		.uleb128 0x3
 1202 001b 24       		.uleb128 0x24
 1203 001c 00       		.byte	0
 1204 001d 0B       		.uleb128 0xb
 1205 001e 0B       		.uleb128 0xb
 1206 001f 3E       		.uleb128 0x3e
 1207 0020 0B       		.uleb128 0xb
 1208 0021 03       		.uleb128 0x3
 1209 0022 08       		.uleb128 0x8
 1210 0023 00       		.byte	0
 1211 0024 00       		.byte	0
 1212 0025 04       		.uleb128 0x4
 1213 0026 16       		.uleb128 0x16
 1214 0027 00       		.byte	0
 1215 0028 03       		.uleb128 0x3
 1216 0029 0E       		.uleb128 0xe
 1217 002a 3A       		.uleb128 0x3a
 1218 002b 0B       		.uleb128 0xb
 1219 002c 3B       		.uleb128 0x3b
 1220 002d 05       		.uleb128 0x5
 1221 002e 49       		.uleb128 0x49
 1222 002f 13       		.uleb128 0x13
 1223 0030 00       		.byte	0
 1224 0031 00       		.byte	0
 1225 0032 05       		.uleb128 0x5
 1226 0033 35       		.uleb128 0x35
 1227 0034 00       		.byte	0
 1228 0035 49       		.uleb128 0x49
 1229 0036 13       		.uleb128 0x13
 1230 0037 00       		.byte	0
 1231 0038 00       		.byte	0
 1232 0039 06       		.uleb128 0x6
 1233 003a 13       		.uleb128 0x13
 1234 003b 01       		.byte	0x1
 1235 003c 0B       		.uleb128 0xb
 1236 003d 0B       		.uleb128 0xb
 1237 003e 3A       		.uleb128 0x3a
 1238 003f 0B       		.uleb128 0xb
 1239 0040 3B       		.uleb128 0x3b
 1240 0041 0B       		.uleb128 0xb
 1241 0042 01       		.uleb128 0x1
 1242 0043 13       		.uleb128 0x13
 1243 0044 00       		.byte	0
 1244 0045 00       		.byte	0
 1245 0046 07       		.uleb128 0x7
 1246 0047 0D       		.uleb128 0xd
 1247 0048 00       		.byte	0
 1248 0049 03       		.uleb128 0x3
 1249 004a 0E       		.uleb128 0xe
 1250 004b 3A       		.uleb128 0x3a
 1251 004c 0B       		.uleb128 0xb
 1252 004d 3B       		.uleb128 0x3b
 1253 004e 0B       		.uleb128 0xb
 1254 004f 49       		.uleb128 0x49
ARM GAS  C:\Users\TERENC~1\AppData\Local\Temp\ccVwrgua.s 			page 23


 1255 0050 13       		.uleb128 0x13
 1256 0051 38       		.uleb128 0x38
 1257 0052 0B       		.uleb128 0xb
 1258 0053 00       		.byte	0
 1259 0054 00       		.byte	0
 1260 0055 08       		.uleb128 0x8
 1261 0056 16       		.uleb128 0x16
 1262 0057 00       		.byte	0
 1263 0058 03       		.uleb128 0x3
 1264 0059 0E       		.uleb128 0xe
 1265 005a 3A       		.uleb128 0x3a
 1266 005b 0B       		.uleb128 0xb
 1267 005c 3B       		.uleb128 0x3b
 1268 005d 0B       		.uleb128 0xb
 1269 005e 49       		.uleb128 0x49
 1270 005f 13       		.uleb128 0x13
 1271 0060 00       		.byte	0
 1272 0061 00       		.byte	0
 1273 0062 09       		.uleb128 0x9
 1274 0063 0F       		.uleb128 0xf
 1275 0064 00       		.byte	0
 1276 0065 0B       		.uleb128 0xb
 1277 0066 0B       		.uleb128 0xb
 1278 0067 49       		.uleb128 0x49
 1279 0068 13       		.uleb128 0x13
 1280 0069 00       		.byte	0
 1281 006a 00       		.byte	0
 1282 006b 0A       		.uleb128 0xa
 1283 006c 0D       		.uleb128 0xd
 1284 006d 00       		.byte	0
 1285 006e 03       		.uleb128 0x3
 1286 006f 08       		.uleb128 0x8
 1287 0070 3A       		.uleb128 0x3a
 1288 0071 0B       		.uleb128 0xb
 1289 0072 3B       		.uleb128 0x3b
 1290 0073 0B       		.uleb128 0xb
 1291 0074 49       		.uleb128 0x49
 1292 0075 13       		.uleb128 0x13
 1293 0076 38       		.uleb128 0x38
 1294 0077 0B       		.uleb128 0xb
 1295 0078 00       		.byte	0
 1296 0079 00       		.byte	0
 1297 007a 0B       		.uleb128 0xb
 1298 007b 26       		.uleb128 0x26
 1299 007c 00       		.byte	0
 1300 007d 00       		.byte	0
 1301 007e 00       		.byte	0
 1302 007f 0C       		.uleb128 0xc
 1303 0080 01       		.uleb128 0x1
 1304 0081 01       		.byte	0x1
 1305 0082 49       		.uleb128 0x49
 1306 0083 13       		.uleb128 0x13
 1307 0084 01       		.uleb128 0x1
 1308 0085 13       		.uleb128 0x13
 1309 0086 00       		.byte	0
 1310 0087 00       		.byte	0
 1311 0088 0D       		.uleb128 0xd
ARM GAS  C:\Users\TERENC~1\AppData\Local\Temp\ccVwrgua.s 			page 24


 1312 0089 21       		.uleb128 0x21
 1313 008a 00       		.byte	0
 1314 008b 49       		.uleb128 0x49
 1315 008c 13       		.uleb128 0x13
 1316 008d 2F       		.uleb128 0x2f
 1317 008e 0B       		.uleb128 0xb
 1318 008f 00       		.byte	0
 1319 0090 00       		.byte	0
 1320 0091 0E       		.uleb128 0xe
 1321 0092 26       		.uleb128 0x26
 1322 0093 00       		.byte	0
 1323 0094 49       		.uleb128 0x49
 1324 0095 13       		.uleb128 0x13
 1325 0096 00       		.byte	0
 1326 0097 00       		.byte	0
 1327 0098 0F       		.uleb128 0xf
 1328 0099 34       		.uleb128 0x34
 1329 009a 00       		.byte	0
 1330 009b 03       		.uleb128 0x3
 1331 009c 0E       		.uleb128 0xe
 1332 009d 3A       		.uleb128 0x3a
 1333 009e 0B       		.uleb128 0xb
 1334 009f 3B       		.uleb128 0x3b
 1335 00a0 0B       		.uleb128 0xb
 1336 00a1 49       		.uleb128 0x49
 1337 00a2 13       		.uleb128 0x13
 1338 00a3 3F       		.uleb128 0x3f
 1339 00a4 19       		.uleb128 0x19
 1340 00a5 02       		.uleb128 0x2
 1341 00a6 18       		.uleb128 0x18
 1342 00a7 00       		.byte	0
 1343 00a8 00       		.byte	0
 1344 00a9 10       		.uleb128 0x10
 1345 00aa 34       		.uleb128 0x34
 1346 00ab 00       		.byte	0
 1347 00ac 03       		.uleb128 0x3
 1348 00ad 0E       		.uleb128 0xe
 1349 00ae 3A       		.uleb128 0x3a
 1350 00af 0B       		.uleb128 0xb
 1351 00b0 3B       		.uleb128 0x3b
 1352 00b1 05       		.uleb128 0x5
 1353 00b2 49       		.uleb128 0x49
 1354 00b3 13       		.uleb128 0x13
 1355 00b4 3F       		.uleb128 0x3f
 1356 00b5 19       		.uleb128 0x19
 1357 00b6 02       		.uleb128 0x2
 1358 00b7 18       		.uleb128 0x18
 1359 00b8 00       		.byte	0
 1360 00b9 00       		.byte	0
 1361 00ba 00       		.byte	0
 1362              		.section	.debug_aranges,"",%progbits
 1363 0000 14000000 		.4byte	0x14
 1364 0004 0200     		.2byte	0x2
 1365 0006 00000000 		.4byte	.Ldebug_info0
 1366 000a 04       		.byte	0x4
 1367 000b 00       		.byte	0
 1368 000c 0000     		.2byte	0
ARM GAS  C:\Users\TERENC~1\AppData\Local\Temp\ccVwrgua.s 			page 25


 1369 000e 0000     		.2byte	0
 1370 0010 00000000 		.4byte	0
 1371 0014 00000000 		.4byte	0
 1372              		.section	.debug_line,"",%progbits
 1373              	.Ldebug_line0:
 1374 0000 59000000 		.section	.debug_str,"MS",%progbits,1
 1374      02005300 
 1374      00000201 
 1374      FB0E0D00 
 1374      01010101 
 1375              	.LASF32:
 1376 0000 55534246 		.ascii	"USBFS_DEVICE0_DESCR\000"
 1376      535F4445 
 1376      56494345 
 1376      305F4445 
 1376      53435200 
 1377              	.LASF28:
 1378 0014 70537461 		.ascii	"pStatusBlock\000"
 1378      74757342 
 1378      6C6F636B 
 1378      00
 1379              	.LASF36:
 1380 0021 55534246 		.ascii	"USBFS_DEVICE0_CONFIGURATION0_INTERFACE_CLASS\000"
 1380      535F4445 
 1380      56494345 
 1380      305F434F 
 1380      4E464947 
 1381              	.LASF49:
 1382 004e 47656E65 		.ascii	"Generated_Source\\PSoC4\\USBFS_descr.c\000"
 1382      72617465 
 1382      645F536F 
 1382      75726365 
 1382      5C50536F 
 1383              	.LASF39:
 1384 0073 55534246 		.ascii	"USBFS_TABLE\000"
 1384      535F5441 
 1384      424C4500 
 1385              	.LASF26:
 1386 007f 636F756E 		.ascii	"count\000"
 1386      7400
 1387              	.LASF3:
 1388 0085 73686F72 		.ascii	"short unsigned int\000"
 1388      7420756E 
 1388      7369676E 
 1388      65642069 
 1388      6E7400
 1389              	.LASF40:
 1390 0098 55534246 		.ascii	"USBFS_SN_STRING_DESCRIPTOR\000"
 1390      535F534E 
 1390      5F535452 
 1390      494E475F 
 1390      44455343 
 1391              	.LASF23:
 1392 00b3 73746174 		.ascii	"status\000"
 1392      757300
 1393              	.LASF27:
 1394 00ba 70446174 		.ascii	"pData\000"
ARM GAS  C:\Users\TERENC~1\AppData\Local\Temp\ccVwrgua.s 			page 26


 1394      6100
 1395              	.LASF29:
 1396 00c0 545F5553 		.ascii	"T_USBFS_TD\000"
 1396      4246535F 
 1396      544400
 1397              	.LASF11:
 1398 00cb 666C6F61 		.ascii	"float\000"
 1398      7400
 1399              	.LASF17:
 1400 00d1 616C7453 		.ascii	"altSetting\000"
 1400      65747469 
 1400      6E6700
 1401              	.LASF41:
 1402 00dc 55534246 		.ascii	"USBFS_STRING_DESCRIPTORS\000"
 1402      535F5354 
 1402      52494E47 
 1402      5F444553 
 1402      43524950 
 1403              	.LASF19:
 1404 00f5 61747472 		.ascii	"attributes\000"
 1404      69627574 
 1404      657300
 1405              	.LASF43:
 1406 0100 55534246 		.ascii	"USBFS_DEVICE0_CONFIGURATION0_INTERFACE3_ALTERNATE0_"
 1406      535F4445 
 1406      56494345 
 1406      305F434F 
 1406      4E464947 
 1407 0133 4849445F 		.ascii	"HID_IN_BUF\000"
 1407      494E5F42 
 1407      554600
 1408              	.LASF37:
 1409 013e 55534246 		.ascii	"USBFS_DEVICE0_CONFIGURATION0_TABLE\000"
 1409      535F4445 
 1409      56494345 
 1409      305F434F 
 1409      4E464947 
 1410              	.LASF18:
 1411 0161 61646472 		.ascii	"addr\000"
 1411      00
 1412              	.LASF38:
 1413 0166 55534246 		.ascii	"USBFS_DEVICE0_TABLE\000"
 1413      535F4445 
 1413      56494345 
 1413      305F5441 
 1413      424C4500 
 1414              	.LASF34:
 1415 017a 55534246 		.ascii	"USBFS_DEVICE0_CONFIGURATION0_INTERFACE3_TABLE\000"
 1415      535F4445 
 1415      56494345 
 1415      305F434F 
 1415      4E464947 
 1416              	.LASF45:
 1417 01a8 55534246 		.ascii	"USBFS_DEVICE0_CONFIGURATION0_INTERFACE3_ALTERNATE0_"
 1417      535F4445 
 1417      56494345 
 1417      305F434F 
ARM GAS  C:\Users\TERENC~1\AppData\Local\Temp\ccVwrgua.s 			page 27


 1417      4E464947 
 1418 01db 4849445F 		.ascii	"HID_IN_RPT_TABLE\000"
 1418      494E5F52 
 1418      50545F54 
 1418      41424C45 
 1418      00
 1419              	.LASF12:
 1420 01ec 646F7562 		.ascii	"double\000"
 1420      6C6500
 1421              	.LASF10:
 1422 01f3 75696E74 		.ascii	"uint16\000"
 1422      313600
 1423              	.LASF35:
 1424 01fa 55534246 		.ascii	"USBFS_DEVICE0_CONFIGURATION0_EP_SETTINGS_TABLE\000"
 1424      535F4445 
 1424      56494345 
 1424      305F434F 
 1424      4E464947 
 1425              	.LASF33:
 1426 0229 55534246 		.ascii	"USBFS_DEVICE0_CONFIGURATION0_DESCR\000"
 1426      535F4445 
 1426      56494345 
 1426      305F434F 
 1426      4E464947 
 1427              	.LASF5:
 1428 024c 6C6F6E67 		.ascii	"long unsigned int\000"
 1428      20756E73 
 1428      69676E65 
 1428      6420696E 
 1428      7400
 1429              	.LASF8:
 1430 025e 756E7369 		.ascii	"unsigned int\000"
 1430      676E6564 
 1430      20696E74 
 1430      00
 1431              	.LASF7:
 1432 026b 6C6F6E67 		.ascii	"long long unsigned int\000"
 1432      206C6F6E 
 1432      6720756E 
 1432      7369676E 
 1432      65642069 
 1433              	.LASF30:
 1434 0282 705F6C69 		.ascii	"p_list\000"
 1434      737400
 1435              	.LASF22:
 1436 0289 545F5553 		.ascii	"T_USBFS_EP_SETTINGS_BLOCK\000"
 1436      4246535F 
 1436      45505F53 
 1436      45545449 
 1436      4E47535F 
 1437              	.LASF48:
 1438 02a3 474E5520 		.ascii	"GNU C11 5.4.1 20160609 (release) [ARM/embedded-5-br"
 1438      43313120 
 1438      352E342E 
 1438      31203230 
 1438      31363036 
 1439 02d6 616E6368 		.ascii	"anch revision 237715] -mcpu=cortex-m0 -mthumb -g -O"
ARM GAS  C:\Users\TERENC~1\AppData\Local\Temp\ccVwrgua.s 			page 28


 1439      20726576 
 1439      6973696F 
 1439      6E203233 
 1439      37373135 
 1440 0309 67202D66 		.ascii	"g -ffunction-sections -ffat-lto-objects\000"
 1440      66756E63 
 1440      74696F6E 
 1440      2D736563 
 1440      74696F6E 
 1441              	.LASF1:
 1442 0331 756E7369 		.ascii	"unsigned char\000"
 1442      676E6564 
 1442      20636861 
 1442      7200
 1443              	.LASF15:
 1444 033f 73697A65 		.ascii	"sizetype\000"
 1444      74797065 
 1444      00
 1445              	.LASF6:
 1446 0348 6C6F6E67 		.ascii	"long long int\000"
 1446      206C6F6E 
 1446      6720696E 
 1446      7400
 1447              	.LASF31:
 1448 0356 545F5553 		.ascii	"T_USBFS_LUT\000"
 1448      4246535F 
 1448      4C555400 
 1449              	.LASF13:
 1450 0362 63686172 		.ascii	"char\000"
 1450      00
 1451              	.LASF50:
 1452 0367 433A5C64 		.ascii	"C:\\dev\\git\\Icebreaker\\Icebreaker.cydsn\000"
 1452      65765C67 
 1452      69745C49 
 1452      63656272 
 1452      65616B65 
 1453              	.LASF20:
 1454 038e 62756666 		.ascii	"bufferSize\000"
 1454      65725369 
 1454      7A6500
 1455              	.LASF2:
 1456 0399 73686F72 		.ascii	"short int\000"
 1456      7420696E 
 1456      7400
 1457              	.LASF44:
 1458 03a3 55534246 		.ascii	"USBFS_HIDREPORT_DESCRIPTOR1\000"
 1458      535F4849 
 1458      44524550 
 1458      4F52545F 
 1458      44455343 
 1459              	.LASF9:
 1460 03bf 75696E74 		.ascii	"uint8\000"
 1460      3800
 1461              	.LASF46:
 1462 03c5 55534246 		.ascii	"USBFS_DEVICE0_CONFIGURATION0_INTERFACE3_ALTERNATE0_"
 1462      535F4445 
 1462      56494345 
ARM GAS  C:\Users\TERENC~1\AppData\Local\Temp\ccVwrgua.s 			page 29


 1462      305F434F 
 1462      4E464947 
 1463 03f8 4849445F 		.ascii	"HID_TABLE\000"
 1463      5441424C 
 1463      4500
 1464              	.LASF16:
 1465 0402 696E7465 		.ascii	"interface\000"
 1465      72666163 
 1465      6500
 1466              	.LASF47:
 1467 040c 55534246 		.ascii	"USBFS_idSerialNumberStringDescriptor\000"
 1467      535F6964 
 1467      53657269 
 1467      616C4E75 
 1467      6D626572 
 1468              	.LASF4:
 1469 0431 6C6F6E67 		.ascii	"long int\000"
 1469      20696E74 
 1469      00
 1470              	.LASF14:
 1471 043a 6C6F6E67 		.ascii	"long double\000"
 1471      20646F75 
 1471      626C6500 
 1472              	.LASF0:
 1473 0446 7369676E 		.ascii	"signed char\000"
 1473      65642063 
 1473      68617200 
 1474              	.LASF42:
 1475 0452 55534246 		.ascii	"USBFS_DEVICE0_CONFIGURATION0_INTERFACE3_ALTERNATE0_"
 1475      535F4445 
 1475      56494345 
 1475      305F434F 
 1475      4E464947 
 1476 0485 4849445F 		.ascii	"HID_IN_RPT_SCB\000"
 1476      494E5F52 
 1476      50545F53 
 1476      434200
 1477              	.LASF24:
 1478 0494 6C656E67 		.ascii	"length\000"
 1478      746800
 1479              	.LASF21:
 1480 049b 624D6973 		.ascii	"bMisc\000"
 1480      6300
 1481              	.LASF25:
 1482 04a1 545F5553 		.ascii	"T_USBFS_XFER_STATUS_BLOCK\000"
 1482      4246535F 
 1482      58464552 
 1482      5F535441 
 1482      5455535F 
 1483              		.ident	"GCC: (GNU Tools for ARM Embedded Processors) 5.4.1 20160609 (release) [ARM/embedded-5-bran
