ARM GAS  C:\Users\TERENC~1\AppData\Local\Temp\ccb4i83Q.s 			page 1


   1              		.syntax unified
   2              		.cpu cortex-m0
   3              		.fpu softvfp
   4              		.eabi_attribute 20, 1
   5              		.eabi_attribute 21, 1
   6              		.eabi_attribute 23, 3
   7              		.eabi_attribute 24, 1
   8              		.eabi_attribute 25, 1
   9              		.eabi_attribute 26, 1
  10              		.eabi_attribute 30, 1
  11              		.eabi_attribute 34, 0
  12              		.eabi_attribute 18, 4
  13              		.thumb
  14              		.syntax unified
  15              		.file	"USBInDMA.c"
  16              		.text
  17              	.Ltext0:
  18              		.cfi_sections	.debug_frame
  19              		.section	.text.USBInDMA_Init,"ax",%progbits
  20              		.align	2
  21              		.global	USBInDMA_Init
  22              		.code	16
  23              		.thumb_func
  24              		.type	USBInDMA_Init, %function
  25              	USBInDMA_Init:
  26              	.LFB33:
  27              		.file 1 "Generated_Source\\PSoC4\\USBInDMA.c"
   1:Generated_Source\PSoC4/USBInDMA.c **** /*******************************************************************************
   2:Generated_Source\PSoC4/USBInDMA.c **** * File Name: USBInDMA.h
   3:Generated_Source\PSoC4/USBInDMA.c **** * Version 1.0
   4:Generated_Source\PSoC4/USBInDMA.c **** *
   5:Generated_Source\PSoC4/USBInDMA.c **** * Description:
   6:Generated_Source\PSoC4/USBInDMA.c **** *  This file contains all of the channel DMA API functions.
   7:Generated_Source\PSoC4/USBInDMA.c **** *
   8:Generated_Source\PSoC4/USBInDMA.c **** ********************************************************************************
   9:Generated_Source\PSoC4/USBInDMA.c **** * Copyright 2015, Cypress Semiconductor Corporation. All rights reserved.
  10:Generated_Source\PSoC4/USBInDMA.c **** * You may use this file only in accordance with the license, terms, conditions,
  11:Generated_Source\PSoC4/USBInDMA.c **** * disclaimers, and limitations in the end user license agreement accompanying
  12:Generated_Source\PSoC4/USBInDMA.c **** * the software package with which this file was provided.
  13:Generated_Source\PSoC4/USBInDMA.c **** *******************************************************************************/
  14:Generated_Source\PSoC4/USBInDMA.c **** 
  15:Generated_Source\PSoC4/USBInDMA.c **** #include "USBInDMA.h"
  16:Generated_Source\PSoC4/USBInDMA.c **** 
  17:Generated_Source\PSoC4/USBInDMA.c **** uint8 USBInDMA_initVar = 0u;
  18:Generated_Source\PSoC4/USBInDMA.c **** 
  19:Generated_Source\PSoC4/USBInDMA.c **** 
  20:Generated_Source\PSoC4/USBInDMA.c **** /*******************************************************************************
  21:Generated_Source\PSoC4/USBInDMA.c **** * Function Name: USBInDMA_Start
  22:Generated_Source\PSoC4/USBInDMA.c **** ********************************************************************************
  23:Generated_Source\PSoC4/USBInDMA.c **** *
  24:Generated_Source\PSoC4/USBInDMA.c **** * Summary:
  25:Generated_Source\PSoC4/USBInDMA.c **** *  Calls Init() to configure the DMA channel based on the customizer settings if
  26:Generated_Source\PSoC4/USBInDMA.c **** *  the channel has not been initialized before.
  27:Generated_Source\PSoC4/USBInDMA.c **** *  Sets source and destination address, validates descriptor 0 and enables the
  28:Generated_Source\PSoC4/USBInDMA.c **** *  channel. After calling this function the DMA channel is active and waiting
  29:Generated_Source\PSoC4/USBInDMA.c **** *  for a trigger.
  30:Generated_Source\PSoC4/USBInDMA.c **** *
ARM GAS  C:\Users\TERENC~1\AppData\Local\Temp\ccb4i83Q.s 			page 2


  31:Generated_Source\PSoC4/USBInDMA.c **** * Parameters:
  32:Generated_Source\PSoC4/USBInDMA.c **** *  srcAddress: Address of DMA transfer source for descriptor 0.
  33:Generated_Source\PSoC4/USBInDMA.c **** *  dstAddress: Address of DMA transfer destination for descriptor 0.
  34:Generated_Source\PSoC4/USBInDMA.c **** *                   
  35:Generated_Source\PSoC4/USBInDMA.c **** * Return:
  36:Generated_Source\PSoC4/USBInDMA.c **** *  None.
  37:Generated_Source\PSoC4/USBInDMA.c **** *
  38:Generated_Source\PSoC4/USBInDMA.c **** *******************************************************************************/
  39:Generated_Source\PSoC4/USBInDMA.c **** void USBInDMA_Start(void * srcAddress, void * dstAddress)
  40:Generated_Source\PSoC4/USBInDMA.c **** {
  41:Generated_Source\PSoC4/USBInDMA.c ****     if(0u == USBInDMA_initVar)
  42:Generated_Source\PSoC4/USBInDMA.c ****     {
  43:Generated_Source\PSoC4/USBInDMA.c ****         USBInDMA_Init();
  44:Generated_Source\PSoC4/USBInDMA.c ****         USBInDMA_initVar = 1u;
  45:Generated_Source\PSoC4/USBInDMA.c ****     }
  46:Generated_Source\PSoC4/USBInDMA.c ****     CyDmaEnable();
  47:Generated_Source\PSoC4/USBInDMA.c ****     USBInDMA_SetSrcAddress(0, srcAddress);
  48:Generated_Source\PSoC4/USBInDMA.c ****     USBInDMA_SetDstAddress(0, dstAddress);
  49:Generated_Source\PSoC4/USBInDMA.c ****     USBInDMA_ValidateDescriptor(0);
  50:Generated_Source\PSoC4/USBInDMA.c ****     USBInDMA_ChEnable();
  51:Generated_Source\PSoC4/USBInDMA.c **** }
  52:Generated_Source\PSoC4/USBInDMA.c **** 
  53:Generated_Source\PSoC4/USBInDMA.c **** 
  54:Generated_Source\PSoC4/USBInDMA.c **** /*******************************************************************************
  55:Generated_Source\PSoC4/USBInDMA.c **** * Function Name: USBInDMA_Init
  56:Generated_Source\PSoC4/USBInDMA.c **** ********************************************************************************
  57:Generated_Source\PSoC4/USBInDMA.c **** *
  58:Generated_Source\PSoC4/USBInDMA.c **** * Summary:
  59:Generated_Source\PSoC4/USBInDMA.c **** *  Initializes the DMA channel based on the parameters set in the component
  60:Generated_Source\PSoC4/USBInDMA.c **** *  customizer. It is not necessary to call USBInDMA_Init() because the
  61:Generated_Source\PSoC4/USBInDMA.c **** *  USBInDMA_Start() API calls this function, which is the preferred method
  62:Generated_Source\PSoC4/USBInDMA.c **** *  to begin component operation.
  63:Generated_Source\PSoC4/USBInDMA.c **** *
  64:Generated_Source\PSoC4/USBInDMA.c **** * Parameters:
  65:Generated_Source\PSoC4/USBInDMA.c **** *  None.
  66:Generated_Source\PSoC4/USBInDMA.c **** *                   
  67:Generated_Source\PSoC4/USBInDMA.c **** * Return:
  68:Generated_Source\PSoC4/USBInDMA.c **** *  None.
  69:Generated_Source\PSoC4/USBInDMA.c **** *
  70:Generated_Source\PSoC4/USBInDMA.c **** * Side effect:
  71:Generated_Source\PSoC4/USBInDMA.c **** *  The first descriptor is set to descriptor 0. This function should not be
  72:Generated_Source\PSoC4/USBInDMA.c **** *  called while the channel is enabled. All settings will be reset to their
  73:Generated_Source\PSoC4/USBInDMA.c **** *  initial values.
  74:Generated_Source\PSoC4/USBInDMA.c **** *
  75:Generated_Source\PSoC4/USBInDMA.c **** *******************************************************************************/
  76:Generated_Source\PSoC4/USBInDMA.c **** void USBInDMA_Init(void)
  77:Generated_Source\PSoC4/USBInDMA.c **** {
  28              		.loc 1 77 0
  29              		.cfi_startproc
  30              		@ args = 0, pretend = 0, frame = 0
  31              		@ frame_needed = 0, uses_anonymous_args = 0
  32              		@ link register save eliminated.
  78:Generated_Source\PSoC4/USBInDMA.c ****     CYDMA_CH_CTL_BASE.ctl[USBInDMA_CHANNEL] = USBInDMA_CHANNEL_CFG;
  33              		.loc 1 78 0
  34 0000 C022     		movs	r2, #192
  35 0002 9205     		lsls	r2, r2, #22
  36 0004 054B     		ldr	r3, .L2
ARM GAS  C:\Users\TERENC~1\AppData\Local\Temp\ccb4i83Q.s 			page 3


  37 0006 DA60     		str	r2, [r3, #12]
  79:Generated_Source\PSoC4/USBInDMA.c ****     CYDMA_DESCR_BASE.descriptor[USBInDMA_CHANNEL][0].ctl = USBInDMA_DESCR0_CFG;
  38              		.loc 1 79 0
  39 0008 054B     		ldr	r3, .L2+4
  40 000a 064A     		ldr	r2, .L2+8
  41 000c 9A66     		str	r2, [r3, #104]
  80:Generated_Source\PSoC4/USBInDMA.c ****     CYDMA_DESCR_BASE.descriptor[USBInDMA_CHANNEL][1].ctl = USBInDMA_DESCR1_CFG;
  42              		.loc 1 80 0
  43 000e 9A67     		str	r2, [r3, #120]
  81:Generated_Source\PSoC4/USBInDMA.c **** 
  82:Generated_Source\PSoC4/USBInDMA.c ****     /* If the Generate IRQ option is selected for descriptor 0 or 1, set the
  83:Generated_Source\PSoC4/USBInDMA.c ****     * channel bit field in the DMA interrupt mask register.
  84:Generated_Source\PSoC4/USBInDMA.c ****     */
  85:Generated_Source\PSoC4/USBInDMA.c ****     #if (0u != ((USBInDMA_DESCR0_CFG | USBInDMA_DESCR1_CFG) & CYDMA_GENERATE_IRQ))
  86:Generated_Source\PSoC4/USBInDMA.c ****         CYDMA_INTR_MASK_REG |= USBInDMA_CHANNEL_MASK;
  44              		.loc 1 86 0
  45 0010 054A     		ldr	r2, .L2+12
  46 0012 1168     		ldr	r1, [r2]
  47 0014 0823     		movs	r3, #8
  48 0016 0B43     		orrs	r3, r1
  49 0018 1360     		str	r3, [r2]
  87:Generated_Source\PSoC4/USBInDMA.c ****     #endif /* (0u != ((USBInDMA_DESCR0_CFG | USBInDMA_DESCR1_CFG) & CYDMA_GENERATE_IRQ)) */
  88:Generated_Source\PSoC4/USBInDMA.c **** }
  50              		.loc 1 88 0
  51              		@ sp needed
  52 001a 7047     		bx	lr
  53              	.L3:
  54              		.align	2
  55              	.L2:
  56 001c 80101040 		.word	1074794624
  57 0020 00181040 		.word	1074796544
  58 0024 BB00A058 		.word	1486880955
  59 0028 F8171040 		.word	1074796536
  60              		.cfi_endproc
  61              	.LFE33:
  62              		.size	USBInDMA_Init, .-USBInDMA_Init
  63              		.section	.text.USBInDMA_Start,"ax",%progbits
  64              		.align	2
  65              		.global	USBInDMA_Start
  66              		.code	16
  67              		.thumb_func
  68              		.type	USBInDMA_Start, %function
  69              	USBInDMA_Start:
  70              	.LFB32:
  40:Generated_Source\PSoC4/USBInDMA.c ****     if(0u == USBInDMA_initVar)
  71              		.loc 1 40 0
  72              		.cfi_startproc
  73              		@ args = 0, pretend = 0, frame = 0
  74              		@ frame_needed = 0, uses_anonymous_args = 0
  75              	.LVL0:
  76 0000 70B5     		push	{r4, r5, r6, lr}
  77              		.cfi_def_cfa_offset 16
  78              		.cfi_offset 4, -16
  79              		.cfi_offset 5, -12
  80              		.cfi_offset 6, -8
  81              		.cfi_offset 14, -4
  82 0002 0500     		movs	r5, r0
ARM GAS  C:\Users\TERENC~1\AppData\Local\Temp\ccb4i83Q.s 			page 4


  83 0004 0C00     		movs	r4, r1
  41:Generated_Source\PSoC4/USBInDMA.c ****     {
  84              		.loc 1 41 0
  85 0006 0E4B     		ldr	r3, .L6
  86 0008 1B78     		ldrb	r3, [r3]
  87 000a 002B     		cmp	r3, #0
  88 000c 04D1     		bne	.L5
  43:Generated_Source\PSoC4/USBInDMA.c ****         USBInDMA_initVar = 1u;
  89              		.loc 1 43 0
  90 000e FFF7FEFF 		bl	USBInDMA_Init
  91              	.LVL1:
  44:Generated_Source\PSoC4/USBInDMA.c ****     }
  92              		.loc 1 44 0
  93 0012 0122     		movs	r2, #1
  94 0014 0A4B     		ldr	r3, .L6
  95 0016 1A70     		strb	r2, [r3]
  96              	.L5:
  46:Generated_Source\PSoC4/USBInDMA.c ****     USBInDMA_SetSrcAddress(0, srcAddress);
  97              		.loc 1 46 0
  98 0018 FFF7FEFF 		bl	CyDmaEnable
  99              	.LVL2:
 100              	.LBB10:
 101              	.LBB11:
 102              		.file 2 "Generated_Source\\PSoC4\\USBInDMA.h"
   1:Generated_Source\PSoC4/USBInDMA.h **** /*******************************************************************************
   2:Generated_Source\PSoC4/USBInDMA.h **** * File Name: USBInDMA.h
   3:Generated_Source\PSoC4/USBInDMA.h **** * Version 1.0
   4:Generated_Source\PSoC4/USBInDMA.h **** *
   5:Generated_Source\PSoC4/USBInDMA.h **** * Description:
   6:Generated_Source\PSoC4/USBInDMA.h **** *  This file provides DMA channel defines and API function definitions.
   7:Generated_Source\PSoC4/USBInDMA.h **** *
   8:Generated_Source\PSoC4/USBInDMA.h **** ********************************************************************************
   9:Generated_Source\PSoC4/USBInDMA.h **** * Copyright 2015, Cypress Semiconductor Corporation. All rights reserved.
  10:Generated_Source\PSoC4/USBInDMA.h **** * You may use this file only in accordance with the license, terms, conditions,
  11:Generated_Source\PSoC4/USBInDMA.h **** * disclaimers, and limitations in the end user license agreement accompanying
  12:Generated_Source\PSoC4/USBInDMA.h **** * the software package with which this file was provided.
  13:Generated_Source\PSoC4/USBInDMA.h **** *******************************************************************************/
  14:Generated_Source\PSoC4/USBInDMA.h **** 
  15:Generated_Source\PSoC4/USBInDMA.h **** #ifndef CY_DMA_CHANNEL_USBInDMA_H
  16:Generated_Source\PSoC4/USBInDMA.h **** #define CY_DMA_CHANNEL_USBInDMA_H
  17:Generated_Source\PSoC4/USBInDMA.h **** 
  18:Generated_Source\PSoC4/USBInDMA.h **** #include "CyDMA.h"
  19:Generated_Source\PSoC4/USBInDMA.h **** 
  20:Generated_Source\PSoC4/USBInDMA.h ****     
  21:Generated_Source\PSoC4/USBInDMA.h **** /***************************************
  22:Generated_Source\PSoC4/USBInDMA.h **** *   Conditional Compilation Parameters
  23:Generated_Source\PSoC4/USBInDMA.h **** ***************************************/
  24:Generated_Source\PSoC4/USBInDMA.h **** 
  25:Generated_Source\PSoC4/USBInDMA.h **** #define USBInDMA_CHANNEL           (USBInDMA__CHANNEL_NUMBER)
  26:Generated_Source\PSoC4/USBInDMA.h **** #define USBInDMA_CHANNEL_MASK      ((uint32)(1UL << USBInDMA_CHANNEL))
  27:Generated_Source\PSoC4/USBInDMA.h **** 
  28:Generated_Source\PSoC4/USBInDMA.h **** 
  29:Generated_Source\PSoC4/USBInDMA.h **** /***************************************
  30:Generated_Source\PSoC4/USBInDMA.h **** *        Function Prototypes
  31:Generated_Source\PSoC4/USBInDMA.h **** ***************************************/
  32:Generated_Source\PSoC4/USBInDMA.h **** 
  33:Generated_Source\PSoC4/USBInDMA.h **** /* Functions specific to this DMA channel */
ARM GAS  C:\Users\TERENC~1\AppData\Local\Temp\ccb4i83Q.s 			page 5


  34:Generated_Source\PSoC4/USBInDMA.h **** void USBInDMA_Init(void);
  35:Generated_Source\PSoC4/USBInDMA.h **** void USBInDMA_Start(void * srcAddress, void * dstAddress);
  36:Generated_Source\PSoC4/USBInDMA.h **** 
  37:Generated_Source\PSoC4/USBInDMA.h **** /* Inline functions that call global API functions */
  38:Generated_Source\PSoC4/USBInDMA.h **** static void   USBInDMA_ChEnable(void);
  39:Generated_Source\PSoC4/USBInDMA.h **** static void   USBInDMA_ChDisable(void);
  40:Generated_Source\PSoC4/USBInDMA.h **** static void   USBInDMA_Trigger(void);
  41:Generated_Source\PSoC4/USBInDMA.h **** static void   USBInDMA_SetPriority(int32 priority);
  42:Generated_Source\PSoC4/USBInDMA.h **** static int32  USBInDMA_GetPriority(void);
  43:Generated_Source\PSoC4/USBInDMA.h **** static void   USBInDMA_SetNextDescriptor(int32 descriptor);
  44:Generated_Source\PSoC4/USBInDMA.h **** static int32  USBInDMA_GetNextDescriptor(void);
  45:Generated_Source\PSoC4/USBInDMA.h **** static void   USBInDMA_SetConfiguration(int32 descriptor, const cydma_init_struct * config);
  46:Generated_Source\PSoC4/USBInDMA.h **** static void   USBInDMA_ValidateDescriptor(int32 descriptor);
  47:Generated_Source\PSoC4/USBInDMA.h **** static uint32 USBInDMA_GetDescriptorStatus(int32 descriptor);
  48:Generated_Source\PSoC4/USBInDMA.h **** static void   USBInDMA_SetSrcAddress(int32 descriptor, void * srcAddress);
  49:Generated_Source\PSoC4/USBInDMA.h **** static void * USBInDMA_GetSrcAddress(int32 descriptor);
  50:Generated_Source\PSoC4/USBInDMA.h **** static void   USBInDMA_SetDstAddress(int32 descriptor, void * dstAddress);
  51:Generated_Source\PSoC4/USBInDMA.h **** static void * USBInDMA_GetDstAddress(int32 descriptor);
  52:Generated_Source\PSoC4/USBInDMA.h **** static void   USBInDMA_SetDataElementSize(int32 descriptor, uint32 dataElementSize);
  53:Generated_Source\PSoC4/USBInDMA.h **** static uint32 USBInDMA_GetDataElementSize(int32 descriptor);
  54:Generated_Source\PSoC4/USBInDMA.h **** static void   USBInDMA_SetNumDataElements(int32 descriptor, int32 numDataElements);
  55:Generated_Source\PSoC4/USBInDMA.h **** static int32  USBInDMA_GetNumDataElements(int32 descriptor);
  56:Generated_Source\PSoC4/USBInDMA.h **** static void   USBInDMA_SetSrcDstTransferWidth(int32 descriptor, uint32 transferWidth);
  57:Generated_Source\PSoC4/USBInDMA.h **** static uint32 USBInDMA_GetSrcDstTransferWidth(int32 descriptor);
  58:Generated_Source\PSoC4/USBInDMA.h **** static void   USBInDMA_SetAddressIncrement(int32 descriptor, uint32 addressIncrement);
  59:Generated_Source\PSoC4/USBInDMA.h **** static uint32 USBInDMA_GetAddressIncrement(int32 descriptor);
  60:Generated_Source\PSoC4/USBInDMA.h **** static void   USBInDMA_SetTriggerType(int32 descriptor, uint32 triggerType);
  61:Generated_Source\PSoC4/USBInDMA.h **** static uint32 USBInDMA_GetTriggerType(int32 descriptor);
  62:Generated_Source\PSoC4/USBInDMA.h **** static void   USBInDMA_SetTransferMode(int32 descriptor, uint32 transferMode);
  63:Generated_Source\PSoC4/USBInDMA.h **** static uint32 USBInDMA_GetTransferMode(int32 descriptor);
  64:Generated_Source\PSoC4/USBInDMA.h **** static void   USBInDMA_SetPreemptable(int32 descriptor, uint32 preemptable);
  65:Generated_Source\PSoC4/USBInDMA.h **** static uint32 USBInDMA_GetPreemptable(int32 descriptor);
  66:Generated_Source\PSoC4/USBInDMA.h **** static void   USBInDMA_SetPostCompletionActions(int32 descriptor, uint32 actions);
  67:Generated_Source\PSoC4/USBInDMA.h **** static uint32 USBInDMA_GetPostCompletionAction(int32 descriptor);
  68:Generated_Source\PSoC4/USBInDMA.h **** static cydma_callback_t USBInDMA_SetInterruptCallback(cydma_callback_t callback);
  69:Generated_Source\PSoC4/USBInDMA.h **** static cydma_callback_t USBInDMA_GetInterruptCallback(void);
  70:Generated_Source\PSoC4/USBInDMA.h **** 
  71:Generated_Source\PSoC4/USBInDMA.h **** 
  72:Generated_Source\PSoC4/USBInDMA.h **** /*******************************************************************************
  73:Generated_Source\PSoC4/USBInDMA.h **** * Function Name: USBInDMA_ChEnable
  74:Generated_Source\PSoC4/USBInDMA.h **** ********************************************************************************
  75:Generated_Source\PSoC4/USBInDMA.h **** *
  76:Generated_Source\PSoC4/USBInDMA.h **** * Summary:
  77:Generated_Source\PSoC4/USBInDMA.h **** *  Enables the DMA channel. It is not necessary to call USBInDMA_ChEnable()
  78:Generated_Source\PSoC4/USBInDMA.h **** *  because the USBInDMA_Start() API calls this function, which is the
  79:Generated_Source\PSoC4/USBInDMA.h **** *  preferred method to begin the component operation.
  80:Generated_Source\PSoC4/USBInDMA.h **** *
  81:Generated_Source\PSoC4/USBInDMA.h **** * Parameters:
  82:Generated_Source\PSoC4/USBInDMA.h **** *  None.
  83:Generated_Source\PSoC4/USBInDMA.h **** *                   
  84:Generated_Source\PSoC4/USBInDMA.h **** * Return:
  85:Generated_Source\PSoC4/USBInDMA.h **** *  None.
  86:Generated_Source\PSoC4/USBInDMA.h **** *
  87:Generated_Source\PSoC4/USBInDMA.h **** * Side effect:
  88:Generated_Source\PSoC4/USBInDMA.h **** *  If this function is called before USBInDMA_Start(), or USBInDMA_Init()
  89:Generated_Source\PSoC4/USBInDMA.h **** *  or USBInDMA_SetConfiguration(), and USBInDMA_SetSrcAddress()
  90:Generated_Source\PSoC4/USBInDMA.h **** *  and USBInDMA_SetDstAddress the operation of the DMA is 
ARM GAS  C:\Users\TERENC~1\AppData\Local\Temp\ccb4i83Q.s 			page 6


  91:Generated_Source\PSoC4/USBInDMA.h **** *  undefined and could result in system data corruption. 
  92:Generated_Source\PSoC4/USBInDMA.h **** *
  93:Generated_Source\PSoC4/USBInDMA.h **** *******************************************************************************/
  94:Generated_Source\PSoC4/USBInDMA.h **** static CY_INLINE void USBInDMA_ChEnable(void)
  95:Generated_Source\PSoC4/USBInDMA.h **** {
  96:Generated_Source\PSoC4/USBInDMA.h ****     CyDmaChEnable(USBInDMA_CHANNEL);
  97:Generated_Source\PSoC4/USBInDMA.h **** }
  98:Generated_Source\PSoC4/USBInDMA.h **** 
  99:Generated_Source\PSoC4/USBInDMA.h **** 
 100:Generated_Source\PSoC4/USBInDMA.h **** /*******************************************************************************
 101:Generated_Source\PSoC4/USBInDMA.h **** * Function Name: USBInDMA_ChDisable
 102:Generated_Source\PSoC4/USBInDMA.h **** ********************************************************************************
 103:Generated_Source\PSoC4/USBInDMA.h **** *
 104:Generated_Source\PSoC4/USBInDMA.h **** * Summary:
 105:Generated_Source\PSoC4/USBInDMA.h **** *  Disables the DMA channel.
 106:Generated_Source\PSoC4/USBInDMA.h **** *
 107:Generated_Source\PSoC4/USBInDMA.h **** * Parameters:
 108:Generated_Source\PSoC4/USBInDMA.h **** *  None.
 109:Generated_Source\PSoC4/USBInDMA.h **** *                   
 110:Generated_Source\PSoC4/USBInDMA.h **** * Return:
 111:Generated_Source\PSoC4/USBInDMA.h **** *  None.
 112:Generated_Source\PSoC4/USBInDMA.h **** *
 113:Generated_Source\PSoC4/USBInDMA.h **** * Side effect:
 114:Generated_Source\PSoC4/USBInDMA.h **** *  If this function is called during a DMA transfer the transfer is aborted. 
 115:Generated_Source\PSoC4/USBInDMA.h **** *
 116:Generated_Source\PSoC4/USBInDMA.h **** *******************************************************************************/
 117:Generated_Source\PSoC4/USBInDMA.h **** static CY_INLINE void USBInDMA_ChDisable(void)
 118:Generated_Source\PSoC4/USBInDMA.h **** {
 119:Generated_Source\PSoC4/USBInDMA.h ****     CyDmaChDisable(USBInDMA_CHANNEL);
 120:Generated_Source\PSoC4/USBInDMA.h **** }
 121:Generated_Source\PSoC4/USBInDMA.h **** 
 122:Generated_Source\PSoC4/USBInDMA.h **** 
 123:Generated_Source\PSoC4/USBInDMA.h **** /*******************************************************************************
 124:Generated_Source\PSoC4/USBInDMA.h **** * Function Name: USBInDMA_Trigger
 125:Generated_Source\PSoC4/USBInDMA.h **** ********************************************************************************
 126:Generated_Source\PSoC4/USBInDMA.h **** *
 127:Generated_Source\PSoC4/USBInDMA.h **** * Summary:
 128:Generated_Source\PSoC4/USBInDMA.h **** *  Triggers the DMA channel, this is useful only for software triggers. This is
 129:Generated_Source\PSoC4/USBInDMA.h **** *  not needed when hardware triggers are used.
 130:Generated_Source\PSoC4/USBInDMA.h **** *
 131:Generated_Source\PSoC4/USBInDMA.h **** * Parameters:
 132:Generated_Source\PSoC4/USBInDMA.h **** *  None.
 133:Generated_Source\PSoC4/USBInDMA.h **** *                   
 134:Generated_Source\PSoC4/USBInDMA.h **** * Return:
 135:Generated_Source\PSoC4/USBInDMA.h **** *  None. 
 136:Generated_Source\PSoC4/USBInDMA.h **** *
 137:Generated_Source\PSoC4/USBInDMA.h **** *******************************************************************************/
 138:Generated_Source\PSoC4/USBInDMA.h **** static CY_INLINE void USBInDMA_Trigger(void)
 139:Generated_Source\PSoC4/USBInDMA.h **** {
 140:Generated_Source\PSoC4/USBInDMA.h ****     CyDmaTrigger(USBInDMA_CHANNEL);
 141:Generated_Source\PSoC4/USBInDMA.h **** }
 142:Generated_Source\PSoC4/USBInDMA.h **** 
 143:Generated_Source\PSoC4/USBInDMA.h **** 
 144:Generated_Source\PSoC4/USBInDMA.h **** /*******************************************************************************
 145:Generated_Source\PSoC4/USBInDMA.h **** * Function Name: USBInDMA_SetPriority
 146:Generated_Source\PSoC4/USBInDMA.h **** ********************************************************************************
 147:Generated_Source\PSoC4/USBInDMA.h **** *
ARM GAS  C:\Users\TERENC~1\AppData\Local\Temp\ccb4i83Q.s 			page 7


 148:Generated_Source\PSoC4/USBInDMA.h **** * Summary:
 149:Generated_Source\PSoC4/USBInDMA.h **** *  Sets the priority for the channel.
 150:Generated_Source\PSoC4/USBInDMA.h **** *
 151:Generated_Source\PSoC4/USBInDMA.h **** * Parameters:
 152:Generated_Source\PSoC4/USBInDMA.h **** *  priority: Priority for channel. Priority can be 0,1,2, or 3.
 153:Generated_Source\PSoC4/USBInDMA.h **** *            0 is the highest priority.
 154:Generated_Source\PSoC4/USBInDMA.h **** *                   
 155:Generated_Source\PSoC4/USBInDMA.h **** * Return:
 156:Generated_Source\PSoC4/USBInDMA.h **** *  None.
 157:Generated_Source\PSoC4/USBInDMA.h **** *
 158:Generated_Source\PSoC4/USBInDMA.h **** * Side effect:
 159:Generated_Source\PSoC4/USBInDMA.h **** *  This function should not be called while the channel is enabled.
 160:Generated_Source\PSoC4/USBInDMA.h **** *
 161:Generated_Source\PSoC4/USBInDMA.h **** *******************************************************************************/
 162:Generated_Source\PSoC4/USBInDMA.h **** static CY_INLINE void USBInDMA_SetPriority(int32 priority)
 163:Generated_Source\PSoC4/USBInDMA.h **** {
 164:Generated_Source\PSoC4/USBInDMA.h ****     CyDmaSetPriority(USBInDMA_CHANNEL, priority);
 165:Generated_Source\PSoC4/USBInDMA.h **** }
 166:Generated_Source\PSoC4/USBInDMA.h **** 
 167:Generated_Source\PSoC4/USBInDMA.h **** 
 168:Generated_Source\PSoC4/USBInDMA.h **** /*******************************************************************************
 169:Generated_Source\PSoC4/USBInDMA.h **** * Function Name: USBInDMA_GetPriority
 170:Generated_Source\PSoC4/USBInDMA.h **** ********************************************************************************
 171:Generated_Source\PSoC4/USBInDMA.h **** *
 172:Generated_Source\PSoC4/USBInDMA.h **** * Summary:
 173:Generated_Source\PSoC4/USBInDMA.h **** *  Gets the priority for the channel.
 174:Generated_Source\PSoC4/USBInDMA.h **** *
 175:Generated_Source\PSoC4/USBInDMA.h **** * Parameters:
 176:Generated_Source\PSoC4/USBInDMA.h **** *  None.
 177:Generated_Source\PSoC4/USBInDMA.h **** *                   
 178:Generated_Source\PSoC4/USBInDMA.h **** * Return:
 179:Generated_Source\PSoC4/USBInDMA.h **** *  Priority for channel. Priority can be 0,1,2, or 3. 0 is the highest priority.
 180:Generated_Source\PSoC4/USBInDMA.h **** *
 181:Generated_Source\PSoC4/USBInDMA.h **** *******************************************************************************/
 182:Generated_Source\PSoC4/USBInDMA.h **** static CY_INLINE int32 USBInDMA_GetPriority(void)
 183:Generated_Source\PSoC4/USBInDMA.h **** {
 184:Generated_Source\PSoC4/USBInDMA.h ****     return (CyDmaGetPriority(USBInDMA_CHANNEL));
 185:Generated_Source\PSoC4/USBInDMA.h **** }
 186:Generated_Source\PSoC4/USBInDMA.h **** 
 187:Generated_Source\PSoC4/USBInDMA.h **** 
 188:Generated_Source\PSoC4/USBInDMA.h **** /*******************************************************************************
 189:Generated_Source\PSoC4/USBInDMA.h **** * Function Name: USBInDMA_SetNextDescriptor
 190:Generated_Source\PSoC4/USBInDMA.h **** ********************************************************************************
 191:Generated_Source\PSoC4/USBInDMA.h **** *
 192:Generated_Source\PSoC4/USBInDMA.h **** * Summary:
 193:Generated_Source\PSoC4/USBInDMA.h **** *  Sets the descriptor that should be run the next time the channel is
 194:Generated_Source\PSoC4/USBInDMA.h **** *  triggered.
 195:Generated_Source\PSoC4/USBInDMA.h **** *
 196:Generated_Source\PSoC4/USBInDMA.h **** * Parameters:
 197:Generated_Source\PSoC4/USBInDMA.h **** *  descriptor: Next Descriptor to run (0 or 1).
 198:Generated_Source\PSoC4/USBInDMA.h **** *                   
 199:Generated_Source\PSoC4/USBInDMA.h **** * Side effect:
 200:Generated_Source\PSoC4/USBInDMA.h **** *  This function should not be called while the channel is enabled.
 201:Generated_Source\PSoC4/USBInDMA.h **** *
 202:Generated_Source\PSoC4/USBInDMA.h **** *******************************************************************************/
 203:Generated_Source\PSoC4/USBInDMA.h **** static CY_INLINE void USBInDMA_SetNextDescriptor(int32 descriptor)
 204:Generated_Source\PSoC4/USBInDMA.h **** {
ARM GAS  C:\Users\TERENC~1\AppData\Local\Temp\ccb4i83Q.s 			page 8


 205:Generated_Source\PSoC4/USBInDMA.h ****     CyDmaSetNextDescriptor(USBInDMA_CHANNEL, descriptor);
 206:Generated_Source\PSoC4/USBInDMA.h **** }
 207:Generated_Source\PSoC4/USBInDMA.h **** 
 208:Generated_Source\PSoC4/USBInDMA.h **** 
 209:Generated_Source\PSoC4/USBInDMA.h **** /*******************************************************************************
 210:Generated_Source\PSoC4/USBInDMA.h **** * Function Name: USBInDMA_GetNextDescriptor
 211:Generated_Source\PSoC4/USBInDMA.h **** ********************************************************************************
 212:Generated_Source\PSoC4/USBInDMA.h **** *
 213:Generated_Source\PSoC4/USBInDMA.h **** * Summary:
 214:Generated_Source\PSoC4/USBInDMA.h **** *  Returns the next descriptor that should be run, as set by 
 215:Generated_Source\PSoC4/USBInDMA.h **** *  USBInDMA_SetNextDescriptor().
 216:Generated_Source\PSoC4/USBInDMA.h **** *
 217:Generated_Source\PSoC4/USBInDMA.h **** * Parameters:
 218:Generated_Source\PSoC4/USBInDMA.h **** *  None.
 219:Generated_Source\PSoC4/USBInDMA.h **** *                   
 220:Generated_Source\PSoC4/USBInDMA.h **** * Return:
 221:Generated_Source\PSoC4/USBInDMA.h **** *  Next Descriptor to run (0 or 1).
 222:Generated_Source\PSoC4/USBInDMA.h **** *
 223:Generated_Source\PSoC4/USBInDMA.h **** *******************************************************************************/
 224:Generated_Source\PSoC4/USBInDMA.h **** static CY_INLINE int32 USBInDMA_GetNextDescriptor(void)
 225:Generated_Source\PSoC4/USBInDMA.h **** {
 226:Generated_Source\PSoC4/USBInDMA.h ****     return (CyDmaGetNextDescriptor(USBInDMA_CHANNEL));
 227:Generated_Source\PSoC4/USBInDMA.h **** }
 228:Generated_Source\PSoC4/USBInDMA.h **** 
 229:Generated_Source\PSoC4/USBInDMA.h **** 
 230:Generated_Source\PSoC4/USBInDMA.h **** /*******************************************************************************
 231:Generated_Source\PSoC4/USBInDMA.h **** * Function Name: USBInDMA_SetConfiguration
 232:Generated_Source\PSoC4/USBInDMA.h **** ********************************************************************************
 233:Generated_Source\PSoC4/USBInDMA.h **** *
 234:Generated_Source\PSoC4/USBInDMA.h **** * Summary:
 235:Generated_Source\PSoC4/USBInDMA.h **** *  Sets configuration information for the specified descriptor.
 236:Generated_Source\PSoC4/USBInDMA.h **** *
 237:Generated_Source\PSoC4/USBInDMA.h **** * Parameters:
 238:Generated_Source\PSoC4/USBInDMA.h **** *  descriptor: Descriptor (0 or 1) modified by this function.
 239:Generated_Source\PSoC4/USBInDMA.h **** *  config: Pointer to a configuration structure. Refer to cydma_init_struct
 240:Generated_Source\PSoC4/USBInDMA.h **** *          structure definition in CyDMA_P4.h or the component datasheet.
 241:Generated_Source\PSoC4/USBInDMA.h **** *                   
 242:Generated_Source\PSoC4/USBInDMA.h **** * Return:
 243:Generated_Source\PSoC4/USBInDMA.h **** *  None.
 244:Generated_Source\PSoC4/USBInDMA.h **** *
 245:Generated_Source\PSoC4/USBInDMA.h **** * Side effect:
 246:Generated_Source\PSoC4/USBInDMA.h **** *  The status register associated with the specified descriptor is reset to
 247:Generated_Source\PSoC4/USBInDMA.h **** *  zero after this function call. This function also validates the descriptor.
 248:Generated_Source\PSoC4/USBInDMA.h **** *  This function should not be called while the descriptor is active.
 249:Generated_Source\PSoC4/USBInDMA.h **** *  This can be checked by calling CyDmaGetStatus().
 250:Generated_Source\PSoC4/USBInDMA.h **** *
 251:Generated_Source\PSoC4/USBInDMA.h **** *******************************************************************************/
 252:Generated_Source\PSoC4/USBInDMA.h **** static CY_INLINE void USBInDMA_SetConfiguration(int32 descriptor, const cydma_init_struct * config)
 253:Generated_Source\PSoC4/USBInDMA.h **** {
 254:Generated_Source\PSoC4/USBInDMA.h ****     CyDmaSetConfiguration(USBInDMA_CHANNEL, descriptor, config);
 255:Generated_Source\PSoC4/USBInDMA.h **** }
 256:Generated_Source\PSoC4/USBInDMA.h **** 
 257:Generated_Source\PSoC4/USBInDMA.h **** 
 258:Generated_Source\PSoC4/USBInDMA.h **** /*******************************************************************************
 259:Generated_Source\PSoC4/USBInDMA.h **** * Function Name: USBInDMA_ValidateDescriptor
 260:Generated_Source\PSoC4/USBInDMA.h **** ********************************************************************************
 261:Generated_Source\PSoC4/USBInDMA.h **** *
ARM GAS  C:\Users\TERENC~1\AppData\Local\Temp\ccb4i83Q.s 			page 9


 262:Generated_Source\PSoC4/USBInDMA.h **** * Summary:
 263:Generated_Source\PSoC4/USBInDMA.h **** *  Validates the specified descriptor after it has been invalidated.
 264:Generated_Source\PSoC4/USBInDMA.h **** *
 265:Generated_Source\PSoC4/USBInDMA.h **** * Parameters:
 266:Generated_Source\PSoC4/USBInDMA.h **** *  descriptor: Descriptor (0 or 1) modified by this function.
 267:Generated_Source\PSoC4/USBInDMA.h **** *                   
 268:Generated_Source\PSoC4/USBInDMA.h **** * Return:
 269:Generated_Source\PSoC4/USBInDMA.h **** *  None. 
 270:Generated_Source\PSoC4/USBInDMA.h **** *
 271:Generated_Source\PSoC4/USBInDMA.h **** * Side effect:
 272:Generated_Source\PSoC4/USBInDMA.h **** *  The status register associated with the specified descriptor is reset to
 273:Generated_Source\PSoC4/USBInDMA.h **** *  zero after this function call. This function should not be called while the
 274:Generated_Source\PSoC4/USBInDMA.h **** *  descriptor is active. This can be checked by calling CyDmaGetStatus().
 275:Generated_Source\PSoC4/USBInDMA.h **** *
 276:Generated_Source\PSoC4/USBInDMA.h **** *******************************************************************************/
 277:Generated_Source\PSoC4/USBInDMA.h **** static CY_INLINE void USBInDMA_ValidateDescriptor(int32 descriptor)
 278:Generated_Source\PSoC4/USBInDMA.h **** {
 279:Generated_Source\PSoC4/USBInDMA.h ****     CyDmaValidateDescriptor(USBInDMA_CHANNEL, descriptor);
 280:Generated_Source\PSoC4/USBInDMA.h **** }
 281:Generated_Source\PSoC4/USBInDMA.h **** 
 282:Generated_Source\PSoC4/USBInDMA.h **** 
 283:Generated_Source\PSoC4/USBInDMA.h **** /*******************************************************************************
 284:Generated_Source\PSoC4/USBInDMA.h **** * Function Name: USBInDMA_GetDescriptorStatus
 285:Generated_Source\PSoC4/USBInDMA.h **** ********************************************************************************
 286:Generated_Source\PSoC4/USBInDMA.h **** *
 287:Generated_Source\PSoC4/USBInDMA.h **** * Summary:
 288:Generated_Source\PSoC4/USBInDMA.h **** *  Returns the status of the specified descriptor.
 289:Generated_Source\PSoC4/USBInDMA.h **** *
 290:Generated_Source\PSoC4/USBInDMA.h **** * Parameters:
 291:Generated_Source\PSoC4/USBInDMA.h **** *  descriptor: Descriptor (0 or 1) modified by this function.
 292:Generated_Source\PSoC4/USBInDMA.h **** *                   
 293:Generated_Source\PSoC4/USBInDMA.h **** * Return:
 294:Generated_Source\PSoC4/USBInDMA.h **** *  Returns the contents of the specified descriptors status register. Refer to 
 295:Generated_Source\PSoC4/USBInDMA.h **** *  descriptor status register bit definitions in CyDMA_P4.h or the API
 296:Generated_Source\PSoC4/USBInDMA.h **** *  description in the DMA channel datasheet for more information.
 297:Generated_Source\PSoC4/USBInDMA.h **** *
 298:Generated_Source\PSoC4/USBInDMA.h **** *******************************************************************************/
 299:Generated_Source\PSoC4/USBInDMA.h **** static CY_INLINE uint32 USBInDMA_GetDescriptorStatus(int32 descriptor)
 300:Generated_Source\PSoC4/USBInDMA.h **** {
 301:Generated_Source\PSoC4/USBInDMA.h ****     return (CyDmaGetDescriptorStatus(USBInDMA_CHANNEL, descriptor));
 302:Generated_Source\PSoC4/USBInDMA.h **** }
 303:Generated_Source\PSoC4/USBInDMA.h **** 
 304:Generated_Source\PSoC4/USBInDMA.h **** 
 305:Generated_Source\PSoC4/USBInDMA.h **** /*******************************************************************************
 306:Generated_Source\PSoC4/USBInDMA.h **** * Function Name: USBInDMA_SetSrcAddress
 307:Generated_Source\PSoC4/USBInDMA.h **** ********************************************************************************
 308:Generated_Source\PSoC4/USBInDMA.h **** *
 309:Generated_Source\PSoC4/USBInDMA.h **** * Summary:
 310:Generated_Source\PSoC4/USBInDMA.h **** *  Configures the source address for the specified descriptor.
 311:Generated_Source\PSoC4/USBInDMA.h **** *
 312:Generated_Source\PSoC4/USBInDMA.h **** * Parameters:
 313:Generated_Source\PSoC4/USBInDMA.h **** *  descriptor: Descriptor (0 or 1) modified by this function.
 314:Generated_Source\PSoC4/USBInDMA.h **** *  srcAddress: Address of DMA transfer source.
 315:Generated_Source\PSoC4/USBInDMA.h **** *                   
 316:Generated_Source\PSoC4/USBInDMA.h **** * Return:
 317:Generated_Source\PSoC4/USBInDMA.h **** *  None.
 318:Generated_Source\PSoC4/USBInDMA.h **** *
ARM GAS  C:\Users\TERENC~1\AppData\Local\Temp\ccb4i83Q.s 			page 10


 319:Generated_Source\PSoC4/USBInDMA.h **** * Side effect:
 320:Generated_Source\PSoC4/USBInDMA.h **** *  This function should not be called when the specified descriptor is active
 321:Generated_Source\PSoC4/USBInDMA.h **** *  in the DMA transfer engine. This can be checked by calling CyDmaGetStatus(). 
 322:Generated_Source\PSoC4/USBInDMA.h **** *
 323:Generated_Source\PSoC4/USBInDMA.h **** *******************************************************************************/
 324:Generated_Source\PSoC4/USBInDMA.h **** static CY_INLINE void USBInDMA_SetSrcAddress(int32 descriptor, void * srcAddress)
 325:Generated_Source\PSoC4/USBInDMA.h **** {
 326:Generated_Source\PSoC4/USBInDMA.h ****     CyDmaSetSrcAddress(USBInDMA_CHANNEL, descriptor, srcAddress);
 103              		.loc 2 326 0
 104 001c 2A00     		movs	r2, r5
 105 001e 0021     		movs	r1, #0
 106 0020 0320     		movs	r0, #3
 107 0022 FFF7FEFF 		bl	CyDmaSetSrcAddress
 108              	.LVL3:
 109              	.LBE11:
 110              	.LBE10:
 111              	.LBB12:
 112              	.LBB13:
 327:Generated_Source\PSoC4/USBInDMA.h **** }
 328:Generated_Source\PSoC4/USBInDMA.h **** 
 329:Generated_Source\PSoC4/USBInDMA.h **** 
 330:Generated_Source\PSoC4/USBInDMA.h **** /*******************************************************************************
 331:Generated_Source\PSoC4/USBInDMA.h **** * Function Name: USBInDMA_GetSrcAddress
 332:Generated_Source\PSoC4/USBInDMA.h **** ********************************************************************************
 333:Generated_Source\PSoC4/USBInDMA.h **** *
 334:Generated_Source\PSoC4/USBInDMA.h **** * Summary:
 335:Generated_Source\PSoC4/USBInDMA.h **** *  Returns the source address for the specified descriptor, set by either 
 336:Generated_Source\PSoC4/USBInDMA.h **** *  USBInDMA_Start() or USBInDMA_SetSrcAddress().
 337:Generated_Source\PSoC4/USBInDMA.h **** *
 338:Generated_Source\PSoC4/USBInDMA.h **** * Parameters:
 339:Generated_Source\PSoC4/USBInDMA.h **** *  descriptor: Specifies descriptor (0 or 1) used by this function.
 340:Generated_Source\PSoC4/USBInDMA.h **** *                   
 341:Generated_Source\PSoC4/USBInDMA.h **** * Return:
 342:Generated_Source\PSoC4/USBInDMA.h **** *  Source address written to specified descriptor.
 343:Generated_Source\PSoC4/USBInDMA.h **** *
 344:Generated_Source\PSoC4/USBInDMA.h **** *******************************************************************************/
 345:Generated_Source\PSoC4/USBInDMA.h **** static CY_INLINE void * USBInDMA_GetSrcAddress(int32 descriptor)
 346:Generated_Source\PSoC4/USBInDMA.h **** {
 347:Generated_Source\PSoC4/USBInDMA.h ****     return (CyDmaGetSrcAddress(USBInDMA_CHANNEL, descriptor));
 348:Generated_Source\PSoC4/USBInDMA.h **** }
 349:Generated_Source\PSoC4/USBInDMA.h **** 
 350:Generated_Source\PSoC4/USBInDMA.h **** 
 351:Generated_Source\PSoC4/USBInDMA.h **** /*******************************************************************************
 352:Generated_Source\PSoC4/USBInDMA.h **** * Function Name: USBInDMA_SetDstAddress
 353:Generated_Source\PSoC4/USBInDMA.h **** ********************************************************************************
 354:Generated_Source\PSoC4/USBInDMA.h **** *
 355:Generated_Source\PSoC4/USBInDMA.h **** * Summary:
 356:Generated_Source\PSoC4/USBInDMA.h **** *  Configures the destination address for the specified descriptor.
 357:Generated_Source\PSoC4/USBInDMA.h **** *
 358:Generated_Source\PSoC4/USBInDMA.h **** * Parameters:
 359:Generated_Source\PSoC4/USBInDMA.h **** *  descriptor: Descriptor (0 or 1) modified by this function.
 360:Generated_Source\PSoC4/USBInDMA.h **** *  dstAddress: Address of DMA transfer destination.
 361:Generated_Source\PSoC4/USBInDMA.h **** *                   
 362:Generated_Source\PSoC4/USBInDMA.h **** * Return:
 363:Generated_Source\PSoC4/USBInDMA.h **** *  None.
 364:Generated_Source\PSoC4/USBInDMA.h **** *
 365:Generated_Source\PSoC4/USBInDMA.h **** * Side effect:
ARM GAS  C:\Users\TERENC~1\AppData\Local\Temp\ccb4i83Q.s 			page 11


 366:Generated_Source\PSoC4/USBInDMA.h **** *  This function should not be called when the specified descriptor is active
 367:Generated_Source\PSoC4/USBInDMA.h **** *  in the DMA transfer engine. This can be checked by calling CyDmaGetStatus(). 
 368:Generated_Source\PSoC4/USBInDMA.h **** *
 369:Generated_Source\PSoC4/USBInDMA.h **** *******************************************************************************/
 370:Generated_Source\PSoC4/USBInDMA.h **** static CY_INLINE void USBInDMA_SetDstAddress(int32 descriptor, void * dstAddress)
 371:Generated_Source\PSoC4/USBInDMA.h **** {
 372:Generated_Source\PSoC4/USBInDMA.h ****     CyDmaSetDstAddress(USBInDMA_CHANNEL, descriptor, dstAddress);
 113              		.loc 2 372 0
 114 0026 2200     		movs	r2, r4
 115 0028 0021     		movs	r1, #0
 116 002a 0320     		movs	r0, #3
 117 002c FFF7FEFF 		bl	CyDmaSetDstAddress
 118              	.LVL4:
 119              	.LBE13:
 120              	.LBE12:
 121              	.LBB14:
 122              	.LBB15:
 279:Generated_Source\PSoC4/USBInDMA.h **** }
 123              		.loc 2 279 0
 124 0030 0021     		movs	r1, #0
 125 0032 0320     		movs	r0, #3
 126 0034 FFF7FEFF 		bl	CyDmaValidateDescriptor
 127              	.LVL5:
 128              	.LBE15:
 129              	.LBE14:
 130              	.LBB16:
 131              	.LBB17:
  96:Generated_Source\PSoC4/USBInDMA.h **** }
 132              		.loc 2 96 0
 133 0038 0320     		movs	r0, #3
 134 003a FFF7FEFF 		bl	CyDmaChEnable
 135              	.LVL6:
 136              	.LBE17:
 137              	.LBE16:
  51:Generated_Source\PSoC4/USBInDMA.c **** 
 138              		.loc 1 51 0
 139              		@ sp needed
 140              	.LVL7:
 141              	.LVL8:
 142 003e 70BD     		pop	{r4, r5, r6, pc}
 143              	.L7:
 144              		.align	2
 145              	.L6:
 146 0040 00000000 		.word	.LANCHOR0
 147              		.cfi_endproc
 148              	.LFE32:
 149              		.size	USBInDMA_Start, .-USBInDMA_Start
 150              		.global	USBInDMA_initVar
 151              		.bss
 152              		.set	.LANCHOR0,. + 0
 153              		.type	USBInDMA_initVar, %object
 154              		.size	USBInDMA_initVar, 1
 155              	USBInDMA_initVar:
 156 0000 00       		.space	1
 157              		.text
 158              	.Letext0:
 159              		.file 3 "Generated_Source\\PSoC4\\cytypes.h"
ARM GAS  C:\Users\TERENC~1\AppData\Local\Temp\ccb4i83Q.s 			page 12


 160              		.file 4 "Generated_Source\\PSoC4\\CyDMA.h"
 161              		.section	.debug_info,"",%progbits
 162              	.Ldebug_info0:
 163 0000 47030000 		.4byte	0x347
 164 0004 0400     		.2byte	0x4
 165 0006 00000000 		.4byte	.Ldebug_abbrev0
 166 000a 04       		.byte	0x4
 167 000b 01       		.uleb128 0x1
 168 000c 91000000 		.4byte	.LASF32
 169 0010 0C       		.byte	0xc
 170 0011 6F000000 		.4byte	.LASF33
 171 0015 77010000 		.4byte	.LASF34
 172 0019 00000000 		.4byte	.Ldebug_ranges0+0
 173 001d 00000000 		.4byte	0
 174 0021 00000000 		.4byte	.Ldebug_line0
 175 0025 02       		.uleb128 0x2
 176 0026 01       		.byte	0x1
 177 0027 06       		.byte	0x6
 178 0028 D6010000 		.4byte	.LASF0
 179 002c 02       		.uleb128 0x2
 180 002d 01       		.byte	0x1
 181 002e 08       		.byte	0x8
 182 002f C8010000 		.4byte	.LASF1
 183 0033 02       		.uleb128 0x2
 184 0034 02       		.byte	0x2
 185 0035 05       		.byte	0x5
 186 0036 4D000000 		.4byte	.LASF2
 187 003a 02       		.uleb128 0x2
 188 003b 02       		.byte	0x2
 189 003c 07       		.byte	0x7
 190 003d 0C020000 		.4byte	.LASF3
 191 0041 02       		.uleb128 0x2
 192 0042 04       		.byte	0x4
 193 0043 05       		.byte	0x5
 194 0044 6E010000 		.4byte	.LASF4
 195 0048 02       		.uleb128 0x2
 196 0049 04       		.byte	0x4
 197 004a 07       		.byte	0x7
 198 004b 71020000 		.4byte	.LASF5
 199 004f 02       		.uleb128 0x2
 200 0050 08       		.byte	0x8
 201 0051 05       		.byte	0x5
 202 0052 60010000 		.4byte	.LASF6
 203 0056 02       		.uleb128 0x2
 204 0057 08       		.byte	0x8
 205 0058 07       		.byte	0x7
 206 0059 E2010000 		.4byte	.LASF7
 207 005d 03       		.uleb128 0x3
 208 005e 04       		.byte	0x4
 209 005f 05       		.byte	0x5
 210 0060 696E7400 		.ascii	"int\000"
 211 0064 02       		.uleb128 0x2
 212 0065 04       		.byte	0x4
 213 0066 07       		.byte	0x7
 214 0067 F9010000 		.4byte	.LASF8
 215 006b 04       		.uleb128 0x4
 216 006c 38010000 		.4byte	.LASF9
ARM GAS  C:\Users\TERENC~1\AppData\Local\Temp\ccb4i83Q.s 			page 13


 217 0070 03       		.byte	0x3
 218 0071 E401     		.2byte	0x1e4
 219 0073 2C000000 		.4byte	0x2c
 220 0077 04       		.uleb128 0x4
 221 0078 6A020000 		.4byte	.LASF10
 222 007c 03       		.byte	0x3
 223 007d E601     		.2byte	0x1e6
 224 007f 48000000 		.4byte	0x48
 225 0083 04       		.uleb128 0x4
 226 0084 83020000 		.4byte	.LASF11
 227 0088 03       		.byte	0x3
 228 0089 E901     		.2byte	0x1e9
 229 008b 41000000 		.4byte	0x41
 230 008f 02       		.uleb128 0x2
 231 0090 04       		.byte	0x4
 232 0091 04       		.byte	0x4
 233 0092 5A010000 		.4byte	.LASF12
 234 0096 02       		.uleb128 0x2
 235 0097 08       		.byte	0x8
 236 0098 04       		.byte	0x4
 237 0099 89020000 		.4byte	.LASF13
 238 009d 02       		.uleb128 0x2
 239 009e 01       		.byte	0x1
 240 009f 08       		.byte	0x8
 241 00a0 42020000 		.4byte	.LASF14
 242 00a4 04       		.uleb128 0x4
 243 00a5 06020000 		.4byte	.LASF15
 244 00a9 03       		.byte	0x3
 245 00aa 9002     		.2byte	0x290
 246 00ac B0000000 		.4byte	0xb0
 247 00b0 05       		.uleb128 0x5
 248 00b1 77000000 		.4byte	0x77
 249 00b5 06       		.uleb128 0x6
 250 00b6 80       		.byte	0x80
 251 00b7 04       		.byte	0x4
 252 00b8 26       		.byte	0x26
 253 00b9 CA000000 		.4byte	0xca
 254 00bd 07       		.uleb128 0x7
 255 00be 63746C00 		.ascii	"ctl\000"
 256 00c2 04       		.byte	0x4
 257 00c3 28       		.byte	0x28
 258 00c4 CA000000 		.4byte	0xca
 259 00c8 00       		.byte	0
 260 00c9 00       		.byte	0
 261 00ca 08       		.uleb128 0x8
 262 00cb 77000000 		.4byte	0x77
 263 00cf DA000000 		.4byte	0xda
 264 00d3 09       		.uleb128 0x9
 265 00d4 DA000000 		.4byte	0xda
 266 00d8 1F       		.byte	0x1f
 267 00d9 00       		.byte	0
 268 00da 02       		.uleb128 0x2
 269 00db 04       		.byte	0x4
 270 00dc 07       		.byte	0x7
 271 00dd 57000000 		.4byte	.LASF16
 272 00e1 0A       		.uleb128 0xa
 273 00e2 1F010000 		.4byte	.LASF17
ARM GAS  C:\Users\TERENC~1\AppData\Local\Temp\ccb4i83Q.s 			page 14


 274 00e6 04       		.byte	0x4
 275 00e7 29       		.byte	0x29
 276 00e8 B5000000 		.4byte	0xb5
 277 00ec 06       		.uleb128 0x6
 278 00ed 10       		.byte	0x10
 279 00ee 04       		.byte	0x4
 280 00ef 2C       		.byte	0x2c
 281 00f0 25010000 		.4byte	0x125
 282 00f4 07       		.uleb128 0x7
 283 00f5 73726300 		.ascii	"src\000"
 284 00f9 04       		.byte	0x4
 285 00fa 2E       		.byte	0x2e
 286 00fb 25010000 		.4byte	0x125
 287 00ff 00       		.byte	0
 288 0100 07       		.uleb128 0x7
 289 0101 64737400 		.ascii	"dst\000"
 290 0105 04       		.byte	0x4
 291 0106 2F       		.byte	0x2f
 292 0107 25010000 		.4byte	0x125
 293 010b 04       		.byte	0x4
 294 010c 07       		.uleb128 0x7
 295 010d 63746C00 		.ascii	"ctl\000"
 296 0111 04       		.byte	0x4
 297 0112 30       		.byte	0x30
 298 0113 77000000 		.4byte	0x77
 299 0117 08       		.byte	0x8
 300 0118 0B       		.uleb128 0xb
 301 0119 1F020000 		.4byte	.LASF18
 302 011d 04       		.byte	0x4
 303 011e 31       		.byte	0x31
 304 011f 77000000 		.4byte	0x77
 305 0123 0C       		.byte	0xc
 306 0124 00       		.byte	0
 307 0125 0C       		.uleb128 0xc
 308 0126 04       		.byte	0x4
 309 0127 0A       		.uleb128 0xa
 310 0128 47020000 		.4byte	.LASF19
 311 012c 04       		.byte	0x4
 312 012d 32       		.byte	0x32
 313 012e EC000000 		.4byte	0xec
 314 0132 0D       		.uleb128 0xd
 315 0133 0004     		.2byte	0x400
 316 0135 04       		.byte	0x4
 317 0136 38       		.byte	0x38
 318 0137 48010000 		.4byte	0x148
 319 013b 0B       		.uleb128 0xb
 320 013c DB020000 		.4byte	.LASF20
 321 0140 04       		.byte	0x4
 322 0141 3A       		.byte	0x3a
 323 0142 48010000 		.4byte	0x148
 324 0146 00       		.byte	0
 325 0147 00       		.byte	0
 326 0148 08       		.uleb128 0x8
 327 0149 27010000 		.4byte	0x127
 328 014d 5E010000 		.4byte	0x15e
 329 0151 09       		.uleb128 0x9
 330 0152 DA000000 		.4byte	0xda
ARM GAS  C:\Users\TERENC~1\AppData\Local\Temp\ccb4i83Q.s 			page 15


 331 0156 1F       		.byte	0x1f
 332 0157 09       		.uleb128 0x9
 333 0158 DA000000 		.4byte	0xda
 334 015c 01       		.byte	0x1
 335 015d 00       		.byte	0
 336 015e 0A       		.uleb128 0xa
 337 015f 26020000 		.4byte	.LASF21
 338 0163 04       		.byte	0x4
 339 0164 3B       		.byte	0x3b
 340 0165 32010000 		.4byte	0x132
 341 0169 0E       		.uleb128 0xe
 342 016a 9E020000 		.4byte	.LASF35
 343 016e 02       		.byte	0x2
 344 016f 5E       		.byte	0x5e
 345 0170 03       		.byte	0x3
 346 0171 0F       		.uleb128 0xf
 347 0172 3E010000 		.4byte	.LASF22
 348 0176 02       		.byte	0x2
 349 0177 1501     		.2byte	0x115
 350 0179 03       		.byte	0x3
 351 017a 8B010000 		.4byte	0x18b
 352 017e 10       		.uleb128 0x10
 353 017f DB020000 		.4byte	.LASF20
 354 0183 02       		.byte	0x2
 355 0184 1501     		.2byte	0x115
 356 0186 83000000 		.4byte	0x83
 357 018a 00       		.byte	0
 358 018b 0F       		.uleb128 0xf
 359 018c 00000000 		.4byte	.LASF23
 360 0190 02       		.byte	0x2
 361 0191 7201     		.2byte	0x172
 362 0193 03       		.byte	0x3
 363 0194 B1010000 		.4byte	0x1b1
 364 0198 10       		.uleb128 0x10
 365 0199 DB020000 		.4byte	.LASF20
 366 019d 02       		.byte	0x2
 367 019e 7201     		.2byte	0x172
 368 01a0 83000000 		.4byte	0x83
 369 01a4 10       		.uleb128 0x10
 370 01a5 17000000 		.4byte	.LASF24
 371 01a9 02       		.byte	0x2
 372 01aa 7201     		.2byte	0x172
 373 01ac 25010000 		.4byte	0x125
 374 01b0 00       		.byte	0
 375 01b1 0F       		.uleb128 0xf
 376 01b2 9E010000 		.4byte	.LASF25
 377 01b6 02       		.byte	0x2
 378 01b7 4401     		.2byte	0x144
 379 01b9 03       		.byte	0x3
 380 01ba D7010000 		.4byte	0x1d7
 381 01be 10       		.uleb128 0x10
 382 01bf DB020000 		.4byte	.LASF20
 383 01c3 02       		.byte	0x2
 384 01c4 4401     		.2byte	0x144
 385 01c6 83000000 		.4byte	0x83
 386 01ca 10       		.uleb128 0x10
 387 01cb 5F020000 		.4byte	.LASF26
ARM GAS  C:\Users\TERENC~1\AppData\Local\Temp\ccb4i83Q.s 			page 16


 388 01cf 02       		.byte	0x2
 389 01d0 4401     		.2byte	0x144
 390 01d2 25010000 		.4byte	0x125
 391 01d6 00       		.byte	0
 392 01d7 11       		.uleb128 0x11
 393 01d8 90020000 		.4byte	.LASF36
 394 01dc 01       		.byte	0x1
 395 01dd 4C       		.byte	0x4c
 396 01de 00000000 		.4byte	.LFB33
 397 01e2 2C000000 		.4byte	.LFE33-.LFB33
 398 01e6 01       		.uleb128 0x1
 399 01e7 9C       		.byte	0x9c
 400 01e8 12       		.uleb128 0x12
 401 01e9 60000000 		.4byte	.LASF37
 402 01ed 01       		.byte	0x1
 403 01ee 27       		.byte	0x27
 404 01ef 00000000 		.4byte	.LFB32
 405 01f3 44000000 		.4byte	.LFE32-.LFB32
 406 01f7 01       		.uleb128 0x1
 407 01f8 9C       		.byte	0x9c
 408 01f9 02030000 		.4byte	0x302
 409 01fd 13       		.uleb128 0x13
 410 01fe 5F020000 		.4byte	.LASF26
 411 0202 01       		.byte	0x1
 412 0203 27       		.byte	0x27
 413 0204 25010000 		.4byte	0x125
 414 0208 00000000 		.4byte	.LLST0
 415 020c 13       		.uleb128 0x13
 416 020d 17000000 		.4byte	.LASF24
 417 0211 01       		.byte	0x1
 418 0212 27       		.byte	0x27
 419 0213 25010000 		.4byte	0x125
 420 0217 2C000000 		.4byte	.LLST1
 421 021b 14       		.uleb128 0x14
 422 021c B1010000 		.4byte	0x1b1
 423 0220 1C000000 		.4byte	.LBB10
 424 0224 0A000000 		.4byte	.LBE10-.LBB10
 425 0228 01       		.byte	0x1
 426 0229 2F       		.byte	0x2f
 427 022a 5B020000 		.4byte	0x25b
 428 022e 15       		.uleb128 0x15
 429 022f CA010000 		.4byte	0x1ca
 430 0233 58000000 		.4byte	.LLST2
 431 0237 15       		.uleb128 0x15
 432 0238 BE010000 		.4byte	0x1be
 433 023c 6B000000 		.4byte	.LLST3
 434 0240 16       		.uleb128 0x16
 435 0241 26000000 		.4byte	.LVL3
 436 0245 13030000 		.4byte	0x313
 437 0249 17       		.uleb128 0x17
 438 024a 01       		.uleb128 0x1
 439 024b 50       		.byte	0x50
 440 024c 01       		.uleb128 0x1
 441 024d 33       		.byte	0x33
 442 024e 17       		.uleb128 0x17
 443 024f 01       		.uleb128 0x1
 444 0250 51       		.byte	0x51
ARM GAS  C:\Users\TERENC~1\AppData\Local\Temp\ccb4i83Q.s 			page 17


 445 0251 01       		.uleb128 0x1
 446 0252 30       		.byte	0x30
 447 0253 17       		.uleb128 0x17
 448 0254 01       		.uleb128 0x1
 449 0255 52       		.byte	0x52
 450 0256 02       		.uleb128 0x2
 451 0257 75       		.byte	0x75
 452 0258 00       		.sleb128 0
 453 0259 00       		.byte	0
 454 025a 00       		.byte	0
 455 025b 14       		.uleb128 0x14
 456 025c 8B010000 		.4byte	0x18b
 457 0260 26000000 		.4byte	.LBB12
 458 0264 0A000000 		.4byte	.LBE12-.LBB12
 459 0268 01       		.byte	0x1
 460 0269 30       		.byte	0x30
 461 026a 9B020000 		.4byte	0x29b
 462 026e 15       		.uleb128 0x15
 463 026f A4010000 		.4byte	0x1a4
 464 0273 7F000000 		.4byte	.LLST4
 465 0277 15       		.uleb128 0x15
 466 0278 98010000 		.4byte	0x198
 467 027c 92000000 		.4byte	.LLST5
 468 0280 16       		.uleb128 0x16
 469 0281 30000000 		.4byte	.LVL4
 470 0285 1E030000 		.4byte	0x31e
 471 0289 17       		.uleb128 0x17
 472 028a 01       		.uleb128 0x1
 473 028b 50       		.byte	0x50
 474 028c 01       		.uleb128 0x1
 475 028d 33       		.byte	0x33
 476 028e 17       		.uleb128 0x17
 477 028f 01       		.uleb128 0x1
 478 0290 51       		.byte	0x51
 479 0291 01       		.uleb128 0x1
 480 0292 30       		.byte	0x30
 481 0293 17       		.uleb128 0x17
 482 0294 01       		.uleb128 0x1
 483 0295 52       		.byte	0x52
 484 0296 02       		.uleb128 0x2
 485 0297 74       		.byte	0x74
 486 0298 00       		.sleb128 0
 487 0299 00       		.byte	0
 488 029a 00       		.byte	0
 489 029b 14       		.uleb128 0x14
 490 029c 71010000 		.4byte	0x171
 491 02a0 30000000 		.4byte	.LBB14
 492 02a4 08000000 		.4byte	.LBE14-.LBB14
 493 02a8 01       		.byte	0x1
 494 02a9 31       		.byte	0x31
 495 02aa CC020000 		.4byte	0x2cc
 496 02ae 15       		.uleb128 0x15
 497 02af 7E010000 		.4byte	0x17e
 498 02b3 A6000000 		.4byte	.LLST6
 499 02b7 16       		.uleb128 0x16
 500 02b8 38000000 		.4byte	.LVL5
 501 02bc 29030000 		.4byte	0x329
ARM GAS  C:\Users\TERENC~1\AppData\Local\Temp\ccb4i83Q.s 			page 18


 502 02c0 17       		.uleb128 0x17
 503 02c1 01       		.uleb128 0x1
 504 02c2 50       		.byte	0x50
 505 02c3 01       		.uleb128 0x1
 506 02c4 33       		.byte	0x33
 507 02c5 17       		.uleb128 0x17
 508 02c6 01       		.uleb128 0x1
 509 02c7 51       		.byte	0x51
 510 02c8 01       		.uleb128 0x1
 511 02c9 30       		.byte	0x30
 512 02ca 00       		.byte	0
 513 02cb 00       		.byte	0
 514 02cc 14       		.uleb128 0x14
 515 02cd 69010000 		.4byte	0x169
 516 02d1 38000000 		.4byte	.LBB16
 517 02d5 06000000 		.4byte	.LBE16-.LBB16
 518 02d9 01       		.byte	0x1
 519 02da 32       		.byte	0x32
 520 02db EF020000 		.4byte	0x2ef
 521 02df 16       		.uleb128 0x16
 522 02e0 3E000000 		.4byte	.LVL6
 523 02e4 34030000 		.4byte	0x334
 524 02e8 17       		.uleb128 0x17
 525 02e9 01       		.uleb128 0x1
 526 02ea 50       		.byte	0x50
 527 02eb 01       		.uleb128 0x1
 528 02ec 33       		.byte	0x33
 529 02ed 00       		.byte	0
 530 02ee 00       		.byte	0
 531 02ef 18       		.uleb128 0x18
 532 02f0 12000000 		.4byte	.LVL1
 533 02f4 D7010000 		.4byte	0x1d7
 534 02f8 18       		.uleb128 0x18
 535 02f9 1C000000 		.4byte	.LVL2
 536 02fd 3F030000 		.4byte	0x33f
 537 0301 00       		.byte	0
 538 0302 19       		.uleb128 0x19
 539 0303 B0020000 		.4byte	.LASF38
 540 0307 01       		.byte	0x1
 541 0308 11       		.byte	0x11
 542 0309 6B000000 		.4byte	0x6b
 543 030d 05       		.uleb128 0x5
 544 030e 03       		.byte	0x3
 545 030f 00000000 		.4byte	USBInDMA_initVar
 546 0313 1A       		.uleb128 0x1a
 547 0314 3A000000 		.4byte	.LASF27
 548 0318 3A000000 		.4byte	.LASF27
 549 031c 04       		.byte	0x4
 550 031d 93       		.byte	0x93
 551 031e 1A       		.uleb128 0x1a
 552 031f B5010000 		.4byte	.LASF28
 553 0323 B5010000 		.4byte	.LASF28
 554 0327 04       		.byte	0x4
 555 0328 96       		.byte	0x96
 556 0329 1A       		.uleb128 0x1a
 557 032a 22000000 		.4byte	.LASF29
 558 032e 22000000 		.4byte	.LASF29
ARM GAS  C:\Users\TERENC~1\AppData\Local\Temp\ccb4i83Q.s 			page 19


 559 0332 04       		.byte	0x4
 560 0333 8F       		.byte	0x8f
 561 0334 1A       		.uleb128 0x1a
 562 0335 C1020000 		.4byte	.LASF30
 563 0339 C1020000 		.4byte	.LASF30
 564 033d 04       		.byte	0x4
 565 033e 82       		.byte	0x82
 566 033f 1A       		.uleb128 0x1a
 567 0340 CF020000 		.4byte	.LASF31
 568 0344 CF020000 		.4byte	.LASF31
 569 0348 04       		.byte	0x4
 570 0349 6D       		.byte	0x6d
 571 034a 00       		.byte	0
 572              		.section	.debug_abbrev,"",%progbits
 573              	.Ldebug_abbrev0:
 574 0000 01       		.uleb128 0x1
 575 0001 11       		.uleb128 0x11
 576 0002 01       		.byte	0x1
 577 0003 25       		.uleb128 0x25
 578 0004 0E       		.uleb128 0xe
 579 0005 13       		.uleb128 0x13
 580 0006 0B       		.uleb128 0xb
 581 0007 03       		.uleb128 0x3
 582 0008 0E       		.uleb128 0xe
 583 0009 1B       		.uleb128 0x1b
 584 000a 0E       		.uleb128 0xe
 585 000b 55       		.uleb128 0x55
 586 000c 17       		.uleb128 0x17
 587 000d 11       		.uleb128 0x11
 588 000e 01       		.uleb128 0x1
 589 000f 10       		.uleb128 0x10
 590 0010 17       		.uleb128 0x17
 591 0011 00       		.byte	0
 592 0012 00       		.byte	0
 593 0013 02       		.uleb128 0x2
 594 0014 24       		.uleb128 0x24
 595 0015 00       		.byte	0
 596 0016 0B       		.uleb128 0xb
 597 0017 0B       		.uleb128 0xb
 598 0018 3E       		.uleb128 0x3e
 599 0019 0B       		.uleb128 0xb
 600 001a 03       		.uleb128 0x3
 601 001b 0E       		.uleb128 0xe
 602 001c 00       		.byte	0
 603 001d 00       		.byte	0
 604 001e 03       		.uleb128 0x3
 605 001f 24       		.uleb128 0x24
 606 0020 00       		.byte	0
 607 0021 0B       		.uleb128 0xb
 608 0022 0B       		.uleb128 0xb
 609 0023 3E       		.uleb128 0x3e
 610 0024 0B       		.uleb128 0xb
 611 0025 03       		.uleb128 0x3
 612 0026 08       		.uleb128 0x8
 613 0027 00       		.byte	0
 614 0028 00       		.byte	0
 615 0029 04       		.uleb128 0x4
ARM GAS  C:\Users\TERENC~1\AppData\Local\Temp\ccb4i83Q.s 			page 20


 616 002a 16       		.uleb128 0x16
 617 002b 00       		.byte	0
 618 002c 03       		.uleb128 0x3
 619 002d 0E       		.uleb128 0xe
 620 002e 3A       		.uleb128 0x3a
 621 002f 0B       		.uleb128 0xb
 622 0030 3B       		.uleb128 0x3b
 623 0031 05       		.uleb128 0x5
 624 0032 49       		.uleb128 0x49
 625 0033 13       		.uleb128 0x13
 626 0034 00       		.byte	0
 627 0035 00       		.byte	0
 628 0036 05       		.uleb128 0x5
 629 0037 35       		.uleb128 0x35
 630 0038 00       		.byte	0
 631 0039 49       		.uleb128 0x49
 632 003a 13       		.uleb128 0x13
 633 003b 00       		.byte	0
 634 003c 00       		.byte	0
 635 003d 06       		.uleb128 0x6
 636 003e 13       		.uleb128 0x13
 637 003f 01       		.byte	0x1
 638 0040 0B       		.uleb128 0xb
 639 0041 0B       		.uleb128 0xb
 640 0042 3A       		.uleb128 0x3a
 641 0043 0B       		.uleb128 0xb
 642 0044 3B       		.uleb128 0x3b
 643 0045 0B       		.uleb128 0xb
 644 0046 01       		.uleb128 0x1
 645 0047 13       		.uleb128 0x13
 646 0048 00       		.byte	0
 647 0049 00       		.byte	0
 648 004a 07       		.uleb128 0x7
 649 004b 0D       		.uleb128 0xd
 650 004c 00       		.byte	0
 651 004d 03       		.uleb128 0x3
 652 004e 08       		.uleb128 0x8
 653 004f 3A       		.uleb128 0x3a
 654 0050 0B       		.uleb128 0xb
 655 0051 3B       		.uleb128 0x3b
 656 0052 0B       		.uleb128 0xb
 657 0053 49       		.uleb128 0x49
 658 0054 13       		.uleb128 0x13
 659 0055 38       		.uleb128 0x38
 660 0056 0B       		.uleb128 0xb
 661 0057 00       		.byte	0
 662 0058 00       		.byte	0
 663 0059 08       		.uleb128 0x8
 664 005a 01       		.uleb128 0x1
 665 005b 01       		.byte	0x1
 666 005c 49       		.uleb128 0x49
 667 005d 13       		.uleb128 0x13
 668 005e 01       		.uleb128 0x1
 669 005f 13       		.uleb128 0x13
 670 0060 00       		.byte	0
 671 0061 00       		.byte	0
 672 0062 09       		.uleb128 0x9
ARM GAS  C:\Users\TERENC~1\AppData\Local\Temp\ccb4i83Q.s 			page 21


 673 0063 21       		.uleb128 0x21
 674 0064 00       		.byte	0
 675 0065 49       		.uleb128 0x49
 676 0066 13       		.uleb128 0x13
 677 0067 2F       		.uleb128 0x2f
 678 0068 0B       		.uleb128 0xb
 679 0069 00       		.byte	0
 680 006a 00       		.byte	0
 681 006b 0A       		.uleb128 0xa
 682 006c 16       		.uleb128 0x16
 683 006d 00       		.byte	0
 684 006e 03       		.uleb128 0x3
 685 006f 0E       		.uleb128 0xe
 686 0070 3A       		.uleb128 0x3a
 687 0071 0B       		.uleb128 0xb
 688 0072 3B       		.uleb128 0x3b
 689 0073 0B       		.uleb128 0xb
 690 0074 49       		.uleb128 0x49
 691 0075 13       		.uleb128 0x13
 692 0076 00       		.byte	0
 693 0077 00       		.byte	0
 694 0078 0B       		.uleb128 0xb
 695 0079 0D       		.uleb128 0xd
 696 007a 00       		.byte	0
 697 007b 03       		.uleb128 0x3
 698 007c 0E       		.uleb128 0xe
 699 007d 3A       		.uleb128 0x3a
 700 007e 0B       		.uleb128 0xb
 701 007f 3B       		.uleb128 0x3b
 702 0080 0B       		.uleb128 0xb
 703 0081 49       		.uleb128 0x49
 704 0082 13       		.uleb128 0x13
 705 0083 38       		.uleb128 0x38
 706 0084 0B       		.uleb128 0xb
 707 0085 00       		.byte	0
 708 0086 00       		.byte	0
 709 0087 0C       		.uleb128 0xc
 710 0088 0F       		.uleb128 0xf
 711 0089 00       		.byte	0
 712 008a 0B       		.uleb128 0xb
 713 008b 0B       		.uleb128 0xb
 714 008c 00       		.byte	0
 715 008d 00       		.byte	0
 716 008e 0D       		.uleb128 0xd
 717 008f 13       		.uleb128 0x13
 718 0090 01       		.byte	0x1
 719 0091 0B       		.uleb128 0xb
 720 0092 05       		.uleb128 0x5
 721 0093 3A       		.uleb128 0x3a
 722 0094 0B       		.uleb128 0xb
 723 0095 3B       		.uleb128 0x3b
 724 0096 0B       		.uleb128 0xb
 725 0097 01       		.uleb128 0x1
 726 0098 13       		.uleb128 0x13
 727 0099 00       		.byte	0
 728 009a 00       		.byte	0
 729 009b 0E       		.uleb128 0xe
ARM GAS  C:\Users\TERENC~1\AppData\Local\Temp\ccb4i83Q.s 			page 22


 730 009c 2E       		.uleb128 0x2e
 731 009d 00       		.byte	0
 732 009e 03       		.uleb128 0x3
 733 009f 0E       		.uleb128 0xe
 734 00a0 3A       		.uleb128 0x3a
 735 00a1 0B       		.uleb128 0xb
 736 00a2 3B       		.uleb128 0x3b
 737 00a3 0B       		.uleb128 0xb
 738 00a4 27       		.uleb128 0x27
 739 00a5 19       		.uleb128 0x19
 740 00a6 20       		.uleb128 0x20
 741 00a7 0B       		.uleb128 0xb
 742 00a8 00       		.byte	0
 743 00a9 00       		.byte	0
 744 00aa 0F       		.uleb128 0xf
 745 00ab 2E       		.uleb128 0x2e
 746 00ac 01       		.byte	0x1
 747 00ad 03       		.uleb128 0x3
 748 00ae 0E       		.uleb128 0xe
 749 00af 3A       		.uleb128 0x3a
 750 00b0 0B       		.uleb128 0xb
 751 00b1 3B       		.uleb128 0x3b
 752 00b2 05       		.uleb128 0x5
 753 00b3 27       		.uleb128 0x27
 754 00b4 19       		.uleb128 0x19
 755 00b5 20       		.uleb128 0x20
 756 00b6 0B       		.uleb128 0xb
 757 00b7 01       		.uleb128 0x1
 758 00b8 13       		.uleb128 0x13
 759 00b9 00       		.byte	0
 760 00ba 00       		.byte	0
 761 00bb 10       		.uleb128 0x10
 762 00bc 05       		.uleb128 0x5
 763 00bd 00       		.byte	0
 764 00be 03       		.uleb128 0x3
 765 00bf 0E       		.uleb128 0xe
 766 00c0 3A       		.uleb128 0x3a
 767 00c1 0B       		.uleb128 0xb
 768 00c2 3B       		.uleb128 0x3b
 769 00c3 05       		.uleb128 0x5
 770 00c4 49       		.uleb128 0x49
 771 00c5 13       		.uleb128 0x13
 772 00c6 00       		.byte	0
 773 00c7 00       		.byte	0
 774 00c8 11       		.uleb128 0x11
 775 00c9 2E       		.uleb128 0x2e
 776 00ca 00       		.byte	0
 777 00cb 3F       		.uleb128 0x3f
 778 00cc 19       		.uleb128 0x19
 779 00cd 03       		.uleb128 0x3
 780 00ce 0E       		.uleb128 0xe
 781 00cf 3A       		.uleb128 0x3a
 782 00d0 0B       		.uleb128 0xb
 783 00d1 3B       		.uleb128 0x3b
 784 00d2 0B       		.uleb128 0xb
 785 00d3 27       		.uleb128 0x27
 786 00d4 19       		.uleb128 0x19
ARM GAS  C:\Users\TERENC~1\AppData\Local\Temp\ccb4i83Q.s 			page 23


 787 00d5 11       		.uleb128 0x11
 788 00d6 01       		.uleb128 0x1
 789 00d7 12       		.uleb128 0x12
 790 00d8 06       		.uleb128 0x6
 791 00d9 40       		.uleb128 0x40
 792 00da 18       		.uleb128 0x18
 793 00db 9742     		.uleb128 0x2117
 794 00dd 19       		.uleb128 0x19
 795 00de 00       		.byte	0
 796 00df 00       		.byte	0
 797 00e0 12       		.uleb128 0x12
 798 00e1 2E       		.uleb128 0x2e
 799 00e2 01       		.byte	0x1
 800 00e3 3F       		.uleb128 0x3f
 801 00e4 19       		.uleb128 0x19
 802 00e5 03       		.uleb128 0x3
 803 00e6 0E       		.uleb128 0xe
 804 00e7 3A       		.uleb128 0x3a
 805 00e8 0B       		.uleb128 0xb
 806 00e9 3B       		.uleb128 0x3b
 807 00ea 0B       		.uleb128 0xb
 808 00eb 27       		.uleb128 0x27
 809 00ec 19       		.uleb128 0x19
 810 00ed 11       		.uleb128 0x11
 811 00ee 01       		.uleb128 0x1
 812 00ef 12       		.uleb128 0x12
 813 00f0 06       		.uleb128 0x6
 814 00f1 40       		.uleb128 0x40
 815 00f2 18       		.uleb128 0x18
 816 00f3 9742     		.uleb128 0x2117
 817 00f5 19       		.uleb128 0x19
 818 00f6 01       		.uleb128 0x1
 819 00f7 13       		.uleb128 0x13
 820 00f8 00       		.byte	0
 821 00f9 00       		.byte	0
 822 00fa 13       		.uleb128 0x13
 823 00fb 05       		.uleb128 0x5
 824 00fc 00       		.byte	0
 825 00fd 03       		.uleb128 0x3
 826 00fe 0E       		.uleb128 0xe
 827 00ff 3A       		.uleb128 0x3a
 828 0100 0B       		.uleb128 0xb
 829 0101 3B       		.uleb128 0x3b
 830 0102 0B       		.uleb128 0xb
 831 0103 49       		.uleb128 0x49
 832 0104 13       		.uleb128 0x13
 833 0105 02       		.uleb128 0x2
 834 0106 17       		.uleb128 0x17
 835 0107 00       		.byte	0
 836 0108 00       		.byte	0
 837 0109 14       		.uleb128 0x14
 838 010a 1D       		.uleb128 0x1d
 839 010b 01       		.byte	0x1
 840 010c 31       		.uleb128 0x31
 841 010d 13       		.uleb128 0x13
 842 010e 11       		.uleb128 0x11
 843 010f 01       		.uleb128 0x1
ARM GAS  C:\Users\TERENC~1\AppData\Local\Temp\ccb4i83Q.s 			page 24


 844 0110 12       		.uleb128 0x12
 845 0111 06       		.uleb128 0x6
 846 0112 58       		.uleb128 0x58
 847 0113 0B       		.uleb128 0xb
 848 0114 59       		.uleb128 0x59
 849 0115 0B       		.uleb128 0xb
 850 0116 01       		.uleb128 0x1
 851 0117 13       		.uleb128 0x13
 852 0118 00       		.byte	0
 853 0119 00       		.byte	0
 854 011a 15       		.uleb128 0x15
 855 011b 05       		.uleb128 0x5
 856 011c 00       		.byte	0
 857 011d 31       		.uleb128 0x31
 858 011e 13       		.uleb128 0x13
 859 011f 02       		.uleb128 0x2
 860 0120 17       		.uleb128 0x17
 861 0121 00       		.byte	0
 862 0122 00       		.byte	0
 863 0123 16       		.uleb128 0x16
 864 0124 898201   		.uleb128 0x4109
 865 0127 01       		.byte	0x1
 866 0128 11       		.uleb128 0x11
 867 0129 01       		.uleb128 0x1
 868 012a 31       		.uleb128 0x31
 869 012b 13       		.uleb128 0x13
 870 012c 00       		.byte	0
 871 012d 00       		.byte	0
 872 012e 17       		.uleb128 0x17
 873 012f 8A8201   		.uleb128 0x410a
 874 0132 00       		.byte	0
 875 0133 02       		.uleb128 0x2
 876 0134 18       		.uleb128 0x18
 877 0135 9142     		.uleb128 0x2111
 878 0137 18       		.uleb128 0x18
 879 0138 00       		.byte	0
 880 0139 00       		.byte	0
 881 013a 18       		.uleb128 0x18
 882 013b 898201   		.uleb128 0x4109
 883 013e 00       		.byte	0
 884 013f 11       		.uleb128 0x11
 885 0140 01       		.uleb128 0x1
 886 0141 31       		.uleb128 0x31
 887 0142 13       		.uleb128 0x13
 888 0143 00       		.byte	0
 889 0144 00       		.byte	0
 890 0145 19       		.uleb128 0x19
 891 0146 34       		.uleb128 0x34
 892 0147 00       		.byte	0
 893 0148 03       		.uleb128 0x3
 894 0149 0E       		.uleb128 0xe
 895 014a 3A       		.uleb128 0x3a
 896 014b 0B       		.uleb128 0xb
 897 014c 3B       		.uleb128 0x3b
 898 014d 0B       		.uleb128 0xb
 899 014e 49       		.uleb128 0x49
 900 014f 13       		.uleb128 0x13
ARM GAS  C:\Users\TERENC~1\AppData\Local\Temp\ccb4i83Q.s 			page 25


 901 0150 3F       		.uleb128 0x3f
 902 0151 19       		.uleb128 0x19
 903 0152 02       		.uleb128 0x2
 904 0153 18       		.uleb128 0x18
 905 0154 00       		.byte	0
 906 0155 00       		.byte	0
 907 0156 1A       		.uleb128 0x1a
 908 0157 2E       		.uleb128 0x2e
 909 0158 00       		.byte	0
 910 0159 3F       		.uleb128 0x3f
 911 015a 19       		.uleb128 0x19
 912 015b 3C       		.uleb128 0x3c
 913 015c 19       		.uleb128 0x19
 914 015d 6E       		.uleb128 0x6e
 915 015e 0E       		.uleb128 0xe
 916 015f 03       		.uleb128 0x3
 917 0160 0E       		.uleb128 0xe
 918 0161 3A       		.uleb128 0x3a
 919 0162 0B       		.uleb128 0xb
 920 0163 3B       		.uleb128 0x3b
 921 0164 0B       		.uleb128 0xb
 922 0165 00       		.byte	0
 923 0166 00       		.byte	0
 924 0167 00       		.byte	0
 925              		.section	.debug_loc,"",%progbits
 926              	.Ldebug_loc0:
 927              	.LLST0:
 928 0000 00000000 		.4byte	.LVL0
 929 0004 11000000 		.4byte	.LVL1-1
 930 0008 0100     		.2byte	0x1
 931 000a 50       		.byte	0x50
 932 000b 11000000 		.4byte	.LVL1-1
 933 000f 3E000000 		.4byte	.LVL8
 934 0013 0100     		.2byte	0x1
 935 0015 55       		.byte	0x55
 936 0016 3E000000 		.4byte	.LVL8
 937 001a 44000000 		.4byte	.LFE32
 938 001e 0400     		.2byte	0x4
 939 0020 F3       		.byte	0xf3
 940 0021 01       		.uleb128 0x1
 941 0022 50       		.byte	0x50
 942 0023 9F       		.byte	0x9f
 943 0024 00000000 		.4byte	0
 944 0028 00000000 		.4byte	0
 945              	.LLST1:
 946 002c 00000000 		.4byte	.LVL0
 947 0030 11000000 		.4byte	.LVL1-1
 948 0034 0100     		.2byte	0x1
 949 0036 51       		.byte	0x51
 950 0037 11000000 		.4byte	.LVL1-1
 951 003b 3E000000 		.4byte	.LVL7
 952 003f 0100     		.2byte	0x1
 953 0041 54       		.byte	0x54
 954 0042 3E000000 		.4byte	.LVL7
 955 0046 44000000 		.4byte	.LFE32
 956 004a 0400     		.2byte	0x4
 957 004c F3       		.byte	0xf3
ARM GAS  C:\Users\TERENC~1\AppData\Local\Temp\ccb4i83Q.s 			page 26


 958 004d 01       		.uleb128 0x1
 959 004e 51       		.byte	0x51
 960 004f 9F       		.byte	0x9f
 961 0050 00000000 		.4byte	0
 962 0054 00000000 		.4byte	0
 963              	.LLST2:
 964 0058 1C000000 		.4byte	.LVL2
 965 005c 26000000 		.4byte	.LVL3
 966 0060 0100     		.2byte	0x1
 967 0062 55       		.byte	0x55
 968 0063 00000000 		.4byte	0
 969 0067 00000000 		.4byte	0
 970              	.LLST3:
 971 006b 1C000000 		.4byte	.LVL2
 972 006f 26000000 		.4byte	.LVL3
 973 0073 0200     		.2byte	0x2
 974 0075 30       		.byte	0x30
 975 0076 9F       		.byte	0x9f
 976 0077 00000000 		.4byte	0
 977 007b 00000000 		.4byte	0
 978              	.LLST4:
 979 007f 26000000 		.4byte	.LVL3
 980 0083 30000000 		.4byte	.LVL4
 981 0087 0100     		.2byte	0x1
 982 0089 54       		.byte	0x54
 983 008a 00000000 		.4byte	0
 984 008e 00000000 		.4byte	0
 985              	.LLST5:
 986 0092 26000000 		.4byte	.LVL3
 987 0096 30000000 		.4byte	.LVL4
 988 009a 0200     		.2byte	0x2
 989 009c 30       		.byte	0x30
 990 009d 9F       		.byte	0x9f
 991 009e 00000000 		.4byte	0
 992 00a2 00000000 		.4byte	0
 993              	.LLST6:
 994 00a6 30000000 		.4byte	.LVL4
 995 00aa 38000000 		.4byte	.LVL5
 996 00ae 0200     		.2byte	0x2
 997 00b0 30       		.byte	0x30
 998 00b1 9F       		.byte	0x9f
 999 00b2 00000000 		.4byte	0
 1000 00b6 00000000 		.4byte	0
 1001              		.section	.debug_aranges,"",%progbits
 1002 0000 24000000 		.4byte	0x24
 1003 0004 0200     		.2byte	0x2
 1004 0006 00000000 		.4byte	.Ldebug_info0
 1005 000a 04       		.byte	0x4
 1006 000b 00       		.byte	0
 1007 000c 0000     		.2byte	0
 1008 000e 0000     		.2byte	0
 1009 0010 00000000 		.4byte	.LFB33
 1010 0014 2C000000 		.4byte	.LFE33-.LFB33
 1011 0018 00000000 		.4byte	.LFB32
 1012 001c 44000000 		.4byte	.LFE32-.LFB32
 1013 0020 00000000 		.4byte	0
 1014 0024 00000000 		.4byte	0
ARM GAS  C:\Users\TERENC~1\AppData\Local\Temp\ccb4i83Q.s 			page 27


 1015              		.section	.debug_ranges,"",%progbits
 1016              	.Ldebug_ranges0:
 1017 0000 00000000 		.4byte	.LFB33
 1018 0004 2C000000 		.4byte	.LFE33
 1019 0008 00000000 		.4byte	.LFB32
 1020 000c 44000000 		.4byte	.LFE32
 1021 0010 00000000 		.4byte	0
 1022 0014 00000000 		.4byte	0
 1023              		.section	.debug_line,"",%progbits
 1024              	.Ldebug_line0:
 1025 0000 A2000000 		.section	.debug_str,"MS",%progbits,1
 1025      02005E00 
 1025      00000201 
 1025      FB0E0D00 
 1025      01010101 
 1026              	.LASF23:
 1027 0000 55534249 		.ascii	"USBInDMA_SetDstAddress\000"
 1027      6E444D41 
 1027      5F536574 
 1027      44737441 
 1027      64647265 
 1028              	.LASF24:
 1029 0017 64737441 		.ascii	"dstAddress\000"
 1029      64647265 
 1029      737300
 1030              	.LASF29:
 1031 0022 4379446D 		.ascii	"CyDmaValidateDescriptor\000"
 1031      6156616C 
 1031      69646174 
 1031      65446573 
 1031      63726970 
 1032              	.LASF27:
 1033 003a 4379446D 		.ascii	"CyDmaSetSrcAddress\000"
 1033      61536574 
 1033      53726341 
 1033      64647265 
 1033      737300
 1034              	.LASF2:
 1035 004d 73686F72 		.ascii	"short int\000"
 1035      7420696E 
 1035      7400
 1036              	.LASF16:
 1037 0057 73697A65 		.ascii	"sizetype\000"
 1037      74797065 
 1037      00
 1038              	.LASF37:
 1039 0060 55534249 		.ascii	"USBInDMA_Start\000"
 1039      6E444D41 
 1039      5F537461 
 1039      727400
 1040              	.LASF33:
 1041 006f 47656E65 		.ascii	"Generated_Source\\PSoC4\\USBInDMA.c\000"
 1041      72617465 
 1041      645F536F 
 1041      75726365 
 1041      5C50536F 
 1042              	.LASF32:
ARM GAS  C:\Users\TERENC~1\AppData\Local\Temp\ccb4i83Q.s 			page 28


 1043 0091 474E5520 		.ascii	"GNU C11 5.4.1 20160609 (release) [ARM/embedded-5-br"
 1043      43313120 
 1043      352E342E 
 1043      31203230 
 1043      31363036 
 1044 00c4 616E6368 		.ascii	"anch revision 237715] -mcpu=cortex-m0 -mthumb -g -O"
 1044      20726576 
 1044      6973696F 
 1044      6E203233 
 1044      37373135 
 1045 00f7 67202D66 		.ascii	"g -ffunction-sections -ffat-lto-objects\000"
 1045      66756E63 
 1045      74696F6E 
 1045      2D736563 
 1045      74696F6E 
 1046              	.LASF17:
 1047 011f 6379646D 		.ascii	"cydma_channel_ctl_struct\000"
 1047      615F6368 
 1047      616E6E65 
 1047      6C5F6374 
 1047      6C5F7374 
 1048              	.LASF9:
 1049 0138 75696E74 		.ascii	"uint8\000"
 1049      3800
 1050              	.LASF22:
 1051 013e 55534249 		.ascii	"USBInDMA_ValidateDescriptor\000"
 1051      6E444D41 
 1051      5F56616C 
 1051      69646174 
 1051      65446573 
 1052              	.LASF12:
 1053 015a 666C6F61 		.ascii	"float\000"
 1053      7400
 1054              	.LASF6:
 1055 0160 6C6F6E67 		.ascii	"long long int\000"
 1055      206C6F6E 
 1055      6720696E 
 1055      7400
 1056              	.LASF4:
 1057 016e 6C6F6E67 		.ascii	"long int\000"
 1057      20696E74 
 1057      00
 1058              	.LASF34:
 1059 0177 433A5C64 		.ascii	"C:\\dev\\git\\Icebreaker\\Icebreaker.cydsn\000"
 1059      65765C67 
 1059      69745C49 
 1059      63656272 
 1059      65616B65 
 1060              	.LASF25:
 1061 019e 55534249 		.ascii	"USBInDMA_SetSrcAddress\000"
 1061      6E444D41 
 1061      5F536574 
 1061      53726341 
 1061      64647265 
 1062              	.LASF28:
 1063 01b5 4379446D 		.ascii	"CyDmaSetDstAddress\000"
 1063      61536574 
ARM GAS  C:\Users\TERENC~1\AppData\Local\Temp\ccb4i83Q.s 			page 29


 1063      44737441 
 1063      64647265 
 1063      737300
 1064              	.LASF1:
 1065 01c8 756E7369 		.ascii	"unsigned char\000"
 1065      676E6564 
 1065      20636861 
 1065      7200
 1066              	.LASF0:
 1067 01d6 7369676E 		.ascii	"signed char\000"
 1067      65642063 
 1067      68617200 
 1068              	.LASF7:
 1069 01e2 6C6F6E67 		.ascii	"long long unsigned int\000"
 1069      206C6F6E 
 1069      6720756E 
 1069      7369676E 
 1069      65642069 
 1070              	.LASF8:
 1071 01f9 756E7369 		.ascii	"unsigned int\000"
 1071      676E6564 
 1071      20696E74 
 1071      00
 1072              	.LASF15:
 1073 0206 72656733 		.ascii	"reg32\000"
 1073      3200
 1074              	.LASF3:
 1075 020c 73686F72 		.ascii	"short unsigned int\000"
 1075      7420756E 
 1075      7369676E 
 1075      65642069 
 1075      6E7400
 1076              	.LASF18:
 1077 021f 73746174 		.ascii	"status\000"
 1077      757300
 1078              	.LASF21:
 1079 0226 6379646D 		.ascii	"cydma_descriptor_ram_struct\000"
 1079      615F6465 
 1079      73637269 
 1079      70746F72 
 1079      5F72616D 
 1080              	.LASF14:
 1081 0242 63686172 		.ascii	"char\000"
 1081      00
 1082              	.LASF19:
 1083 0247 6379646D 		.ascii	"cydma_descriptor_struct\000"
 1083      615F6465 
 1083      73637269 
 1083      70746F72 
 1083      5F737472 
 1084              	.LASF26:
 1085 025f 73726341 		.ascii	"srcAddress\000"
 1085      64647265 
 1085      737300
 1086              	.LASF10:
 1087 026a 75696E74 		.ascii	"uint32\000"
 1087      333200
ARM GAS  C:\Users\TERENC~1\AppData\Local\Temp\ccb4i83Q.s 			page 30


 1088              	.LASF5:
 1089 0271 6C6F6E67 		.ascii	"long unsigned int\000"
 1089      20756E73 
 1089      69676E65 
 1089      6420696E 
 1089      7400
 1090              	.LASF11:
 1091 0283 696E7433 		.ascii	"int32\000"
 1091      3200
 1092              	.LASF13:
 1093 0289 646F7562 		.ascii	"double\000"
 1093      6C6500
 1094              	.LASF36:
 1095 0290 55534249 		.ascii	"USBInDMA_Init\000"
 1095      6E444D41 
 1095      5F496E69 
 1095      7400
 1096              	.LASF35:
 1097 029e 55534249 		.ascii	"USBInDMA_ChEnable\000"
 1097      6E444D41 
 1097      5F436845 
 1097      6E61626C 
 1097      6500
 1098              	.LASF38:
 1099 02b0 55534249 		.ascii	"USBInDMA_initVar\000"
 1099      6E444D41 
 1099      5F696E69 
 1099      74566172 
 1099      00
 1100              	.LASF30:
 1101 02c1 4379446D 		.ascii	"CyDmaChEnable\000"
 1101      61436845 
 1101      6E61626C 
 1101      6500
 1102              	.LASF31:
 1103 02cf 4379446D 		.ascii	"CyDmaEnable\000"
 1103      61456E61 
 1103      626C6500 
 1104              	.LASF20:
 1105 02db 64657363 		.ascii	"descriptor\000"
 1105      72697074 
 1105      6F7200
 1106              		.ident	"GCC: (GNU Tools for ARM Embedded Processors) 5.4.1 20160609 (release) [ARM/embedded-5-bran
