ARM GAS  C:\Users\TERENC~1\AppData\Local\Temp\ccI8bbR1.s 			page 1


   1              		.syntax unified
   2              		.cpu cortex-m0
   3              		.fpu softvfp
   4              		.eabi_attribute 20, 1
   5              		.eabi_attribute 21, 1
   6              		.eabi_attribute 23, 3
   7              		.eabi_attribute 24, 1
   8              		.eabi_attribute 25, 1
   9              		.eabi_attribute 26, 1
  10              		.eabi_attribute 30, 1
  11              		.eabi_attribute 34, 0
  12              		.eabi_attribute 18, 4
  13              		.thumb
  14              		.syntax unified
  15              		.file	"USBOutDMA.c"
  16              		.text
  17              	.Ltext0:
  18              		.cfi_sections	.debug_frame
  19              		.section	.text.USBOutDMA_Init,"ax",%progbits
  20              		.align	2
  21              		.global	USBOutDMA_Init
  22              		.code	16
  23              		.thumb_func
  24              		.type	USBOutDMA_Init, %function
  25              	USBOutDMA_Init:
  26              	.LFB33:
  27              		.file 1 "Generated_Source\\PSoC4\\USBOutDMA.c"
   1:Generated_Source\PSoC4/USBOutDMA.c **** /*******************************************************************************
   2:Generated_Source\PSoC4/USBOutDMA.c **** * File Name: USBOutDMA.h
   3:Generated_Source\PSoC4/USBOutDMA.c **** * Version 1.0
   4:Generated_Source\PSoC4/USBOutDMA.c **** *
   5:Generated_Source\PSoC4/USBOutDMA.c **** * Description:
   6:Generated_Source\PSoC4/USBOutDMA.c **** *  This file contains all of the channel DMA API functions.
   7:Generated_Source\PSoC4/USBOutDMA.c **** *
   8:Generated_Source\PSoC4/USBOutDMA.c **** ********************************************************************************
   9:Generated_Source\PSoC4/USBOutDMA.c **** * Copyright 2015, Cypress Semiconductor Corporation. All rights reserved.
  10:Generated_Source\PSoC4/USBOutDMA.c **** * You may use this file only in accordance with the license, terms, conditions,
  11:Generated_Source\PSoC4/USBOutDMA.c **** * disclaimers, and limitations in the end user license agreement accompanying
  12:Generated_Source\PSoC4/USBOutDMA.c **** * the software package with which this file was provided.
  13:Generated_Source\PSoC4/USBOutDMA.c **** *******************************************************************************/
  14:Generated_Source\PSoC4/USBOutDMA.c **** 
  15:Generated_Source\PSoC4/USBOutDMA.c **** #include "USBOutDMA.h"
  16:Generated_Source\PSoC4/USBOutDMA.c **** 
  17:Generated_Source\PSoC4/USBOutDMA.c **** uint8 USBOutDMA_initVar = 0u;
  18:Generated_Source\PSoC4/USBOutDMA.c **** 
  19:Generated_Source\PSoC4/USBOutDMA.c **** 
  20:Generated_Source\PSoC4/USBOutDMA.c **** /*******************************************************************************
  21:Generated_Source\PSoC4/USBOutDMA.c **** * Function Name: USBOutDMA_Start
  22:Generated_Source\PSoC4/USBOutDMA.c **** ********************************************************************************
  23:Generated_Source\PSoC4/USBOutDMA.c **** *
  24:Generated_Source\PSoC4/USBOutDMA.c **** * Summary:
  25:Generated_Source\PSoC4/USBOutDMA.c **** *  Calls Init() to configure the DMA channel based on the customizer settings if
  26:Generated_Source\PSoC4/USBOutDMA.c **** *  the channel has not been initialized before.
  27:Generated_Source\PSoC4/USBOutDMA.c **** *  Sets source and destination address, validates descriptor 0 and enables the
  28:Generated_Source\PSoC4/USBOutDMA.c **** *  channel. After calling this function the DMA channel is active and waiting
  29:Generated_Source\PSoC4/USBOutDMA.c **** *  for a trigger.
  30:Generated_Source\PSoC4/USBOutDMA.c **** *
ARM GAS  C:\Users\TERENC~1\AppData\Local\Temp\ccI8bbR1.s 			page 2


  31:Generated_Source\PSoC4/USBOutDMA.c **** * Parameters:
  32:Generated_Source\PSoC4/USBOutDMA.c **** *  srcAddress: Address of DMA transfer source for descriptor 0.
  33:Generated_Source\PSoC4/USBOutDMA.c **** *  dstAddress: Address of DMA transfer destination for descriptor 0.
  34:Generated_Source\PSoC4/USBOutDMA.c **** *                   
  35:Generated_Source\PSoC4/USBOutDMA.c **** * Return:
  36:Generated_Source\PSoC4/USBOutDMA.c **** *  None.
  37:Generated_Source\PSoC4/USBOutDMA.c **** *
  38:Generated_Source\PSoC4/USBOutDMA.c **** *******************************************************************************/
  39:Generated_Source\PSoC4/USBOutDMA.c **** void USBOutDMA_Start(void * srcAddress, void * dstAddress)
  40:Generated_Source\PSoC4/USBOutDMA.c **** {
  41:Generated_Source\PSoC4/USBOutDMA.c ****     if(0u == USBOutDMA_initVar)
  42:Generated_Source\PSoC4/USBOutDMA.c ****     {
  43:Generated_Source\PSoC4/USBOutDMA.c ****         USBOutDMA_Init();
  44:Generated_Source\PSoC4/USBOutDMA.c ****         USBOutDMA_initVar = 1u;
  45:Generated_Source\PSoC4/USBOutDMA.c ****     }
  46:Generated_Source\PSoC4/USBOutDMA.c ****     CyDmaEnable();
  47:Generated_Source\PSoC4/USBOutDMA.c ****     USBOutDMA_SetSrcAddress(0, srcAddress);
  48:Generated_Source\PSoC4/USBOutDMA.c ****     USBOutDMA_SetDstAddress(0, dstAddress);
  49:Generated_Source\PSoC4/USBOutDMA.c ****     USBOutDMA_ValidateDescriptor(0);
  50:Generated_Source\PSoC4/USBOutDMA.c ****     USBOutDMA_ChEnable();
  51:Generated_Source\PSoC4/USBOutDMA.c **** }
  52:Generated_Source\PSoC4/USBOutDMA.c **** 
  53:Generated_Source\PSoC4/USBOutDMA.c **** 
  54:Generated_Source\PSoC4/USBOutDMA.c **** /*******************************************************************************
  55:Generated_Source\PSoC4/USBOutDMA.c **** * Function Name: USBOutDMA_Init
  56:Generated_Source\PSoC4/USBOutDMA.c **** ********************************************************************************
  57:Generated_Source\PSoC4/USBOutDMA.c **** *
  58:Generated_Source\PSoC4/USBOutDMA.c **** * Summary:
  59:Generated_Source\PSoC4/USBOutDMA.c **** *  Initializes the DMA channel based on the parameters set in the component
  60:Generated_Source\PSoC4/USBOutDMA.c **** *  customizer. It is not necessary to call USBOutDMA_Init() because the
  61:Generated_Source\PSoC4/USBOutDMA.c **** *  USBOutDMA_Start() API calls this function, which is the preferred method
  62:Generated_Source\PSoC4/USBOutDMA.c **** *  to begin component operation.
  63:Generated_Source\PSoC4/USBOutDMA.c **** *
  64:Generated_Source\PSoC4/USBOutDMA.c **** * Parameters:
  65:Generated_Source\PSoC4/USBOutDMA.c **** *  None.
  66:Generated_Source\PSoC4/USBOutDMA.c **** *                   
  67:Generated_Source\PSoC4/USBOutDMA.c **** * Return:
  68:Generated_Source\PSoC4/USBOutDMA.c **** *  None.
  69:Generated_Source\PSoC4/USBOutDMA.c **** *
  70:Generated_Source\PSoC4/USBOutDMA.c **** * Side effect:
  71:Generated_Source\PSoC4/USBOutDMA.c **** *  The first descriptor is set to descriptor 0. This function should not be
  72:Generated_Source\PSoC4/USBOutDMA.c **** *  called while the channel is enabled. All settings will be reset to their
  73:Generated_Source\PSoC4/USBOutDMA.c **** *  initial values.
  74:Generated_Source\PSoC4/USBOutDMA.c **** *
  75:Generated_Source\PSoC4/USBOutDMA.c **** *******************************************************************************/
  76:Generated_Source\PSoC4/USBOutDMA.c **** void USBOutDMA_Init(void)
  77:Generated_Source\PSoC4/USBOutDMA.c **** {
  28              		.loc 1 77 0
  29              		.cfi_startproc
  30              		@ args = 0, pretend = 0, frame = 0
  31              		@ frame_needed = 0, uses_anonymous_args = 0
  32              		@ link register save eliminated.
  78:Generated_Source\PSoC4/USBOutDMA.c ****     CYDMA_CH_CTL_BASE.ctl[USBOutDMA_CHANNEL] = USBOutDMA_CHANNEL_CFG;
  33              		.loc 1 78 0
  34 0000 C022     		movs	r2, #192
  35 0002 9205     		lsls	r2, r2, #22
  36 0004 034B     		ldr	r3, .L2
ARM GAS  C:\Users\TERENC~1\AppData\Local\Temp\ccI8bbR1.s 			page 3


  37 0006 9A60     		str	r2, [r3, #8]
  79:Generated_Source\PSoC4/USBOutDMA.c ****     CYDMA_DESCR_BASE.descriptor[USBOutDMA_CHANNEL][0].ctl = USBOutDMA_DESCR0_CFG;
  38              		.loc 1 79 0
  39 0008 034B     		ldr	r3, .L2+4
  40 000a 044A     		ldr	r2, .L2+8
  41 000c 9A64     		str	r2, [r3, #72]
  80:Generated_Source\PSoC4/USBOutDMA.c ****     CYDMA_DESCR_BASE.descriptor[USBOutDMA_CHANNEL][1].ctl = USBOutDMA_DESCR1_CFG;
  42              		.loc 1 80 0
  43 000e 9A65     		str	r2, [r3, #88]
  81:Generated_Source\PSoC4/USBOutDMA.c **** 
  82:Generated_Source\PSoC4/USBOutDMA.c ****     /* If the Generate IRQ option is selected for descriptor 0 or 1, set the
  83:Generated_Source\PSoC4/USBOutDMA.c ****     * channel bit field in the DMA interrupt mask register.
  84:Generated_Source\PSoC4/USBOutDMA.c ****     */
  85:Generated_Source\PSoC4/USBOutDMA.c ****     #if (0u != ((USBOutDMA_DESCR0_CFG | USBOutDMA_DESCR1_CFG) & CYDMA_GENERATE_IRQ))
  86:Generated_Source\PSoC4/USBOutDMA.c ****         CYDMA_INTR_MASK_REG |= USBOutDMA_CHANNEL_MASK;
  87:Generated_Source\PSoC4/USBOutDMA.c ****     #endif /* (0u != ((USBOutDMA_DESCR0_CFG | USBOutDMA_DESCR1_CFG) & CYDMA_GENERATE_IRQ)) */
  88:Generated_Source\PSoC4/USBOutDMA.c **** }
  44              		.loc 1 88 0
  45              		@ sp needed
  46 0010 7047     		bx	lr
  47              	.L3:
  48 0012 C046     		.align	2
  49              	.L2:
  50 0014 80101040 		.word	1074794624
  51 0018 00181040 		.word	1074796544
  52 001c BB00A054 		.word	1419772091
  53              		.cfi_endproc
  54              	.LFE33:
  55              		.size	USBOutDMA_Init, .-USBOutDMA_Init
  56              		.section	.text.USBOutDMA_Start,"ax",%progbits
  57              		.align	2
  58              		.global	USBOutDMA_Start
  59              		.code	16
  60              		.thumb_func
  61              		.type	USBOutDMA_Start, %function
  62              	USBOutDMA_Start:
  63              	.LFB32:
  40:Generated_Source\PSoC4/USBOutDMA.c ****     if(0u == USBOutDMA_initVar)
  64              		.loc 1 40 0
  65              		.cfi_startproc
  66              		@ args = 0, pretend = 0, frame = 0
  67              		@ frame_needed = 0, uses_anonymous_args = 0
  68              	.LVL0:
  69 0000 70B5     		push	{r4, r5, r6, lr}
  70              		.cfi_def_cfa_offset 16
  71              		.cfi_offset 4, -16
  72              		.cfi_offset 5, -12
  73              		.cfi_offset 6, -8
  74              		.cfi_offset 14, -4
  75 0002 0500     		movs	r5, r0
  76 0004 0C00     		movs	r4, r1
  41:Generated_Source\PSoC4/USBOutDMA.c ****     {
  77              		.loc 1 41 0
  78 0006 0E4B     		ldr	r3, .L6
  79 0008 1B78     		ldrb	r3, [r3]
  80 000a 002B     		cmp	r3, #0
  81 000c 04D1     		bne	.L5
ARM GAS  C:\Users\TERENC~1\AppData\Local\Temp\ccI8bbR1.s 			page 4


  43:Generated_Source\PSoC4/USBOutDMA.c ****         USBOutDMA_initVar = 1u;
  82              		.loc 1 43 0
  83 000e FFF7FEFF 		bl	USBOutDMA_Init
  84              	.LVL1:
  44:Generated_Source\PSoC4/USBOutDMA.c ****     }
  85              		.loc 1 44 0
  86 0012 0122     		movs	r2, #1
  87 0014 0A4B     		ldr	r3, .L6
  88 0016 1A70     		strb	r2, [r3]
  89              	.L5:
  46:Generated_Source\PSoC4/USBOutDMA.c ****     USBOutDMA_SetSrcAddress(0, srcAddress);
  90              		.loc 1 46 0
  91 0018 FFF7FEFF 		bl	CyDmaEnable
  92              	.LVL2:
  93              	.LBB10:
  94              	.LBB11:
  95              		.file 2 "Generated_Source\\PSoC4\\USBOutDMA.h"
   1:Generated_Source\PSoC4/USBOutDMA.h **** /*******************************************************************************
   2:Generated_Source\PSoC4/USBOutDMA.h **** * File Name: USBOutDMA.h
   3:Generated_Source\PSoC4/USBOutDMA.h **** * Version 1.0
   4:Generated_Source\PSoC4/USBOutDMA.h **** *
   5:Generated_Source\PSoC4/USBOutDMA.h **** * Description:
   6:Generated_Source\PSoC4/USBOutDMA.h **** *  This file provides DMA channel defines and API function definitions.
   7:Generated_Source\PSoC4/USBOutDMA.h **** *
   8:Generated_Source\PSoC4/USBOutDMA.h **** ********************************************************************************
   9:Generated_Source\PSoC4/USBOutDMA.h **** * Copyright 2015, Cypress Semiconductor Corporation. All rights reserved.
  10:Generated_Source\PSoC4/USBOutDMA.h **** * You may use this file only in accordance with the license, terms, conditions,
  11:Generated_Source\PSoC4/USBOutDMA.h **** * disclaimers, and limitations in the end user license agreement accompanying
  12:Generated_Source\PSoC4/USBOutDMA.h **** * the software package with which this file was provided.
  13:Generated_Source\PSoC4/USBOutDMA.h **** *******************************************************************************/
  14:Generated_Source\PSoC4/USBOutDMA.h **** 
  15:Generated_Source\PSoC4/USBOutDMA.h **** #ifndef CY_DMA_CHANNEL_USBOutDMA_H
  16:Generated_Source\PSoC4/USBOutDMA.h **** #define CY_DMA_CHANNEL_USBOutDMA_H
  17:Generated_Source\PSoC4/USBOutDMA.h **** 
  18:Generated_Source\PSoC4/USBOutDMA.h **** #include "CyDMA.h"
  19:Generated_Source\PSoC4/USBOutDMA.h **** 
  20:Generated_Source\PSoC4/USBOutDMA.h ****     
  21:Generated_Source\PSoC4/USBOutDMA.h **** /***************************************
  22:Generated_Source\PSoC4/USBOutDMA.h **** *   Conditional Compilation Parameters
  23:Generated_Source\PSoC4/USBOutDMA.h **** ***************************************/
  24:Generated_Source\PSoC4/USBOutDMA.h **** 
  25:Generated_Source\PSoC4/USBOutDMA.h **** #define USBOutDMA_CHANNEL           (USBOutDMA__CHANNEL_NUMBER)
  26:Generated_Source\PSoC4/USBOutDMA.h **** #define USBOutDMA_CHANNEL_MASK      ((uint32)(1UL << USBOutDMA_CHANNEL))
  27:Generated_Source\PSoC4/USBOutDMA.h **** 
  28:Generated_Source\PSoC4/USBOutDMA.h **** 
  29:Generated_Source\PSoC4/USBOutDMA.h **** /***************************************
  30:Generated_Source\PSoC4/USBOutDMA.h **** *        Function Prototypes
  31:Generated_Source\PSoC4/USBOutDMA.h **** ***************************************/
  32:Generated_Source\PSoC4/USBOutDMA.h **** 
  33:Generated_Source\PSoC4/USBOutDMA.h **** /* Functions specific to this DMA channel */
  34:Generated_Source\PSoC4/USBOutDMA.h **** void USBOutDMA_Init(void);
  35:Generated_Source\PSoC4/USBOutDMA.h **** void USBOutDMA_Start(void * srcAddress, void * dstAddress);
  36:Generated_Source\PSoC4/USBOutDMA.h **** 
  37:Generated_Source\PSoC4/USBOutDMA.h **** /* Inline functions that call global API functions */
  38:Generated_Source\PSoC4/USBOutDMA.h **** static void   USBOutDMA_ChEnable(void);
  39:Generated_Source\PSoC4/USBOutDMA.h **** static void   USBOutDMA_ChDisable(void);
  40:Generated_Source\PSoC4/USBOutDMA.h **** static void   USBOutDMA_Trigger(void);
ARM GAS  C:\Users\TERENC~1\AppData\Local\Temp\ccI8bbR1.s 			page 5


  41:Generated_Source\PSoC4/USBOutDMA.h **** static void   USBOutDMA_SetPriority(int32 priority);
  42:Generated_Source\PSoC4/USBOutDMA.h **** static int32  USBOutDMA_GetPriority(void);
  43:Generated_Source\PSoC4/USBOutDMA.h **** static void   USBOutDMA_SetNextDescriptor(int32 descriptor);
  44:Generated_Source\PSoC4/USBOutDMA.h **** static int32  USBOutDMA_GetNextDescriptor(void);
  45:Generated_Source\PSoC4/USBOutDMA.h **** static void   USBOutDMA_SetConfiguration(int32 descriptor, const cydma_init_struct * config);
  46:Generated_Source\PSoC4/USBOutDMA.h **** static void   USBOutDMA_ValidateDescriptor(int32 descriptor);
  47:Generated_Source\PSoC4/USBOutDMA.h **** static uint32 USBOutDMA_GetDescriptorStatus(int32 descriptor);
  48:Generated_Source\PSoC4/USBOutDMA.h **** static void   USBOutDMA_SetSrcAddress(int32 descriptor, void * srcAddress);
  49:Generated_Source\PSoC4/USBOutDMA.h **** static void * USBOutDMA_GetSrcAddress(int32 descriptor);
  50:Generated_Source\PSoC4/USBOutDMA.h **** static void   USBOutDMA_SetDstAddress(int32 descriptor, void * dstAddress);
  51:Generated_Source\PSoC4/USBOutDMA.h **** static void * USBOutDMA_GetDstAddress(int32 descriptor);
  52:Generated_Source\PSoC4/USBOutDMA.h **** static void   USBOutDMA_SetDataElementSize(int32 descriptor, uint32 dataElementSize);
  53:Generated_Source\PSoC4/USBOutDMA.h **** static uint32 USBOutDMA_GetDataElementSize(int32 descriptor);
  54:Generated_Source\PSoC4/USBOutDMA.h **** static void   USBOutDMA_SetNumDataElements(int32 descriptor, int32 numDataElements);
  55:Generated_Source\PSoC4/USBOutDMA.h **** static int32  USBOutDMA_GetNumDataElements(int32 descriptor);
  56:Generated_Source\PSoC4/USBOutDMA.h **** static void   USBOutDMA_SetSrcDstTransferWidth(int32 descriptor, uint32 transferWidth);
  57:Generated_Source\PSoC4/USBOutDMA.h **** static uint32 USBOutDMA_GetSrcDstTransferWidth(int32 descriptor);
  58:Generated_Source\PSoC4/USBOutDMA.h **** static void   USBOutDMA_SetAddressIncrement(int32 descriptor, uint32 addressIncrement);
  59:Generated_Source\PSoC4/USBOutDMA.h **** static uint32 USBOutDMA_GetAddressIncrement(int32 descriptor);
  60:Generated_Source\PSoC4/USBOutDMA.h **** static void   USBOutDMA_SetTriggerType(int32 descriptor, uint32 triggerType);
  61:Generated_Source\PSoC4/USBOutDMA.h **** static uint32 USBOutDMA_GetTriggerType(int32 descriptor);
  62:Generated_Source\PSoC4/USBOutDMA.h **** static void   USBOutDMA_SetTransferMode(int32 descriptor, uint32 transferMode);
  63:Generated_Source\PSoC4/USBOutDMA.h **** static uint32 USBOutDMA_GetTransferMode(int32 descriptor);
  64:Generated_Source\PSoC4/USBOutDMA.h **** static void   USBOutDMA_SetPreemptable(int32 descriptor, uint32 preemptable);
  65:Generated_Source\PSoC4/USBOutDMA.h **** static uint32 USBOutDMA_GetPreemptable(int32 descriptor);
  66:Generated_Source\PSoC4/USBOutDMA.h **** static void   USBOutDMA_SetPostCompletionActions(int32 descriptor, uint32 actions);
  67:Generated_Source\PSoC4/USBOutDMA.h **** static uint32 USBOutDMA_GetPostCompletionAction(int32 descriptor);
  68:Generated_Source\PSoC4/USBOutDMA.h **** static cydma_callback_t USBOutDMA_SetInterruptCallback(cydma_callback_t callback);
  69:Generated_Source\PSoC4/USBOutDMA.h **** static cydma_callback_t USBOutDMA_GetInterruptCallback(void);
  70:Generated_Source\PSoC4/USBOutDMA.h **** 
  71:Generated_Source\PSoC4/USBOutDMA.h **** 
  72:Generated_Source\PSoC4/USBOutDMA.h **** /*******************************************************************************
  73:Generated_Source\PSoC4/USBOutDMA.h **** * Function Name: USBOutDMA_ChEnable
  74:Generated_Source\PSoC4/USBOutDMA.h **** ********************************************************************************
  75:Generated_Source\PSoC4/USBOutDMA.h **** *
  76:Generated_Source\PSoC4/USBOutDMA.h **** * Summary:
  77:Generated_Source\PSoC4/USBOutDMA.h **** *  Enables the DMA channel. It is not necessary to call USBOutDMA_ChEnable()
  78:Generated_Source\PSoC4/USBOutDMA.h **** *  because the USBOutDMA_Start() API calls this function, which is the
  79:Generated_Source\PSoC4/USBOutDMA.h **** *  preferred method to begin the component operation.
  80:Generated_Source\PSoC4/USBOutDMA.h **** *
  81:Generated_Source\PSoC4/USBOutDMA.h **** * Parameters:
  82:Generated_Source\PSoC4/USBOutDMA.h **** *  None.
  83:Generated_Source\PSoC4/USBOutDMA.h **** *                   
  84:Generated_Source\PSoC4/USBOutDMA.h **** * Return:
  85:Generated_Source\PSoC4/USBOutDMA.h **** *  None.
  86:Generated_Source\PSoC4/USBOutDMA.h **** *
  87:Generated_Source\PSoC4/USBOutDMA.h **** * Side effect:
  88:Generated_Source\PSoC4/USBOutDMA.h **** *  If this function is called before USBOutDMA_Start(), or USBOutDMA_Init()
  89:Generated_Source\PSoC4/USBOutDMA.h **** *  or USBOutDMA_SetConfiguration(), and USBOutDMA_SetSrcAddress()
  90:Generated_Source\PSoC4/USBOutDMA.h **** *  and USBOutDMA_SetDstAddress the operation of the DMA is 
  91:Generated_Source\PSoC4/USBOutDMA.h **** *  undefined and could result in system data corruption. 
  92:Generated_Source\PSoC4/USBOutDMA.h **** *
  93:Generated_Source\PSoC4/USBOutDMA.h **** *******************************************************************************/
  94:Generated_Source\PSoC4/USBOutDMA.h **** static CY_INLINE void USBOutDMA_ChEnable(void)
  95:Generated_Source\PSoC4/USBOutDMA.h **** {
  96:Generated_Source\PSoC4/USBOutDMA.h ****     CyDmaChEnable(USBOutDMA_CHANNEL);
  97:Generated_Source\PSoC4/USBOutDMA.h **** }
ARM GAS  C:\Users\TERENC~1\AppData\Local\Temp\ccI8bbR1.s 			page 6


  98:Generated_Source\PSoC4/USBOutDMA.h **** 
  99:Generated_Source\PSoC4/USBOutDMA.h **** 
 100:Generated_Source\PSoC4/USBOutDMA.h **** /*******************************************************************************
 101:Generated_Source\PSoC4/USBOutDMA.h **** * Function Name: USBOutDMA_ChDisable
 102:Generated_Source\PSoC4/USBOutDMA.h **** ********************************************************************************
 103:Generated_Source\PSoC4/USBOutDMA.h **** *
 104:Generated_Source\PSoC4/USBOutDMA.h **** * Summary:
 105:Generated_Source\PSoC4/USBOutDMA.h **** *  Disables the DMA channel.
 106:Generated_Source\PSoC4/USBOutDMA.h **** *
 107:Generated_Source\PSoC4/USBOutDMA.h **** * Parameters:
 108:Generated_Source\PSoC4/USBOutDMA.h **** *  None.
 109:Generated_Source\PSoC4/USBOutDMA.h **** *                   
 110:Generated_Source\PSoC4/USBOutDMA.h **** * Return:
 111:Generated_Source\PSoC4/USBOutDMA.h **** *  None.
 112:Generated_Source\PSoC4/USBOutDMA.h **** *
 113:Generated_Source\PSoC4/USBOutDMA.h **** * Side effect:
 114:Generated_Source\PSoC4/USBOutDMA.h **** *  If this function is called during a DMA transfer the transfer is aborted. 
 115:Generated_Source\PSoC4/USBOutDMA.h **** *
 116:Generated_Source\PSoC4/USBOutDMA.h **** *******************************************************************************/
 117:Generated_Source\PSoC4/USBOutDMA.h **** static CY_INLINE void USBOutDMA_ChDisable(void)
 118:Generated_Source\PSoC4/USBOutDMA.h **** {
 119:Generated_Source\PSoC4/USBOutDMA.h ****     CyDmaChDisable(USBOutDMA_CHANNEL);
 120:Generated_Source\PSoC4/USBOutDMA.h **** }
 121:Generated_Source\PSoC4/USBOutDMA.h **** 
 122:Generated_Source\PSoC4/USBOutDMA.h **** 
 123:Generated_Source\PSoC4/USBOutDMA.h **** /*******************************************************************************
 124:Generated_Source\PSoC4/USBOutDMA.h **** * Function Name: USBOutDMA_Trigger
 125:Generated_Source\PSoC4/USBOutDMA.h **** ********************************************************************************
 126:Generated_Source\PSoC4/USBOutDMA.h **** *
 127:Generated_Source\PSoC4/USBOutDMA.h **** * Summary:
 128:Generated_Source\PSoC4/USBOutDMA.h **** *  Triggers the DMA channel, this is useful only for software triggers. This is
 129:Generated_Source\PSoC4/USBOutDMA.h **** *  not needed when hardware triggers are used.
 130:Generated_Source\PSoC4/USBOutDMA.h **** *
 131:Generated_Source\PSoC4/USBOutDMA.h **** * Parameters:
 132:Generated_Source\PSoC4/USBOutDMA.h **** *  None.
 133:Generated_Source\PSoC4/USBOutDMA.h **** *                   
 134:Generated_Source\PSoC4/USBOutDMA.h **** * Return:
 135:Generated_Source\PSoC4/USBOutDMA.h **** *  None. 
 136:Generated_Source\PSoC4/USBOutDMA.h **** *
 137:Generated_Source\PSoC4/USBOutDMA.h **** *******************************************************************************/
 138:Generated_Source\PSoC4/USBOutDMA.h **** static CY_INLINE void USBOutDMA_Trigger(void)
 139:Generated_Source\PSoC4/USBOutDMA.h **** {
 140:Generated_Source\PSoC4/USBOutDMA.h ****     CyDmaTrigger(USBOutDMA_CHANNEL);
 141:Generated_Source\PSoC4/USBOutDMA.h **** }
 142:Generated_Source\PSoC4/USBOutDMA.h **** 
 143:Generated_Source\PSoC4/USBOutDMA.h **** 
 144:Generated_Source\PSoC4/USBOutDMA.h **** /*******************************************************************************
 145:Generated_Source\PSoC4/USBOutDMA.h **** * Function Name: USBOutDMA_SetPriority
 146:Generated_Source\PSoC4/USBOutDMA.h **** ********************************************************************************
 147:Generated_Source\PSoC4/USBOutDMA.h **** *
 148:Generated_Source\PSoC4/USBOutDMA.h **** * Summary:
 149:Generated_Source\PSoC4/USBOutDMA.h **** *  Sets the priority for the channel.
 150:Generated_Source\PSoC4/USBOutDMA.h **** *
 151:Generated_Source\PSoC4/USBOutDMA.h **** * Parameters:
 152:Generated_Source\PSoC4/USBOutDMA.h **** *  priority: Priority for channel. Priority can be 0,1,2, or 3.
 153:Generated_Source\PSoC4/USBOutDMA.h **** *            0 is the highest priority.
 154:Generated_Source\PSoC4/USBOutDMA.h **** *                   
ARM GAS  C:\Users\TERENC~1\AppData\Local\Temp\ccI8bbR1.s 			page 7


 155:Generated_Source\PSoC4/USBOutDMA.h **** * Return:
 156:Generated_Source\PSoC4/USBOutDMA.h **** *  None.
 157:Generated_Source\PSoC4/USBOutDMA.h **** *
 158:Generated_Source\PSoC4/USBOutDMA.h **** * Side effect:
 159:Generated_Source\PSoC4/USBOutDMA.h **** *  This function should not be called while the channel is enabled.
 160:Generated_Source\PSoC4/USBOutDMA.h **** *
 161:Generated_Source\PSoC4/USBOutDMA.h **** *******************************************************************************/
 162:Generated_Source\PSoC4/USBOutDMA.h **** static CY_INLINE void USBOutDMA_SetPriority(int32 priority)
 163:Generated_Source\PSoC4/USBOutDMA.h **** {
 164:Generated_Source\PSoC4/USBOutDMA.h ****     CyDmaSetPriority(USBOutDMA_CHANNEL, priority);
 165:Generated_Source\PSoC4/USBOutDMA.h **** }
 166:Generated_Source\PSoC4/USBOutDMA.h **** 
 167:Generated_Source\PSoC4/USBOutDMA.h **** 
 168:Generated_Source\PSoC4/USBOutDMA.h **** /*******************************************************************************
 169:Generated_Source\PSoC4/USBOutDMA.h **** * Function Name: USBOutDMA_GetPriority
 170:Generated_Source\PSoC4/USBOutDMA.h **** ********************************************************************************
 171:Generated_Source\PSoC4/USBOutDMA.h **** *
 172:Generated_Source\PSoC4/USBOutDMA.h **** * Summary:
 173:Generated_Source\PSoC4/USBOutDMA.h **** *  Gets the priority for the channel.
 174:Generated_Source\PSoC4/USBOutDMA.h **** *
 175:Generated_Source\PSoC4/USBOutDMA.h **** * Parameters:
 176:Generated_Source\PSoC4/USBOutDMA.h **** *  None.
 177:Generated_Source\PSoC4/USBOutDMA.h **** *                   
 178:Generated_Source\PSoC4/USBOutDMA.h **** * Return:
 179:Generated_Source\PSoC4/USBOutDMA.h **** *  Priority for channel. Priority can be 0,1,2, or 3. 0 is the highest priority.
 180:Generated_Source\PSoC4/USBOutDMA.h **** *
 181:Generated_Source\PSoC4/USBOutDMA.h **** *******************************************************************************/
 182:Generated_Source\PSoC4/USBOutDMA.h **** static CY_INLINE int32 USBOutDMA_GetPriority(void)
 183:Generated_Source\PSoC4/USBOutDMA.h **** {
 184:Generated_Source\PSoC4/USBOutDMA.h ****     return (CyDmaGetPriority(USBOutDMA_CHANNEL));
 185:Generated_Source\PSoC4/USBOutDMA.h **** }
 186:Generated_Source\PSoC4/USBOutDMA.h **** 
 187:Generated_Source\PSoC4/USBOutDMA.h **** 
 188:Generated_Source\PSoC4/USBOutDMA.h **** /*******************************************************************************
 189:Generated_Source\PSoC4/USBOutDMA.h **** * Function Name: USBOutDMA_SetNextDescriptor
 190:Generated_Source\PSoC4/USBOutDMA.h **** ********************************************************************************
 191:Generated_Source\PSoC4/USBOutDMA.h **** *
 192:Generated_Source\PSoC4/USBOutDMA.h **** * Summary:
 193:Generated_Source\PSoC4/USBOutDMA.h **** *  Sets the descriptor that should be run the next time the channel is
 194:Generated_Source\PSoC4/USBOutDMA.h **** *  triggered.
 195:Generated_Source\PSoC4/USBOutDMA.h **** *
 196:Generated_Source\PSoC4/USBOutDMA.h **** * Parameters:
 197:Generated_Source\PSoC4/USBOutDMA.h **** *  descriptor: Next Descriptor to run (0 or 1).
 198:Generated_Source\PSoC4/USBOutDMA.h **** *                   
 199:Generated_Source\PSoC4/USBOutDMA.h **** * Side effect:
 200:Generated_Source\PSoC4/USBOutDMA.h **** *  This function should not be called while the channel is enabled.
 201:Generated_Source\PSoC4/USBOutDMA.h **** *
 202:Generated_Source\PSoC4/USBOutDMA.h **** *******************************************************************************/
 203:Generated_Source\PSoC4/USBOutDMA.h **** static CY_INLINE void USBOutDMA_SetNextDescriptor(int32 descriptor)
 204:Generated_Source\PSoC4/USBOutDMA.h **** {
 205:Generated_Source\PSoC4/USBOutDMA.h ****     CyDmaSetNextDescriptor(USBOutDMA_CHANNEL, descriptor);
 206:Generated_Source\PSoC4/USBOutDMA.h **** }
 207:Generated_Source\PSoC4/USBOutDMA.h **** 
 208:Generated_Source\PSoC4/USBOutDMA.h **** 
 209:Generated_Source\PSoC4/USBOutDMA.h **** /*******************************************************************************
 210:Generated_Source\PSoC4/USBOutDMA.h **** * Function Name: USBOutDMA_GetNextDescriptor
 211:Generated_Source\PSoC4/USBOutDMA.h **** ********************************************************************************
ARM GAS  C:\Users\TERENC~1\AppData\Local\Temp\ccI8bbR1.s 			page 8


 212:Generated_Source\PSoC4/USBOutDMA.h **** *
 213:Generated_Source\PSoC4/USBOutDMA.h **** * Summary:
 214:Generated_Source\PSoC4/USBOutDMA.h **** *  Returns the next descriptor that should be run, as set by 
 215:Generated_Source\PSoC4/USBOutDMA.h **** *  USBOutDMA_SetNextDescriptor().
 216:Generated_Source\PSoC4/USBOutDMA.h **** *
 217:Generated_Source\PSoC4/USBOutDMA.h **** * Parameters:
 218:Generated_Source\PSoC4/USBOutDMA.h **** *  None.
 219:Generated_Source\PSoC4/USBOutDMA.h **** *                   
 220:Generated_Source\PSoC4/USBOutDMA.h **** * Return:
 221:Generated_Source\PSoC4/USBOutDMA.h **** *  Next Descriptor to run (0 or 1).
 222:Generated_Source\PSoC4/USBOutDMA.h **** *
 223:Generated_Source\PSoC4/USBOutDMA.h **** *******************************************************************************/
 224:Generated_Source\PSoC4/USBOutDMA.h **** static CY_INLINE int32 USBOutDMA_GetNextDescriptor(void)
 225:Generated_Source\PSoC4/USBOutDMA.h **** {
 226:Generated_Source\PSoC4/USBOutDMA.h ****     return (CyDmaGetNextDescriptor(USBOutDMA_CHANNEL));
 227:Generated_Source\PSoC4/USBOutDMA.h **** }
 228:Generated_Source\PSoC4/USBOutDMA.h **** 
 229:Generated_Source\PSoC4/USBOutDMA.h **** 
 230:Generated_Source\PSoC4/USBOutDMA.h **** /*******************************************************************************
 231:Generated_Source\PSoC4/USBOutDMA.h **** * Function Name: USBOutDMA_SetConfiguration
 232:Generated_Source\PSoC4/USBOutDMA.h **** ********************************************************************************
 233:Generated_Source\PSoC4/USBOutDMA.h **** *
 234:Generated_Source\PSoC4/USBOutDMA.h **** * Summary:
 235:Generated_Source\PSoC4/USBOutDMA.h **** *  Sets configuration information for the specified descriptor.
 236:Generated_Source\PSoC4/USBOutDMA.h **** *
 237:Generated_Source\PSoC4/USBOutDMA.h **** * Parameters:
 238:Generated_Source\PSoC4/USBOutDMA.h **** *  descriptor: Descriptor (0 or 1) modified by this function.
 239:Generated_Source\PSoC4/USBOutDMA.h **** *  config: Pointer to a configuration structure. Refer to cydma_init_struct
 240:Generated_Source\PSoC4/USBOutDMA.h **** *          structure definition in CyDMA_P4.h or the component datasheet.
 241:Generated_Source\PSoC4/USBOutDMA.h **** *                   
 242:Generated_Source\PSoC4/USBOutDMA.h **** * Return:
 243:Generated_Source\PSoC4/USBOutDMA.h **** *  None.
 244:Generated_Source\PSoC4/USBOutDMA.h **** *
 245:Generated_Source\PSoC4/USBOutDMA.h **** * Side effect:
 246:Generated_Source\PSoC4/USBOutDMA.h **** *  The status register associated with the specified descriptor is reset to
 247:Generated_Source\PSoC4/USBOutDMA.h **** *  zero after this function call. This function also validates the descriptor.
 248:Generated_Source\PSoC4/USBOutDMA.h **** *  This function should not be called while the descriptor is active.
 249:Generated_Source\PSoC4/USBOutDMA.h **** *  This can be checked by calling CyDmaGetStatus().
 250:Generated_Source\PSoC4/USBOutDMA.h **** *
 251:Generated_Source\PSoC4/USBOutDMA.h **** *******************************************************************************/
 252:Generated_Source\PSoC4/USBOutDMA.h **** static CY_INLINE void USBOutDMA_SetConfiguration(int32 descriptor, const cydma_init_struct * config
 253:Generated_Source\PSoC4/USBOutDMA.h **** {
 254:Generated_Source\PSoC4/USBOutDMA.h ****     CyDmaSetConfiguration(USBOutDMA_CHANNEL, descriptor, config);
 255:Generated_Source\PSoC4/USBOutDMA.h **** }
 256:Generated_Source\PSoC4/USBOutDMA.h **** 
 257:Generated_Source\PSoC4/USBOutDMA.h **** 
 258:Generated_Source\PSoC4/USBOutDMA.h **** /*******************************************************************************
 259:Generated_Source\PSoC4/USBOutDMA.h **** * Function Name: USBOutDMA_ValidateDescriptor
 260:Generated_Source\PSoC4/USBOutDMA.h **** ********************************************************************************
 261:Generated_Source\PSoC4/USBOutDMA.h **** *
 262:Generated_Source\PSoC4/USBOutDMA.h **** * Summary:
 263:Generated_Source\PSoC4/USBOutDMA.h **** *  Validates the specified descriptor after it has been invalidated.
 264:Generated_Source\PSoC4/USBOutDMA.h **** *
 265:Generated_Source\PSoC4/USBOutDMA.h **** * Parameters:
 266:Generated_Source\PSoC4/USBOutDMA.h **** *  descriptor: Descriptor (0 or 1) modified by this function.
 267:Generated_Source\PSoC4/USBOutDMA.h **** *                   
 268:Generated_Source\PSoC4/USBOutDMA.h **** * Return:
ARM GAS  C:\Users\TERENC~1\AppData\Local\Temp\ccI8bbR1.s 			page 9


 269:Generated_Source\PSoC4/USBOutDMA.h **** *  None. 
 270:Generated_Source\PSoC4/USBOutDMA.h **** *
 271:Generated_Source\PSoC4/USBOutDMA.h **** * Side effect:
 272:Generated_Source\PSoC4/USBOutDMA.h **** *  The status register associated with the specified descriptor is reset to
 273:Generated_Source\PSoC4/USBOutDMA.h **** *  zero after this function call. This function should not be called while the
 274:Generated_Source\PSoC4/USBOutDMA.h **** *  descriptor is active. This can be checked by calling CyDmaGetStatus().
 275:Generated_Source\PSoC4/USBOutDMA.h **** *
 276:Generated_Source\PSoC4/USBOutDMA.h **** *******************************************************************************/
 277:Generated_Source\PSoC4/USBOutDMA.h **** static CY_INLINE void USBOutDMA_ValidateDescriptor(int32 descriptor)
 278:Generated_Source\PSoC4/USBOutDMA.h **** {
 279:Generated_Source\PSoC4/USBOutDMA.h ****     CyDmaValidateDescriptor(USBOutDMA_CHANNEL, descriptor);
 280:Generated_Source\PSoC4/USBOutDMA.h **** }
 281:Generated_Source\PSoC4/USBOutDMA.h **** 
 282:Generated_Source\PSoC4/USBOutDMA.h **** 
 283:Generated_Source\PSoC4/USBOutDMA.h **** /*******************************************************************************
 284:Generated_Source\PSoC4/USBOutDMA.h **** * Function Name: USBOutDMA_GetDescriptorStatus
 285:Generated_Source\PSoC4/USBOutDMA.h **** ********************************************************************************
 286:Generated_Source\PSoC4/USBOutDMA.h **** *
 287:Generated_Source\PSoC4/USBOutDMA.h **** * Summary:
 288:Generated_Source\PSoC4/USBOutDMA.h **** *  Returns the status of the specified descriptor.
 289:Generated_Source\PSoC4/USBOutDMA.h **** *
 290:Generated_Source\PSoC4/USBOutDMA.h **** * Parameters:
 291:Generated_Source\PSoC4/USBOutDMA.h **** *  descriptor: Descriptor (0 or 1) modified by this function.
 292:Generated_Source\PSoC4/USBOutDMA.h **** *                   
 293:Generated_Source\PSoC4/USBOutDMA.h **** * Return:
 294:Generated_Source\PSoC4/USBOutDMA.h **** *  Returns the contents of the specified descriptors status register. Refer to 
 295:Generated_Source\PSoC4/USBOutDMA.h **** *  descriptor status register bit definitions in CyDMA_P4.h or the API
 296:Generated_Source\PSoC4/USBOutDMA.h **** *  description in the DMA channel datasheet for more information.
 297:Generated_Source\PSoC4/USBOutDMA.h **** *
 298:Generated_Source\PSoC4/USBOutDMA.h **** *******************************************************************************/
 299:Generated_Source\PSoC4/USBOutDMA.h **** static CY_INLINE uint32 USBOutDMA_GetDescriptorStatus(int32 descriptor)
 300:Generated_Source\PSoC4/USBOutDMA.h **** {
 301:Generated_Source\PSoC4/USBOutDMA.h ****     return (CyDmaGetDescriptorStatus(USBOutDMA_CHANNEL, descriptor));
 302:Generated_Source\PSoC4/USBOutDMA.h **** }
 303:Generated_Source\PSoC4/USBOutDMA.h **** 
 304:Generated_Source\PSoC4/USBOutDMA.h **** 
 305:Generated_Source\PSoC4/USBOutDMA.h **** /*******************************************************************************
 306:Generated_Source\PSoC4/USBOutDMA.h **** * Function Name: USBOutDMA_SetSrcAddress
 307:Generated_Source\PSoC4/USBOutDMA.h **** ********************************************************************************
 308:Generated_Source\PSoC4/USBOutDMA.h **** *
 309:Generated_Source\PSoC4/USBOutDMA.h **** * Summary:
 310:Generated_Source\PSoC4/USBOutDMA.h **** *  Configures the source address for the specified descriptor.
 311:Generated_Source\PSoC4/USBOutDMA.h **** *
 312:Generated_Source\PSoC4/USBOutDMA.h **** * Parameters:
 313:Generated_Source\PSoC4/USBOutDMA.h **** *  descriptor: Descriptor (0 or 1) modified by this function.
 314:Generated_Source\PSoC4/USBOutDMA.h **** *  srcAddress: Address of DMA transfer source.
 315:Generated_Source\PSoC4/USBOutDMA.h **** *                   
 316:Generated_Source\PSoC4/USBOutDMA.h **** * Return:
 317:Generated_Source\PSoC4/USBOutDMA.h **** *  None.
 318:Generated_Source\PSoC4/USBOutDMA.h **** *
 319:Generated_Source\PSoC4/USBOutDMA.h **** * Side effect:
 320:Generated_Source\PSoC4/USBOutDMA.h **** *  This function should not be called when the specified descriptor is active
 321:Generated_Source\PSoC4/USBOutDMA.h **** *  in the DMA transfer engine. This can be checked by calling CyDmaGetStatus(). 
 322:Generated_Source\PSoC4/USBOutDMA.h **** *
 323:Generated_Source\PSoC4/USBOutDMA.h **** *******************************************************************************/
 324:Generated_Source\PSoC4/USBOutDMA.h **** static CY_INLINE void USBOutDMA_SetSrcAddress(int32 descriptor, void * srcAddress)
 325:Generated_Source\PSoC4/USBOutDMA.h **** {
ARM GAS  C:\Users\TERENC~1\AppData\Local\Temp\ccI8bbR1.s 			page 10


 326:Generated_Source\PSoC4/USBOutDMA.h ****     CyDmaSetSrcAddress(USBOutDMA_CHANNEL, descriptor, srcAddress);
  96              		.loc 2 326 0
  97 001c 2A00     		movs	r2, r5
  98 001e 0021     		movs	r1, #0
  99 0020 0220     		movs	r0, #2
 100 0022 FFF7FEFF 		bl	CyDmaSetSrcAddress
 101              	.LVL3:
 102              	.LBE11:
 103              	.LBE10:
 104              	.LBB12:
 105              	.LBB13:
 327:Generated_Source\PSoC4/USBOutDMA.h **** }
 328:Generated_Source\PSoC4/USBOutDMA.h **** 
 329:Generated_Source\PSoC4/USBOutDMA.h **** 
 330:Generated_Source\PSoC4/USBOutDMA.h **** /*******************************************************************************
 331:Generated_Source\PSoC4/USBOutDMA.h **** * Function Name: USBOutDMA_GetSrcAddress
 332:Generated_Source\PSoC4/USBOutDMA.h **** ********************************************************************************
 333:Generated_Source\PSoC4/USBOutDMA.h **** *
 334:Generated_Source\PSoC4/USBOutDMA.h **** * Summary:
 335:Generated_Source\PSoC4/USBOutDMA.h **** *  Returns the source address for the specified descriptor, set by either 
 336:Generated_Source\PSoC4/USBOutDMA.h **** *  USBOutDMA_Start() or USBOutDMA_SetSrcAddress().
 337:Generated_Source\PSoC4/USBOutDMA.h **** *
 338:Generated_Source\PSoC4/USBOutDMA.h **** * Parameters:
 339:Generated_Source\PSoC4/USBOutDMA.h **** *  descriptor: Specifies descriptor (0 or 1) used by this function.
 340:Generated_Source\PSoC4/USBOutDMA.h **** *                   
 341:Generated_Source\PSoC4/USBOutDMA.h **** * Return:
 342:Generated_Source\PSoC4/USBOutDMA.h **** *  Source address written to specified descriptor.
 343:Generated_Source\PSoC4/USBOutDMA.h **** *
 344:Generated_Source\PSoC4/USBOutDMA.h **** *******************************************************************************/
 345:Generated_Source\PSoC4/USBOutDMA.h **** static CY_INLINE void * USBOutDMA_GetSrcAddress(int32 descriptor)
 346:Generated_Source\PSoC4/USBOutDMA.h **** {
 347:Generated_Source\PSoC4/USBOutDMA.h ****     return (CyDmaGetSrcAddress(USBOutDMA_CHANNEL, descriptor));
 348:Generated_Source\PSoC4/USBOutDMA.h **** }
 349:Generated_Source\PSoC4/USBOutDMA.h **** 
 350:Generated_Source\PSoC4/USBOutDMA.h **** 
 351:Generated_Source\PSoC4/USBOutDMA.h **** /*******************************************************************************
 352:Generated_Source\PSoC4/USBOutDMA.h **** * Function Name: USBOutDMA_SetDstAddress
 353:Generated_Source\PSoC4/USBOutDMA.h **** ********************************************************************************
 354:Generated_Source\PSoC4/USBOutDMA.h **** *
 355:Generated_Source\PSoC4/USBOutDMA.h **** * Summary:
 356:Generated_Source\PSoC4/USBOutDMA.h **** *  Configures the destination address for the specified descriptor.
 357:Generated_Source\PSoC4/USBOutDMA.h **** *
 358:Generated_Source\PSoC4/USBOutDMA.h **** * Parameters:
 359:Generated_Source\PSoC4/USBOutDMA.h **** *  descriptor: Descriptor (0 or 1) modified by this function.
 360:Generated_Source\PSoC4/USBOutDMA.h **** *  dstAddress: Address of DMA transfer destination.
 361:Generated_Source\PSoC4/USBOutDMA.h **** *                   
 362:Generated_Source\PSoC4/USBOutDMA.h **** * Return:
 363:Generated_Source\PSoC4/USBOutDMA.h **** *  None.
 364:Generated_Source\PSoC4/USBOutDMA.h **** *
 365:Generated_Source\PSoC4/USBOutDMA.h **** * Side effect:
 366:Generated_Source\PSoC4/USBOutDMA.h **** *  This function should not be called when the specified descriptor is active
 367:Generated_Source\PSoC4/USBOutDMA.h **** *  in the DMA transfer engine. This can be checked by calling CyDmaGetStatus(). 
 368:Generated_Source\PSoC4/USBOutDMA.h **** *
 369:Generated_Source\PSoC4/USBOutDMA.h **** *******************************************************************************/
 370:Generated_Source\PSoC4/USBOutDMA.h **** static CY_INLINE void USBOutDMA_SetDstAddress(int32 descriptor, void * dstAddress)
 371:Generated_Source\PSoC4/USBOutDMA.h **** {
 372:Generated_Source\PSoC4/USBOutDMA.h ****     CyDmaSetDstAddress(USBOutDMA_CHANNEL, descriptor, dstAddress);
ARM GAS  C:\Users\TERENC~1\AppData\Local\Temp\ccI8bbR1.s 			page 11


 106              		.loc 2 372 0
 107 0026 2200     		movs	r2, r4
 108 0028 0021     		movs	r1, #0
 109 002a 0220     		movs	r0, #2
 110 002c FFF7FEFF 		bl	CyDmaSetDstAddress
 111              	.LVL4:
 112              	.LBE13:
 113              	.LBE12:
 114              	.LBB14:
 115              	.LBB15:
 279:Generated_Source\PSoC4/USBOutDMA.h **** }
 116              		.loc 2 279 0
 117 0030 0021     		movs	r1, #0
 118 0032 0220     		movs	r0, #2
 119 0034 FFF7FEFF 		bl	CyDmaValidateDescriptor
 120              	.LVL5:
 121              	.LBE15:
 122              	.LBE14:
 123              	.LBB16:
 124              	.LBB17:
  96:Generated_Source\PSoC4/USBOutDMA.h **** }
 125              		.loc 2 96 0
 126 0038 0220     		movs	r0, #2
 127 003a FFF7FEFF 		bl	CyDmaChEnable
 128              	.LVL6:
 129              	.LBE17:
 130              	.LBE16:
  51:Generated_Source\PSoC4/USBOutDMA.c **** 
 131              		.loc 1 51 0
 132              		@ sp needed
 133              	.LVL7:
 134              	.LVL8:
 135 003e 70BD     		pop	{r4, r5, r6, pc}
 136              	.L7:
 137              		.align	2
 138              	.L6:
 139 0040 00000000 		.word	.LANCHOR0
 140              		.cfi_endproc
 141              	.LFE32:
 142              		.size	USBOutDMA_Start, .-USBOutDMA_Start
 143              		.global	USBOutDMA_initVar
 144              		.bss
 145              		.set	.LANCHOR0,. + 0
 146              		.type	USBOutDMA_initVar, %object
 147              		.size	USBOutDMA_initVar, 1
 148              	USBOutDMA_initVar:
 149 0000 00       		.space	1
 150              		.text
 151              	.Letext0:
 152              		.file 3 "Generated_Source\\PSoC4\\cytypes.h"
 153              		.file 4 "Generated_Source\\PSoC4\\CyDMA.h"
 154              		.section	.debug_info,"",%progbits
 155              	.Ldebug_info0:
 156 0000 36030000 		.4byte	0x336
 157 0004 0400     		.2byte	0x4
 158 0006 00000000 		.4byte	.Ldebug_abbrev0
 159 000a 04       		.byte	0x4
ARM GAS  C:\Users\TERENC~1\AppData\Local\Temp\ccI8bbR1.s 			page 12


 160 000b 01       		.uleb128 0x1
 161 000c 86000000 		.4byte	.LASF31
 162 0010 0C       		.byte	0xc
 163 0011 39010000 		.4byte	.LASF32
 164 0015 8B010000 		.4byte	.LASF33
 165 0019 00000000 		.4byte	.Ldebug_ranges0+0
 166 001d 00000000 		.4byte	0
 167 0021 00000000 		.4byte	.Ldebug_line0
 168 0025 02       		.uleb128 0x2
 169 0026 01       		.byte	0x1
 170 0027 06       		.byte	0x6
 171 0028 FF010000 		.4byte	.LASF0
 172 002c 02       		.uleb128 0x2
 173 002d 01       		.byte	0x1
 174 002e 08       		.byte	0x8
 175 002f F1010000 		.4byte	.LASF1
 176 0033 02       		.uleb128 0x2
 177 0034 02       		.byte	0x2
 178 0035 05       		.byte	0x5
 179 0036 4E000000 		.4byte	.LASF2
 180 003a 02       		.uleb128 0x2
 181 003b 02       		.byte	0x2
 182 003c 07       		.byte	0x7
 183 003d 2F020000 		.4byte	.LASF3
 184 0041 02       		.uleb128 0x2
 185 0042 04       		.byte	0x4
 186 0043 05       		.byte	0x5
 187 0044 82010000 		.4byte	.LASF4
 188 0048 02       		.uleb128 0x2
 189 0049 04       		.byte	0x4
 190 004a 07       		.byte	0x7
 191 004b 94020000 		.4byte	.LASF5
 192 004f 02       		.uleb128 0x2
 193 0050 08       		.byte	0x8
 194 0051 05       		.byte	0x5
 195 0052 5C010000 		.4byte	.LASF6
 196 0056 02       		.uleb128 0x2
 197 0057 08       		.byte	0x8
 198 0058 07       		.byte	0x7
 199 0059 0B020000 		.4byte	.LASF7
 200 005d 03       		.uleb128 0x3
 201 005e 04       		.byte	0x4
 202 005f 05       		.byte	0x5
 203 0060 696E7400 		.ascii	"int\000"
 204 0064 02       		.uleb128 0x2
 205 0065 04       		.byte	0x4
 206 0066 07       		.byte	0x7
 207 0067 22020000 		.4byte	.LASF8
 208 006b 04       		.uleb128 0x4
 209 006c 2D010000 		.4byte	.LASF9
 210 0070 03       		.byte	0x3
 211 0071 E401     		.2byte	0x1e4
 212 0073 2C000000 		.4byte	0x2c
 213 0077 04       		.uleb128 0x4
 214 0078 8D020000 		.4byte	.LASF10
 215 007c 03       		.byte	0x3
 216 007d E601     		.2byte	0x1e6
ARM GAS  C:\Users\TERENC~1\AppData\Local\Temp\ccI8bbR1.s 			page 13


 217 007f 48000000 		.4byte	0x48
 218 0083 04       		.uleb128 0x4
 219 0084 A6020000 		.4byte	.LASF11
 220 0088 03       		.byte	0x3
 221 0089 E901     		.2byte	0x1e9
 222 008b 41000000 		.4byte	0x41
 223 008f 02       		.uleb128 0x2
 224 0090 04       		.byte	0x4
 225 0091 04       		.byte	0x4
 226 0092 33010000 		.4byte	.LASF12
 227 0096 02       		.uleb128 0x2
 228 0097 08       		.byte	0x8
 229 0098 04       		.byte	0x4
 230 0099 AC020000 		.4byte	.LASF13
 231 009d 02       		.uleb128 0x2
 232 009e 01       		.byte	0x1
 233 009f 08       		.byte	0x8
 234 00a0 65020000 		.4byte	.LASF14
 235 00a4 05       		.uleb128 0x5
 236 00a5 80       		.byte	0x80
 237 00a6 04       		.byte	0x4
 238 00a7 26       		.byte	0x26
 239 00a8 B9000000 		.4byte	0xb9
 240 00ac 06       		.uleb128 0x6
 241 00ad 63746C00 		.ascii	"ctl\000"
 242 00b1 04       		.byte	0x4
 243 00b2 28       		.byte	0x28
 244 00b3 B9000000 		.4byte	0xb9
 245 00b7 00       		.byte	0
 246 00b8 00       		.byte	0
 247 00b9 07       		.uleb128 0x7
 248 00ba 77000000 		.4byte	0x77
 249 00be C9000000 		.4byte	0xc9
 250 00c2 08       		.uleb128 0x8
 251 00c3 C9000000 		.4byte	0xc9
 252 00c7 1F       		.byte	0x1f
 253 00c8 00       		.byte	0
 254 00c9 02       		.uleb128 0x2
 255 00ca 04       		.byte	0x4
 256 00cb 07       		.byte	0x7
 257 00cc 58000000 		.4byte	.LASF15
 258 00d0 09       		.uleb128 0x9
 259 00d1 14010000 		.4byte	.LASF16
 260 00d5 04       		.byte	0x4
 261 00d6 29       		.byte	0x29
 262 00d7 A4000000 		.4byte	0xa4
 263 00db 05       		.uleb128 0x5
 264 00dc 10       		.byte	0x10
 265 00dd 04       		.byte	0x4
 266 00de 2C       		.byte	0x2c
 267 00df 14010000 		.4byte	0x114
 268 00e3 06       		.uleb128 0x6
 269 00e4 73726300 		.ascii	"src\000"
 270 00e8 04       		.byte	0x4
 271 00e9 2E       		.byte	0x2e
 272 00ea 14010000 		.4byte	0x114
 273 00ee 00       		.byte	0
ARM GAS  C:\Users\TERENC~1\AppData\Local\Temp\ccI8bbR1.s 			page 14


 274 00ef 06       		.uleb128 0x6
 275 00f0 64737400 		.ascii	"dst\000"
 276 00f4 04       		.byte	0x4
 277 00f5 2F       		.byte	0x2f
 278 00f6 14010000 		.4byte	0x114
 279 00fa 04       		.byte	0x4
 280 00fb 06       		.uleb128 0x6
 281 00fc 63746C00 		.ascii	"ctl\000"
 282 0100 04       		.byte	0x4
 283 0101 30       		.byte	0x30
 284 0102 77000000 		.4byte	0x77
 285 0106 08       		.byte	0x8
 286 0107 0A       		.uleb128 0xa
 287 0108 42020000 		.4byte	.LASF17
 288 010c 04       		.byte	0x4
 289 010d 31       		.byte	0x31
 290 010e 77000000 		.4byte	0x77
 291 0112 0C       		.byte	0xc
 292 0113 00       		.byte	0
 293 0114 0B       		.uleb128 0xb
 294 0115 04       		.byte	0x4
 295 0116 09       		.uleb128 0x9
 296 0117 6A020000 		.4byte	.LASF18
 297 011b 04       		.byte	0x4
 298 011c 32       		.byte	0x32
 299 011d DB000000 		.4byte	0xdb
 300 0121 0C       		.uleb128 0xc
 301 0122 0004     		.2byte	0x400
 302 0124 04       		.byte	0x4
 303 0125 38       		.byte	0x38
 304 0126 37010000 		.4byte	0x137
 305 012a 0A       		.uleb128 0xa
 306 012b DD020000 		.4byte	.LASF19
 307 012f 04       		.byte	0x4
 308 0130 3A       		.byte	0x3a
 309 0131 37010000 		.4byte	0x137
 310 0135 00       		.byte	0
 311 0136 00       		.byte	0
 312 0137 07       		.uleb128 0x7
 313 0138 16010000 		.4byte	0x116
 314 013c 4D010000 		.4byte	0x14d
 315 0140 08       		.uleb128 0x8
 316 0141 C9000000 		.4byte	0xc9
 317 0145 1F       		.byte	0x1f
 318 0146 08       		.uleb128 0x8
 319 0147 C9000000 		.4byte	0xc9
 320 014b 01       		.byte	0x1
 321 014c 00       		.byte	0
 322 014d 09       		.uleb128 0x9
 323 014e 49020000 		.4byte	.LASF20
 324 0152 04       		.byte	0x4
 325 0153 3B       		.byte	0x3b
 326 0154 21010000 		.4byte	0x121
 327 0158 0D       		.uleb128 0xd
 328 0159 73000000 		.4byte	.LASF34
 329 015d 02       		.byte	0x2
 330 015e 5E       		.byte	0x5e
ARM GAS  C:\Users\TERENC~1\AppData\Local\Temp\ccI8bbR1.s 			page 15


 331 015f 03       		.byte	0x3
 332 0160 0E       		.uleb128 0xe
 333 0161 C5010000 		.4byte	.LASF21
 334 0165 02       		.byte	0x2
 335 0166 1501     		.2byte	0x115
 336 0168 03       		.byte	0x3
 337 0169 7A010000 		.4byte	0x17a
 338 016d 0F       		.uleb128 0xf
 339 016e DD020000 		.4byte	.LASF19
 340 0172 02       		.byte	0x2
 341 0173 1501     		.2byte	0x115
 342 0175 83000000 		.4byte	0x83
 343 0179 00       		.byte	0
 344 017a 0E       		.uleb128 0xe
 345 017b 6A010000 		.4byte	.LASF22
 346 017f 02       		.byte	0x2
 347 0180 7201     		.2byte	0x172
 348 0182 03       		.byte	0x3
 349 0183 A0010000 		.4byte	0x1a0
 350 0187 0F       		.uleb128 0xf
 351 0188 DD020000 		.4byte	.LASF19
 352 018c 02       		.byte	0x2
 353 018d 7201     		.2byte	0x172
 354 018f 83000000 		.4byte	0x83
 355 0193 0F       		.uleb128 0xf
 356 0194 18000000 		.4byte	.LASF23
 357 0198 02       		.byte	0x2
 358 0199 7201     		.2byte	0x172
 359 019b 14010000 		.4byte	0x114
 360 019f 00       		.byte	0
 361 01a0 0E       		.uleb128 0xe
 362 01a1 00000000 		.4byte	.LASF24
 363 01a5 02       		.byte	0x2
 364 01a6 4401     		.2byte	0x144
 365 01a8 03       		.byte	0x3
 366 01a9 C6010000 		.4byte	0x1c6
 367 01ad 0F       		.uleb128 0xf
 368 01ae DD020000 		.4byte	.LASF19
 369 01b2 02       		.byte	0x2
 370 01b3 4401     		.2byte	0x144
 371 01b5 83000000 		.4byte	0x83
 372 01b9 0F       		.uleb128 0xf
 373 01ba 82020000 		.4byte	.LASF25
 374 01be 02       		.byte	0x2
 375 01bf 4401     		.2byte	0x144
 376 01c1 14010000 		.4byte	0x114
 377 01c5 00       		.byte	0
 378 01c6 10       		.uleb128 0x10
 379 01c7 E2010000 		.4byte	.LASF35
 380 01cb 01       		.byte	0x1
 381 01cc 4C       		.byte	0x4c
 382 01cd 00000000 		.4byte	.LFB33
 383 01d1 20000000 		.4byte	.LFE33-.LFB33
 384 01d5 01       		.uleb128 0x1
 385 01d6 9C       		.byte	0x9c
 386 01d7 11       		.uleb128 0x11
 387 01d8 B3020000 		.4byte	.LASF36
ARM GAS  C:\Users\TERENC~1\AppData\Local\Temp\ccI8bbR1.s 			page 16


 388 01dc 01       		.byte	0x1
 389 01dd 27       		.byte	0x27
 390 01de 00000000 		.4byte	.LFB32
 391 01e2 44000000 		.4byte	.LFE32-.LFB32
 392 01e6 01       		.uleb128 0x1
 393 01e7 9C       		.byte	0x9c
 394 01e8 F1020000 		.4byte	0x2f1
 395 01ec 12       		.uleb128 0x12
 396 01ed 82020000 		.4byte	.LASF25
 397 01f1 01       		.byte	0x1
 398 01f2 27       		.byte	0x27
 399 01f3 14010000 		.4byte	0x114
 400 01f7 00000000 		.4byte	.LLST0
 401 01fb 12       		.uleb128 0x12
 402 01fc 18000000 		.4byte	.LASF23
 403 0200 01       		.byte	0x1
 404 0201 27       		.byte	0x27
 405 0202 14010000 		.4byte	0x114
 406 0206 2C000000 		.4byte	.LLST1
 407 020a 13       		.uleb128 0x13
 408 020b A0010000 		.4byte	0x1a0
 409 020f 1C000000 		.4byte	.LBB10
 410 0213 0A000000 		.4byte	.LBE10-.LBB10
 411 0217 01       		.byte	0x1
 412 0218 2F       		.byte	0x2f
 413 0219 4A020000 		.4byte	0x24a
 414 021d 14       		.uleb128 0x14
 415 021e B9010000 		.4byte	0x1b9
 416 0222 58000000 		.4byte	.LLST2
 417 0226 14       		.uleb128 0x14
 418 0227 AD010000 		.4byte	0x1ad
 419 022b 6B000000 		.4byte	.LLST3
 420 022f 15       		.uleb128 0x15
 421 0230 26000000 		.4byte	.LVL3
 422 0234 02030000 		.4byte	0x302
 423 0238 16       		.uleb128 0x16
 424 0239 01       		.uleb128 0x1
 425 023a 50       		.byte	0x50
 426 023b 01       		.uleb128 0x1
 427 023c 32       		.byte	0x32
 428 023d 16       		.uleb128 0x16
 429 023e 01       		.uleb128 0x1
 430 023f 51       		.byte	0x51
 431 0240 01       		.uleb128 0x1
 432 0241 30       		.byte	0x30
 433 0242 16       		.uleb128 0x16
 434 0243 01       		.uleb128 0x1
 435 0244 52       		.byte	0x52
 436 0245 02       		.uleb128 0x2
 437 0246 75       		.byte	0x75
 438 0247 00       		.sleb128 0
 439 0248 00       		.byte	0
 440 0249 00       		.byte	0
 441 024a 13       		.uleb128 0x13
 442 024b 7A010000 		.4byte	0x17a
 443 024f 26000000 		.4byte	.LBB12
 444 0253 0A000000 		.4byte	.LBE12-.LBB12
ARM GAS  C:\Users\TERENC~1\AppData\Local\Temp\ccI8bbR1.s 			page 17


 445 0257 01       		.byte	0x1
 446 0258 30       		.byte	0x30
 447 0259 8A020000 		.4byte	0x28a
 448 025d 14       		.uleb128 0x14
 449 025e 93010000 		.4byte	0x193
 450 0262 7F000000 		.4byte	.LLST4
 451 0266 14       		.uleb128 0x14
 452 0267 87010000 		.4byte	0x187
 453 026b 92000000 		.4byte	.LLST5
 454 026f 15       		.uleb128 0x15
 455 0270 30000000 		.4byte	.LVL4
 456 0274 0D030000 		.4byte	0x30d
 457 0278 16       		.uleb128 0x16
 458 0279 01       		.uleb128 0x1
 459 027a 50       		.byte	0x50
 460 027b 01       		.uleb128 0x1
 461 027c 32       		.byte	0x32
 462 027d 16       		.uleb128 0x16
 463 027e 01       		.uleb128 0x1
 464 027f 51       		.byte	0x51
 465 0280 01       		.uleb128 0x1
 466 0281 30       		.byte	0x30
 467 0282 16       		.uleb128 0x16
 468 0283 01       		.uleb128 0x1
 469 0284 52       		.byte	0x52
 470 0285 02       		.uleb128 0x2
 471 0286 74       		.byte	0x74
 472 0287 00       		.sleb128 0
 473 0288 00       		.byte	0
 474 0289 00       		.byte	0
 475 028a 13       		.uleb128 0x13
 476 028b 60010000 		.4byte	0x160
 477 028f 30000000 		.4byte	.LBB14
 478 0293 08000000 		.4byte	.LBE14-.LBB14
 479 0297 01       		.byte	0x1
 480 0298 31       		.byte	0x31
 481 0299 BB020000 		.4byte	0x2bb
 482 029d 14       		.uleb128 0x14
 483 029e 6D010000 		.4byte	0x16d
 484 02a2 A6000000 		.4byte	.LLST6
 485 02a6 15       		.uleb128 0x15
 486 02a7 38000000 		.4byte	.LVL5
 487 02ab 18030000 		.4byte	0x318
 488 02af 16       		.uleb128 0x16
 489 02b0 01       		.uleb128 0x1
 490 02b1 50       		.byte	0x50
 491 02b2 01       		.uleb128 0x1
 492 02b3 32       		.byte	0x32
 493 02b4 16       		.uleb128 0x16
 494 02b5 01       		.uleb128 0x1
 495 02b6 51       		.byte	0x51
 496 02b7 01       		.uleb128 0x1
 497 02b8 30       		.byte	0x30
 498 02b9 00       		.byte	0
 499 02ba 00       		.byte	0
 500 02bb 13       		.uleb128 0x13
 501 02bc 58010000 		.4byte	0x158
ARM GAS  C:\Users\TERENC~1\AppData\Local\Temp\ccI8bbR1.s 			page 18


 502 02c0 38000000 		.4byte	.LBB16
 503 02c4 06000000 		.4byte	.LBE16-.LBB16
 504 02c8 01       		.byte	0x1
 505 02c9 32       		.byte	0x32
 506 02ca DE020000 		.4byte	0x2de
 507 02ce 15       		.uleb128 0x15
 508 02cf 3E000000 		.4byte	.LVL6
 509 02d3 23030000 		.4byte	0x323
 510 02d7 16       		.uleb128 0x16
 511 02d8 01       		.uleb128 0x1
 512 02d9 50       		.byte	0x50
 513 02da 01       		.uleb128 0x1
 514 02db 32       		.byte	0x32
 515 02dc 00       		.byte	0
 516 02dd 00       		.byte	0
 517 02de 17       		.uleb128 0x17
 518 02df 12000000 		.4byte	.LVL1
 519 02e3 C6010000 		.4byte	0x1c6
 520 02e7 17       		.uleb128 0x17
 521 02e8 1C000000 		.4byte	.LVL2
 522 02ec 2E030000 		.4byte	0x32e
 523 02f0 00       		.byte	0
 524 02f1 18       		.uleb128 0x18
 525 02f2 61000000 		.4byte	.LASF37
 526 02f6 01       		.byte	0x1
 527 02f7 11       		.byte	0x11
 528 02f8 6B000000 		.4byte	0x6b
 529 02fc 05       		.uleb128 0x5
 530 02fd 03       		.byte	0x3
 531 02fe 00000000 		.4byte	USBOutDMA_initVar
 532 0302 19       		.uleb128 0x19
 533 0303 3B000000 		.4byte	.LASF26
 534 0307 3B000000 		.4byte	.LASF26
 535 030b 04       		.byte	0x4
 536 030c 93       		.byte	0x93
 537 030d 19       		.uleb128 0x19
 538 030e B2010000 		.4byte	.LASF27
 539 0312 B2010000 		.4byte	.LASF27
 540 0316 04       		.byte	0x4
 541 0317 96       		.byte	0x96
 542 0318 19       		.uleb128 0x19
 543 0319 23000000 		.4byte	.LASF28
 544 031d 23000000 		.4byte	.LASF28
 545 0321 04       		.byte	0x4
 546 0322 8F       		.byte	0x8f
 547 0323 19       		.uleb128 0x19
 548 0324 C3020000 		.4byte	.LASF29
 549 0328 C3020000 		.4byte	.LASF29
 550 032c 04       		.byte	0x4
 551 032d 82       		.byte	0x82
 552 032e 19       		.uleb128 0x19
 553 032f D1020000 		.4byte	.LASF30
 554 0333 D1020000 		.4byte	.LASF30
 555 0337 04       		.byte	0x4
 556 0338 6D       		.byte	0x6d
 557 0339 00       		.byte	0
 558              		.section	.debug_abbrev,"",%progbits
ARM GAS  C:\Users\TERENC~1\AppData\Local\Temp\ccI8bbR1.s 			page 19


 559              	.Ldebug_abbrev0:
 560 0000 01       		.uleb128 0x1
 561 0001 11       		.uleb128 0x11
 562 0002 01       		.byte	0x1
 563 0003 25       		.uleb128 0x25
 564 0004 0E       		.uleb128 0xe
 565 0005 13       		.uleb128 0x13
 566 0006 0B       		.uleb128 0xb
 567 0007 03       		.uleb128 0x3
 568 0008 0E       		.uleb128 0xe
 569 0009 1B       		.uleb128 0x1b
 570 000a 0E       		.uleb128 0xe
 571 000b 55       		.uleb128 0x55
 572 000c 17       		.uleb128 0x17
 573 000d 11       		.uleb128 0x11
 574 000e 01       		.uleb128 0x1
 575 000f 10       		.uleb128 0x10
 576 0010 17       		.uleb128 0x17
 577 0011 00       		.byte	0
 578 0012 00       		.byte	0
 579 0013 02       		.uleb128 0x2
 580 0014 24       		.uleb128 0x24
 581 0015 00       		.byte	0
 582 0016 0B       		.uleb128 0xb
 583 0017 0B       		.uleb128 0xb
 584 0018 3E       		.uleb128 0x3e
 585 0019 0B       		.uleb128 0xb
 586 001a 03       		.uleb128 0x3
 587 001b 0E       		.uleb128 0xe
 588 001c 00       		.byte	0
 589 001d 00       		.byte	0
 590 001e 03       		.uleb128 0x3
 591 001f 24       		.uleb128 0x24
 592 0020 00       		.byte	0
 593 0021 0B       		.uleb128 0xb
 594 0022 0B       		.uleb128 0xb
 595 0023 3E       		.uleb128 0x3e
 596 0024 0B       		.uleb128 0xb
 597 0025 03       		.uleb128 0x3
 598 0026 08       		.uleb128 0x8
 599 0027 00       		.byte	0
 600 0028 00       		.byte	0
 601 0029 04       		.uleb128 0x4
 602 002a 16       		.uleb128 0x16
 603 002b 00       		.byte	0
 604 002c 03       		.uleb128 0x3
 605 002d 0E       		.uleb128 0xe
 606 002e 3A       		.uleb128 0x3a
 607 002f 0B       		.uleb128 0xb
 608 0030 3B       		.uleb128 0x3b
 609 0031 05       		.uleb128 0x5
 610 0032 49       		.uleb128 0x49
 611 0033 13       		.uleb128 0x13
 612 0034 00       		.byte	0
 613 0035 00       		.byte	0
 614 0036 05       		.uleb128 0x5
 615 0037 13       		.uleb128 0x13
ARM GAS  C:\Users\TERENC~1\AppData\Local\Temp\ccI8bbR1.s 			page 20


 616 0038 01       		.byte	0x1
 617 0039 0B       		.uleb128 0xb
 618 003a 0B       		.uleb128 0xb
 619 003b 3A       		.uleb128 0x3a
 620 003c 0B       		.uleb128 0xb
 621 003d 3B       		.uleb128 0x3b
 622 003e 0B       		.uleb128 0xb
 623 003f 01       		.uleb128 0x1
 624 0040 13       		.uleb128 0x13
 625 0041 00       		.byte	0
 626 0042 00       		.byte	0
 627 0043 06       		.uleb128 0x6
 628 0044 0D       		.uleb128 0xd
 629 0045 00       		.byte	0
 630 0046 03       		.uleb128 0x3
 631 0047 08       		.uleb128 0x8
 632 0048 3A       		.uleb128 0x3a
 633 0049 0B       		.uleb128 0xb
 634 004a 3B       		.uleb128 0x3b
 635 004b 0B       		.uleb128 0xb
 636 004c 49       		.uleb128 0x49
 637 004d 13       		.uleb128 0x13
 638 004e 38       		.uleb128 0x38
 639 004f 0B       		.uleb128 0xb
 640 0050 00       		.byte	0
 641 0051 00       		.byte	0
 642 0052 07       		.uleb128 0x7
 643 0053 01       		.uleb128 0x1
 644 0054 01       		.byte	0x1
 645 0055 49       		.uleb128 0x49
 646 0056 13       		.uleb128 0x13
 647 0057 01       		.uleb128 0x1
 648 0058 13       		.uleb128 0x13
 649 0059 00       		.byte	0
 650 005a 00       		.byte	0
 651 005b 08       		.uleb128 0x8
 652 005c 21       		.uleb128 0x21
 653 005d 00       		.byte	0
 654 005e 49       		.uleb128 0x49
 655 005f 13       		.uleb128 0x13
 656 0060 2F       		.uleb128 0x2f
 657 0061 0B       		.uleb128 0xb
 658 0062 00       		.byte	0
 659 0063 00       		.byte	0
 660 0064 09       		.uleb128 0x9
 661 0065 16       		.uleb128 0x16
 662 0066 00       		.byte	0
 663 0067 03       		.uleb128 0x3
 664 0068 0E       		.uleb128 0xe
 665 0069 3A       		.uleb128 0x3a
 666 006a 0B       		.uleb128 0xb
 667 006b 3B       		.uleb128 0x3b
 668 006c 0B       		.uleb128 0xb
 669 006d 49       		.uleb128 0x49
 670 006e 13       		.uleb128 0x13
 671 006f 00       		.byte	0
 672 0070 00       		.byte	0
ARM GAS  C:\Users\TERENC~1\AppData\Local\Temp\ccI8bbR1.s 			page 21


 673 0071 0A       		.uleb128 0xa
 674 0072 0D       		.uleb128 0xd
 675 0073 00       		.byte	0
 676 0074 03       		.uleb128 0x3
 677 0075 0E       		.uleb128 0xe
 678 0076 3A       		.uleb128 0x3a
 679 0077 0B       		.uleb128 0xb
 680 0078 3B       		.uleb128 0x3b
 681 0079 0B       		.uleb128 0xb
 682 007a 49       		.uleb128 0x49
 683 007b 13       		.uleb128 0x13
 684 007c 38       		.uleb128 0x38
 685 007d 0B       		.uleb128 0xb
 686 007e 00       		.byte	0
 687 007f 00       		.byte	0
 688 0080 0B       		.uleb128 0xb
 689 0081 0F       		.uleb128 0xf
 690 0082 00       		.byte	0
 691 0083 0B       		.uleb128 0xb
 692 0084 0B       		.uleb128 0xb
 693 0085 00       		.byte	0
 694 0086 00       		.byte	0
 695 0087 0C       		.uleb128 0xc
 696 0088 13       		.uleb128 0x13
 697 0089 01       		.byte	0x1
 698 008a 0B       		.uleb128 0xb
 699 008b 05       		.uleb128 0x5
 700 008c 3A       		.uleb128 0x3a
 701 008d 0B       		.uleb128 0xb
 702 008e 3B       		.uleb128 0x3b
 703 008f 0B       		.uleb128 0xb
 704 0090 01       		.uleb128 0x1
 705 0091 13       		.uleb128 0x13
 706 0092 00       		.byte	0
 707 0093 00       		.byte	0
 708 0094 0D       		.uleb128 0xd
 709 0095 2E       		.uleb128 0x2e
 710 0096 00       		.byte	0
 711 0097 03       		.uleb128 0x3
 712 0098 0E       		.uleb128 0xe
 713 0099 3A       		.uleb128 0x3a
 714 009a 0B       		.uleb128 0xb
 715 009b 3B       		.uleb128 0x3b
 716 009c 0B       		.uleb128 0xb
 717 009d 27       		.uleb128 0x27
 718 009e 19       		.uleb128 0x19
 719 009f 20       		.uleb128 0x20
 720 00a0 0B       		.uleb128 0xb
 721 00a1 00       		.byte	0
 722 00a2 00       		.byte	0
 723 00a3 0E       		.uleb128 0xe
 724 00a4 2E       		.uleb128 0x2e
 725 00a5 01       		.byte	0x1
 726 00a6 03       		.uleb128 0x3
 727 00a7 0E       		.uleb128 0xe
 728 00a8 3A       		.uleb128 0x3a
 729 00a9 0B       		.uleb128 0xb
ARM GAS  C:\Users\TERENC~1\AppData\Local\Temp\ccI8bbR1.s 			page 22


 730 00aa 3B       		.uleb128 0x3b
 731 00ab 05       		.uleb128 0x5
 732 00ac 27       		.uleb128 0x27
 733 00ad 19       		.uleb128 0x19
 734 00ae 20       		.uleb128 0x20
 735 00af 0B       		.uleb128 0xb
 736 00b0 01       		.uleb128 0x1
 737 00b1 13       		.uleb128 0x13
 738 00b2 00       		.byte	0
 739 00b3 00       		.byte	0
 740 00b4 0F       		.uleb128 0xf
 741 00b5 05       		.uleb128 0x5
 742 00b6 00       		.byte	0
 743 00b7 03       		.uleb128 0x3
 744 00b8 0E       		.uleb128 0xe
 745 00b9 3A       		.uleb128 0x3a
 746 00ba 0B       		.uleb128 0xb
 747 00bb 3B       		.uleb128 0x3b
 748 00bc 05       		.uleb128 0x5
 749 00bd 49       		.uleb128 0x49
 750 00be 13       		.uleb128 0x13
 751 00bf 00       		.byte	0
 752 00c0 00       		.byte	0
 753 00c1 10       		.uleb128 0x10
 754 00c2 2E       		.uleb128 0x2e
 755 00c3 00       		.byte	0
 756 00c4 3F       		.uleb128 0x3f
 757 00c5 19       		.uleb128 0x19
 758 00c6 03       		.uleb128 0x3
 759 00c7 0E       		.uleb128 0xe
 760 00c8 3A       		.uleb128 0x3a
 761 00c9 0B       		.uleb128 0xb
 762 00ca 3B       		.uleb128 0x3b
 763 00cb 0B       		.uleb128 0xb
 764 00cc 27       		.uleb128 0x27
 765 00cd 19       		.uleb128 0x19
 766 00ce 11       		.uleb128 0x11
 767 00cf 01       		.uleb128 0x1
 768 00d0 12       		.uleb128 0x12
 769 00d1 06       		.uleb128 0x6
 770 00d2 40       		.uleb128 0x40
 771 00d3 18       		.uleb128 0x18
 772 00d4 9742     		.uleb128 0x2117
 773 00d6 19       		.uleb128 0x19
 774 00d7 00       		.byte	0
 775 00d8 00       		.byte	0
 776 00d9 11       		.uleb128 0x11
 777 00da 2E       		.uleb128 0x2e
 778 00db 01       		.byte	0x1
 779 00dc 3F       		.uleb128 0x3f
 780 00dd 19       		.uleb128 0x19
 781 00de 03       		.uleb128 0x3
 782 00df 0E       		.uleb128 0xe
 783 00e0 3A       		.uleb128 0x3a
 784 00e1 0B       		.uleb128 0xb
 785 00e2 3B       		.uleb128 0x3b
 786 00e3 0B       		.uleb128 0xb
ARM GAS  C:\Users\TERENC~1\AppData\Local\Temp\ccI8bbR1.s 			page 23


 787 00e4 27       		.uleb128 0x27
 788 00e5 19       		.uleb128 0x19
 789 00e6 11       		.uleb128 0x11
 790 00e7 01       		.uleb128 0x1
 791 00e8 12       		.uleb128 0x12
 792 00e9 06       		.uleb128 0x6
 793 00ea 40       		.uleb128 0x40
 794 00eb 18       		.uleb128 0x18
 795 00ec 9742     		.uleb128 0x2117
 796 00ee 19       		.uleb128 0x19
 797 00ef 01       		.uleb128 0x1
 798 00f0 13       		.uleb128 0x13
 799 00f1 00       		.byte	0
 800 00f2 00       		.byte	0
 801 00f3 12       		.uleb128 0x12
 802 00f4 05       		.uleb128 0x5
 803 00f5 00       		.byte	0
 804 00f6 03       		.uleb128 0x3
 805 00f7 0E       		.uleb128 0xe
 806 00f8 3A       		.uleb128 0x3a
 807 00f9 0B       		.uleb128 0xb
 808 00fa 3B       		.uleb128 0x3b
 809 00fb 0B       		.uleb128 0xb
 810 00fc 49       		.uleb128 0x49
 811 00fd 13       		.uleb128 0x13
 812 00fe 02       		.uleb128 0x2
 813 00ff 17       		.uleb128 0x17
 814 0100 00       		.byte	0
 815 0101 00       		.byte	0
 816 0102 13       		.uleb128 0x13
 817 0103 1D       		.uleb128 0x1d
 818 0104 01       		.byte	0x1
 819 0105 31       		.uleb128 0x31
 820 0106 13       		.uleb128 0x13
 821 0107 11       		.uleb128 0x11
 822 0108 01       		.uleb128 0x1
 823 0109 12       		.uleb128 0x12
 824 010a 06       		.uleb128 0x6
 825 010b 58       		.uleb128 0x58
 826 010c 0B       		.uleb128 0xb
 827 010d 59       		.uleb128 0x59
 828 010e 0B       		.uleb128 0xb
 829 010f 01       		.uleb128 0x1
 830 0110 13       		.uleb128 0x13
 831 0111 00       		.byte	0
 832 0112 00       		.byte	0
 833 0113 14       		.uleb128 0x14
 834 0114 05       		.uleb128 0x5
 835 0115 00       		.byte	0
 836 0116 31       		.uleb128 0x31
 837 0117 13       		.uleb128 0x13
 838 0118 02       		.uleb128 0x2
 839 0119 17       		.uleb128 0x17
 840 011a 00       		.byte	0
 841 011b 00       		.byte	0
 842 011c 15       		.uleb128 0x15
 843 011d 898201   		.uleb128 0x4109
ARM GAS  C:\Users\TERENC~1\AppData\Local\Temp\ccI8bbR1.s 			page 24


 844 0120 01       		.byte	0x1
 845 0121 11       		.uleb128 0x11
 846 0122 01       		.uleb128 0x1
 847 0123 31       		.uleb128 0x31
 848 0124 13       		.uleb128 0x13
 849 0125 00       		.byte	0
 850 0126 00       		.byte	0
 851 0127 16       		.uleb128 0x16
 852 0128 8A8201   		.uleb128 0x410a
 853 012b 00       		.byte	0
 854 012c 02       		.uleb128 0x2
 855 012d 18       		.uleb128 0x18
 856 012e 9142     		.uleb128 0x2111
 857 0130 18       		.uleb128 0x18
 858 0131 00       		.byte	0
 859 0132 00       		.byte	0
 860 0133 17       		.uleb128 0x17
 861 0134 898201   		.uleb128 0x4109
 862 0137 00       		.byte	0
 863 0138 11       		.uleb128 0x11
 864 0139 01       		.uleb128 0x1
 865 013a 31       		.uleb128 0x31
 866 013b 13       		.uleb128 0x13
 867 013c 00       		.byte	0
 868 013d 00       		.byte	0
 869 013e 18       		.uleb128 0x18
 870 013f 34       		.uleb128 0x34
 871 0140 00       		.byte	0
 872 0141 03       		.uleb128 0x3
 873 0142 0E       		.uleb128 0xe
 874 0143 3A       		.uleb128 0x3a
 875 0144 0B       		.uleb128 0xb
 876 0145 3B       		.uleb128 0x3b
 877 0146 0B       		.uleb128 0xb
 878 0147 49       		.uleb128 0x49
 879 0148 13       		.uleb128 0x13
 880 0149 3F       		.uleb128 0x3f
 881 014a 19       		.uleb128 0x19
 882 014b 02       		.uleb128 0x2
 883 014c 18       		.uleb128 0x18
 884 014d 00       		.byte	0
 885 014e 00       		.byte	0
 886 014f 19       		.uleb128 0x19
 887 0150 2E       		.uleb128 0x2e
 888 0151 00       		.byte	0
 889 0152 3F       		.uleb128 0x3f
 890 0153 19       		.uleb128 0x19
 891 0154 3C       		.uleb128 0x3c
 892 0155 19       		.uleb128 0x19
 893 0156 6E       		.uleb128 0x6e
 894 0157 0E       		.uleb128 0xe
 895 0158 03       		.uleb128 0x3
 896 0159 0E       		.uleb128 0xe
 897 015a 3A       		.uleb128 0x3a
 898 015b 0B       		.uleb128 0xb
 899 015c 3B       		.uleb128 0x3b
 900 015d 0B       		.uleb128 0xb
ARM GAS  C:\Users\TERENC~1\AppData\Local\Temp\ccI8bbR1.s 			page 25


 901 015e 00       		.byte	0
 902 015f 00       		.byte	0
 903 0160 00       		.byte	0
 904              		.section	.debug_loc,"",%progbits
 905              	.Ldebug_loc0:
 906              	.LLST0:
 907 0000 00000000 		.4byte	.LVL0
 908 0004 11000000 		.4byte	.LVL1-1
 909 0008 0100     		.2byte	0x1
 910 000a 50       		.byte	0x50
 911 000b 11000000 		.4byte	.LVL1-1
 912 000f 3E000000 		.4byte	.LVL8
 913 0013 0100     		.2byte	0x1
 914 0015 55       		.byte	0x55
 915 0016 3E000000 		.4byte	.LVL8
 916 001a 44000000 		.4byte	.LFE32
 917 001e 0400     		.2byte	0x4
 918 0020 F3       		.byte	0xf3
 919 0021 01       		.uleb128 0x1
 920 0022 50       		.byte	0x50
 921 0023 9F       		.byte	0x9f
 922 0024 00000000 		.4byte	0
 923 0028 00000000 		.4byte	0
 924              	.LLST1:
 925 002c 00000000 		.4byte	.LVL0
 926 0030 11000000 		.4byte	.LVL1-1
 927 0034 0100     		.2byte	0x1
 928 0036 51       		.byte	0x51
 929 0037 11000000 		.4byte	.LVL1-1
 930 003b 3E000000 		.4byte	.LVL7
 931 003f 0100     		.2byte	0x1
 932 0041 54       		.byte	0x54
 933 0042 3E000000 		.4byte	.LVL7
 934 0046 44000000 		.4byte	.LFE32
 935 004a 0400     		.2byte	0x4
 936 004c F3       		.byte	0xf3
 937 004d 01       		.uleb128 0x1
 938 004e 51       		.byte	0x51
 939 004f 9F       		.byte	0x9f
 940 0050 00000000 		.4byte	0
 941 0054 00000000 		.4byte	0
 942              	.LLST2:
 943 0058 1C000000 		.4byte	.LVL2
 944 005c 26000000 		.4byte	.LVL3
 945 0060 0100     		.2byte	0x1
 946 0062 55       		.byte	0x55
 947 0063 00000000 		.4byte	0
 948 0067 00000000 		.4byte	0
 949              	.LLST3:
 950 006b 1C000000 		.4byte	.LVL2
 951 006f 26000000 		.4byte	.LVL3
 952 0073 0200     		.2byte	0x2
 953 0075 30       		.byte	0x30
 954 0076 9F       		.byte	0x9f
 955 0077 00000000 		.4byte	0
 956 007b 00000000 		.4byte	0
 957              	.LLST4:
ARM GAS  C:\Users\TERENC~1\AppData\Local\Temp\ccI8bbR1.s 			page 26


 958 007f 26000000 		.4byte	.LVL3
 959 0083 30000000 		.4byte	.LVL4
 960 0087 0100     		.2byte	0x1
 961 0089 54       		.byte	0x54
 962 008a 00000000 		.4byte	0
 963 008e 00000000 		.4byte	0
 964              	.LLST5:
 965 0092 26000000 		.4byte	.LVL3
 966 0096 30000000 		.4byte	.LVL4
 967 009a 0200     		.2byte	0x2
 968 009c 30       		.byte	0x30
 969 009d 9F       		.byte	0x9f
 970 009e 00000000 		.4byte	0
 971 00a2 00000000 		.4byte	0
 972              	.LLST6:
 973 00a6 30000000 		.4byte	.LVL4
 974 00aa 38000000 		.4byte	.LVL5
 975 00ae 0200     		.2byte	0x2
 976 00b0 30       		.byte	0x30
 977 00b1 9F       		.byte	0x9f
 978 00b2 00000000 		.4byte	0
 979 00b6 00000000 		.4byte	0
 980              		.section	.debug_aranges,"",%progbits
 981 0000 24000000 		.4byte	0x24
 982 0004 0200     		.2byte	0x2
 983 0006 00000000 		.4byte	.Ldebug_info0
 984 000a 04       		.byte	0x4
 985 000b 00       		.byte	0
 986 000c 0000     		.2byte	0
 987 000e 0000     		.2byte	0
 988 0010 00000000 		.4byte	.LFB33
 989 0014 20000000 		.4byte	.LFE33-.LFB33
 990 0018 00000000 		.4byte	.LFB32
 991 001c 44000000 		.4byte	.LFE32-.LFB32
 992 0020 00000000 		.4byte	0
 993 0024 00000000 		.4byte	0
 994              		.section	.debug_ranges,"",%progbits
 995              	.Ldebug_ranges0:
 996 0000 00000000 		.4byte	.LFB33
 997 0004 20000000 		.4byte	.LFE33
 998 0008 00000000 		.4byte	.LFB32
 999 000c 44000000 		.4byte	.LFE32
 1000 0010 00000000 		.4byte	0
 1001 0014 00000000 		.4byte	0
 1002              		.section	.debug_line,"",%progbits
 1003              	.Ldebug_line0:
 1004 0000 A3000000 		.section	.debug_str,"MS",%progbits,1
 1004      02006000 
 1004      00000201 
 1004      FB0E0D00 
 1004      01010101 
 1005              	.LASF24:
 1006 0000 5553424F 		.ascii	"USBOutDMA_SetSrcAddress\000"
 1006      7574444D 
 1006      415F5365 
 1006      74537263 
 1006      41646472 
ARM GAS  C:\Users\TERENC~1\AppData\Local\Temp\ccI8bbR1.s 			page 27


 1007              	.LASF23:
 1008 0018 64737441 		.ascii	"dstAddress\000"
 1008      64647265 
 1008      737300
 1009              	.LASF28:
 1010 0023 4379446D 		.ascii	"CyDmaValidateDescriptor\000"
 1010      6156616C 
 1010      69646174 
 1010      65446573 
 1010      63726970 
 1011              	.LASF26:
 1012 003b 4379446D 		.ascii	"CyDmaSetSrcAddress\000"
 1012      61536574 
 1012      53726341 
 1012      64647265 
 1012      737300
 1013              	.LASF2:
 1014 004e 73686F72 		.ascii	"short int\000"
 1014      7420696E 
 1014      7400
 1015              	.LASF15:
 1016 0058 73697A65 		.ascii	"sizetype\000"
 1016      74797065 
 1016      00
 1017              	.LASF37:
 1018 0061 5553424F 		.ascii	"USBOutDMA_initVar\000"
 1018      7574444D 
 1018      415F696E 
 1018      69745661 
 1018      7200
 1019              	.LASF34:
 1020 0073 5553424F 		.ascii	"USBOutDMA_ChEnable\000"
 1020      7574444D 
 1020      415F4368 
 1020      456E6162 
 1020      6C6500
 1021              	.LASF31:
 1022 0086 474E5520 		.ascii	"GNU C11 5.4.1 20160609 (release) [ARM/embedded-5-br"
 1022      43313120 
 1022      352E342E 
 1022      31203230 
 1022      31363036 
 1023 00b9 616E6368 		.ascii	"anch revision 237715] -mcpu=cortex-m0 -mthumb -g -O"
 1023      20726576 
 1023      6973696F 
 1023      6E203233 
 1023      37373135 
 1024 00ec 67202D66 		.ascii	"g -ffunction-sections -ffat-lto-objects\000"
 1024      66756E63 
 1024      74696F6E 
 1024      2D736563 
 1024      74696F6E 
 1025              	.LASF16:
 1026 0114 6379646D 		.ascii	"cydma_channel_ctl_struct\000"
 1026      615F6368 
 1026      616E6E65 
 1026      6C5F6374 
ARM GAS  C:\Users\TERENC~1\AppData\Local\Temp\ccI8bbR1.s 			page 28


 1026      6C5F7374 
 1027              	.LASF9:
 1028 012d 75696E74 		.ascii	"uint8\000"
 1028      3800
 1029              	.LASF12:
 1030 0133 666C6F61 		.ascii	"float\000"
 1030      7400
 1031              	.LASF32:
 1032 0139 47656E65 		.ascii	"Generated_Source\\PSoC4\\USBOutDMA.c\000"
 1032      72617465 
 1032      645F536F 
 1032      75726365 
 1032      5C50536F 
 1033              	.LASF6:
 1034 015c 6C6F6E67 		.ascii	"long long int\000"
 1034      206C6F6E 
 1034      6720696E 
 1034      7400
 1035              	.LASF22:
 1036 016a 5553424F 		.ascii	"USBOutDMA_SetDstAddress\000"
 1036      7574444D 
 1036      415F5365 
 1036      74447374 
 1036      41646472 
 1037              	.LASF4:
 1038 0182 6C6F6E67 		.ascii	"long int\000"
 1038      20696E74 
 1038      00
 1039              	.LASF33:
 1040 018b 433A5C64 		.ascii	"C:\\dev\\git\\Icebreaker\\Icebreaker.cydsn\000"
 1040      65765C67 
 1040      69745C49 
 1040      63656272 
 1040      65616B65 
 1041              	.LASF27:
 1042 01b2 4379446D 		.ascii	"CyDmaSetDstAddress\000"
 1042      61536574 
 1042      44737441 
 1042      64647265 
 1042      737300
 1043              	.LASF21:
 1044 01c5 5553424F 		.ascii	"USBOutDMA_ValidateDescriptor\000"
 1044      7574444D 
 1044      415F5661 
 1044      6C696461 
 1044      74654465 
 1045              	.LASF35:
 1046 01e2 5553424F 		.ascii	"USBOutDMA_Init\000"
 1046      7574444D 
 1046      415F496E 
 1046      697400
 1047              	.LASF1:
 1048 01f1 756E7369 		.ascii	"unsigned char\000"
 1048      676E6564 
 1048      20636861 
 1048      7200
 1049              	.LASF0:
ARM GAS  C:\Users\TERENC~1\AppData\Local\Temp\ccI8bbR1.s 			page 29


 1050 01ff 7369676E 		.ascii	"signed char\000"
 1050      65642063 
 1050      68617200 
 1051              	.LASF7:
 1052 020b 6C6F6E67 		.ascii	"long long unsigned int\000"
 1052      206C6F6E 
 1052      6720756E 
 1052      7369676E 
 1052      65642069 
 1053              	.LASF8:
 1054 0222 756E7369 		.ascii	"unsigned int\000"
 1054      676E6564 
 1054      20696E74 
 1054      00
 1055              	.LASF3:
 1056 022f 73686F72 		.ascii	"short unsigned int\000"
 1056      7420756E 
 1056      7369676E 
 1056      65642069 
 1056      6E7400
 1057              	.LASF17:
 1058 0242 73746174 		.ascii	"status\000"
 1058      757300
 1059              	.LASF20:
 1060 0249 6379646D 		.ascii	"cydma_descriptor_ram_struct\000"
 1060      615F6465 
 1060      73637269 
 1060      70746F72 
 1060      5F72616D 
 1061              	.LASF14:
 1062 0265 63686172 		.ascii	"char\000"
 1062      00
 1063              	.LASF18:
 1064 026a 6379646D 		.ascii	"cydma_descriptor_struct\000"
 1064      615F6465 
 1064      73637269 
 1064      70746F72 
 1064      5F737472 
 1065              	.LASF25:
 1066 0282 73726341 		.ascii	"srcAddress\000"
 1066      64647265 
 1066      737300
 1067              	.LASF10:
 1068 028d 75696E74 		.ascii	"uint32\000"
 1068      333200
 1069              	.LASF5:
 1070 0294 6C6F6E67 		.ascii	"long unsigned int\000"
 1070      20756E73 
 1070      69676E65 
 1070      6420696E 
 1070      7400
 1071              	.LASF11:
 1072 02a6 696E7433 		.ascii	"int32\000"
 1072      3200
 1073              	.LASF13:
 1074 02ac 646F7562 		.ascii	"double\000"
 1074      6C6500
ARM GAS  C:\Users\TERENC~1\AppData\Local\Temp\ccI8bbR1.s 			page 30


 1075              	.LASF36:
 1076 02b3 5553424F 		.ascii	"USBOutDMA_Start\000"
 1076      7574444D 
 1076      415F5374 
 1076      61727400 
 1077              	.LASF29:
 1078 02c3 4379446D 		.ascii	"CyDmaChEnable\000"
 1078      61436845 
 1078      6E61626C 
 1078      6500
 1079              	.LASF30:
 1080 02d1 4379446D 		.ascii	"CyDmaEnable\000"
 1080      61456E61 
 1080      626C6500 
 1081              	.LASF19:
 1082 02dd 64657363 		.ascii	"descriptor\000"
 1082      72697074 
 1082      6F7200
 1083              		.ident	"GCC: (GNU Tools for ARM Embedded Processors) 5.4.1 20160609 (release) [ARM/embedded-5-bran
