#***************************************************************************

#sjplacer

#Version:            1.1

#Build Date:         Dec  5 2017 15:35:27

#File Generated:     Nov 29 2018 03:33:36

#Purpose:            

#Copyright (C) 2010-2011 by Softjin Technologies Pvt Ltd. All rights reserved.

#***************************************************************************

Executing : C:\Program Files (x86)\Cypress\PSoC Creator\4.2\PSoC Creator\bin/sjplacer.exe --proj-name Icebreaker --netlist-vh2 Icebreaker_p.vh2 --arch p4_udb2x4 --arch-file C:\Program Files (x86)\Cypress\PSoC Creator\4.2\PSoC Creator\dev\arch/udbdsi_2x4_08.cydata --ip-file C:\Program Files (x86)\Cypress\PSoC Creator\4.2\PSoC Creator\dev\psoc4/2/ip_blocks.cydata --rrg-file C:\Program Files (x86)\Cypress\PSoC Creator\4.2\PSoC Creator\dev\psoc4/2/route_arch-rrg.cydata --irq-file C:\Program Files (x86)\Cypress\PSoC Creator\4.2\PSoC Creator\dev\psoc4/2/irqconn.cydata --drq-file C:\Program Files (x86)\Cypress\PSoC Creator\4.2\PSoC Creator\dev\psoc4/2/triggerconn.cydata --dsi-conn-file C:\Program Files (x86)\Cypress\PSoC Creator\4.2\PSoC Creator\dev\psoc4/2/dsiconn.cydata --pins-file pins_48-TQFP-USB.xml --lib-file Icebreaker_p.lib --sdc-file Icebreaker.sdc --io-pcf Icebreaker.pci --outdir .

		Softjin Techologies Placer, Version 1.1

Build Date : Dec  5 2017	15:33:41

D2004: Option and Settings Summary
=============================================================
Netlist vh2 file          - Icebreaker_p.vh2
Architecture file         - C:\Program Files (x86)\Cypress\PSoC Creator\4.2\PSoC Creator\dev\arch/udbdsi_2x4_08.cydata
Package                   - 
Defparam file             - 
SDC file                  - Icebreaker.sdc
Output directory          - .
Timing library            - Icebreaker_p.lib
IO Placement file         - Icebreaker.pci

D2050: Starting reading inputs for placer
=============================================================
D2065: Reading netlist file : "Icebreaker_p.vh2"
D2065: Reading arch file : "C:\Program Files (x86)\Cypress\PSoC Creator\4.2\PSoC Creator\dev\arch/udbdsi_2x4_08.cydata"
D2051: Reading of inputs for placer completed successfully

D2053: Starting placement of the design
=============================================================

Phase 2
Phase 3

Design Statistics after Packing
    Number of Combinational MCs 	:	4
    Number of Sequential MCs    	:	23
    Number of DPs               	:	3
    Number of Controls          	:	4
    Number of Status            	:	3
    Number of SyncCells         	:	5
    Number of count7cells       	:	1

Device Utilization Summary after Packing
    Macrocells                  :	27/64
    UDBS                        :	7/8
    IOs                         :	11/69


D2088: Phase 3, elapsed time : 0.0 (sec)

Phase 4
D2088: Phase 4, elapsed time : 0.0 (sec)

Phase 6

######################################################################
Placement Timing Summary

The timing summary is based on estimated routing delays after
placement. For final timing report, please carry out the timing
analysis after routing.
======================================================================

######################################################################
                     Clock Summary 
======================================================================
Number of clocks: 20
Clock: Clk_Counter          | Frequency: N/A       | Target:  48.0 MHz
Clock: Clk_Counter(FFB)     | Frequency: N/A       | Target:  48.0 MHz
Clock: Clk_I2S/q            | Frequency:  44.4 MHz | Target:   6.1 MHz
Clock: CodecI2CM_SCBCLK     | Frequency: N/A       | Target:   8.0 MHz
Clock: CodecI2CM_SCBCLK(FFB) | Frequency: N/A       | Target:   8.0 MHz
Clock: CyECO                | Frequency: N/A       | Target:  17.2 MHz
Clock: CyHFCLK              | Frequency:   0.0 MHz | Target:  48.0 MHz
Clock: CyILO                | Frequency: N/A       | Target:   0.0 MHz
Clock: CyIMO                | Frequency: N/A       | Target:  48.0 MHz
Clock: CyLFCLK              | Frequency: N/A       | Target:   0.0 MHz
Clock: CyPLL0               | Frequency: N/A       | Target:  24.6 MHz
Clock: CyPLL1               | Frequency: N/A       | Target:  22.6 MHz
Clock: CyRouted1            | Frequency: N/A       | Target:  48.0 MHz
Clock: CyRouted2            | Frequency: N/A       | Target:  22.6 MHz
Clock: CyRouted3            | Frequency: N/A       | Target:  24.6 MHz
Clock: CySYSCLK             | Frequency: N/A       | Target:  48.0 MHz
Clock: CyWCO                | Frequency: N/A       | Target:   0.0 MHz
Clock: Net_3641/q           | Frequency: N/A       | Target:  12.3 MHz
Clock: UART_SCBCLK          | Frequency: N/A       | Target:   1.4 MHz
Clock: UART_SCBCLK(FFB)     | Frequency: N/A       | Target:   1.4 MHz

======================================================================
                     End of Clock Summary
######################################################################

D2088: Phase 6, elapsed time : 0.0 (sec)

Phase 7
######################################################################
                     Clock Summary 
======================================================================
Number of clocks: 20
Clock: Clk_Counter          | Frequency: N/A       | Target:  48.0 MHz
Clock: Clk_Counter(FFB)     | Frequency: N/A       | Target:  48.0 MHz
Clock: Clk_I2S/q            | Frequency:  54.5 MHz | Target:   6.1 MHz
Clock: CodecI2CM_SCBCLK     | Frequency: N/A       | Target:   8.0 MHz
Clock: CodecI2CM_SCBCLK(FFB) | Frequency: N/A       | Target:   8.0 MHz
Clock: CyECO                | Frequency: N/A       | Target:  17.2 MHz
Clock: CyHFCLK              | Frequency:   0.0 MHz | Target:  48.0 MHz
Clock: CyILO                | Frequency: N/A       | Target:   0.0 MHz
Clock: CyIMO                | Frequency: N/A       | Target:  48.0 MHz
Clock: CyLFCLK              | Frequency: N/A       | Target:   0.0 MHz
Clock: CyPLL0               | Frequency: N/A       | Target:  24.6 MHz
Clock: CyPLL1               | Frequency: N/A       | Target:  22.6 MHz
Clock: CyRouted1            | Frequency: N/A       | Target:  48.0 MHz
Clock: CyRouted2            | Frequency: N/A       | Target:  22.6 MHz
Clock: CyRouted3            | Frequency: N/A       | Target:  24.6 MHz
Clock: CySYSCLK             | Frequency: N/A       | Target:  48.0 MHz
Clock: CyWCO                | Frequency: N/A       | Target:   0.0 MHz
Clock: Net_3641/q           | Frequency: N/A       | Target:  12.3 MHz
Clock: UART_SCBCLK          | Frequency: N/A       | Target:   1.4 MHz
Clock: UART_SCBCLK(FFB)     | Frequency: N/A       | Target:   1.4 MHz

======================================================================
                     End of Clock Summary
######################################################################
D2088: Phase 7, elapsed time : 0.4 (sec)

Final Design Statistics
    Number of Combinational MCs 	:	4
    Number of Sequential MCs    	:	23
    Number of DPs               	:	3
    Number of Controls          	:	4
    Number of Status            	:	3
    Number of SyncCells         	:	5
    Number of count7cells       	:	1
    Number of IOs       	:	11

Device Utilization Summary
    Macrocells                  :	27/64
    IOs                         :	11/69



######################################################################
Placement Timing Summary

The timing summary is based on estimated routing delays after
placement. For final timing report, please carry out the timing
analysis after routing.
======================================================================


######################################################################
                     Clock Summary 
======================================================================
Number of clocks: 20
Clock: Clk_Counter          | Frequency: N/A       | Target:  48.0 MHz
Clock: Clk_Counter(FFB)     | Frequency: N/A       | Target:  48.0 MHz
Clock: Clk_I2S/q            | Frequency:  53.1 MHz | Target:   6.1 MHz
Clock: CodecI2CM_SCBCLK     | Frequency: N/A       | Target:   8.0 MHz
Clock: CodecI2CM_SCBCLK(FFB) | Frequency: N/A       | Target:   8.0 MHz
Clock: CyECO                | Frequency: N/A       | Target:  17.2 MHz
Clock: CyHFCLK              | Frequency:   0.0 MHz | Target:  48.0 MHz
Clock: CyILO                | Frequency: N/A       | Target:   0.0 MHz
Clock: CyIMO                | Frequency: N/A       | Target:  48.0 MHz
Clock: CyLFCLK              | Frequency: N/A       | Target:   0.0 MHz
Clock: CyPLL0               | Frequency: N/A       | Target:  24.6 MHz
Clock: CyPLL1               | Frequency: N/A       | Target:  22.6 MHz
Clock: CyRouted1            | Frequency: N/A       | Target:  48.0 MHz
Clock: CyRouted2            | Frequency: N/A       | Target:  22.6 MHz
Clock: CyRouted3            | Frequency: N/A       | Target:  24.6 MHz
Clock: CySYSCLK             | Frequency: N/A       | Target:  48.0 MHz
Clock: CyWCO                | Frequency: N/A       | Target:   0.0 MHz
Clock: Net_3641/q           | Frequency: N/A       | Target:  12.3 MHz
Clock: UART_SCBCLK          | Frequency: N/A       | Target:   1.4 MHz
Clock: UART_SCBCLK(FFB)     | Frequency: N/A       | Target:   1.4 MHz

======================================================================
                     End of Clock Summary
######################################################################

Phase 8
D2088: Phase 8, elapsed time : 0.0 (sec)

D2054: Placement of the design completed successfully

I2076: Total run-time: 0.9 sec.

